#
# There is insufficient memory for the Java Runtime Environment to continue.
# Native memory allocation (malloc) failed to allocate 1054096 bytes for Chunk::new
# Possible reasons:
#   The system is out of physical RAM or swap space
#   The process is running with CompressedOops enabled, and the Java Heap may be blocking the growth of the native heap
# Possible solutions:
#   Reduce memory load on the system
#   Increase physical memory or swap space
#   Check if swap backing store is full
#   Decrease Java heap size (-Xmx/-Xms)
#   Decrease number of Java threads
#   Decrease Java thread stack sizes (-Xss)
#   Set larger code cache with -XX:ReservedCodeCacheSize=
#   JVM is running with Unscaled Compressed Oops mode in which the Java heap is
#     placed in the first 4GB address space. The Java Heap base address is the
#     maximum limit for the native heap growth. Please use -XX:HeapBaseMinAddress
#     to set the Java Heap base and to place the Java Heap above 4GB virtual address.
# This output file may be truncated or incomplete.
#
#  Out of Memory Error (./src/hotspot/share/memory/arena.cpp:197), pid=12048, tid=6340
#
# JRE version: OpenJDK Runtime Environment (11.0.8+10) (build 11.0.8+10-b944.6842174)
# Java VM: OpenJDK 64-Bit Server VM (11.0.8+10-b944.6842174, mixed mode, tiered, compressed oops, g1 gc, windows-amd64)
# No core dump will be written. Minidumps are not enabled by default on client versions of Windows
#

---------------  S U M M A R Y ------------

Command Line: --add-opens=java.base/java.util=ALL-UNNAMED --add-opens=java.base/java.lang=ALL-UNNAMED --add-opens=java.base/java.lang.invoke=ALL-UNNAMED --add-opens=java.prefs/java.util.prefs=ALL-UNNAMED -Xmx2048m -Dfile.encoding=UTF-8 -Duser.country=SG -Duser.language=en -Duser.variant org.gradle.launcher.daemon.bootstrap.GradleDaemon 6.7.1

Host: Intel(R) Core(TM) i3-1005G1 CPU @ 1.20GHz, 4 cores, 7G,  Windows 10 , 64 bit Build 22000 (10.0.22000.675)
Time: Sun Jun 12 02:47:58 2022 SE Asia Standard Time elapsed time: 2711 seconds (0d 0h 45m 11s)

---------------  T H R E A D  ---------------

Current thread (0x0000025a5d180000):  JavaThread "C2 CompilerThread1" daemon [_thread_in_native, id=6340, stack(0x000000c63a600000,0x000000c63a700000)]


Current CompileTask:
C2:2711193 17171       4       org.gradle.internal.snapshot.impl.DefaultValueSnapshotter::processValue (657 bytes)

Stack: [0x000000c63a600000,0x000000c63a700000]
Native frames: (J=compiled Java code, j=interpreted, Vv=VM code, C=native code)
V  [jvm.dll+0x5de50a]
V  [jvm.dll+0x7122f5]
V  [jvm.dll+0x71384d]
V  [jvm.dll+0x713f03]
V  [jvm.dll+0x23e728]
V  [jvm.dll+0xb899c]
V  [jvm.dll+0xb8e9c]
V  [jvm.dll+0x35024d]
V  [jvm.dll+0x31dea3]
V  [jvm.dll+0x31d39a]
V  [jvm.dll+0x1f7702]
V  [jvm.dll+0x1f68d4]
V  [jvm.dll+0x17f32c]
V  [jvm.dll+0x205047]
V  [jvm.dll+0x203891]
V  [jvm.dll+0x6dad3f]
V  [jvm.dll+0x6d3895]
V  [jvm.dll+0x5dd4a6]
C  [ucrtbase.dll+0x26c0c]
C  [KERNEL32.DLL+0x154e0]
C  [ntdll.dll+0x485b]


---------------  P R O C E S S  ---------------

Threads class SMR info:
_java_thread_list=0x0000025a5cec71d0, length=134, elements={
0x0000025a3956e800, 0x0000025a54f4e000, 0x0000025a54f5e000, 0x0000025a558e6800,
0x0000025a558e7000, 0x0000025a558ea000, 0x0000025a558ed000, 0x0000025a558f0800,
0x0000025a55a1a000, 0x0000025a55a1e000, 0x0000025a572e9800, 0x0000025a573e2000,
0x0000025a56c16000, 0x0000025a56f40800, 0x0000025a56f3d000, 0x0000025a56f41000,
0x0000025a56f3e000, 0x0000025a578c2800, 0x0000025a57cef800, 0x0000025a5d203000,
0x0000025a59985000, 0x0000025a59983000, 0x0000025a59985800, 0x0000025a59982800,
0x0000025a59980000, 0x0000025a59980800, 0x0000025a59986800, 0x0000025a59987000,
0x0000025a59981800, 0x0000025a5998c000, 0x0000025a5998b800, 0x0000025a59988000,
0x0000025a5d180000, 0x0000025a5998e000, 0x0000025a5998e800, 0x0000025a5998d000,
0x0000025a59989000, 0x0000025a59989800, 0x0000025a5998a800, 0x0000025a5d204000,
0x0000025a5d200000, 0x0000025a5d204800, 0x0000025a5d200800, 0x0000025a5d201800,
0x0000025a5d202000, 0x0000025a5d1ff000, 0x0000025a5d205800, 0x0000025a5d20c000,
0x0000025a5d208000, 0x0000025a5d206800, 0x0000025a5d20b000, 0x0000025a5d209000,
0x0000025a5d20d000, 0x0000025a5d207000, 0x0000025a5d209800, 0x0000025a5d20d800,
0x0000025a5d20a800, 0x0000025a5cdd9000, 0x0000025a5cdda000, 0x0000025a5cdd8000,
0x0000025a5cdd6800, 0x0000025a5cdd4000, 0x0000025a5cdd7800, 0x0000025a5cdda800,
0x0000025a5cdd5000, 0x0000025a5cddb800, 0x0000025a5cdd6000, 0x0000025a5cddf800,
0x0000025a5cde0800, 0x0000025a5cde1000, 0x0000025a5cde2000, 0x0000025a5cddc800,
0x0000025a5cde3000, 0x0000025a5cddd000, 0x0000025a55a38800, 0x0000025a55a3a000,
0x0000025a55a3d800, 0x0000025a55a3b000, 0x0000025a55a3b800, 0x0000025a55a3c800,
0x0000025a55a37800, 0x0000025a55a40800, 0x0000025a55a43000, 0x0000025a55a42000,
0x0000025a55a44000, 0x0000025a55a3e000, 0x0000025a55a44800, 0x0000025a55a3f000,
0x0000025a55a45800, 0x0000025a55a46800, 0x0000025a57ce5800, 0x0000025a57ce3000,
0x0000025a57ce6800, 0x0000025a57ce2800, 0x0000025a57ce4000, 0x0000025a57ce5000,
0x0000025a57ce0800, 0x0000025a57ce1800, 0x0000025a57ce7800, 0x0000025a57ceb800,
0x0000025a57ce9000, 0x0000025a57cec000, 0x0000025a57cee000, 0x0000025a57cee800,
0x0000025a578c1800, 0x0000025a578be800, 0x0000025a578c9000, 0x0000025a578c5000,
0x0000025a578ca800, 0x0000025a578ca000, 0x0000025a578c7800, 0x0000025a578cb800,
0x0000025a578c8800, 0x0000025a578c6800, 0x0000025a578c6000, 0x0000025a578cc800,
0x0000025a578cd000, 0x0000025a56f42000, 0x0000025a56f3f800, 0x0000025a56f3c800,
0x0000025a56f43000, 0x0000025a5b6f9000, 0x0000025a5b6f8800, 0x0000025a5b6f7800,
0x0000025a5b6f3800, 0x0000025a5b6f5000, 0x0000025a5b6fa000, 0x0000025a5b6f4800,
0x0000025a5b6f6800, 0x0000025a5b6fb000, 0x0000025a5b6fb800, 0x0000025a5b6f6000,
0x0000025a5b6ff800, 0x0000025a5b701800
}

Java Threads: ( => current thread )
  0x0000025a3956e800 JavaThread "main" [_thread_blocked, id=14208, stack(0x000000c638000000,0x000000c638100000)]
  0x0000025a54f4e000 JavaThread "Reference Handler" daemon [_thread_blocked, id=12152, stack(0x000000c638800000,0x000000c638900000)]
  0x0000025a54f5e000 JavaThread "Finalizer" daemon [_thread_blocked, id=4800, stack(0x000000c638900000,0x000000c638a00000)]
  0x0000025a558e6800 JavaThread "Signal Dispatcher" daemon [_thread_blocked, id=13732, stack(0x000000c638a00000,0x000000c638b00000)]
  0x0000025a558e7000 JavaThread "Attach Listener" daemon [_thread_blocked, id=9040, stack(0x000000c638b00000,0x000000c638c00000)]
  0x0000025a558ea000 JavaThread "C2 CompilerThread0" daemon [_thread_in_native, id=7660, stack(0x000000c638c00000,0x000000c638d00000)]
  0x0000025a558ed000 JavaThread "C1 CompilerThread0" daemon [_thread_blocked, id=15192, stack(0x000000c638d00000,0x000000c638e00000)]
  0x0000025a558f0800 JavaThread "Sweeper thread" daemon [_thread_blocked, id=8092, stack(0x000000c638e00000,0x000000c638f00000)]
  0x0000025a55a1a000 JavaThread "Common-Cleaner" daemon [_thread_blocked, id=11636, stack(0x000000c638f00000,0x000000c639000000)]
  0x0000025a55a1e000 JavaThread "Service Thread" daemon [_thread_blocked, id=16216, stack(0x000000c639000000,0x000000c639100000)]
  0x0000025a572e9800 JavaThread "Daemon health stats" [_thread_blocked, id=492, stack(0x000000c639500000,0x000000c639600000)]
  0x0000025a573e2000 JavaThread "Incoming local TCP Connector on port 50843" [_thread_in_native, id=4824, stack(0x000000c639700000,0x000000c639800000)]
  0x0000025a56c16000 JavaThread "Daemon periodic checks" [_thread_blocked, id=13240, stack(0x000000c639800000,0x000000c639900000)]
  0x0000025a56f40800 JavaThread "Cache worker for file hash cache (C:\Users\Hp\.gradle\caches\6.7.1\fileHashes)" [_thread_blocked, id=7216, stack(0x000000c63a300000,0x000000c63a400000)]
  0x0000025a56f3d000 JavaThread "File lock request listener" [_thread_in_native, id=12388, stack(0x000000c63a400000,0x000000c63a500000)]
  0x0000025a56f41000 JavaThread "Cache worker for journal cache (C:\Users\Hp\.gradle\caches\journal-1)" [_thread_blocked, id=1172, stack(0x000000c63a500000,0x000000c63a600000)]
  0x0000025a56f3e000 JavaThread "Cache worker for execution history cache (C:\Users\Hp\.gradle\caches\6.7.1\executionHistory)" [_thread_blocked, id=13468, stack(0x000000c63aa00000,0x000000c63ab00000)]
  0x0000025a578c2800 JavaThread "Cache worker for file content cache (C:\Users\Hp\.gradle\caches\6.7.1\fileContent)" [_thread_blocked, id=11732, stack(0x000000c63ac00000,0x000000c63ad00000)]
  0x0000025a57cef800 JavaThread "Memory manager" [_thread_blocked, id=9312, stack(0x000000c641200000,0x000000c641300000)]
  0x0000025a5d203000 JavaThread "ForkJoinPool.commonPool-worker-7" daemon [_thread_blocked, id=8572, stack(0x000000c641e00000,0x000000c641f00000)]
  0x0000025a59985000 JavaThread "Daemon Thread 6" [_thread_blocked, id=11860, stack(0x000000c637f00000,0x000000c638000000)]
  0x0000025a59983000 JavaThread "Handler for socket connection from /127.0.0.1:50843 to /127.0.0.1:51022" [_thread_in_native, id=13868, stack(0x000000c639200000,0x000000c639300000)]
  0x0000025a59985800 JavaThread "Cancel handler" [_thread_blocked, id=4616, stack(0x000000c639300000,0x000000c639400000)]
  0x0000025a59982800 JavaThread "Daemon worker Thread 6" [_thread_in_vm, id=12144, stack(0x000000c639600000,0x000000c639700000)]
  0x0000025a59980000 JavaThread "Asynchronous log dispatcher for DefaultDaemonConnection: socket connection from /127.0.0.1:50843 to /127.0.0.1:51022" [_thread_blocked, id=15300, stack(0x000000c639900000,0x000000c639a00000)]
  0x0000025a59980800 JavaThread "Stdin handler" [_thread_blocked, id=9000, stack(0x000000c639a00000,0x000000c639b00000)]
  0x0000025a59986800 JavaThread "Thread-636" [_thread_blocked, id=16268, stack(0x000000c639b00000,0x000000c639c00000)]
  0x0000025a59987000 JavaThread "Cache worker for file hash cache (D:\AndroidNetworking\ASM\.gradle\6.7.1\fileHashes)" [_thread_blocked, id=9352, stack(0x000000c639c00000,0x000000c639d00000)]
  0x0000025a59981800 JavaThread "Cache worker for checksums cache (D:\AndroidNetworking\ASM\.gradle\checksums)" [_thread_blocked, id=1132, stack(0x000000c639d00000,0x000000c639e00000)]
  0x0000025a5998c000 JavaThread "Cache worker for cache directory md-supplier (C:\Users\Hp\.gradle\caches\6.7.1\md-supplier)" [_thread_blocked, id=9100, stack(0x000000c639e00000,0x000000c639f00000)]
  0x0000025a5998b800 JavaThread "Cache worker for cache directory md-rule (C:\Users\Hp\.gradle\caches\6.7.1\md-rule)" [_thread_blocked, id=15156, stack(0x000000c639f00000,0x000000c63a000000)]
  0x0000025a59988000 JavaThread "Cache worker for Build Output Cleanup Cache (D:\AndroidNetworking\ASM\.gradle\buildOutputCleanup)" [_thread_blocked, id=2896, stack(0x000000c63a000000,0x000000c63a100000)]
=>0x0000025a5d180000 JavaThread "C2 CompilerThread1" daemon [_thread_in_native, id=6340, stack(0x000000c63a600000,0x000000c63a700000)]
  0x0000025a5998e000 JavaThread "Build operations" [_thread_blocked, id=12940, stack(0x000000c63a700000,0x000000c63a800000)]
  0x0000025a5998e800 JavaThread "Build operations Thread 2" [_thread_blocked, id=12096, stack(0x000000c63a800000,0x000000c63a900000)]
  0x0000025a5998d000 JavaThread "Build operations Thread 3" [_thread_blocked, id=10716, stack(0x000000c63a900000,0x000000c63aa00000)]
  0x0000025a59989000 JavaThread "Build operations Thread 4" [_thread_blocked, id=2884, stack(0x000000c63ab00000,0x000000c63ac00000)]
  0x0000025a59989800 JavaThread "jar transforms Thread 486" [_thread_blocked, id=7252, stack(0x000000c63ad00000,0x000000c63ae00000)]
  0x0000025a5998a800 JavaThread "jar transforms Thread 487" [_thread_blocked, id=1696, stack(0x000000c63ae00000,0x000000c63af00000)]
  0x0000025a5d204000 JavaThread "jar transforms Thread 488" [_thread_blocked, id=11488, stack(0x000000c63af00000,0x000000c63b000000)]
  0x0000025a5d200000 JavaThread "jar transforms Thread 489" [_thread_blocked, id=14932, stack(0x000000c63b000000,0x000000c63b100000)]
  0x0000025a5d204800 JavaThread "jar transforms Thread 490" [_thread_blocked, id=10280, stack(0x000000c63b100000,0x000000c63b200000)]
  0x0000025a5d200800 JavaThread "jar transforms Thread 491" [_thread_blocked, id=15336, stack(0x000000c63b200000,0x000000c63b300000)]
  0x0000025a5d201800 JavaThread "jar transforms Thread 492" [_thread_blocked, id=12412, stack(0x000000c63b300000,0x000000c63b400000)]
  0x0000025a5d202000 JavaThread "jar transforms Thread 493" [_thread_blocked, id=15476, stack(0x000000c63b400000,0x000000c63b500000)]
  0x0000025a5d1ff000 JavaThread "jar transforms Thread 494" [_thread_blocked, id=16072, stack(0x000000c63b500000,0x000000c63b600000)]
  0x0000025a5d205800 JavaThread "jar transforms Thread 495" [_thread_blocked, id=9736, stack(0x000000c63b600000,0x000000c63b700000)]
  0x0000025a5d20c000 JavaThread "jar transforms Thread 496" [_thread_blocked, id=10540, stack(0x000000c63b700000,0x000000c63b800000)]
  0x0000025a5d208000 JavaThread "jar transforms Thread 497" [_thread_blocked, id=11468, stack(0x000000c63b800000,0x000000c63b900000)]
  0x0000025a5d206800 JavaThread "jar transforms Thread 498" [_thread_blocked, id=2000, stack(0x000000c63b900000,0x000000c63ba00000)]
  0x0000025a5d20b000 JavaThread "jar transforms Thread 499" [_thread_blocked, id=9160, stack(0x000000c63ba00000,0x000000c63bb00000)]
  0x0000025a5d209000 JavaThread "jar transforms Thread 500" [_thread_blocked, id=5392, stack(0x000000c63bb00000,0x000000c63bc00000)]
  0x0000025a5d20d000 JavaThread "jar transforms Thread 501" [_thread_blocked, id=13160, stack(0x000000c63bc00000,0x000000c63bd00000)]
  0x0000025a5d207000 JavaThread "jar transforms Thread 502" [_thread_blocked, id=1664, stack(0x000000c63bd00000,0x000000c63be00000)]
  0x0000025a5d209800 JavaThread "jar transforms Thread 503" [_thread_blocked, id=4876, stack(0x000000c63be00000,0x000000c63bf00000)]
  0x0000025a5d20d800 JavaThread "jar transforms Thread 504" [_thread_blocked, id=11724, stack(0x000000c63bf00000,0x000000c63c000000)]
  0x0000025a5d20a800 JavaThread "jar transforms Thread 505" [_thread_blocked, id=2916, stack(0x000000c63c000000,0x000000c63c100000)]
  0x0000025a5cdd9000 JavaThread "jar transforms Thread 506" [_thread_blocked, id=13608, stack(0x000000c63c100000,0x000000c63c200000)]
  0x0000025a5cdda000 JavaThread "jar transforms Thread 507" [_thread_blocked, id=3884, stack(0x000000c63c200000,0x000000c63c300000)]
  0x0000025a5cdd8000 JavaThread "jar transforms Thread 508" [_thread_blocked, id=10668, stack(0x000000c63c300000,0x000000c63c400000)]
  0x0000025a5cdd6800 JavaThread "jar transforms Thread 509" [_thread_blocked, id=14820, stack(0x000000c63c400000,0x000000c63c500000)]
  0x0000025a5cdd4000 JavaThread "jar transforms Thread 510" [_thread_blocked, id=16220, stack(0x000000c63c500000,0x000000c63c600000)]
  0x0000025a5cdd7800 JavaThread "jar transforms Thread 511" [_thread_blocked, id=13644, stack(0x000000c63c600000,0x000000c63c700000)]
  0x0000025a5cdda800 JavaThread "jar transforms Thread 512" [_thread_blocked, id=7232, stack(0x000000c63c700000,0x000000c63c800000)]
  0x0000025a5cdd5000 JavaThread "jar transforms Thread 513" [_thread_blocked, id=13400, stack(0x000000c63c800000,0x000000c63c900000)]
  0x0000025a5cddb800 JavaThread "jar transforms Thread 514" [_thread_blocked, id=8008, stack(0x000000c63c900000,0x000000c63ca00000)]
  0x0000025a5cdd6000 JavaThread "jar transforms Thread 515" [_thread_blocked, id=2796, stack(0x000000c63ca00000,0x000000c63cb00000)]
  0x0000025a5cddf800 JavaThread "jar transforms Thread 516" [_thread_blocked, id=840, stack(0x000000c63cb00000,0x000000c63cc00000)]
  0x0000025a5cde0800 JavaThread "jar transforms Thread 517" [_thread_blocked, id=828, stack(0x000000c63cc00000,0x000000c63cd00000)]
  0x0000025a5cde1000 JavaThread "jar transforms Thread 518" [_thread_blocked, id=15208, stack(0x000000c63cd00000,0x000000c63ce00000)]
  0x0000025a5cde2000 JavaThread "jar transforms Thread 519" [_thread_blocked, id=14348, stack(0x000000c63ce00000,0x000000c63cf00000)]
  0x0000025a5cddc800 JavaThread "jar transforms Thread 520" [_thread_blocked, id=8108, stack(0x000000c63cf00000,0x000000c63d000000)]
  0x0000025a5cde3000 JavaThread "jar transforms Thread 521" [_thread_blocked, id=2756, stack(0x000000c63d000000,0x000000c63d100000)]
  0x0000025a5cddd000 JavaThread "jar transforms Thread 522" [_thread_blocked, id=540, stack(0x000000c63d100000,0x000000c63d200000)]
  0x0000025a55a38800 JavaThread "jar transforms Thread 523" [_thread_blocked, id=9112, stack(0x000000c63d200000,0x000000c63d300000)]
  0x0000025a55a3a000 JavaThread "jar transforms Thread 524" [_thread_blocked, id=10324, stack(0x000000c63d300000,0x000000c63d400000)]
  0x0000025a55a3d800 JavaThread "jar transforms Thread 525" [_thread_blocked, id=15384, stack(0x000000c63d400000,0x000000c63d500000)]
  0x0000025a55a3b000 JavaThread "jar transforms Thread 526" [_thread_blocked, id=12164, stack(0x000000c63d500000,0x000000c63d600000)]
  0x0000025a55a3b800 JavaThread "jar transforms Thread 527" [_thread_blocked, id=2904, stack(0x000000c63d600000,0x000000c63d700000)]
  0x0000025a55a3c800 JavaThread "jar transforms Thread 528" [_thread_blocked, id=12980, stack(0x000000c63d700000,0x000000c63d800000)]
  0x0000025a55a37800 JavaThread "jar transforms Thread 529" [_thread_blocked, id=820, stack(0x000000c63d800000,0x000000c63d900000)]
  0x0000025a55a40800 JavaThread "jar transforms Thread 530" [_thread_blocked, id=8100, stack(0x000000c63d900000,0x000000c63da00000)]
  0x0000025a55a43000 JavaThread "jar transforms Thread 531" [_thread_blocked, id=11816, stack(0x000000c63da00000,0x000000c63db00000)]
  0x0000025a55a42000 JavaThread "jar transforms Thread 532" [_thread_blocked, id=9860, stack(0x000000c63db00000,0x000000c63dc00000)]
  0x0000025a55a44000 JavaThread "jar transforms Thread 533" [_thread_blocked, id=2900, stack(0x000000c63dc00000,0x000000c63dd00000)]
  0x0000025a55a3e000 JavaThread "jar transforms Thread 534" [_thread_blocked, id=13900, stack(0x000000c63dd00000,0x000000c63de00000)]
  0x0000025a55a44800 JavaThread "jar transforms Thread 535" [_thread_blocked, id=14172, stack(0x000000c63de00000,0x000000c63df00000)]
  0x0000025a55a3f000 JavaThread "jar transforms Thread 536" [_thread_blocked, id=7360, stack(0x000000c63df00000,0x000000c63e000000)]
  0x0000025a55a45800 JavaThread "jar transforms Thread 537" [_thread_blocked, id=10928, stack(0x000000c63e000000,0x000000c63e100000)]
  0x0000025a55a46800 JavaThread "jar transforms Thread 538" [_thread_blocked, id=10232, stack(0x000000c63e100000,0x000000c63e200000)]
  0x0000025a57ce5800 JavaThread "jar transforms Thread 539" [_thread_blocked, id=10676, stack(0x000000c63e200000,0x000000c63e300000)]
  0x0000025a57ce3000 JavaThread "jar transforms Thread 540" [_thread_blocked, id=4908, stack(0x000000c63e300000,0x000000c63e400000)]
  0x0000025a57ce6800 JavaThread "jar transforms Thread 541" [_thread_blocked, id=6420, stack(0x000000c63e400000,0x000000c63e500000)]
  0x0000025a57ce2800 JavaThread "jar transforms Thread 542" [_thread_blocked, id=15960, stack(0x000000c63e500000,0x000000c63e600000)]
  0x0000025a57ce4000 JavaThread "jar transforms Thread 543" [_thread_blocked, id=2392, stack(0x000000c63e600000,0x000000c63e700000)]
  0x0000025a57ce5000 JavaThread "jar transforms Thread 544" [_thread_blocked, id=12248, stack(0x000000c63e700000,0x000000c63e800000)]
  0x0000025a57ce0800 JavaThread "jar transforms Thread 545" [_thread_blocked, id=10512, stack(0x000000c63e800000,0x000000c63e900000)]
  0x0000025a57ce1800 JavaThread "jar transforms Thread 546" [_thread_blocked, id=13376, stack(0x000000c63e900000,0x000000c63ea00000)]
  0x0000025a57ce7800 JavaThread "jar transforms Thread 547" [_thread_blocked, id=1420, stack(0x000000c63ea00000,0x000000c63eb00000)]
  0x0000025a57ceb800 JavaThread "jar transforms Thread 548" [_thread_blocked, id=11408, stack(0x000000c63eb00000,0x000000c63ec00000)]
  0x0000025a57ce9000 JavaThread "jar transforms Thread 549" [_thread_blocked, id=14736, stack(0x000000c63ec00000,0x000000c63ed00000)]
  0x0000025a57cec000 JavaThread "jar transforms Thread 550" [_thread_blocked, id=4500, stack(0x000000c63ed00000,0x000000c63ee00000)]
  0x0000025a57cee000 JavaThread "jar transforms Thread 551" [_thread_blocked, id=4964, stack(0x000000c63ee00000,0x000000c63ef00000)]
  0x0000025a57cee800 JavaThread "jar transforms Thread 552" [_thread_blocked, id=9564, stack(0x000000c63ef00000,0x000000c63f000000)]
  0x0000025a578c1800 JavaThread "jar transforms Thread 553" [_thread_blocked, id=5024, stack(0x000000c63f000000,0x000000c63f100000)]
  0x0000025a578be800 JavaThread "jar transforms Thread 554" [_thread_blocked, id=11756, stack(0x000000c63f100000,0x000000c63f200000)]
  0x0000025a578c9000 JavaThread "jar transforms Thread 555" [_thread_blocked, id=3272, stack(0x000000c63f200000,0x000000c63f300000)]
  0x0000025a578c5000 JavaThread "jar transforms Thread 556" [_thread_blocked, id=11224, stack(0x000000c63f300000,0x000000c63f400000)]
  0x0000025a578ca800 JavaThread "jar transforms Thread 557" [_thread_blocked, id=15984, stack(0x000000c63f400000,0x000000c63f500000)]
  0x0000025a578ca000 JavaThread "jar transforms Thread 558" [_thread_blocked, id=11596, stack(0x000000c63f500000,0x000000c63f600000)]
  0x0000025a578c7800 JavaThread "jar transforms Thread 559" [_thread_blocked, id=11676, stack(0x000000c63f600000,0x000000c63f700000)]
  0x0000025a578cb800 JavaThread "jar transforms Thread 560" [_thread_blocked, id=1428, stack(0x000000c63f700000,0x000000c63f800000)]
  0x0000025a578c8800 JavaThread "jar transforms Thread 561" [_thread_blocked, id=9064, stack(0x000000c63f800000,0x000000c63f900000)]
  0x0000025a578c6800 JavaThread "jar transforms Thread 562" [_thread_blocked, id=14224, stack(0x000000c63f900000,0x000000c63fa00000)]
  0x0000025a578c6000 JavaThread "jar transforms Thread 563" [_thread_blocked, id=9952, stack(0x000000c63fa00000,0x000000c63fb00000)]
  0x0000025a578cc800 JavaThread "jar transforms Thread 564" [_thread_blocked, id=8792, stack(0x000000c63fb00000,0x000000c63fc00000)]
  0x0000025a578cd000 JavaThread "jar transforms Thread 565" [_thread_blocked, id=7312, stack(0x000000c63fc00000,0x000000c63fd00000)]
  0x0000025a56f42000 JavaThread "jar transforms Thread 566" [_thread_blocked, id=11168, stack(0x000000c63fd00000,0x000000c63fe00000)]
  0x0000025a56f3f800 JavaThread "jar transforms Thread 567" [_thread_blocked, id=10616, stack(0x000000c63fe00000,0x000000c63ff00000)]
  0x0000025a56f3c800 JavaThread "jar transforms Thread 568" [_thread_blocked, id=484, stack(0x000000c63ff00000,0x000000c640000000)]
  0x0000025a56f43000 JavaThread "jar transforms Thread 569" [_thread_blocked, id=16036, stack(0x000000c640000000,0x000000c640100000)]
  0x0000025a5b6f9000 JavaThread "jar transforms Thread 570" [_thread_blocked, id=13616, stack(0x000000c640100000,0x000000c640200000)]
  0x0000025a5b6f8800 JavaThread "jar transforms Thread 571" [_thread_blocked, id=15312, stack(0x000000c640200000,0x000000c640300000)]
  0x0000025a5b6f7800 JavaThread "jar transforms Thread 572" [_thread_blocked, id=2604, stack(0x000000c640300000,0x000000c640400000)]
  0x0000025a5b6f3800 JavaThread "jar transforms Thread 573" [_thread_blocked, id=14940, stack(0x000000c640400000,0x000000c640500000)]
  0x0000025a5b6f5000 JavaThread "jar transforms Thread 574" [_thread_blocked, id=1608, stack(0x000000c640500000,0x000000c640600000)]
  0x0000025a5b6fa000 JavaThread "jar transforms Thread 575" [_thread_blocked, id=7476, stack(0x000000c640600000,0x000000c640700000)]
  0x0000025a5b6f4800 JavaThread "jar transforms Thread 576" [_thread_blocked, id=7520, stack(0x000000c640700000,0x000000c640800000)]
  0x0000025a5b6f6800 JavaThread "jar transforms Thread 577" [_thread_blocked, id=12828, stack(0x000000c640800000,0x000000c640900000)]
  0x0000025a5b6fb000 JavaThread "jar transforms Thread 578" [_thread_blocked, id=16336, stack(0x000000c640900000,0x000000c640a00000)]
  0x0000025a5b6fb800 JavaThread "jar transforms Thread 579" [_thread_blocked, id=10044, stack(0x000000c640a00000,0x000000c640b00000)]
  0x0000025a5b6f6000 JavaThread "jar transforms Thread 580" [_thread_blocked, id=14624, stack(0x000000c640b00000,0x000000c640c00000)]
  0x0000025a5b6ff800 JavaThread "jar transforms Thread 581" [_thread_blocked, id=7820, stack(0x000000c640c00000,0x000000c640d00000)]
  0x0000025a5b701800 JavaThread "jar transforms Thread 582" [_thread_blocked, id=528, stack(0x000000c640d00000,0x000000c640e00000)]

Other Threads:
  0x0000025a54f46800 VMThread "VM Thread" [stack: 0x000000c638700000,0x000000c638800000] [id=15480]
  0x0000025a55a1f000 WatcherThread [stack: 0x000000c639100000,0x000000c639200000] [id=7272]
  0x0000025a395a6800 GCTaskThread "GC Thread#0" [stack: 0x000000c638200000,0x000000c638300000] [id=1304]
  0x0000025a564ab800 GCTaskThread "GC Thread#1" [stack: 0x000000c639400000,0x000000c639500000] [id=5668]
  0x0000025a57eef000 GCTaskThread "GC Thread#2" [stack: 0x000000c63a100000,0x000000c63a200000] [id=10772]
  0x0000025a57298000 GCTaskThread "GC Thread#3" [stack: 0x000000c63a200000,0x000000c63a300000] [id=11080]
  0x0000025a395d6800 ConcurrentGCThread "G1 Main Marker" [stack: 0x000000c638300000,0x000000c638400000] [id=16344]
  0x0000025a395d8000 ConcurrentGCThread "G1 Conc#0" [stack: 0x000000c638400000,0x000000c638500000] [id=10976]
  0x0000025a39667800 ConcurrentGCThread "G1 Refine#0" [stack: 0x000000c638500000,0x000000c638600000] [id=8400]
  0x0000025a5cc9b000 ConcurrentGCThread "G1 Refine#1" [stack: 0x000000c638100000,0x000000c638200000] [id=13848]
  0x0000025a39668800 ConcurrentGCThread "G1 Young RemSet Sampling" [stack: 0x000000c638600000,0x000000c638700000] [id=9128]

Threads with active compile tasks:
C2 CompilerThread02711227 17237       4       org.gradle.api.internal.artifacts.result.DefaultResolutionResult::eachElement (92 bytes)
C2 CompilerThread12711227 17171       4       org.gradle.internal.snapshot.impl.DefaultValueSnapshotter::processValue (657 bytes)

VM state:not at safepoint (normal execution)

VM Mutex/Monitor currently owned by a thread: None

Heap address: 0x0000000080000000, size: 2048 MB, Compressed Oops mode: 32-bit
Narrow klass base: 0x0000000000000000, Narrow klass shift: 3
Compressed class space size: 1073741824 Address: 0x0000000100000000

Heap:
 garbage-first heap   total 183296K, used 112858K [0x0000000080000000, 0x0000000100000000)
  region size 1024K, 5 young (5120K), 4 survivors (4096K)
 Metaspace       used 112756K, capacity 116296K, committed 116608K, reserved 1150976K
  class space    used 13943K, capacity 15129K, committed 15232K, reserved 1048576K
Heap Regions: E=young(eden), S=young(survivor), O=old, HS=humongous(starts), HC=humongous(continues), CS=collection set, F=free, A=archive, TAMS=top-at-mark-start (previous, next)
|   0|0x0000000080000000, 0x0000000080100000, 0x0000000080100000|100%| O|  |TAMS 0x0000000080100000, 0x0000000080100000| Untracked 
|   1|0x0000000080100000, 0x0000000080200000, 0x0000000080200000|100%| O|  |TAMS 0x0000000080200000, 0x0000000080200000| Untracked 
|   2|0x0000000080200000, 0x0000000080300000, 0x0000000080300000|100%| O|  |TAMS 0x0000000080300000, 0x0000000080300000| Untracked 
|   3|0x0000000080300000, 0x0000000080400000, 0x0000000080400000|100%|HS|  |TAMS 0x0000000080400000, 0x0000000080400000| Complete 
|   4|0x0000000080400000, 0x0000000080500000, 0x0000000080500000|100%|HC|  |TAMS 0x0000000080500000, 0x0000000080500000| Complete 
|   5|0x0000000080500000, 0x0000000080600000, 0x0000000080600000|100%|HC|  |TAMS 0x0000000080600000, 0x0000000080600000| Complete 
|   6|0x0000000080600000, 0x0000000080700000, 0x0000000080700000|100%| O|  |TAMS 0x0000000080700000, 0x0000000080700000| Untracked 
|   7|0x0000000080700000, 0x0000000080800000, 0x0000000080800000|100%| O|  |TAMS 0x0000000080800000, 0x0000000080800000| Untracked 
|   8|0x0000000080800000, 0x0000000080900000, 0x0000000080900000|100%| O|  |TAMS 0x0000000080900000, 0x0000000080900000| Untracked 
|   9|0x0000000080900000, 0x0000000080a00000, 0x0000000080a00000|100%| O|  |TAMS 0x0000000080a00000, 0x0000000080a00000| Untracked 
|  10|0x0000000080a00000, 0x0000000080b00000, 0x0000000080b00000|100%| O|  |TAMS 0x0000000080b00000, 0x0000000080b00000| Untracked 
|  11|0x0000000080b00000, 0x0000000080c00000, 0x0000000080c00000|100%| O|  |TAMS 0x0000000080c00000, 0x0000000080c00000| Untracked 
|  12|0x0000000080c00000, 0x0000000080d00000, 0x0000000080d00000|100%| O|  |TAMS 0x0000000080d00000, 0x0000000080d00000| Untracked 
|  13|0x0000000080d00000, 0x0000000080e00000, 0x0000000080e00000|100%| O|  |TAMS 0x0000000080e00000, 0x0000000080e00000| Untracked 
|  14|0x0000000080e00000, 0x0000000080f00000, 0x0000000080f00000|100%|HS|  |TAMS 0x0000000080f00000, 0x0000000080f00000| Complete 
|  15|0x0000000080f00000, 0x0000000081000000, 0x0000000081000000|100%|HS|  |TAMS 0x0000000081000000, 0x0000000081000000| Complete 
|  16|0x0000000081000000, 0x0000000081100000, 0x0000000081100000|100%|HC|  |TAMS 0x0000000081100000, 0x0000000081100000| Complete 
|  17|0x0000000081100000, 0x0000000081200000, 0x0000000081200000|100%| O|  |TAMS 0x0000000081200000, 0x0000000081200000| Untracked 
|  18|0x0000000081200000, 0x0000000081300000, 0x0000000081300000|100%| O|  |TAMS 0x0000000081300000, 0x0000000081300000| Untracked 
|  19|0x0000000081300000, 0x0000000081400000, 0x0000000081400000|100%| O|  |TAMS 0x0000000081400000, 0x0000000081400000| Untracked 
|  20|0x0000000081400000, 0x0000000081500000, 0x0000000081500000|100%| O|  |TAMS 0x0000000081500000, 0x0000000081500000| Untracked 
|  21|0x0000000081500000, 0x0000000081600000, 0x0000000081600000|100%| O|  |TAMS 0x0000000081600000, 0x0000000081600000| Untracked 
|  22|0x0000000081600000, 0x0000000081700000, 0x0000000081700000|100%| O|  |TAMS 0x0000000081700000, 0x0000000081700000| Untracked 
|  23|0x0000000081700000, 0x0000000081800000, 0x0000000081800000|100%| O|  |TAMS 0x0000000081800000, 0x0000000081800000| Untracked 
|  24|0x0000000081800000, 0x0000000081900000, 0x0000000081900000|100%| O|  |TAMS 0x0000000081900000, 0x0000000081900000| Untracked 
|  25|0x0000000081900000, 0x0000000081a00000, 0x0000000081a00000|100%| O|  |TAMS 0x0000000081a00000, 0x0000000081a00000| Untracked 
|  26|0x0000000081a00000, 0x0000000081b00000, 0x0000000081b00000|100%| O|  |TAMS 0x0000000081b00000, 0x0000000081b00000| Untracked 
|  27|0x0000000081b00000, 0x0000000081c00000, 0x0000000081c00000|100%| O|  |TAMS 0x0000000081c00000, 0x0000000081c00000| Untracked 
|  28|0x0000000081c00000, 0x0000000081d00000, 0x0000000081d00000|100%| O|  |TAMS 0x0000000081d00000, 0x0000000081d00000| Untracked 
|  29|0x0000000081d00000, 0x0000000081e00000, 0x0000000081e00000|100%| O|  |TAMS 0x0000000081e00000, 0x0000000081e00000| Untracked 
|  30|0x0000000081e00000, 0x0000000081f00000, 0x0000000081f00000|100%| O|  |TAMS 0x0000000081f00000, 0x0000000081f00000| Untracked 
|  31|0x0000000081f00000, 0x0000000082000000, 0x0000000082000000|100%| O|  |TAMS 0x0000000082000000, 0x0000000082000000| Untracked 
|  32|0x0000000082000000, 0x0000000082100000, 0x0000000082100000|100%| O|  |TAMS 0x0000000082100000, 0x0000000082100000| Untracked 
|  33|0x0000000082100000, 0x0000000082200000, 0x0000000082200000|100%| O|  |TAMS 0x0000000082200000, 0x0000000082200000| Untracked 
|  34|0x0000000082200000, 0x0000000082256a00, 0x0000000082300000| 33%| O|  |TAMS 0x0000000082200000, 0x0000000082256a00| Untracked 
|  35|0x0000000082300000, 0x0000000082300000, 0x0000000082400000|  0%| F|  |TAMS 0x0000000082300000, 0x0000000082300000| Untracked 
|  36|0x0000000082400000, 0x0000000082500000, 0x0000000082500000|100%| O|  |TAMS 0x0000000082500000, 0x0000000082500000| Untracked 
|  37|0x0000000082500000, 0x0000000082500000, 0x0000000082600000|  0%| F|  |TAMS 0x0000000082500000, 0x0000000082500000| Untracked 
|  38|0x0000000082600000, 0x0000000082700000, 0x0000000082700000|100%| O|  |TAMS 0x0000000082700000, 0x0000000082700000| Untracked 
|  39|0x0000000082700000, 0x0000000082800000, 0x0000000082800000|100%| O|  |TAMS 0x0000000082800000, 0x0000000082800000| Untracked 
|  40|0x0000000082800000, 0x0000000082900000, 0x0000000082900000|100%| O|  |TAMS 0x0000000082900000, 0x0000000082900000| Untracked 
|  41|0x0000000082900000, 0x0000000082900000, 0x0000000082a00000|  0%| F|  |TAMS 0x0000000082900000, 0x0000000082900000| Untracked 
|  42|0x0000000082a00000, 0x0000000082a00000, 0x0000000082b00000|  0%| F|  |TAMS 0x0000000082a00000, 0x0000000082a00000| Untracked 
|  43|0x0000000082b00000, 0x0000000082c00000, 0x0000000082c00000|100%| O|  |TAMS 0x0000000082c00000, 0x0000000082c00000| Untracked 
|  44|0x0000000082c00000, 0x0000000082c00000, 0x0000000082d00000|  0%| F|  |TAMS 0x0000000082c00000, 0x0000000082c00000| Untracked 
|  45|0x0000000082d00000, 0x0000000082e00000, 0x0000000082e00000|100%| O|  |TAMS 0x0000000082e00000, 0x0000000082e00000| Untracked 
|  46|0x0000000082e00000, 0x0000000082f00000, 0x0000000082f00000|100%| O|  |TAMS 0x0000000082f00000, 0x0000000082f00000| Untracked 
|  47|0x0000000082f00000, 0x0000000083000000, 0x0000000083000000|100%| O|  |TAMS 0x0000000083000000, 0x0000000083000000| Untracked 
|  48|0x0000000083000000, 0x0000000083100000, 0x0000000083100000|100%| O|  |TAMS 0x0000000083100000, 0x0000000083100000| Untracked 
|  49|0x0000000083100000, 0x0000000083200000, 0x0000000083200000|100%| O|  |TAMS 0x0000000083200000, 0x0000000083200000| Untracked 
|  50|0x0000000083200000, 0x0000000083200000, 0x0000000083300000|  0%| F|  |TAMS 0x0000000083200000, 0x0000000083200000| Untracked 
|  51|0x0000000083300000, 0x0000000083400000, 0x0000000083400000|100%| O|  |TAMS 0x0000000083400000, 0x0000000083400000| Untracked 
|  52|0x0000000083400000, 0x0000000083500000, 0x0000000083500000|100%| O|  |TAMS 0x0000000083500000, 0x0000000083500000| Untracked 
|  53|0x0000000083500000, 0x0000000083500000, 0x0000000083600000|  0%| F|  |TAMS 0x0000000083500000, 0x0000000083500000| Untracked 
|  54|0x0000000083600000, 0x0000000083700000, 0x0000000083700000|100%| O|  |TAMS 0x0000000083700000, 0x0000000083700000| Untracked 
|  55|0x0000000083700000, 0x0000000083800000, 0x0000000083800000|100%| O|  |TAMS 0x0000000083800000, 0x0000000083800000| Untracked 
|  56|0x0000000083800000, 0x0000000083900000, 0x0000000083900000|100%| O|  |TAMS 0x0000000083900000, 0x0000000083900000| Untracked 
|  57|0x0000000083900000, 0x0000000083a00000, 0x0000000083a00000|100%| O|  |TAMS 0x0000000083900000, 0x0000000083a00000| Untracked 
|  58|0x0000000083a00000, 0x0000000083b00000, 0x0000000083b00000|100%| O|  |TAMS 0x0000000083a00000, 0x0000000083b00000| Untracked 
|  59|0x0000000083b00000, 0x0000000083c00000, 0x0000000083c00000|100%| O|  |TAMS 0x0000000083c00000, 0x0000000083c00000| Untracked 
|  60|0x0000000083c00000, 0x0000000083d00000, 0x0000000083d00000|100%| O|  |TAMS 0x0000000083d00000, 0x0000000083d00000| Untracked 
|  61|0x0000000083d00000, 0x0000000083e00000, 0x0000000083e00000|100%| O|  |TAMS 0x0000000083d00000, 0x0000000083e00000| Untracked 
|  62|0x0000000083e00000, 0x0000000083f00000, 0x0000000083f00000|100%| O|  |TAMS 0x0000000083e00000, 0x0000000083f00000| Untracked 
|  63|0x0000000083f00000, 0x0000000084000000, 0x0000000084000000|100%| O|  |TAMS 0x0000000084000000, 0x0000000084000000| Untracked 
|  64|0x0000000084000000, 0x0000000084100000, 0x0000000084100000|100%| O|  |TAMS 0x0000000084000000, 0x0000000084100000| Untracked 
|  65|0x0000000084100000, 0x0000000084200000, 0x0000000084200000|100%| O|  |TAMS 0x0000000084200000, 0x0000000084200000| Untracked 
|  66|0x0000000084200000, 0x0000000084300000, 0x0000000084300000|100%| O|  |TAMS 0x0000000084200000, 0x0000000084300000| Untracked 
|  67|0x0000000084300000, 0x0000000084300000, 0x0000000084400000|  0%| F|  |TAMS 0x0000000084300000, 0x0000000084300000| Untracked 
|  68|0x0000000084400000, 0x0000000084500000, 0x0000000084500000|100%|HS|  |TAMS 0x0000000084500000, 0x0000000084500000| Complete 
|  69|0x0000000084500000, 0x0000000084600000, 0x0000000084600000|100%|HC|  |TAMS 0x0000000084600000, 0x0000000084600000| Complete 
|  70|0x0000000084600000, 0x0000000084700000, 0x0000000084700000|100%|HC|  |TAMS 0x0000000084700000, 0x0000000084700000| Complete 
|  71|0x0000000084700000, 0x0000000084800000, 0x0000000084800000|100%|HS|  |TAMS 0x0000000084800000, 0x0000000084800000| Complete 
|  72|0x0000000084800000, 0x0000000084900000, 0x0000000084900000|100%|HC|  |TAMS 0x0000000084900000, 0x0000000084900000| Complete 
|  73|0x0000000084900000, 0x0000000084a00000, 0x0000000084a00000|100%|HC|  |TAMS 0x0000000084a00000, 0x0000000084a00000| Complete 
|  74|0x0000000084a00000, 0x0000000084b00000, 0x0000000084b00000|100%|HC|  |TAMS 0x0000000084b00000, 0x0000000084b00000| Complete 
|  75|0x0000000084b00000, 0x0000000084c00000, 0x0000000084c00000|100%| O|  |TAMS 0x0000000084c00000, 0x0000000084c00000| Untracked 
|  76|0x0000000084c00000, 0x0000000084d00000, 0x0000000084d00000|100%|HS|  |TAMS 0x0000000084d00000, 0x0000000084d00000| Complete 
|  77|0x0000000084d00000, 0x0000000084e00000, 0x0000000084e00000|100%|HC|  |TAMS 0x0000000084e00000, 0x0000000084e00000| Complete 
|  78|0x0000000084e00000, 0x0000000084f00000, 0x0000000084f00000|100%| O|  |TAMS 0x0000000084f00000, 0x0000000084f00000| Untracked 
|  79|0x0000000084f00000, 0x0000000085000000, 0x0000000085000000|100%| O|  |TAMS 0x0000000085000000, 0x0000000085000000| Untracked 
|  80|0x0000000085000000, 0x0000000085000000, 0x0000000085100000|  0%| F|  |TAMS 0x0000000085000000, 0x0000000085000000| Untracked 
|  81|0x0000000085100000, 0x0000000085200000, 0x0000000085200000|100%| O|  |TAMS 0x0000000085100000, 0x0000000085200000| Untracked 
|  82|0x0000000085200000, 0x0000000085300000, 0x0000000085300000|100%|HS|  |TAMS 0x0000000085300000, 0x0000000085300000| Complete 
|  83|0x0000000085300000, 0x0000000085400000, 0x0000000085400000|100%|HC|  |TAMS 0x0000000085400000, 0x0000000085400000| Complete 
|  84|0x0000000085400000, 0x0000000085500000, 0x0000000085500000|100%|HC|  |TAMS 0x0000000085500000, 0x0000000085500000| Complete 
|  85|0x0000000085500000, 0x0000000085600000, 0x0000000085600000|100%|HC|  |TAMS 0x0000000085600000, 0x0000000085600000| Complete 
|  86|0x0000000085600000, 0x0000000085700000, 0x0000000085700000|100%|HS|  |TAMS 0x0000000085700000, 0x0000000085700000| Complete 
|  87|0x0000000085700000, 0x0000000085800000, 0x0000000085800000|100%|HC|  |TAMS 0x0000000085800000, 0x0000000085800000| Complete 
|  88|0x0000000085800000, 0x0000000085900000, 0x0000000085900000|100%|HC|  |TAMS 0x0000000085900000, 0x0000000085900000| Complete 
|  89|0x0000000085900000, 0x0000000085a00000, 0x0000000085a00000|100%| O|  |TAMS 0x0000000085a00000, 0x0000000085a00000| Untracked 
|  90|0x0000000085a00000, 0x0000000085b00000, 0x0000000085b00000|100%| O|  |TAMS 0x0000000085a00000, 0x0000000085b00000| Untracked 
|  91|0x0000000085b00000, 0x0000000085c00000, 0x0000000085c00000|100%| O|  |TAMS 0x0000000085c00000, 0x0000000085c00000| Untracked 
|  92|0x0000000085c00000, 0x0000000085d00000, 0x0000000085d00000|100%| O|  |TAMS 0x0000000085d00000, 0x0000000085d00000| Untracked 
|  93|0x0000000085d00000, 0x0000000085d00000, 0x0000000085e00000|  0%| F|  |TAMS 0x0000000085d00000, 0x0000000085d00000| Untracked 
|  94|0x0000000085e00000, 0x0000000085f00000, 0x0000000085f00000|100%| O|  |TAMS 0x0000000085f00000, 0x0000000085f00000| Untracked 
|  95|0x0000000085f00000, 0x0000000086000000, 0x0000000086000000|100%| O|  |TAMS 0x0000000086000000, 0x0000000086000000| Untracked 
|  96|0x0000000086000000, 0x0000000086100000, 0x0000000086100000|100%| O|  |TAMS 0x0000000086100000, 0x0000000086100000| Untracked 
|  97|0x0000000086100000, 0x0000000086200000, 0x0000000086200000|100%| O|  |TAMS 0x0000000086200000, 0x0000000086200000| Untracked 
|  98|0x0000000086200000, 0x0000000086300000, 0x0000000086300000|100%| O|  |TAMS 0x0000000086200000, 0x0000000086300000| Untracked 
|  99|0x0000000086300000, 0x0000000086400000, 0x0000000086400000|100%| O|  |TAMS 0x0000000086400000, 0x0000000086400000| Untracked 
| 100|0x0000000086400000, 0x0000000086500000, 0x0000000086500000|100%| O|  |TAMS 0x0000000086400000, 0x0000000086500000| Untracked 
| 101|0x0000000086500000, 0x0000000086600000, 0x0000000086600000|100%| O|  |TAMS 0x0000000086600000, 0x0000000086600000| Untracked 
| 102|0x0000000086600000, 0x0000000086600000, 0x0000000086700000|  0%| F|  |TAMS 0x0000000086600000, 0x0000000086600000| Untracked 
| 103|0x0000000086700000, 0x0000000086800000, 0x0000000086800000|100%| O|  |TAMS 0x0000000086800000, 0x0000000086800000| Untracked 
| 104|0x0000000086800000, 0x0000000086900000, 0x0000000086900000|100%| O|  |TAMS 0x0000000086900000, 0x0000000086900000| Untracked 
| 105|0x0000000086900000, 0x0000000086900000, 0x0000000086a00000|  0%| F|  |TAMS 0x0000000086900000, 0x0000000086900000| Untracked 
| 106|0x0000000086a00000, 0x0000000086a00000, 0x0000000086b00000|  0%| F|  |TAMS 0x0000000086a00000, 0x0000000086a00000| Untracked 
| 107|0x0000000086b00000, 0x0000000086b00000, 0x0000000086c00000|  0%| F|  |TAMS 0x0000000086b00000, 0x0000000086b00000| Untracked 
| 108|0x0000000086c00000, 0x0000000086c00000, 0x0000000086d00000|  0%| F|  |TAMS 0x0000000086c00000, 0x0000000086c00000| Untracked 
| 109|0x0000000086d00000, 0x0000000086e00000, 0x0000000086e00000|100%| O|  |TAMS 0x0000000086e00000, 0x0000000086e00000| Untracked 
| 110|0x0000000086e00000, 0x0000000086f00000, 0x0000000086f00000|100%| O|  |TAMS 0x0000000086e00000, 0x0000000086f00000| Untracked 
| 111|0x0000000086f00000, 0x0000000087000000, 0x0000000087000000|100%| O|  |TAMS 0x0000000086f00000, 0x0000000087000000| Untracked 
| 112|0x0000000087000000, 0x0000000087000000, 0x0000000087100000|  0%| F|  |TAMS 0x0000000087000000, 0x0000000087000000| Untracked 
| 113|0x0000000087100000, 0x0000000087100000, 0x0000000087200000|  0%| F|  |TAMS 0x0000000087100000, 0x0000000087100000| Untracked 
| 114|0x0000000087200000, 0x0000000087300000, 0x0000000087300000|100%| O|  |TAMS 0x0000000087300000, 0x0000000087300000| Untracked 
| 115|0x0000000087300000, 0x0000000087300000, 0x0000000087400000|  0%| F|  |TAMS 0x0000000087300000, 0x0000000087300000| Untracked 
| 116|0x0000000087400000, 0x0000000087500000, 0x0000000087500000|100%| O|  |TAMS 0x0000000087500000, 0x0000000087500000| Untracked 
| 117|0x0000000087500000, 0x0000000087600000, 0x0000000087600000|100%| O|  |TAMS 0x0000000087600000, 0x0000000087600000| Untracked 
| 118|0x0000000087600000, 0x0000000087700000, 0x0000000087700000|100%| O|  |TAMS 0x0000000087700000, 0x0000000087700000| Untracked 
| 119|0x0000000087700000, 0x0000000087800000, 0x0000000087800000|100%| O|  |TAMS 0x0000000087800000, 0x0000000087800000| Untracked 
| 120|0x0000000087800000, 0x0000000087900000, 0x0000000087900000|100%| O|  |TAMS 0x0000000087900000, 0x0000000087900000| Untracked 
| 121|0x0000000087900000, 0x0000000087a00000, 0x0000000087a00000|100%| O|  |TAMS 0x0000000087a00000, 0x0000000087a00000| Untracked 
| 122|0x0000000087a00000, 0x0000000087b00000, 0x0000000087b00000|100%| O|  |TAMS 0x0000000087b00000, 0x0000000087b00000| Untracked 
| 123|0x0000000087b00000, 0x0000000087c00000, 0x0000000087c00000|100%| O|  |TAMS 0x0000000087bd0800, 0x0000000087c00000| Untracked 
| 124|0x0000000087c00000, 0x0000000087d00000, 0x0000000087d00000|100%| O|  |TAMS 0x0000000087c00000, 0x0000000087d00000| Untracked 
| 125|0x0000000087d00000, 0x0000000087d00000, 0x0000000087e00000|  0%| F|  |TAMS 0x0000000087d00000, 0x0000000087d00000| Untracked 
| 126|0x0000000087e00000, 0x0000000087e00000, 0x0000000087f00000|  0%| F|  |TAMS 0x0000000087e00000, 0x0000000087e00000| Untracked 
| 127|0x0000000087f00000, 0x0000000087f00000, 0x0000000088000000|  0%| F|  |TAMS 0x0000000087f00000, 0x0000000087f00000| Untracked 
| 128|0x0000000088000000, 0x0000000088000000, 0x0000000088100000|  0%| F|  |TAMS 0x0000000088000000, 0x0000000088000000| Untracked 
| 129|0x0000000088100000, 0x0000000088100000, 0x0000000088200000|  0%| F|  |TAMS 0x0000000088100000, 0x0000000088100000| Untracked 
| 130|0x0000000088200000, 0x0000000088200000, 0x0000000088300000|  0%| F|  |TAMS 0x0000000088200000, 0x0000000088200000| Untracked 
| 131|0x0000000088300000, 0x0000000088300000, 0x0000000088400000|  0%| F|  |TAMS 0x0000000088300000, 0x0000000088300000| Untracked 
| 132|0x0000000088400000, 0x0000000088400000, 0x0000000088500000|  0%| F|  |TAMS 0x0000000088400000, 0x0000000088400000| Untracked 
| 133|0x0000000088500000, 0x0000000088500000, 0x0000000088600000|  0%| F|  |TAMS 0x0000000088500000, 0x0000000088500000| Untracked 
| 134|0x0000000088600000, 0x00000000886e0020, 0x0000000088700000| 87%| S|CS|TAMS 0x0000000088600000, 0x0000000088600000| Complete 
| 135|0x0000000088700000, 0x0000000088800000, 0x0000000088800000|100%| S|CS|TAMS 0x0000000088700000, 0x0000000088700000| Complete 
| 136|0x0000000088800000, 0x0000000088900000, 0x0000000088900000|100%| S|CS|TAMS 0x0000000088800000, 0x0000000088800000| Complete 
| 137|0x0000000088900000, 0x0000000088a00000, 0x0000000088a00000|100%| S|CS|TAMS 0x0000000088900000, 0x0000000088900000| Complete 
| 138|0x0000000088a00000, 0x0000000088a00000, 0x0000000088b00000|  0%| F|  |TAMS 0x0000000088a00000, 0x0000000088a00000| Untracked 
| 139|0x0000000088b00000, 0x0000000088b00000, 0x0000000088c00000|  0%| F|  |TAMS 0x0000000088b00000, 0x0000000088b00000| Untracked 
| 140|0x0000000088c00000, 0x0000000088c00000, 0x0000000088d00000|  0%| F|  |TAMS 0x0000000088c00000, 0x0000000088c00000| Untracked 
| 141|0x0000000088d00000, 0x0000000088d00000, 0x0000000088e00000|  0%| F|  |TAMS 0x0000000088d00000, 0x0000000088d00000| Untracked 
| 142|0x0000000088e00000, 0x0000000088e00000, 0x0000000088f00000|  0%| F|  |TAMS 0x0000000088e00000, 0x0000000088e00000| Untracked 
| 143|0x0000000088f00000, 0x0000000088f00000, 0x0000000089000000|  0%| F|  |TAMS 0x0000000088f00000, 0x0000000088f00000| Untracked 
| 144|0x0000000089000000, 0x0000000089000000, 0x0000000089100000|  0%| F|  |TAMS 0x0000000089000000, 0x0000000089000000| Untracked 
| 145|0x0000000089100000, 0x0000000089100000, 0x0000000089200000|  0%| F|  |TAMS 0x0000000089100000, 0x0000000089100000| Untracked 
| 146|0x0000000089200000, 0x0000000089200000, 0x0000000089300000|  0%| F|  |TAMS 0x0000000089200000, 0x0000000089200000| Untracked 
| 147|0x0000000089300000, 0x0000000089300000, 0x0000000089400000|  0%| F|  |TAMS 0x0000000089300000, 0x0000000089300000| Untracked 
| 148|0x0000000089400000, 0x0000000089400000, 0x0000000089500000|  0%| F|  |TAMS 0x0000000089400000, 0x0000000089400000| Untracked 
| 149|0x0000000089500000, 0x0000000089500000, 0x0000000089600000|  0%| F|  |TAMS 0x0000000089500000, 0x0000000089500000| Untracked 
| 150|0x0000000089600000, 0x0000000089600000, 0x0000000089700000|  0%| F|  |TAMS 0x0000000089600000, 0x0000000089600000| Untracked 
| 151|0x0000000089700000, 0x0000000089700000, 0x0000000089800000|  0%| F|  |TAMS 0x0000000089700000, 0x0000000089700000| Untracked 
| 152|0x0000000089800000, 0x0000000089800000, 0x0000000089900000|  0%| F|  |TAMS 0x0000000089800000, 0x0000000089800000| Untracked 
| 153|0x0000000089900000, 0x0000000089900000, 0x0000000089a00000|  0%| F|  |TAMS 0x0000000089900000, 0x0000000089900000| Untracked 
| 154|0x0000000089a00000, 0x0000000089a00000, 0x0000000089b00000|  0%| F|  |TAMS 0x0000000089a00000, 0x0000000089a00000| Untracked 
| 155|0x0000000089b00000, 0x0000000089b00000, 0x0000000089c00000|  0%| F|  |TAMS 0x0000000089b00000, 0x0000000089b00000| Untracked 
| 156|0x0000000089c00000, 0x0000000089c00000, 0x0000000089d00000|  0%| F|  |TAMS 0x0000000089c00000, 0x0000000089c00000| Untracked 
| 157|0x0000000089d00000, 0x0000000089d00000, 0x0000000089e00000|  0%| F|  |TAMS 0x0000000089d00000, 0x0000000089d00000| Untracked 
| 158|0x0000000089e00000, 0x0000000089e00000, 0x0000000089f00000|  0%| F|  |TAMS 0x0000000089e00000, 0x0000000089e00000| Untracked 
| 159|0x0000000089f00000, 0x0000000089f00000, 0x000000008a000000|  0%| F|  |TAMS 0x0000000089f00000, 0x0000000089f00000| Untracked 
| 160|0x000000008a000000, 0x000000008a000000, 0x000000008a100000|  0%| F|  |TAMS 0x000000008a000000, 0x000000008a000000| Untracked 
| 161|0x000000008a100000, 0x000000008a100000, 0x000000008a200000|  0%| F|  |TAMS 0x000000008a100000, 0x000000008a100000| Untracked 
| 162|0x000000008a200000, 0x000000008a200000, 0x000000008a300000|  0%| F|  |TAMS 0x000000008a200000, 0x000000008a200000| Untracked 
| 163|0x000000008a300000, 0x000000008a300000, 0x000000008a400000|  0%| F|  |TAMS 0x000000008a300000, 0x000000008a300000| Untracked 
| 164|0x000000008a400000, 0x000000008a400000, 0x000000008a500000|  0%| F|  |TAMS 0x000000008a400000, 0x000000008a400000| Untracked 
| 165|0x000000008a500000, 0x000000008a500000, 0x000000008a600000|  0%| F|  |TAMS 0x000000008a500000, 0x000000008a500000| Untracked 
| 166|0x000000008a600000, 0x000000008a600000, 0x000000008a700000|  0%| F|  |TAMS 0x000000008a600000, 0x000000008a600000| Untracked 
| 167|0x000000008a700000, 0x000000008a700000, 0x000000008a800000|  0%| F|  |TAMS 0x000000008a700000, 0x000000008a700000| Untracked 
| 168|0x000000008a800000, 0x000000008a800000, 0x000000008a900000|  0%| F|  |TAMS 0x000000008a800000, 0x000000008a800000| Untracked 
| 169|0x000000008a900000, 0x000000008a900000, 0x000000008aa00000|  0%| F|  |TAMS 0x000000008a900000, 0x000000008a900000| Untracked 
| 170|0x000000008aa00000, 0x000000008aa00000, 0x000000008ab00000|  0%| F|  |TAMS 0x000000008aa00000, 0x000000008aa00000| Untracked 
| 171|0x000000008ab00000, 0x000000008ab00000, 0x000000008ac00000|  0%| F|  |TAMS 0x000000008ab00000, 0x000000008ab00000| Untracked 
| 172|0x000000008ac00000, 0x000000008ac00000, 0x000000008ad00000|  0%| F|  |TAMS 0x000000008ac00000, 0x000000008ac00000| Untracked 
| 173|0x000000008ad00000, 0x000000008ad00000, 0x000000008ae00000|  0%| F|  |TAMS 0x000000008ad00000, 0x000000008ad00000| Untracked 
| 174|0x000000008ae00000, 0x000000008ae00000, 0x000000008af00000|  0%| F|  |TAMS 0x000000008ae00000, 0x000000008ae00000| Untracked 
| 175|0x000000008af00000, 0x000000008af00000, 0x000000008b000000|  0%| F|  |TAMS 0x000000008af00000, 0x000000008af00000| Untracked 
| 176|0x000000008b000000, 0x000000008b000000, 0x000000008b100000|  0%| F|  |TAMS 0x000000008b000000, 0x000000008b000000| Untracked 
| 177|0x000000008b100000, 0x000000008b100000, 0x000000008b200000|  0%| F|  |TAMS 0x000000008b100000, 0x000000008b100000| Untracked 
| 178|0x000000008b200000, 0x000000008b2fdbe8, 0x000000008b300000| 99%| E|  |TAMS 0x000000008b200000, 0x000000008b200000| Complete 

Card table byte_map: [0x0000025a4e100000,0x0000025a4e500000] _byte_map_base: 0x0000025a4dd00000

Marking Bits (Prev, Next): (CMBitMap*) 0x0000025a395cdcf0, (CMBitMap*) 0x0000025a395cdcb8
 Prev Bits: [0x0000025a50900000, 0x0000025a52900000)
 Next Bits: [0x0000025a4e900000, 0x0000025a50900000)

Polling page: 0x0000025a39430000

Metaspace:

Usage:
  Non-class:     98.80 MB capacity,    96.50 MB ( 98%) used,     1.99 MB (  2%) free+waste,   322.88 KB ( <1%) overhead. 
      Class:     14.78 MB capacity,    13.62 MB ( 92%) used,     1.02 MB (  7%) free+waste,   146.19 KB ( <1%) overhead. 
       Both:    113.58 MB capacity,   110.12 MB ( 97%) used,     3.00 MB (  3%) free+waste,   469.06 KB ( <1%) overhead. 

Virtual space:
  Non-class space:      100.00 MB reserved,      99.00 MB ( 99%) committed 
      Class space:        1.00 GB reserved,      14.88 MB (  1%) committed 
             Both:        1.10 GB reserved,     113.88 MB ( 10%) committed 

Chunk freelists:
   Non-Class:  0 bytes
       Class:  20.00 KB
        Both:  20.00 KB

MaxMetaspaceSize: 17179869184.00 GB
CompressedClassSpaceSize: 1.00 GB

CodeHeap 'non-profiled nmethods': size=120064Kb used=11753Kb max_used=11753Kb free=108310Kb
 bounds [0x0000025a461a0000, 0x0000025a46d20000, 0x0000025a4d6e0000]
CodeHeap 'profiled nmethods': size=120000Kb used=34819Kb max_used=34819Kb free=85180Kb
 bounds [0x0000025a3ec70000, 0x0000025a40e90000, 0x0000025a461a0000]
CodeHeap 'non-nmethods': size=5696Kb used=2345Kb max_used=2397Kb free=3350Kb
 bounds [0x0000025a3e6e0000, 0x0000025a3e950000, 0x0000025a3ec70000]
 total_blobs=16688 nmethods=15740 adapters=858
 compilation: enabled
              stopped_count=0, restarted_count=0
 full_count=0

Compilation events (20 events):
Event: 2711.173 Thread 0x0000025a558ed000 17258       1       org.gradle.api.internal.tasks.properties.annotations.AbstractInputFilePropertyAnnotationHandler::isPropertyRelevant (2 bytes)
Event: 2711.173 Thread 0x0000025a558ed000 nmethod 17258 0x0000025a46d1ad90 code [0x0000025a46d1af40, 0x0000025a46d1aff8]
Event: 2711.173 Thread 0x0000025a558ed000 17259       1       com.google.common.collect.AbstractMapBasedMultimap::size (5 bytes)
Event: 2711.173 Thread 0x0000025a558ed000 nmethod 17259 0x0000025a46d1b090 code [0x0000025a46d1b240, 0x0000025a46d1b2f8]
Event: 2711.174 Thread 0x0000025a558ed000 17260       3       com.google.common.collect.ImmutableBiMap$Builder::build (36 bytes)
Event: 2711.174 Thread 0x0000025a558ed000 nmethod 17260 0x0000025a40e7b710 code [0x0000025a40e7b8e0, 0x0000025a40e7bbf8]
Event: 2711.176 Thread 0x0000025a558ed000 17262       3       java.lang.reflect.Constructor::getGenericInfo (27 bytes)
Event: 2711.177 Thread 0x0000025a558ed000 nmethod 17262 0x0000025a40e7bd10 code [0x0000025a40e7bfa0, 0x0000025a40e7cd18]
Event: 2711.177 Thread 0x0000025a558ed000 17263       3       kotlin.text.StringsKt__StringsKt::endsWith$default (15 bytes)
Event: 2711.178 Thread 0x0000025a558ed000 nmethod 17263 0x0000025a40e7d210 code [0x0000025a40e7d3c0, 0x0000025a40e7d508]
Event: 2711.178 Thread 0x0000025a558ed000 17264       3       kotlin.text.StringsKt__StringsKt::endsWith (40 bytes)
Event: 2711.178 Thread 0x0000025a558ed000 nmethod 17264 0x0000025a40e7d610 code [0x0000025a40e7d840, 0x0000025a40e7de38]
Event: 2711.182 Thread 0x0000025a558ed000 17265   !   3       com.sun.org.apache.xerces.internal.parsers.AbstractSAXParser::startElement (318 bytes)
Event: 2711.183 Thread 0x0000025a558ed000 nmethod 17265 0x0000025a40e7e010 code [0x0000025a40e7e300, 0x0000025a40e7f498]
Event: 2711.184 Thread 0x0000025a558ed000 17266       3       com.sun.org.apache.xerces.internal.parsers.AbstractSAXParser::startNamespaceMapping (77 bytes)
Event: 2711.184 Thread 0x0000025a558ed000 nmethod 17266 0x0000025a40e7fe90 code [0x0000025a40e800a0, 0x0000025a40e80658]
Event: 2711.184 Thread 0x0000025a558ed000 17267   !   3       com.sun.org.apache.xerces.internal.parsers.AbstractSAXParser::endElement (108 bytes)
Event: 2711.185 Thread 0x0000025a558ed000 nmethod 17267 0x0000025a40e80990 code [0x0000025a40e80ba0, 0x0000025a40e81118]
Event: 2711.190 Thread 0x0000025a558ed000 17268       3       com.sun.xml.bind.v2.runtime.unmarshaller.Scope::<init> (10 bytes)
Event: 2711.190 Thread 0x0000025a558ed000 nmethod 17268 0x0000025a40e81390 code [0x0000025a40e81540, 0x0000025a40e816f8]

GC Heap History (20 events):
Event: 1866.248 GC heap before
{Heap before GC invocations=50 (full 0):
 garbage-first heap   total 183296K, used 151326K [0x0000000080000000, 0x0000000100000000)
  region size 1024K, 41 young (41984K), 1 survivors (1024K)
 Metaspace       used 111841K, capacity 115314K, committed 115456K, reserved 1148928K
  class space    used 13912K, capacity 15085K, committed 15104K, reserved 1048576K
}
Event: 1866.261 GC heap after
{Heap after GC invocations=51 (full 0):
 garbage-first heap   total 183296K, used 115268K [0x0000000080000000, 0x0000000100000000)
  region size 1024K, 5 young (5120K), 5 survivors (5120K)
 Metaspace       used 111841K, capacity 115314K, committed 115456K, reserved 1148928K
  class space    used 13912K, capacity 15085K, committed 15104K, reserved 1048576K
}
Event: 1866.882 GC heap before
{Heap before GC invocations=52 (full 0):
 garbage-first heap   total 183296K, used 152132K [0x0000000080000000, 0x0000000100000000)
  region size 1024K, 42 young (43008K), 5 survivors (5120K)
 Metaspace       used 111957K, capacity 115424K, committed 115712K, reserved 1150976K
  class space    used 13914K, capacity 15065K, committed 15104K, reserved 1048576K
}
Event: 1866.892 GC heap after
{Heap after GC invocations=53 (full 0):
 garbage-first heap   total 183296K, used 118403K [0x0000000080000000, 0x0000000100000000)
  region size 1024K, 4 young (4096K), 4 survivors (4096K)
 Metaspace       used 111957K, capacity 115424K, committed 115712K, reserved 1150976K
  class space    used 13914K, capacity 15065K, committed 15104K, reserved 1048576K
}
Event: 1866.935 GC heap before
{Heap before GC invocations=53 (full 0):
 garbage-first heap   total 183296K, used 121475K [0x0000000080000000, 0x0000000100000000)
  region size 1024K, 8 young (8192K), 4 survivors (4096K)
 Metaspace       used 111957K, capacity 115424K, committed 115712K, reserved 1150976K
  class space    used 13914K, capacity 15065K, committed 15104K, reserved 1048576K
}
Event: 1866.943 GC heap after
{Heap after GC invocations=54 (full 0):
 garbage-first heap   total 183296K, used 118408K [0x0000000080000000, 0x0000000100000000)
  region size 1024K, 1 young (1024K), 1 survivors (1024K)
 Metaspace       used 111957K, capacity 115424K, committed 115712K, reserved 1150976K
  class space    used 13914K, capacity 15065K, committed 15104K, reserved 1048576K
}
Event: 1867.305 GC heap before
{Heap before GC invocations=54 (full 0):
 garbage-first heap   total 183296K, used 154248K [0x0000000080000000, 0x0000000100000000)
  region size 1024K, 37 young (37888K), 1 survivors (1024K)
 Metaspace       used 111991K, capacity 115428K, committed 115712K, reserved 1150976K
  class space    used 13914K, capacity 15066K, committed 15104K, reserved 1048576K
}
Event: 1867.311 GC heap after
{Heap after GC invocations=55 (full 0):
 garbage-first heap   total 183296K, used 119878K [0x0000000080000000, 0x0000000100000000)
  region size 1024K, 3 young (3072K), 3 survivors (3072K)
 Metaspace       used 111991K, capacity 115428K, committed 115712K, reserved 1150976K
  class space    used 13914K, capacity 15066K, committed 15104K, reserved 1048576K
}
Event: 1964.486 GC heap before
{Heap before GC invocations=56 (full 0):
 garbage-first heap   total 183296K, used 155718K [0x0000000080000000, 0x0000000100000000)
  region size 1024K, 38 young (38912K), 3 survivors (3072K)
 Metaspace       used 112208K, capacity 115496K, committed 115712K, reserved 1150976K
  class space    used 13922K, capacity 15054K, committed 15104K, reserved 1048576K
}
Event: 1964.494 GC heap after
{Heap after GC invocations=57 (full 0):
 garbage-first heap   total 183296K, used 122464K [0x0000000080000000, 0x0000000100000000)
  region size 1024K, 5 young (5120K), 5 survivors (5120K)
 Metaspace       used 112208K, capacity 115496K, committed 115712K, reserved 1150976K
  class space    used 13922K, capacity 15054K, committed 15104K, reserved 1048576K
}
Event: 1964.617 GC heap before
{Heap before GC invocations=57 (full 0):
 garbage-first heap   total 183296K, used 125536K [0x0000000080000000, 0x0000000100000000)
  region size 1024K, 8 young (8192K), 5 survivors (5120K)
 Metaspace       used 112309K, capacity 115744K, committed 115968K, reserved 1150976K
  class space    used 13933K, capacity 15094K, committed 15104K, reserved 1048576K
}
Event: 1964.629 GC heap after
{Heap after GC invocations=58 (full 0):
 garbage-first heap   total 183296K, used 116309K [0x0000000080000000, 0x0000000100000000)
  region size 1024K, 1 young (1024K), 1 survivors (1024K)
 Metaspace       used 112309K, capacity 115744K, committed 115968K, reserved 1150976K
  class space    used 13933K, capacity 15094K, committed 15104K, reserved 1048576K
}
Event: 1965.362 GC heap before
{Heap before GC invocations=58 (full 0):
 garbage-first heap   total 183296K, used 154197K [0x0000000080000000, 0x0000000100000000)
  region size 1024K, 39 young (39936K), 1 survivors (1024K)
 Metaspace       used 112535K, capacity 116025K, committed 116352K, reserved 1150976K
  class space    used 13953K, capacity 15150K, committed 15232K, reserved 1048576K
}
Event: 1965.378 GC heap after
{Heap after GC invocations=59 (full 0):
 garbage-first heap   total 183296K, used 119356K [0x0000000080000000, 0x0000000100000000)
  region size 1024K, 4 young (4096K), 4 survivors (4096K)
 Metaspace       used 112535K, capacity 116025K, committed 116352K, reserved 1150976K
  class space    used 13953K, capacity 15150K, committed 15232K, reserved 1048576K
}
Event: 1966.004 GC heap before
{Heap before GC invocations=60 (full 0):
 garbage-first heap   total 183296K, used 153148K [0x0000000080000000, 0x0000000100000000)
  region size 1024K, 39 young (39936K), 4 survivors (4096K)
 Metaspace       used 112346K, capacity 115812K, committed 116352K, reserved 1150976K
  class space    used 13897K, capacity 15046K, committed 15232K, reserved 1048576K
}
Event: 1966.014 GC heap after
{Heap after GC invocations=61 (full 0):
 garbage-first heap   total 183296K, used 119736K [0x0000000080000000, 0x0000000100000000)
  region size 1024K, 2 young (2048K), 2 survivors (2048K)
 Metaspace       used 112346K, capacity 115812K, committed 116352K, reserved 1150976K
  class space    used 13897K, capacity 15046K, committed 15232K, reserved 1048576K
}
Event: 1966.057 GC heap before
{Heap before GC invocations=61 (full 0):
 garbage-first heap   total 183296K, used 125880K [0x0000000080000000, 0x0000000100000000)
  region size 1024K, 8 young (8192K), 2 survivors (2048K)
 Metaspace       used 112359K, capacity 115817K, committed 116352K, reserved 1150976K
  class space    used 13897K, capacity 15046K, committed 15232K, reserved 1048576K
}
Event: 1966.074 GC heap after
{Heap after GC invocations=62 (full 0):
 garbage-first heap   total 183296K, used 109334K [0x0000000080000000, 0x0000000100000000)
  region size 1024K, 1 young (1024K), 1 survivors (1024K)
 Metaspace       used 112359K, capacity 115817K, committed 116352K, reserved 1150976K
  class space    used 13897K, capacity 15046K, committed 15232K, reserved 1048576K
}
Event: 2012.045 GC heap before
{Heap before GC invocations=62 (full 0):
 garbage-first heap   total 183296K, used 115478K [0x0000000080000000, 0x0000000100000000)
  region size 1024K, 8 young (8192K), 1 survivors (1024K)
 Metaspace       used 112381K, capacity 115823K, committed 116352K, reserved 1150976K
  class space    used 13898K, capacity 15048K, committed 15232K, reserved 1048576K
}
Event: 2012.066 GC heap after
{Heap after GC invocations=63 (full 0):
 garbage-first heap   total 183296K, used 109687K [0x0000000080000000, 0x0000000100000000)
  region size 1024K, 1 young (1024K), 1 survivors (1024K)
 Metaspace       used 112381K, capacity 115823K, committed 116352K, reserved 1150976K
  class space    used 13898K, capacity 15048K, committed 15232K, reserved 1048576K
}

Deoptimization events (20 events):
Event: 2710.881 Thread 0x0000025a59982800 DEOPT PACKING pc=0x0000025a3f13d596 sp=0x000000c6396fbec0
Event: 2710.881 Thread 0x0000025a59982800 DEOPT UNPACKING pc=0x0000025a3e708ade sp=0x000000c6396fb3d8 mode 0
Event: 2710.884 Thread 0x0000025a59986800 Uncommon trap: trap_request=0xffffffd6 fr.pc=0x0000025a4696458c relative=0x000000000000074c
Event: 2710.884 Thread 0x0000025a59986800 Uncommon trap: reason=array_check action=maybe_recompile pc=0x0000025a4696458c method=java.util.TimSort.reverseRange([Ljava/lang/Object;II)V @ 20 c2
Event: 2710.884 Thread 0x0000025a59986800 DEOPT PACKING pc=0x0000025a4696458c sp=0x000000c639bfd5e0
Event: 2710.884 Thread 0x0000025a59986800 DEOPT UNPACKING pc=0x0000025a3e6e822f sp=0x000000c639bfd510 mode 2
Event: 2710.884 Thread 0x0000025a59986800 Uncommon trap: trap_request=0xffffffd6 fr.pc=0x0000025a4696458c relative=0x000000000000074c
Event: 2710.884 Thread 0x0000025a59986800 Uncommon trap: reason=array_check action=maybe_recompile pc=0x0000025a4696458c method=java.util.TimSort.reverseRange([Ljava/lang/Object;II)V @ 20 c2
Event: 2710.884 Thread 0x0000025a59986800 DEOPT PACKING pc=0x0000025a4696458c sp=0x000000c639bfd5e0
Event: 2710.884 Thread 0x0000025a59986800 DEOPT UNPACKING pc=0x0000025a3e6e822f sp=0x000000c639bfd510 mode 2
Event: 2711.098 Thread 0x0000025a59982800 DEOPT PACKING pc=0x0000025a40479dda sp=0x000000c6396f9a50
Event: 2711.098 Thread 0x0000025a59982800 DEOPT UNPACKING pc=0x0000025a3e708ade sp=0x000000c6396f8f20 mode 0
Event: 2711.149 Thread 0x0000025a59982800 Uncommon trap: trap_request=0xffffff4d fr.pc=0x0000025a464c6df8 relative=0x0000000000000618
Event: 2711.149 Thread 0x0000025a59982800 Uncommon trap: reason=unstable_if action=reinterpret pc=0x0000025a464c6df8 method=java.lang.ref.SoftReference.get()Ljava/lang/Object; @ 6 c2
Event: 2711.149 Thread 0x0000025a59982800 DEOPT PACKING pc=0x0000025a464c6df8 sp=0x000000c6396fab60
Event: 2711.150 Thread 0x0000025a59982800 DEOPT UNPACKING pc=0x0000025a3e6e822f sp=0x000000c6396fa9e8 mode 2
Event: 2711.155 Thread 0x0000025a59982800 Uncommon trap: trap_request=0xffffff4d fr.pc=0x0000025a463bca10 relative=0x0000000000000630
Event: 2711.155 Thread 0x0000025a59982800 Uncommon trap: reason=unstable_if action=reinterpret pc=0x0000025a463bca10 method=java.lang.ref.SoftReference.get()Ljava/lang/Object; @ 6 c2
Event: 2711.155 Thread 0x0000025a59982800 DEOPT PACKING pc=0x0000025a463bca10 sp=0x000000c6396fa710
Event: 2711.155 Thread 0x0000025a59982800 DEOPT UNPACKING pc=0x0000025a3e6e822f sp=0x000000c6396fa600 mode 2

Classes redefined (0 events):
No events

Internal exceptions (20 events):
Event: 1964.669 Thread 0x0000025a59983000 Exception <a 'java/lang/ClassNotFoundException'{0x000000008b011170}: build_4aormvbnshhprcp4bj4wly2b9$_run_closure1BeanInfo> (0x000000008b011170) thrown at [./src/hotspot/share/classfile/systemDictionary.cpp, line 231]
Event: 1964.669 Thread 0x0000025a59983000 Exception <a 'java/lang/ClassNotFoundException'{0x000000008b01cc80}: build_4aormvbnshhprcp4bj4wly2b9$_run_closure1Customizer> (0x000000008b01cc80) thrown at [./src/hotspot/share/classfile/systemDictionary.cpp, line 231]
Event: 1965.055 Thread 0x0000025a59983000 Exception <a 'sun/nio/fs/WindowsException'{0x0000000089e00940}> (0x0000000089e00940) thrown at [./src/hotspot/share/prims/jni.cpp, line 615]
Event: 1965.117 Thread 0x0000025a59983000 Exception <a 'java/lang/reflect/InvocationTargetException'{0x0000000089ba15f8}> (0x0000000089ba15f8) thrown at [./src/hotspot/share/runtime/reflection.cpp, line 1247]
Event: 2710.846 Thread 0x0000025a59983000 Implicit null exception at 0x0000025a468748cc to 0x0000025a468765e0
Event: 2710.846 Thread 0x0000025a59983000 Implicit null exception at 0x0000025a462dc927 to 0x0000025a462dcaa8
Event: 2710.848 Thread 0x0000025a59983000 Exception <a 'java/lang/NoSuchMethodError'{0x000000008a5b7d88}: <clinit>> (0x000000008a5b7d88) thrown at [./src/hotspot/share/prims/jni.cpp, line 1362]
Event: 2710.867 Thread 0x0000025a59982800 Implicit null exception at 0x0000025a464707af to 0x0000025a46471570
Event: 2710.883 Thread 0x0000025a59986800 Exception <a 'java/lang/NoSuchMethodError'{0x000000008a425180}: <clinit>> (0x000000008a425180) thrown at [./src/hotspot/share/prims/jni.cpp, line 1362]
Event: 2710.884 Thread 0x0000025a59986800 Exception <a 'java/lang/NoSuchMethodError'{0x000000008a38da90}: <clinit>> (0x000000008a38da90) thrown at [./src/hotspot/share/prims/jni.cpp, line 1362]
Event: 2710.885 Thread 0x0000025a59986800 Exception <a 'java/lang/NoSuchMethodError'{0x000000008a38f8e0}: <clinit>> (0x000000008a38f8e0) thrown at [./src/hotspot/share/prims/jni.cpp, line 1362]
Event: 2711.038 Thread 0x0000025a59986800 Exception <a 'java/lang/NoSuchMethodError'{0x00000000893fcdb8}: <clinit>> (0x00000000893fcdb8) thrown at [./src/hotspot/share/prims/jni.cpp, line 1362]
Event: 2711.040 Thread 0x0000025a59986800 Exception <a 'java/lang/NoSuchMethodError'{0x0000000089214c00}: <clinit>> (0x0000000089214c00) thrown at [./src/hotspot/share/prims/jni.cpp, line 1362]
Event: 2711.040 Thread 0x0000025a59986800 Exception <a 'java/lang/NoSuchMethodError'{0x0000000089215d10}: <clinit>> (0x0000000089215d10) thrown at [./src/hotspot/share/prims/jni.cpp, line 1362]
Event: 2711.040 Thread 0x0000025a59986800 Exception <a 'java/lang/NoSuchMethodError'{0x0000000089217018}: <clinit>> (0x0000000089217018) thrown at [./src/hotspot/share/prims/jni.cpp, line 1362]
Event: 2711.041 Thread 0x0000025a59986800 Exception <a 'java/lang/NoSuchMethodError'{0x000000008922ee48}: <clinit>> (0x000000008922ee48) thrown at [./src/hotspot/share/prims/jni.cpp, line 1362]
Event: 2711.043 Thread 0x0000025a59986800 Exception <a 'java/lang/NoSuchMethodError'{0x0000000089251640}: <clinit>> (0x0000000089251640) thrown at [./src/hotspot/share/prims/jni.cpp, line 1362]
Event: 2711.149 Thread 0x0000025a59982800 Implicit null exception at 0x0000025a464c6849 to 0x0000025a464c6ddc
Event: 2711.155 Thread 0x0000025a59982800 Implicit null exception at 0x0000025a463bc44e to 0x0000025a463bc9f4
Event: 2711.177 Thread 0x0000025a59982800 Exception <a 'sun/nio/fs/WindowsException'{0x0000000088b90c48}> (0x0000000088b90c48) thrown at [./src/hotspot/share/prims/jni.cpp, line 615]

Events (20 events):
Event: 2711.010 Thread 0x0000025a5b6ff800 Thread added: 0x0000025a5b6ff800
Event: 2711.011 Thread 0x0000025a5b701800 Thread added: 0x0000025a5b701800
Event: 2711.028 Executing VM operation: RevokeBias
Event: 2711.029 Executing VM operation: RevokeBias done
Event: 2711.029 Executing VM operation: RevokeBias
Event: 2711.029 Executing VM operation: RevokeBias done
Event: 2711.029 Executing VM operation: RevokeBias
Event: 2711.030 Executing VM operation: RevokeBias done
Event: 2711.034 Executing VM operation: RevokeBias
Event: 2711.034 Executing VM operation: RevokeBias done
Event: 2711.035 Executing VM operation: RevokeBias
Event: 2711.036 Executing VM operation: RevokeBias done
Event: 2711.045 Executing VM operation: RevokeBias
Event: 2711.046 Executing VM operation: RevokeBias done
Event: 2711.049 Executing VM operation: RevokeBias
Event: 2711.049 Executing VM operation: RevokeBias done
Event: 2711.078 Executing VM operation: RevokeBias
Event: 2711.078 Executing VM operation: RevokeBias done
Event: 2711.078 Executing VM operation: RevokeBias
Event: 2711.079 Executing VM operation: RevokeBias done


Dynamic libraries:
0x00007ff6117a0000 - 0x00007ff6117aa000 	C:\Program Files\Android\Android Studio\jre\bin\java.exe
0x00007ffda5a40000 - 0x00007ffda5c49000 	C:\WINDOWS\SYSTEM32\ntdll.dll
0x00007ffda42c0000 - 0x00007ffda437d000 	C:\WINDOWS\System32\KERNEL32.DLL
0x00007ffda3230000 - 0x00007ffda35a9000 	C:\WINDOWS\System32\KERNELBASE.dll
0x00007ffda36a0000 - 0x00007ffda37b1000 	C:\WINDOWS\System32\ucrtbase.dll
0x00007ffd9f440000 - 0x00007ffd9f459000 	C:\Program Files\Android\Android Studio\jre\bin\jli.dll
0x00007ffda3e00000 - 0x00007ffda3fac000 	C:\WINDOWS\System32\USER32.dll
0x00007ffda30a0000 - 0x00007ffda30c6000 	C:\WINDOWS\System32\win32u.dll
0x00007ffda59d0000 - 0x00007ffda59f9000 	C:\WINDOWS\System32\GDI32.dll
0x00007ffda37c0000 - 0x00007ffda38d2000 	C:\WINDOWS\System32\gdi32full.dll
0x00007ffda30d0000 - 0x00007ffda316d000 	C:\WINDOWS\System32\msvcp_win.dll
0x00007ffd9f3a0000 - 0x00007ffd9f3b7000 	C:\Program Files\Android\Android Studio\jre\bin\VCRUNTIME140.dll
0x00007ffd8d000000 - 0x00007ffd8d2a5000 	C:\WINDOWS\WinSxS\amd64_microsoft.windows.common-controls_6595b64144ccf1df_6.0.22000.120_none_9d947278b86cc467\COMCTL32.dll
0x00007ffda40f0000 - 0x00007ffda4193000 	C:\WINDOWS\System32\msvcrt.dll
0x00007ffda3db0000 - 0x00007ffda3de1000 	C:\WINDOWS\System32\IMM32.DLL
0x00007ffd8be20000 - 0x00007ffd8bebd000 	C:\Program Files\Android\Android Studio\jre\bin\msvcp140.dll
0x00007ffd3c4a0000 - 0x00007ffd3cf5c000 	C:\Program Files\Android\Android Studio\jre\bin\server\jvm.dll
0x00007ffda4210000 - 0x00007ffda42be000 	C:\WINDOWS\System32\ADVAPI32.dll
0x00007ffda4c80000 - 0x00007ffda4d1e000 	C:\WINDOWS\System32\sechost.dll
0x00007ffda4d20000 - 0x00007ffda4e40000 	C:\WINDOWS\System32\RPCRT4.dll
0x00007ffda47b0000 - 0x00007ffda47b8000 	C:\WINDOWS\System32\PSAPI.DLL
0x00007ffd88870000 - 0x00007ffd88879000 	C:\WINDOWS\SYSTEM32\WSOCK32.dll
0x00007ffda41a0000 - 0x00007ffda420f000 	C:\WINDOWS\System32\WS2_32.dll
0x00007ffd9e040000 - 0x00007ffd9e073000 	C:\WINDOWS\SYSTEM32\WINMM.dll
0x00007ffd9a8c0000 - 0x00007ffd9a8ca000 	C:\WINDOWS\SYSTEM32\VERSION.dll
0x00007ffda20b0000 - 0x00007ffda20c8000 	C:\WINDOWS\SYSTEM32\kernel.appcore.dll
0x00007ffd513a0000 - 0x00007ffd513b1000 	C:\Program Files\Android\Android Studio\jre\bin\verify.dll
0x00007ffda0b60000 - 0x00007ffda0d81000 	C:\WINDOWS\SYSTEM32\DBGHELP.DLL
0x00007ffd85fe0000 - 0x00007ffd86011000 	C:\WINDOWS\SYSTEM32\dbgcore.DLL
0x00007ffda35b0000 - 0x00007ffda362f000 	C:\WINDOWS\System32\bcryptPrimitives.dll
0x00007ffd51030000 - 0x00007ffd51059000 	C:\Program Files\Android\Android Studio\jre\bin\java.dll
0x00007ffd74fb0000 - 0x00007ffd74fbb000 	C:\Program Files\Android\Android Studio\jre\bin\jimage.dll
0x00007ffd51380000 - 0x00007ffd51398000 	C:\Program Files\Android\Android Studio\jre\bin\zip.dll
0x00007ffda4e40000 - 0x00007ffda55ef000 	C:\WINDOWS\System32\SHELL32.dll
0x00007ffda10a0000 - 0x00007ffda1908000 	C:\WINDOWS\SYSTEM32\windows.storage.dll
0x00007ffda47c0000 - 0x00007ffda4b38000 	C:\WINDOWS\System32\combase.dll
0x00007ffda0f30000 - 0x00007ffda1096000 	C:\WINDOWS\SYSTEM32\wintypes.dll
0x00007ffda4380000 - 0x00007ffda446a000 	C:\WINDOWS\System32\SHCORE.dll
0x00007ffda4750000 - 0x00007ffda47ad000 	C:\WINDOWS\System32\shlwapi.dll
0x00007ffda2e60000 - 0x00007ffda2e81000 	C:\WINDOWS\SYSTEM32\profapi.dll
0x00007ffd51010000 - 0x00007ffd5102a000 	C:\Program Files\Android\Android Studio\jre\bin\net.dll
0x00007ffd9c1d0000 - 0x00007ffd9c2dc000 	C:\WINDOWS\SYSTEM32\WINHTTP.dll
0x00007ffda2550000 - 0x00007ffda25b7000 	C:\WINDOWS\system32\mswsock.dll
0x00007ffd502f0000 - 0x00007ffd50304000 	C:\Program Files\Android\Android Studio\jre\bin\nio.dll
0x00007ffd8fa40000 - 0x00007ffd8fa67000 	C:\Users\Hp\.gradle\native\fdc75f09e3144964f2cf3f50f0aa648679c211496f362492102eb8c894070792\windows-amd64\native-platform.dll
0x00007ffd5e750000 - 0x00007ffd5e8e6000 	C:\Users\Hp\.gradle\native\12488b8bf47d2d4c9fbf2f6322a914ad602e24e48041cd04a747c6da556b65c4\windows-amd64\native-platform-file-events.dll
0x00007ffd74a10000 - 0x00007ffd74a1a000 	C:\Program Files\Android\Android Studio\jre\bin\management.dll
0x00007ffd74690000 - 0x00007ffd7469c000 	C:\Program Files\Android\Android Studio\jre\bin\management_ext.dll
0x00007ffda2790000 - 0x00007ffda27a8000 	C:\WINDOWS\SYSTEM32\CRYPTSP.dll
0x00007ffda2000000 - 0x00007ffda2035000 	C:\WINDOWS\system32\rsaenh.dll
0x00007ffda2640000 - 0x00007ffda2669000 	C:\WINDOWS\SYSTEM32\USERENV.dll
0x00007ffda2910000 - 0x00007ffda2937000 	C:\WINDOWS\SYSTEM32\bcrypt.dll
0x00007ffda27b0000 - 0x00007ffda27bc000 	C:\WINDOWS\SYSTEM32\CRYPTBASE.dll
0x00007ffda1bd0000 - 0x00007ffda1bfd000 	C:\WINDOWS\SYSTEM32\IPHLPAPI.DLL
0x00007ffda45a0000 - 0x00007ffda45a9000 	C:\WINDOWS\System32\NSI.dll
0x00007ffd9c470000 - 0x00007ffd9c489000 	C:\WINDOWS\SYSTEM32\dhcpcsvc6.DLL
0x00007ffd9cbf0000 - 0x00007ffd9cc0e000 	C:\WINDOWS\SYSTEM32\dhcpcsvc.DLL
0x00007ffda1c40000 - 0x00007ffda1d28000 	C:\WINDOWS\SYSTEM32\DNSAPI.dll
0x00007ffd9c460000 - 0x00007ffd9c46c000 	C:\WINDOWS\SYSTEM32\WINNSI.DLL
0x00007ffd3bca0000 - 0x00007ffd3bcc7000 	C:\Program Files\Android\Android Studio\jre\bin\sunec.dll

dbghelp: loaded successfully - version: 4.0.5 - missing functions: none
symbol engine: initialized successfully - sym options: 0x614 - pdb path: .;C:\Program Files\Android\Android Studio\jre\bin;C:\WINDOWS\SYSTEM32;C:\WINDOWS\WinSxS\amd64_microsoft.windows.common-controls_6595b64144ccf1df_6.0.22000.120_none_9d947278b86cc467;C:\Program Files\Android\Android Studio\jre\bin\server;C:\Users\Hp\.gradle\native\fdc75f09e3144964f2cf3f50f0aa648679c211496f362492102eb8c894070792\windows-amd64;C:\Users\Hp\.gradle\native\12488b8bf47d2d4c9fbf2f6322a914ad602e24e48041cd04a747c6da556b65c4\windows-amd64

VM Arguments:
jvm_args: --add-opens=java.base/java.util=ALL-UNNAMED --add-opens=java.base/java.lang=ALL-UNNAMED --add-opens=java.base/java.lang.invoke=ALL-UNNAMED --add-opens=java.prefs/java.util.prefs=ALL-UNNAMED -Xmx2048m -Dfile.encoding=UTF-8 -Duser.country=SG -Duser.language=en -Duser.variant 
java_command: org.gradle.launcher.daemon.bootstrap.GradleDaemon 6.7.1
java_class_path (initial): C:\Users\Hp\.gradle\wrapper\dists\gradle-6.7.1-bin\bwlcbys1h7rz3272sye1xwiv6\gradle-6.7.1\lib\gradle-launcher-6.7.1.jar
Launcher Type: SUN_STANDARD

[Global flags]
     intx CICompilerCount                          = 3                                         {product} {ergonomic}
     uint ConcGCThreads                            = 1                                         {product} {ergonomic}
     uint G1ConcRefinementThreads                  = 4                                         {product} {ergonomic}
   size_t G1HeapRegionSize                         = 1048576                                   {product} {ergonomic}
    uintx GCDrainStackTargetSize                   = 64                                        {product} {ergonomic}
   size_t InitialHeapSize                          = 130023424                                 {product} {ergonomic}
   size_t MarkStackSize                            = 4194304                                   {product} {ergonomic}
   size_t MaxHeapSize                              = 2147483648                                {product} {command line}
   size_t MaxNewSize                               = 1287651328                                {product} {ergonomic}
   size_t MinHeapDeltaBytes                        = 1048576                                   {product} {ergonomic}
    uintx NonNMethodCodeHeapSize                   = 5830732                                {pd product} {ergonomic}
    uintx NonProfiledCodeHeapSize                  = 122913754                              {pd product} {ergonomic}
    uintx ProfiledCodeHeapSize                     = 122913754                              {pd product} {ergonomic}
    uintx ReservedCodeCacheSize                    = 251658240                              {pd product} {ergonomic}
     bool SegmentedCodeCache                       = true                                      {product} {ergonomic}
     bool UseCompressedClassPointers               = true                                 {lp64_product} {ergonomic}
     bool UseCompressedOops                        = true                                 {lp64_product} {ergonomic}
     bool UseG1GC                                  = true                                      {product} {ergonomic}
     bool UseLargePagesIndividualAllocation        = false                                  {pd product} {ergonomic}

Logging:
Log output configuration:
 #0: stdout all=warning uptime,level,tags
 #1: stderr all=off uptime,level,tags

Environment Variables:
JAVA_HOME=C:\Program Files\Java\jdk1.8.0_221
PATH=C:\Program Files (x86)\Common Files\Intel\Shared Libraries\redist\intel64\compiler;C:\Program Files (x86)\Common Files\Oracle\Java\javapath;C:\WINDOWS\system32;C:\WINDOWS;C:\WINDOWS\System32\Wbem;C:\WINDOWS\System32\WindowsPowerShell\v1.0\;C:\WINDOWS\System32\OpenSSH\;C:\Program Files\nodejs\;C:\Program Files\dotnet\;C:\Program Files\MySQL\MySQL Shell 8.0\bin\;C:\Users\Hp\AppData\Local\Microsoft\WindowsApps;C:\Program Files (x86)\Dev-Cpp\MinGW64\bin;D:\Nodejs;C:\Users\Hp\AppData\Roaming\npm;C:\Users\Hp\AppData\Local\Programs\Microsoft VS Code\bin;C:\Users\Hp\AppData\Local\GitHubDesktop\bin;
USERNAME=Hp
OS=Windows_NT
PROCESSOR_IDENTIFIER=Intel64 Family 6 Model 126 Stepping 5, GenuineIntel



---------------  S Y S T E M  ---------------

OS: Windows 10 , 64 bit Build 22000 (10.0.22000.675)
OS uptime: 1 days 0:03 hours

CPU:total 4 (initial active 4) (2 cores per cpu, 2 threads per core) family 6 model 126 stepping 5, cmov, cx8, fxsr, mmx, sse, sse2, sse3, ssse3, sse4.1, sse4.2, popcnt, avx, avx2, aes, clmul, erms, 3dnowpref, lzcnt, ht, tsc, tscinvbit, bmi1, bmi2, adx, evex, sha, fma

Memory: 4k page, system-wide physical 7881M (1010M free)
TotalPageFile size 7881M (AvailPageFile size 5M)
current process WorkingSet (physical memory assigned to process): 403M, peak: 491M
current process commit charge ("private bytes"): 508M, peak: 526M

vm_info: OpenJDK 64-Bit Server VM (11.0.8+10-b944.6842174) for windows-amd64 JRE (11.0.8+10-b944.6842174), built on Sep 19 2020 01:11:42 by "builder" with MS VC++ 14.0 (VS2015)

END.
