#
# There is insufficient memory for the Java Runtime Environment to continue.
# Native memory allocation (mmap) failed to map 66060288 bytes for Failed to commit area from 0x000000008b300000 to 0x000000008f200000 of length 66060288.
# Possible reasons:
#   The system is out of physical RAM or swap space
#   The process is running with CompressedOops enabled, and the Java Heap may be blocking the growth of the native heap
# Possible solutions:
#   Reduce memory load on the system
#   Increase physical memory or swap space
#   Check if swap backing store is full
#   Decrease Java heap size (-Xmx/-Xms)
#   Decrease number of Java threads
#   Decrease Java thread stack sizes (-Xss)
#   Set larger code cache with -XX:ReservedCodeCacheSize=
#   JVM is running with Unscaled Compressed Oops mode in which the Java heap is
#     placed in the first 4GB address space. The Java Heap base address is the
#     maximum limit for the native heap growth. Please use -XX:HeapBaseMinAddress
#     to set the Java Heap base and to place the Java Heap above 4GB virtual address.
# This output file may be truncated or incomplete.
#
#  Out of Memory Error (./src/hotspot/os/windows/os_windows.cpp:3303), pid=15240, tid=2220
#
# JRE version: OpenJDK Runtime Environment (11.0.8+10) (build 11.0.8+10-b944.6842174)
# Java VM: OpenJDK 64-Bit Server VM (11.0.8+10-b944.6842174, mixed mode, tiered, compressed oops, g1 gc, windows-amd64)
# No core dump will be written. Minidumps are not enabled by default on client versions of Windows
#

---------------  S U M M A R Y ------------

Command Line: --add-opens=java.base/java.util=ALL-UNNAMED --add-opens=java.base/java.lang=ALL-UNNAMED --add-opens=java.base/java.lang.invoke=ALL-UNNAMED --add-opens=java.prefs/java.util.prefs=ALL-UNNAMED -Xmx2048m -Dfile.encoding=UTF-8 -Duser.country=SG -Duser.language=en -Duser.variant org.gradle.launcher.daemon.bootstrap.GradleDaemon 6.7.1

Host: Intel(R) Core(TM) i3-1005G1 CPU @ 1.20GHz, 4 cores, 7G,  Windows 10 , 64 bit Build 22000 (10.0.22000.675)
Time: Sat Jun 11 01:10:53 2022 SE Asia Standard Time elapsed time: 2276 seconds (0d 0h 37m 56s)

---------------  T H R E A D  ---------------

Current thread (0x0000016eff01a800):  VMThread "VM Thread" [stack: 0x0000000100c00000,0x0000000100d00000] [id=2220]

Stack: [0x0000000100c00000,0x0000000100d00000]
[error occurred during error reporting (printing stack bounds), id 0xc0000005, EXCEPTION_ACCESS_VIOLATION (0xc0000005) at pc=0x0000016e80000f67]

Native frames: (J=compiled Java code, j=interpreted, Vv=VM code, C=native code)
V  [jvm.dll+0x5de50a]
V  [jvm.dll+0x7122f5]
V  [jvm.dll+0x71384d]
V  [jvm.dll+0x713e65]
V  [jvm.dll+0x713e1b]
V  [jvm.dll+0x5dd958]
V  [jvm.dll+0x5de0f8]
C  [ntdll.dll+0xa8e4f]
C  [ntdll.dll+0x35e9a]
C  [ntdll.dll+0xa7e5e]
C  0x0000016e80000f67

VM_Operation (0x00000001098fd4a0): G1CollectForAllocation, mode: safepoint, requested by thread 0x0000016ed3248800


---------------  P R O C E S S  ---------------

Threads class SMR info:
_java_thread_list=0x0000016ed9f65250, length=148, elements={
0x0000016ef85be800, 0x0000016eff023000, 0x0000016eff024000, 0x0000016eff9b2800,
0x0000016eff03d800, 0x0000016eff03e800, 0x0000016eff043000, 0x0000016eff044000,
0x0000016effae8000, 0x0000016effb33800, 0x0000016ed4aec000, 0x0000016ed4c3b800,
0x0000016ed4491800, 0x0000016ed4a0f000, 0x0000016ed4a0e800, 0x0000016ed4a14000,
0x0000016ed4551000, 0x0000016ed454e800, 0x0000016ed7e38800, 0x0000016ed7e2e000,
0x0000016ed7e34000, 0x0000016ed4552800, 0x0000016ed454e000, 0x0000016ed4557800,
0x0000016ed4559000, 0x0000016ed455a000, 0x0000016ed4554800, 0x0000016ed4555000,
0x0000016ed4558800, 0x0000016ed4556000, 0x0000016ed4556800, 0x0000016ed4a15000,
0x0000016ed4a10000, 0x0000016ed4a12800, 0x0000016ed4a10800, 0x0000016ed4a11800,
0x0000016ed4a13000, 0x0000016ed8545000, 0x0000016ed8543800, 0x0000016ed8546000,
0x0000016ed8548800, 0x0000016ed8544800, 0x0000016ed8542800, 0x0000016ed8549000,
0x0000016ed854a000, 0x0000016ed854b000, 0x0000016ed854b800, 0x0000016ed854c800,
0x0000016ed8547000, 0x0000016ed854d800, 0x0000016ed8547800, 0x0000016ed854f800,
0x0000016ed8550800, 0x0000016ed854e000, 0x0000016ed854f000, 0x0000016ed8551800,
0x0000016effc6b800, 0x0000016effc67800, 0x0000016effc68800, 0x0000016effc69000,
0x0000016effc66800, 0x0000016effc6d800, 0x0000016effc6a000, 0x0000016effc6b000,
0x0000016effc6c800, 0x0000016ed7675000, 0x0000016ed7673800, 0x0000016ed7672800,
0x0000016ed7674000, 0x0000016ed7671800, 0x0000016ed766f000, 0x0000016ed7670000,
0x0000016ed7675800, 0x0000016ed7676800, 0x0000016ed7671000, 0x0000016ed767d000,
0x0000016ed767c000, 0x0000016ed767a800, 0x0000016ed7677800, 0x0000016ed767b800,
0x0000016ed767e000, 0x0000016ed7678000, 0x0000016ed7679000, 0x0000016ed767a000,
0x0000016ed474f000, 0x0000016ed4749000, 0x0000016ed474e000, 0x0000016ed474d800,
0x0000016ed474a000, 0x0000016ed4750800, 0x0000016ed474c800, 0x0000016ed474b000,
0x0000016ed474f800, 0x0000016ed4751800, 0x0000016ed474b800, 0x0000016ed4754800,
0x0000016ed4753000, 0x0000016ed4752000, 0x0000016ed4754000, 0x0000016ed4755800,
0x0000016ed4756800, 0x0000016ed4757000, 0x0000016ed4758000, 0x0000016ed705f000,
0x0000016ed705e800, 0x0000016ed705c800, 0x0000016ed705d800, 0x0000016ed7060000,
0x0000016ed705c000, 0x0000016ed705a000, 0x0000016ed7060800, 0x0000016ed705b000,
0x0000016ed7065000, 0x0000016ed7063000, 0x0000016ed7066800, 0x0000016ed7067800,
0x0000016ed7065800, 0x0000016ed7061800, 0x0000016ed7e31800, 0x0000016ed7e2d000,
0x0000016ed7e30800, 0x0000016ed7e33000, 0x0000016ed7e2f000, 0x0000016ed7e34800,
0x0000016ed7e2f800, 0x0000016ed7e36000, 0x0000016ed7e38000, 0x0000016ed7e32000,
0x0000016ed7e39800, 0x0000016ed7e3a800, 0x0000016ed7e3c000, 0x0000016ed7068000,
0x0000016ed7062800, 0x0000016ed7069000, 0x0000016ed7064000, 0x0000016ed4552000,
0x0000016ed454f800, 0x0000016ed3248000, 0x0000016ed3244000, 0x0000016ed3248800,
0x0000016ed3246000, 0x0000016ed3245800, 0x0000016ed3247000, 0x0000016ed3243000,
0x0000016ed324a800, 0x0000016ed324b000, 0x0000016ed324e800, 0x0000016ed3249800
}

Java Threads: ( => current thread )
  0x0000016ef85be800 JavaThread "main" [_thread_blocked, id=8704, stack(0x0000000100600000,0x0000000100700000)]
  0x0000016eff023000 JavaThread "Reference Handler" daemon [_thread_blocked, id=7792, stack(0x0000000100d00000,0x0000000100e00000)]
  0x0000016eff024000 JavaThread "Finalizer" daemon [_thread_blocked, id=15156, stack(0x0000000100e00000,0x0000000100f00000)]
  0x0000016eff9b2800 JavaThread "Signal Dispatcher" daemon [_thread_blocked, id=2020, stack(0x0000000100f00000,0x0000000101000000)]
  0x0000016eff03d800 JavaThread "Attach Listener" daemon [_thread_blocked, id=2088, stack(0x0000000101000000,0x0000000101100000)]
  0x0000016eff03e800 JavaThread "C2 CompilerThread0" daemon [_thread_blocked, id=2316, stack(0x0000000101100000,0x0000000101200000)]
  0x0000016eff043000 JavaThread "C1 CompilerThread0" daemon [_thread_blocked, id=892, stack(0x0000000101200000,0x0000000101300000)]
  0x0000016eff044000 JavaThread "Sweeper thread" daemon [_thread_blocked, id=8484, stack(0x0000000101300000,0x0000000101400000)]
  0x0000016effae8000 JavaThread "Common-Cleaner" daemon [_thread_blocked, id=6876, stack(0x0000000101400000,0x0000000101500000)]
  0x0000016effb33800 JavaThread "Service Thread" daemon [_thread_blocked, id=14160, stack(0x0000000101500000,0x0000000101600000)]
  0x0000016ed4aec000 JavaThread "Daemon health stats" [_thread_blocked, id=7864, stack(0x0000000101900000,0x0000000101a00000)]
  0x0000016ed4c3b800 JavaThread "Incoming local TCP Connector on port 49938" [_thread_in_native, id=3876, stack(0x0000000101b00000,0x0000000101c00000)]
  0x0000016ed4491800 JavaThread "Daemon periodic checks" [_thread_blocked, id=2912, stack(0x0000000101c00000,0x0000000101d00000)]
  0x0000016ed4a0f000 JavaThread "Cache worker for file hash cache (C:\Users\Hp\.gradle\caches\6.7.1\fileHashes)" [_thread_blocked, id=2872, stack(0x0000000102700000,0x0000000102800000)]
  0x0000016ed4a0e800 JavaThread "File lock request listener" [_thread_in_native, id=5280, stack(0x0000000102800000,0x0000000102900000)]
  0x0000016ed4a14000 JavaThread "Cache worker for journal cache (C:\Users\Hp\.gradle\caches\journal-1)" [_thread_blocked, id=2876, stack(0x0000000102100000,0x0000000102200000)]
  0x0000016ed4551000 JavaThread "Cache worker for execution history cache (C:\Users\Hp\.gradle\caches\6.7.1\executionHistory)" [_thread_blocked, id=7040, stack(0x0000000104300000,0x0000000104400000)]
  0x0000016ed454e800 JavaThread "Cache worker for file content cache (C:\Users\Hp\.gradle\caches\6.7.1\fileContent)" [_thread_blocked, id=5856, stack(0x0000000104200000,0x0000000104300000)]
  0x0000016ed7e38800 JavaThread "Memory manager" [_thread_blocked, id=2488, stack(0x0000000109600000,0x0000000109700000)]
  0x0000016ed7e2e000 JavaThread "Daemon Thread 2" [_thread_blocked, id=7916, stack(0x0000000100100000,0x0000000100200000)]
  0x0000016ed7e34000 JavaThread "Daemon worker Thread 2" [_thread_blocked, id=12944, stack(0x0000000101700000,0x0000000101800000)]
  0x0000016ed4552800 JavaThread "jar transforms Thread 98" [_thread_blocked, id=13124, stack(0x0000000102e00000,0x0000000102f00000)]
  0x0000016ed454e000 JavaThread "jar transforms Thread 99" [_thread_blocked, id=2024, stack(0x0000000102f00000,0x0000000103000000)]
  0x0000016ed4557800 JavaThread "jar transforms Thread 100" [_thread_blocked, id=3856, stack(0x0000000103000000,0x0000000103100000)]
  0x0000016ed4559000 JavaThread "jar transforms Thread 101" [_thread_blocked, id=8220, stack(0x0000000103100000,0x0000000103200000)]
  0x0000016ed455a000 JavaThread "jar transforms Thread 102" [_thread_blocked, id=13072, stack(0x0000000103200000,0x0000000103300000)]
  0x0000016ed4554800 JavaThread "jar transforms Thread 103" [_thread_blocked, id=15224, stack(0x0000000103300000,0x0000000103400000)]
  0x0000016ed4555000 JavaThread "jar transforms Thread 104" [_thread_blocked, id=12128, stack(0x0000000103400000,0x0000000103500000)]
  0x0000016ed4558800 JavaThread "jar transforms Thread 105" [_thread_blocked, id=13116, stack(0x0000000103500000,0x0000000103600000)]
  0x0000016ed4556000 JavaThread "jar transforms Thread 106" [_thread_blocked, id=2400, stack(0x0000000103600000,0x0000000103700000)]
  0x0000016ed4556800 JavaThread "jar transforms Thread 107" [_thread_blocked, id=13144, stack(0x0000000103700000,0x0000000103800000)]
  0x0000016ed4a15000 JavaThread "jar transforms Thread 108" [_thread_blocked, id=8416, stack(0x0000000103800000,0x0000000103900000)]
  0x0000016ed4a10000 JavaThread "jar transforms Thread 109" [_thread_blocked, id=1080, stack(0x0000000103900000,0x0000000103a00000)]
  0x0000016ed4a12800 JavaThread "jar transforms Thread 110" [_thread_blocked, id=3612, stack(0x0000000103a00000,0x0000000103b00000)]
  0x0000016ed4a10800 JavaThread "jar transforms Thread 111" [_thread_blocked, id=14784, stack(0x0000000103b00000,0x0000000103c00000)]
  0x0000016ed4a11800 JavaThread "jar transforms Thread 112" [_thread_blocked, id=14960, stack(0x0000000103c00000,0x0000000103d00000)]
  0x0000016ed4a13000 JavaThread "jar transforms Thread 113" [_thread_blocked, id=2752, stack(0x0000000103d00000,0x0000000103e00000)]
  0x0000016ed8545000 JavaThread "jar transforms Thread 114" [_thread_blocked, id=6080, stack(0x0000000103e00000,0x0000000103f00000)]
  0x0000016ed8543800 JavaThread "jar transforms Thread 115" [_thread_blocked, id=13068, stack(0x0000000103f00000,0x0000000104000000)]
  0x0000016ed8546000 JavaThread "jar transforms Thread 116" [_thread_blocked, id=11692, stack(0x0000000104000000,0x0000000104100000)]
  0x0000016ed8548800 JavaThread "jar transforms Thread 117" [_thread_blocked, id=5940, stack(0x0000000104100000,0x0000000104200000)]
  0x0000016ed8544800 JavaThread "jar transforms Thread 118" [_thread_blocked, id=5980, stack(0x0000000104400000,0x0000000104500000)]
  0x0000016ed8542800 JavaThread "jar transforms Thread 119" [_thread_blocked, id=5508, stack(0x0000000104500000,0x0000000104600000)]
  0x0000016ed8549000 JavaThread "jar transforms Thread 120" [_thread_blocked, id=13252, stack(0x0000000104600000,0x0000000104700000)]
  0x0000016ed854a000 JavaThread "jar transforms Thread 121" [_thread_blocked, id=2204, stack(0x0000000104700000,0x0000000104800000)]
  0x0000016ed854b000 JavaThread "jar transforms Thread 122" [_thread_blocked, id=3572, stack(0x0000000104800000,0x0000000104900000)]
  0x0000016ed854b800 JavaThread "jar transforms Thread 123" [_thread_blocked, id=5200, stack(0x0000000104900000,0x0000000104a00000)]
  0x0000016ed854c800 JavaThread "jar transforms Thread 124" [_thread_blocked, id=13340, stack(0x0000000104a00000,0x0000000104b00000)]
  0x0000016ed8547000 JavaThread "jar transforms Thread 125" [_thread_blocked, id=9556, stack(0x0000000104b00000,0x0000000104c00000)]
  0x0000016ed854d800 JavaThread "jar transforms Thread 126" [_thread_blocked, id=15264, stack(0x0000000104c00000,0x0000000104d00000)]
  0x0000016ed8547800 JavaThread "jar transforms Thread 127" [_thread_blocked, id=1208, stack(0x0000000104d00000,0x0000000104e00000)]
  0x0000016ed854f800 JavaThread "jar transforms Thread 128" [_thread_blocked, id=3908, stack(0x0000000104e00000,0x0000000104f00000)]
  0x0000016ed8550800 JavaThread "jar transforms Thread 129" [_thread_blocked, id=13104, stack(0x0000000104f00000,0x0000000105000000)]
  0x0000016ed854e000 JavaThread "jar transforms Thread 130" [_thread_blocked, id=3868, stack(0x0000000105000000,0x0000000105100000)]
  0x0000016ed854f000 JavaThread "jar transforms Thread 131" [_thread_blocked, id=10016, stack(0x0000000105100000,0x0000000105200000)]
  0x0000016ed8551800 JavaThread "jar transforms Thread 132" [_thread_blocked, id=13204, stack(0x0000000105200000,0x0000000105300000)]
  0x0000016effc6b800 JavaThread "jar transforms Thread 133" [_thread_blocked, id=12908, stack(0x0000000105300000,0x0000000105400000)]
  0x0000016effc67800 JavaThread "jar transforms Thread 134" [_thread_blocked, id=11732, stack(0x0000000105400000,0x0000000105500000)]
  0x0000016effc68800 JavaThread "jar transforms Thread 135" [_thread_blocked, id=14792, stack(0x0000000105500000,0x0000000105600000)]
  0x0000016effc69000 JavaThread "jar transforms Thread 136" [_thread_blocked, id=13208, stack(0x0000000105600000,0x0000000105700000)]
  0x0000016effc66800 JavaThread "jar transforms Thread 137" [_thread_blocked, id=540, stack(0x0000000105700000,0x0000000105800000)]
  0x0000016effc6d800 JavaThread "jar transforms Thread 138" [_thread_blocked, id=13212, stack(0x0000000105800000,0x0000000105900000)]
  0x0000016effc6a000 JavaThread "jar transforms Thread 139" [_thread_blocked, id=2784, stack(0x0000000105900000,0x0000000105a00000)]
  0x0000016effc6b000 JavaThread "jar transforms Thread 140" [_thread_blocked, id=9484, stack(0x0000000105a00000,0x0000000105b00000)]
  0x0000016effc6c800 JavaThread "jar transforms Thread 141" [_thread_blocked, id=4008, stack(0x0000000105b00000,0x0000000105c00000)]
  0x0000016ed7675000 JavaThread "jar transforms Thread 142" [_thread_blocked, id=12640, stack(0x0000000105c00000,0x0000000105d00000)]
  0x0000016ed7673800 JavaThread "jar transforms Thread 143" [_thread_blocked, id=13652, stack(0x0000000105d00000,0x0000000105e00000)]
  0x0000016ed7672800 JavaThread "jar transforms Thread 144" [_thread_blocked, id=13684, stack(0x0000000105e00000,0x0000000105f00000)]
  0x0000016ed7674000 JavaThread "jar transforms Thread 145" [_thread_blocked, id=9304, stack(0x0000000105f00000,0x0000000106000000)]
  0x0000016ed7671800 JavaThread "jar transforms Thread 146" [_thread_blocked, id=3176, stack(0x0000000106000000,0x0000000106100000)]
  0x0000016ed766f000 JavaThread "jar transforms Thread 147" [_thread_blocked, id=13348, stack(0x0000000106100000,0x0000000106200000)]
  0x0000016ed7670000 JavaThread "jar transforms Thread 148" [_thread_blocked, id=1120, stack(0x0000000106200000,0x0000000106300000)]
  0x0000016ed7675800 JavaThread "jar transforms Thread 149" [_thread_blocked, id=11560, stack(0x0000000106300000,0x0000000106400000)]
  0x0000016ed7676800 JavaThread "jar transforms Thread 150" [_thread_blocked, id=9036, stack(0x0000000106400000,0x0000000106500000)]
  0x0000016ed7671000 JavaThread "jar transforms Thread 151" [_thread_blocked, id=9112, stack(0x0000000106500000,0x0000000106600000)]
  0x0000016ed767d000 JavaThread "jar transforms Thread 152" [_thread_blocked, id=13492, stack(0x0000000106600000,0x0000000106700000)]
  0x0000016ed767c000 JavaThread "jar transforms Thread 153" [_thread_blocked, id=12464, stack(0x0000000106700000,0x0000000106800000)]
  0x0000016ed767a800 JavaThread "jar transforms Thread 154" [_thread_blocked, id=10628, stack(0x0000000106800000,0x0000000106900000)]
  0x0000016ed7677800 JavaThread "jar transforms Thread 155" [_thread_blocked, id=1260, stack(0x0000000106900000,0x0000000106a00000)]
  0x0000016ed767b800 JavaThread "jar transforms Thread 156" [_thread_blocked, id=13740, stack(0x0000000106a00000,0x0000000106b00000)]
  0x0000016ed767e000 JavaThread "jar transforms Thread 157" [_thread_blocked, id=2284, stack(0x0000000106b00000,0x0000000106c00000)]
  0x0000016ed7678000 JavaThread "jar transforms Thread 158" [_thread_blocked, id=11360, stack(0x0000000106c00000,0x0000000106d00000)]
  0x0000016ed7679000 JavaThread "jar transforms Thread 159" [_thread_blocked, id=4196, stack(0x0000000106d00000,0x0000000106e00000)]
  0x0000016ed767a000 JavaThread "jar transforms Thread 160" [_thread_blocked, id=12000, stack(0x0000000106e00000,0x0000000106f00000)]
  0x0000016ed474f000 JavaThread "jar transforms Thread 161" [_thread_blocked, id=13604, stack(0x0000000106f00000,0x0000000107000000)]
  0x0000016ed4749000 JavaThread "jar transforms Thread 162" [_thread_blocked, id=1452, stack(0x0000000107000000,0x0000000107100000)]
  0x0000016ed474e000 JavaThread "jar transforms Thread 163" [_thread_blocked, id=13404, stack(0x0000000107100000,0x0000000107200000)]
  0x0000016ed474d800 JavaThread "jar transforms Thread 164" [_thread_blocked, id=12836, stack(0x0000000107200000,0x0000000107300000)]
  0x0000016ed474a000 JavaThread "jar transforms Thread 165" [_thread_blocked, id=3056, stack(0x0000000107300000,0x0000000107400000)]
  0x0000016ed4750800 JavaThread "jar transforms Thread 166" [_thread_blocked, id=4704, stack(0x0000000107400000,0x0000000107500000)]
  0x0000016ed474c800 JavaThread "jar transforms Thread 167" [_thread_blocked, id=1992, stack(0x0000000107500000,0x0000000107600000)]
  0x0000016ed474b000 JavaThread "jar transforms Thread 168" [_thread_blocked, id=15276, stack(0x0000000107600000,0x0000000107700000)]
  0x0000016ed474f800 JavaThread "jar transforms Thread 169" [_thread_blocked, id=4556, stack(0x0000000107700000,0x0000000107800000)]
  0x0000016ed4751800 JavaThread "jar transforms Thread 170" [_thread_blocked, id=14368, stack(0x0000000107800000,0x0000000107900000)]
  0x0000016ed474b800 JavaThread "jar transforms Thread 171" [_thread_blocked, id=12024, stack(0x0000000107900000,0x0000000107a00000)]
  0x0000016ed4754800 JavaThread "jar transforms Thread 172" [_thread_blocked, id=10264, stack(0x0000000107a00000,0x0000000107b00000)]
  0x0000016ed4753000 JavaThread "jar transforms Thread 173" [_thread_blocked, id=2356, stack(0x0000000107b00000,0x0000000107c00000)]
  0x0000016ed4752000 JavaThread "jar transforms Thread 174" [_thread_blocked, id=7736, stack(0x0000000107c00000,0x0000000107d00000)]
  0x0000016ed4754000 JavaThread "jar transforms Thread 175" [_thread_blocked, id=12632, stack(0x0000000107d00000,0x0000000107e00000)]
  0x0000016ed4755800 JavaThread "jar transforms Thread 176" [_thread_blocked, id=13760, stack(0x0000000107e00000,0x0000000107f00000)]
  0x0000016ed4756800 JavaThread "jar transforms Thread 177" [_thread_blocked, id=13260, stack(0x0000000107f00000,0x0000000108000000)]
  0x0000016ed4757000 JavaThread "jar transforms Thread 178" [_thread_blocked, id=9724, stack(0x0000000108000000,0x0000000108100000)]
  0x0000016ed4758000 JavaThread "jar transforms Thread 179" [_thread_blocked, id=244, stack(0x0000000108100000,0x0000000108200000)]
  0x0000016ed705f000 JavaThread "jar transforms Thread 180" [_thread_blocked, id=1228, stack(0x0000000108200000,0x0000000108300000)]
  0x0000016ed705e800 JavaThread "jar transforms Thread 181" [_thread_blocked, id=3052, stack(0x0000000108300000,0x0000000108400000)]
  0x0000016ed705c800 JavaThread "jar transforms Thread 182" [_thread_blocked, id=10172, stack(0x0000000108400000,0x0000000108500000)]
  0x0000016ed705d800 JavaThread "jar transforms Thread 183" [_thread_blocked, id=9584, stack(0x0000000108500000,0x0000000108600000)]
  0x0000016ed7060000 JavaThread "jar transforms Thread 184" [_thread_blocked, id=9336, stack(0x0000000108600000,0x0000000108700000)]
  0x0000016ed705c000 JavaThread "jar transforms Thread 185" [_thread_blocked, id=14484, stack(0x0000000108700000,0x0000000108800000)]
  0x0000016ed705a000 JavaThread "jar transforms Thread 186" [_thread_blocked, id=9696, stack(0x0000000108800000,0x0000000108900000)]
  0x0000016ed7060800 JavaThread "jar transforms Thread 187" [_thread_blocked, id=13592, stack(0x0000000108900000,0x0000000108a00000)]
  0x0000016ed705b000 JavaThread "jar transforms Thread 188" [_thread_blocked, id=12336, stack(0x0000000108a00000,0x0000000108b00000)]
  0x0000016ed7065000 JavaThread "jar transforms Thread 189" [_thread_blocked, id=12076, stack(0x0000000108b00000,0x0000000108c00000)]
  0x0000016ed7063000 JavaThread "jar transforms Thread 190" [_thread_blocked, id=1492, stack(0x0000000108c00000,0x0000000108d00000)]
  0x0000016ed7066800 JavaThread "jar transforms Thread 191" [_thread_blocked, id=10668, stack(0x0000000108d00000,0x0000000108e00000)]
  0x0000016ed7067800 JavaThread "jar transforms Thread 192" [_thread_blocked, id=9792, stack(0x0000000108e00000,0x0000000108f00000)]
  0x0000016ed7065800 JavaThread "jar transforms Thread 193" [_thread_blocked, id=1372, stack(0x0000000108f00000,0x0000000109000000)]
  0x0000016ed7061800 JavaThread "jar transforms Thread 194" [_thread_blocked, id=4720, stack(0x0000000109000000,0x0000000109100000)]
  0x0000016ed7e31800 JavaThread "Handler for socket connection from /127.0.0.1:49938 to /127.0.0.1:62173" [_thread_in_native, id=4152, stack(0x0000000100400000,0x0000000100500000)]
  0x0000016ed7e2d000 JavaThread "Cancel handler" [_thread_blocked, id=14704, stack(0x0000000100500000,0x0000000100600000)]
  0x0000016ed7e30800 JavaThread "Asynchronous log dispatcher for DefaultDaemonConnection: socket connection from /127.0.0.1:49938 to /127.0.0.1:62173" [_thread_blocked, id=7964, stack(0x0000000101a00000,0x0000000101b00000)]
  0x0000016ed7e33000 JavaThread "Stdin handler" [_thread_blocked, id=10900, stack(0x0000000101d00000,0x0000000101e00000)]
  0x0000016ed7e2f000 JavaThread "Thread-250" [_thread_blocked, id=2148, stack(0x0000000101e00000,0x0000000101f00000)]
  0x0000016ed7e34800 JavaThread "Cache worker for file hash cache (D:\AndroidNetworking\ASM\.gradle\6.7.1\fileHashes)" [_thread_blocked, id=4464, stack(0x0000000101f00000,0x0000000102000000)]
  0x0000016ed7e2f800 JavaThread "Cache worker for checksums cache (D:\AndroidNetworking\ASM\.gradle\checksums)" [_thread_blocked, id=8400, stack(0x0000000102000000,0x0000000102100000)]
  0x0000016ed7e36000 JavaThread "Cache worker for cache directory md-supplier (C:\Users\Hp\.gradle\caches\6.7.1\md-supplier)" [_thread_blocked, id=15332, stack(0x0000000102200000,0x0000000102300000)]
  0x0000016ed7e38000 JavaThread "Cache worker for cache directory md-rule (C:\Users\Hp\.gradle\caches\6.7.1\md-rule)" [_thread_blocked, id=6700, stack(0x0000000102300000,0x0000000102400000)]
  0x0000016ed7e32000 JavaThread "C2 CompilerThread1" daemon [_thread_blocked, id=8956, stack(0x0000000102400000,0x0000000102500000)]
  0x0000016ed7e39800 JavaThread "Cache worker for Build Output Cleanup Cache (D:\AndroidNetworking\ASM\.gradle\buildOutputCleanup)" [_thread_blocked, id=7072, stack(0x0000000102900000,0x0000000102a00000)]
  0x0000016ed7e3a800 JavaThread "Build operations" [_thread_blocked, id=3324, stack(0x0000000102a00000,0x0000000102b00000)]
  0x0000016ed7e3c000 JavaThread "Build operations Thread 2" [_thread_blocked, id=3600, stack(0x0000000102b00000,0x0000000102c00000)]
  0x0000016ed7068000 JavaThread "Build operations Thread 3" [_thread_blocked, id=12172, stack(0x0000000102c00000,0x0000000102d00000)]
  0x0000016ed7062800 JavaThread "Build operations Thread 4" [_thread_blocked, id=2412, stack(0x0000000102d00000,0x0000000102e00000)]
  0x0000016ed7069000 JavaThread "build event listener" [_thread_blocked, id=2468, stack(0x0000000109100000,0x0000000109200000)]
  0x0000016ed7064000 JavaThread "build event listener" [_thread_blocked, id=5220, stack(0x0000000109200000,0x0000000109300000)]
  0x0000016ed4552000 JavaThread "Execution worker for ':'" [_thread_blocked, id=10032, stack(0x0000000109300000,0x0000000109400000)]
  0x0000016ed454f800 JavaThread "Execution worker for ':' Thread 2" [_thread_blocked, id=5916, stack(0x0000000109400000,0x0000000109500000)]
  0x0000016ed3248000 JavaThread "Execution worker for ':' Thread 3" [_thread_blocked, id=5956, stack(0x0000000109500000,0x0000000109600000)]
  0x0000016ed3244000 JavaThread "Cache worker for execution history cache (D:\AndroidNetworking\ASM\.gradle\6.7.1\executionHistory)" [_thread_blocked, id=8920, stack(0x0000000109700000,0x0000000109800000)]
  0x0000016ed3248800 JavaThread "WorkerExecutor Queue" [_thread_blocked, id=13804, stack(0x0000000109800000,0x0000000109900000)]
  0x0000016ed3246000 JavaThread "WorkerExecutor Queue Thread 2" [_thread_blocked, id=6964, stack(0x0000000109b00000,0x0000000109c00000)]
  0x0000016ed3245800 JavaThread "WorkerExecutor Queue Thread 3" [_thread_blocked, id=13264, stack(0x0000000109c00000,0x0000000109d00000)]
  0x0000016ed3247000 JavaThread "WorkerExecutor Queue Thread 4" [_thread_blocked, id=4024, stack(0x0000000109d00000,0x0000000109e00000)]
  0x0000016ed3243000 JavaThread "WorkerExecutor Queue Thread 5" [_thread_blocked, id=4604, stack(0x0000000109e00000,0x0000000109f00000)]
  0x0000016ed324a800 JavaThread "ForkJoinPool-2-worker-3" daemon [_thread_blocked, id=2332, stack(0x0000000109f00000,0x000000010a000000)]
  0x0000016ed324b000 JavaThread "ForkJoinPool-2-worker-5" daemon [_thread_blocked, id=7924, stack(0x000000010a000000,0x000000010a100000)]
  0x0000016ed324e800 JavaThread "ForkJoinPool-2-worker-7" daemon [_thread_blocked, id=10760, stack(0x000000010a100000,0x000000010a200000)]
  0x0000016ed3249800 JavaThread "ForkJoinPool-2-worker-1" daemon [_thread_blocked, id=11464, stack(0x000000010a200000,0x000000010a300000)]

Other Threads:
=>0x0000016eff01a800 VMThread "VM Thread" [stack: 0x0000000100c00000,0x0000000100d00000] [id=2220]
  0x0000016effb34000 WatcherThread [stack: 0x0000000101600000,0x0000000101700000] [id=3736]
  0x0000016ef85d8000 GCTaskThread "GC Thread#0" [stack: 0x0000000100700000,0x0000000100800000] [id=8764]
  0x0000016ed34c7000 GCTaskThread "GC Thread#1" [stack: 0x0000000101800000,0x0000000101900000] [id=2160]
  0x0000016ed39e8800 GCTaskThread "GC Thread#2" [stack: 0x0000000102500000,0x0000000102600000] [id=12976]
  0x0000016ed46e8800 GCTaskThread "GC Thread#3" [stack: 0x0000000102600000,0x0000000102700000] [id=5288]
  0x0000016ef8608800 ConcurrentGCThread "G1 Main Marker" [stack: 0x0000000100800000,0x0000000100900000] [id=13944]
  0x0000016ef860a000 ConcurrentGCThread "G1 Conc#0" [stack: 0x0000000100900000,0x0000000100a00000] [id=1676]
  0x0000016ef869b800 ConcurrentGCThread "G1 Refine#0" [stack: 0x0000000100a00000,0x0000000100b00000] [id=8708]
  0x0000016ed56bc000 ConcurrentGCThread "G1 Refine#1" [stack: 0x0000000109900000,0x0000000109a00000] [id=7048]
  0x0000016ed4a22800 ConcurrentGCThread "G1 Refine#2" [stack: 0x0000000109a00000,0x0000000109b00000] [id=12816]
  0x0000016ef869c800 ConcurrentGCThread "G1 Young RemSet Sampling" [stack: 0x0000000100b00000,0x0000000100c00000] [id=6880]

Threads with active compile tasks:
C2 CompilerThread02276134 16633 %     4       com.android.tools.r8.dex.n::a @ 315 (913 bytes)
C2 CompilerThread12276134 16773       4       com.android.tools.r8.dex.n::e (654 bytes)

VM state:at safepoint (normal execution)

VM Mutex/Monitor currently owned by a thread:  ([mutex/lock_event])
[0x0000016ef85bafb0] Threads_lock - owner thread: 0x0000016eff01a800
[0x0000016ef85bb430] Heap_lock - owner thread: 0x0000016ed3248800

Heap address: 0x0000000080000000, size: 2048 MB, Compressed Oops mode: 32-bit
Narrow klass base: 0x0000016e93000000, Narrow klass shift: 0
Compressed class space size: 1073741824 Address: 0x0000016e93000000

Heap:
 garbage-first heap   total 247808K, used 149250K [0x0000000080000000, 0x0000000100000000)
  region size 1024K, 2 young (2048K), 2 survivors (2048K)
 Metaspace       used 113709K, capacity 116221K, committed 116352K, reserved 1150976K
  class space    used 14032K, capacity 14925K, committed 14976K, reserved 1048576K
Heap Regions: E=young(eden), S=young(survivor), O=old, HS=humongous(starts), HC=humongous(continues), CS=collection set, F=free, A=archive, TAMS=top-at-mark-start (previous, next)
|   0|0x0000000080000000, 0x0000000080100000, 0x0000000080100000|100%| O|  |TAMS 0x0000000080000000, 0x0000000080100000| Untracked 
|   1|0x0000000080100000, 0x0000000080200000, 0x0000000080200000|100%| O|  |TAMS 0x0000000080200000, 0x0000000080200000| Untracked 
|   2|0x0000000080200000, 0x0000000080300000, 0x0000000080300000|100%| O|  |TAMS 0x0000000080300000, 0x0000000080300000| Untracked 
|   3|0x0000000080300000, 0x0000000080400000, 0x0000000080400000|100%|HS|  |TAMS 0x0000000080400000, 0x0000000080400000| Complete 
|   4|0x0000000080400000, 0x0000000080500000, 0x0000000080500000|100%|HC|  |TAMS 0x0000000080500000, 0x0000000080500000| Complete 
|   5|0x0000000080500000, 0x0000000080600000, 0x0000000080600000|100%|HC|  |TAMS 0x0000000080600000, 0x0000000080600000| Complete 
|   6|0x0000000080600000, 0x0000000080700000, 0x0000000080700000|100%| O|  |TAMS 0x0000000080700000, 0x0000000080700000| Untracked 
|   7|0x0000000080700000, 0x0000000080800000, 0x0000000080800000|100%| O|  |TAMS 0x0000000080800000, 0x0000000080800000| Untracked 
|   8|0x0000000080800000, 0x0000000080900000, 0x0000000080900000|100%| O|  |TAMS 0x0000000080900000, 0x0000000080900000| Untracked 
|   9|0x0000000080900000, 0x0000000080a00000, 0x0000000080a00000|100%| O|  |TAMS 0x0000000080a00000, 0x0000000080a00000| Untracked 
|  10|0x0000000080a00000, 0x0000000080b00000, 0x0000000080b00000|100%| O|  |TAMS 0x0000000080b00000, 0x0000000080b00000| Untracked 
|  11|0x0000000080b00000, 0x0000000080c00000, 0x0000000080c00000|100%| O|  |TAMS 0x0000000080c00000, 0x0000000080c00000| Untracked 
|  12|0x0000000080c00000, 0x0000000080d00000, 0x0000000080d00000|100%| O|  |TAMS 0x0000000080d00000, 0x0000000080d00000| Untracked 
|  13|0x0000000080d00000, 0x0000000080e00000, 0x0000000080e00000|100%|HS|  |TAMS 0x0000000080e00000, 0x0000000080e00000| Complete 
|  14|0x0000000080e00000, 0x0000000080f00000, 0x0000000080f00000|100%|HC|  |TAMS 0x0000000080f00000, 0x0000000080f00000| Complete 
|  15|0x0000000080f00000, 0x0000000081000000, 0x0000000081000000|100%|HS|  |TAMS 0x0000000081000000, 0x0000000081000000| Complete 
|  16|0x0000000081000000, 0x0000000081100000, 0x0000000081100000|100%|HC|  |TAMS 0x0000000081100000, 0x0000000081100000| Complete 
|  17|0x0000000081100000, 0x0000000081200000, 0x0000000081200000|100%|HC|  |TAMS 0x0000000081200000, 0x0000000081200000| Complete 
|  18|0x0000000081200000, 0x0000000081300000, 0x0000000081300000|100%|HS|  |TAMS 0x0000000081300000, 0x0000000081300000| Complete 
|  19|0x0000000081300000, 0x0000000081400000, 0x0000000081400000|100%|HC|  |TAMS 0x0000000081400000, 0x0000000081400000| Complete 
|  20|0x0000000081400000, 0x0000000081500000, 0x0000000081500000|100%|HC|  |TAMS 0x0000000081500000, 0x0000000081500000| Complete 
|  21|0x0000000081500000, 0x0000000081600000, 0x0000000081600000|100%|HC|  |TAMS 0x0000000081600000, 0x0000000081600000| Complete 
|  22|0x0000000081600000, 0x0000000081700000, 0x0000000081700000|100%| O|  |TAMS 0x0000000081700000, 0x0000000081700000| Untracked 
|  23|0x0000000081700000, 0x0000000081800000, 0x0000000081800000|100%| O|  |TAMS 0x0000000081800000, 0x0000000081800000| Untracked 
|  24|0x0000000081800000, 0x0000000081900000, 0x0000000081900000|100%| O|  |TAMS 0x0000000081900000, 0x0000000081900000| Untracked 
|  25|0x0000000081900000, 0x0000000081a00000, 0x0000000081a00000|100%| O|  |TAMS 0x0000000081a00000, 0x0000000081a00000| Untracked 
|  26|0x0000000081a00000, 0x0000000081b00000, 0x0000000081b00000|100%| O|  |TAMS 0x0000000081b00000, 0x0000000081b00000| Untracked 
|  27|0x0000000081b00000, 0x0000000081c00000, 0x0000000081c00000|100%| O|  |TAMS 0x0000000081c00000, 0x0000000081c00000| Untracked 
|  28|0x0000000081c00000, 0x0000000081d00000, 0x0000000081d00000|100%| O|  |TAMS 0x0000000081c00000, 0x0000000081d00000| Untracked 
|  29|0x0000000081d00000, 0x0000000081e00000, 0x0000000081e00000|100%| O|  |TAMS 0x0000000081d00000, 0x0000000081e00000| Untracked 
|  30|0x0000000081e00000, 0x0000000081f00000, 0x0000000081f00000|100%| O|  |TAMS 0x0000000081e00000, 0x0000000081f00000| Untracked 
|  31|0x0000000081f00000, 0x0000000082000000, 0x0000000082000000|100%| O|  |TAMS 0x0000000081f00000, 0x0000000082000000| Untracked 
|  32|0x0000000082000000, 0x0000000082100000, 0x0000000082100000|100%| O|  |TAMS 0x0000000082000000, 0x0000000082100000| Untracked 
|  33|0x0000000082100000, 0x0000000082200000, 0x0000000082200000|100%| O|  |TAMS 0x0000000082100000, 0x0000000082200000| Untracked 
|  34|0x0000000082200000, 0x0000000082300000, 0x0000000082300000|100%| O|  |TAMS 0x0000000082200000, 0x0000000082300000| Untracked 
|  35|0x0000000082300000, 0x0000000082400000, 0x0000000082400000|100%| O|  |TAMS 0x0000000082400000, 0x0000000082400000| Untracked 
|  36|0x0000000082400000, 0x0000000082500000, 0x0000000082500000|100%| O|  |TAMS 0x0000000082500000, 0x0000000082500000| Untracked 
|  37|0x0000000082500000, 0x0000000082600000, 0x0000000082600000|100%| O|  |TAMS 0x0000000082600000, 0x0000000082600000| Untracked 
|  38|0x0000000082600000, 0x0000000082700000, 0x0000000082700000|100%| O|  |TAMS 0x0000000082700000, 0x0000000082700000| Untracked 
|  39|0x0000000082700000, 0x0000000082800000, 0x0000000082800000|100%| O|  |TAMS 0x0000000082800000, 0x0000000082800000| Untracked 
|  40|0x0000000082800000, 0x0000000082900000, 0x0000000082900000|100%| O|  |TAMS 0x0000000082900000, 0x0000000082900000| Untracked 
|  41|0x0000000082900000, 0x0000000082a00000, 0x0000000082a00000|100%| O|  |TAMS 0x0000000082900000, 0x0000000082a00000| Untracked 
|  42|0x0000000082a00000, 0x0000000082b00000, 0x0000000082b00000|100%| O|  |TAMS 0x0000000082a00000, 0x0000000082b00000| Untracked 
|  43|0x0000000082b00000, 0x0000000082c00000, 0x0000000082c00000|100%| O|  |TAMS 0x0000000082c00000, 0x0000000082c00000| Untracked 
|  44|0x0000000082c00000, 0x0000000082d00000, 0x0000000082d00000|100%| O|  |TAMS 0x0000000082d00000, 0x0000000082d00000| Untracked 
|  45|0x0000000082d00000, 0x0000000082e00000, 0x0000000082e00000|100%| O|  |TAMS 0x0000000082d00000, 0x0000000082e00000| Untracked 
|  46|0x0000000082e00000, 0x0000000082f00000, 0x0000000082f00000|100%|HS|  |TAMS 0x0000000082f00000, 0x0000000082f00000| Complete 
|  47|0x0000000082f00000, 0x0000000083000000, 0x0000000083000000|100%|HS|  |TAMS 0x0000000083000000, 0x0000000083000000| Complete 
|  48|0x0000000083000000, 0x0000000083100000, 0x0000000083100000|100%|HC|  |TAMS 0x0000000083100000, 0x0000000083100000| Complete 
|  49|0x0000000083100000, 0x0000000083200000, 0x0000000083200000|100%| O|  |TAMS 0x0000000083100000, 0x0000000083200000| Untracked 
|  50|0x0000000083200000, 0x0000000083300000, 0x0000000083300000|100%| O|  |TAMS 0x0000000083200000, 0x0000000083300000| Untracked 
|  51|0x0000000083300000, 0x0000000083400000, 0x0000000083400000|100%| O|  |TAMS 0x0000000083400000, 0x0000000083400000| Untracked 
|  52|0x0000000083400000, 0x0000000083500000, 0x0000000083500000|100%| O|  |TAMS 0x0000000083500000, 0x0000000083500000| Untracked 
|  53|0x0000000083500000, 0x0000000083600000, 0x0000000083600000|100%| O|  |TAMS 0x0000000083600000, 0x0000000083600000| Untracked 
|  54|0x0000000083600000, 0x0000000083700000, 0x0000000083700000|100%| O|  |TAMS 0x0000000083700000, 0x0000000083700000| Untracked 
|  55|0x0000000083700000, 0x0000000083800000, 0x0000000083800000|100%| O|  |TAMS 0x0000000083800000, 0x0000000083800000| Untracked 
|  56|0x0000000083800000, 0x0000000083900000, 0x0000000083900000|100%| O|  |TAMS 0x0000000083900000, 0x0000000083900000| Untracked 
|  57|0x0000000083900000, 0x0000000083a00000, 0x0000000083a00000|100%| O|  |TAMS 0x0000000083a00000, 0x0000000083a00000| Untracked 
|  58|0x0000000083a00000, 0x0000000083b00000, 0x0000000083b00000|100%| O|  |TAMS 0x0000000083a00000, 0x0000000083b00000| Untracked 
|  59|0x0000000083b00000, 0x0000000083c00000, 0x0000000083c00000|100%| O|  |TAMS 0x0000000083c00000, 0x0000000083c00000| Untracked 
|  60|0x0000000083c00000, 0x0000000083d00000, 0x0000000083d00000|100%| O|  |TAMS 0x0000000083d00000, 0x0000000083d00000| Untracked 
|  61|0x0000000083d00000, 0x0000000083e00000, 0x0000000083e00000|100%| O|  |TAMS 0x0000000083e00000, 0x0000000083e00000| Untracked 
|  62|0x0000000083e00000, 0x0000000083f00000, 0x0000000083f00000|100%| O|  |TAMS 0x0000000083f00000, 0x0000000083f00000| Untracked 
|  63|0x0000000083f00000, 0x0000000084000000, 0x0000000084000000|100%| O|  |TAMS 0x0000000084000000, 0x0000000084000000| Untracked 
|  64|0x0000000084000000, 0x0000000084100000, 0x0000000084100000|100%| O|  |TAMS 0x0000000084100000, 0x0000000084100000| Untracked 
|  65|0x0000000084100000, 0x0000000084200000, 0x0000000084200000|100%| O|  |TAMS 0x0000000084100000, 0x0000000084200000| Untracked 
|  66|0x0000000084200000, 0x0000000084300000, 0x0000000084300000|100%| O|  |TAMS 0x0000000084300000, 0x0000000084300000| Untracked 
|  67|0x0000000084300000, 0x0000000084400000, 0x0000000084400000|100%| O|  |TAMS 0x0000000084400000, 0x0000000084400000| Untracked 
|  68|0x0000000084400000, 0x0000000084500000, 0x0000000084500000|100%| O|  |TAMS 0x0000000084400000, 0x0000000084500000| Untracked 
|  69|0x0000000084500000, 0x0000000084600000, 0x0000000084600000|100%| O|  |TAMS 0x0000000084600000, 0x0000000084600000| Untracked 
|  70|0x0000000084600000, 0x0000000084700000, 0x0000000084700000|100%| O|  |TAMS 0x0000000084700000, 0x0000000084700000| Untracked 
|  71|0x0000000084700000, 0x0000000084800000, 0x0000000084800000|100%| O|  |TAMS 0x0000000084800000, 0x0000000084800000| Untracked 
|  72|0x0000000084800000, 0x0000000084900000, 0x0000000084900000|100%| O|  |TAMS 0x0000000084800000, 0x0000000084900000| Untracked 
|  73|0x0000000084900000, 0x0000000084a00000, 0x0000000084a00000|100%| O|  |TAMS 0x0000000084a00000, 0x0000000084a00000| Untracked 
|  74|0x0000000084a00000, 0x0000000084b00000, 0x0000000084b00000|100%| O|  |TAMS 0x0000000084a00000, 0x0000000084b00000| Untracked 
|  75|0x0000000084b00000, 0x0000000084c00000, 0x0000000084c00000|100%| O|  |TAMS 0x0000000084b00000, 0x0000000084c00000| Untracked 
|  76|0x0000000084c00000, 0x0000000084d00000, 0x0000000084d00000|100%|HS|  |TAMS 0x0000000084d00000, 0x0000000084d00000| Complete 
|  77|0x0000000084d00000, 0x0000000084e00000, 0x0000000084e00000|100%| O|  |TAMS 0x0000000084d00000, 0x0000000084e00000| Untracked 
|  78|0x0000000084e00000, 0x0000000084f00000, 0x0000000084f00000|100%| O|  |TAMS 0x0000000084e00000, 0x0000000084f00000| Untracked 
|  79|0x0000000084f00000, 0x0000000085000000, 0x0000000085000000|100%| O|  |TAMS 0x0000000084f00000, 0x0000000085000000| Untracked 
|  80|0x0000000085000000, 0x0000000085100000, 0x0000000085100000|100%| O|  |TAMS 0x0000000085000000, 0x0000000085100000| Untracked 
|  81|0x0000000085100000, 0x0000000085200000, 0x0000000085200000|100%| O|  |TAMS 0x0000000085200000, 0x0000000085200000| Untracked 
|  82|0x0000000085200000, 0x0000000085300000, 0x0000000085300000|100%| O|  |TAMS 0x0000000085200000, 0x0000000085300000| Untracked 
|  83|0x0000000085300000, 0x0000000085400000, 0x0000000085400000|100%| O|  |TAMS 0x0000000085300000, 0x0000000085400000| Untracked 
|  84|0x0000000085400000, 0x0000000085500000, 0x0000000085500000|100%| O|  |TAMS 0x0000000085500000, 0x0000000085500000| Untracked 
|  85|0x0000000085500000, 0x0000000085600000, 0x0000000085600000|100%| O|  |TAMS 0x0000000085500000, 0x0000000085600000| Untracked 
|  86|0x0000000085600000, 0x0000000085700000, 0x0000000085700000|100%| O|  |TAMS 0x0000000085700000, 0x0000000085700000| Untracked 
|  87|0x0000000085700000, 0x0000000085800000, 0x0000000085800000|100%|HS|  |TAMS 0x0000000085800000, 0x0000000085800000| Complete 
|  88|0x0000000085800000, 0x0000000085900000, 0x0000000085900000|100%|HC|  |TAMS 0x0000000085900000, 0x0000000085900000| Complete 
|  89|0x0000000085900000, 0x0000000085a00000, 0x0000000085a00000|100%| O|  |TAMS 0x0000000085900000, 0x0000000085a00000| Untracked 
|  90|0x0000000085a00000, 0x0000000085b00000, 0x0000000085b00000|100%| O|  |TAMS 0x0000000085a00000, 0x0000000085b00000| Untracked 
|  91|0x0000000085b00000, 0x0000000085c00000, 0x0000000085c00000|100%|HS|  |TAMS 0x0000000085b00000, 0x0000000085c00000| Complete 
|  92|0x0000000085c00000, 0x0000000085d00000, 0x0000000085d00000|100%| O|  |TAMS 0x0000000085c00000, 0x0000000085d00000| Untracked 
|  93|0x0000000085d00000, 0x0000000085e00000, 0x0000000085e00000|100%| O|  |TAMS 0x0000000085d00000, 0x0000000085e00000| Untracked 
|  94|0x0000000085e00000, 0x0000000085f00000, 0x0000000085f00000|100%| O|  |TAMS 0x0000000085e00000, 0x0000000085f00000| Untracked 
|  95|0x0000000085f00000, 0x0000000086000000, 0x0000000086000000|100%| O|  |TAMS 0x0000000085f00000, 0x0000000086000000| Untracked 
|  96|0x0000000086000000, 0x0000000086100000, 0x0000000086100000|100%| O|  |TAMS 0x0000000086000000, 0x0000000086100000| Untracked 
|  97|0x0000000086100000, 0x0000000086200000, 0x0000000086200000|100%| O|  |TAMS 0x0000000086200000, 0x0000000086200000| Untracked 
|  98|0x0000000086200000, 0x0000000086300000, 0x0000000086300000|100%| O|  |TAMS 0x0000000086300000, 0x0000000086300000| Untracked 
|  99|0x0000000086300000, 0x0000000086400000, 0x0000000086400000|100%| O|  |TAMS 0x0000000086400000, 0x0000000086400000| Untracked 
| 100|0x0000000086400000, 0x0000000086500000, 0x0000000086500000|100%| O|  |TAMS 0x0000000086500000, 0x0000000086500000| Untracked 
| 101|0x0000000086500000, 0x0000000086600000, 0x0000000086600000|100%| O|  |TAMS 0x0000000086500000, 0x0000000086600000| Untracked 
| 102|0x0000000086600000, 0x0000000086700000, 0x0000000086700000|100%| O|  |TAMS 0x0000000086600000, 0x0000000086700000| Untracked 
| 103|0x0000000086700000, 0x0000000086800000, 0x0000000086800000|100%| O|  |TAMS 0x0000000086700000, 0x0000000086800000| Untracked 
| 104|0x0000000086800000, 0x0000000086900000, 0x0000000086900000|100%|HS|  |TAMS 0x0000000086900000, 0x0000000086900000| Complete 
| 105|0x0000000086900000, 0x0000000086a00000, 0x0000000086a00000|100%| O|  |TAMS 0x0000000086a00000, 0x0000000086a00000| Untracked 
| 106|0x0000000086a00000, 0x0000000086b00000, 0x0000000086b00000|100%| O|  |TAMS 0x0000000086b00000, 0x0000000086b00000| Untracked 
| 107|0x0000000086b00000, 0x0000000086c00000, 0x0000000086c00000|100%| O|  |TAMS 0x0000000086c00000, 0x0000000086c00000| Untracked 
| 108|0x0000000086c00000, 0x0000000086d00000, 0x0000000086d00000|100%| O|  |TAMS 0x0000000086c77200, 0x0000000086d00000| Untracked 
| 109|0x0000000086d00000, 0x0000000086e00000, 0x0000000086e00000|100%|HS|  |TAMS 0x0000000086d00000, 0x0000000086e00000| Complete 
| 110|0x0000000086e00000, 0x0000000086f00000, 0x0000000086f00000|100%| O|  |TAMS 0x0000000086e00000, 0x0000000086f00000| Untracked 
| 111|0x0000000086f00000, 0x0000000087000000, 0x0000000087000000|100%| O|  |TAMS 0x0000000086f00000, 0x0000000087000000| Untracked 
| 112|0x0000000087000000, 0x0000000087100000, 0x0000000087100000|100%|HS|  |TAMS 0x0000000087000000, 0x0000000087100000| Complete 
| 113|0x0000000087100000, 0x0000000087200000, 0x0000000087200000|100%|HC|  |TAMS 0x0000000087100000, 0x0000000087200000| Complete 
| 114|0x0000000087200000, 0x0000000087300000, 0x0000000087300000|100%| O|  |TAMS 0x0000000087300000, 0x0000000087300000| Untracked 
| 115|0x0000000087300000, 0x0000000087400000, 0x0000000087400000|100%| O|  |TAMS 0x0000000087400000, 0x0000000087400000| Untracked 
| 116|0x0000000087400000, 0x0000000087500000, 0x0000000087500000|100%| O|  |TAMS 0x0000000087500000, 0x0000000087500000| Untracked 
| 117|0x0000000087500000, 0x0000000087600000, 0x0000000087600000|100%| O|  |TAMS 0x0000000087600000, 0x0000000087600000| Untracked 
| 118|0x0000000087600000, 0x0000000087700000, 0x0000000087700000|100%|HS|  |TAMS 0x0000000087600000, 0x0000000087700000| Complete 
| 119|0x0000000087700000, 0x0000000087800000, 0x0000000087800000|100%| O|  |TAMS 0x0000000087700000, 0x0000000087800000| Untracked 
| 120|0x0000000087800000, 0x0000000087900000, 0x0000000087900000|100%|HS|  |TAMS 0x0000000087800000, 0x0000000087900000| Complete 
| 121|0x0000000087900000, 0x0000000087a00000, 0x0000000087a00000|100%| O|  |TAMS 0x0000000087900000, 0x0000000087a00000| Untracked 
| 122|0x0000000087a00000, 0x0000000087b00000, 0x0000000087b00000|100%| O|  |TAMS 0x0000000087b00000, 0x0000000087b00000| Untracked 
| 123|0x0000000087b00000, 0x0000000087c00000, 0x0000000087c00000|100%| O|  |TAMS 0x0000000087b00000, 0x0000000087c00000| Untracked 
| 124|0x0000000087c00000, 0x0000000087d00000, 0x0000000087d00000|100%| O|  |TAMS 0x0000000087c00000, 0x0000000087d00000| Untracked 
| 125|0x0000000087d00000, 0x0000000087e00000, 0x0000000087e00000|100%| O|  |TAMS 0x0000000087d00000, 0x0000000087e00000| Untracked 
| 126|0x0000000087e00000, 0x0000000087f00000, 0x0000000087f00000|100%| O|  |TAMS 0x0000000087e00000, 0x0000000087f00000| Untracked 
| 127|0x0000000087f00000, 0x0000000088000000, 0x0000000088000000|100%| O|  |TAMS 0x0000000087f00000, 0x0000000088000000| Untracked 
| 128|0x0000000088000000, 0x0000000088100000, 0x0000000088100000|100%| O|  |TAMS 0x0000000088000000, 0x0000000088100000| Untracked 
| 129|0x0000000088100000, 0x0000000088200000, 0x0000000088200000|100%| O|  |TAMS 0x0000000088100000, 0x0000000088200000| Untracked 
| 130|0x0000000088200000, 0x0000000088300000, 0x0000000088300000|100%| O|  |TAMS 0x0000000088200000, 0x0000000088300000| Untracked 
| 131|0x0000000088300000, 0x0000000088400000, 0x0000000088400000|100%| O|  |TAMS 0x0000000088300000, 0x0000000088400000| Untracked 
| 132|0x0000000088400000, 0x0000000088500000, 0x0000000088500000|100%| O|  |TAMS 0x0000000088400000, 0x0000000088453a00| Untracked 
| 133|0x0000000088500000, 0x0000000088600000, 0x0000000088600000|100%| O|  |TAMS 0x0000000088500000, 0x0000000088500000| Untracked 
| 134|0x0000000088600000, 0x0000000088700000, 0x0000000088700000|100%| O|  |TAMS 0x0000000088600000, 0x0000000088600000| Untracked 
| 135|0x0000000088700000, 0x0000000088800000, 0x0000000088800000|100%| O|  |TAMS 0x0000000088700000, 0x0000000088700000| Untracked 
| 136|0x0000000088800000, 0x0000000088900000, 0x0000000088900000|100%| O|  |TAMS 0x0000000088800000, 0x0000000088800000| Untracked 
| 137|0x0000000088900000, 0x0000000088a00000, 0x0000000088a00000|100%| O|  |TAMS 0x0000000088900000, 0x0000000088900000| Untracked 
| 138|0x0000000088a00000, 0x0000000088b00000, 0x0000000088b00000|100%| O|  |TAMS 0x0000000088a00000, 0x0000000088a00000| Untracked 
| 139|0x0000000088b00000, 0x0000000088c00000, 0x0000000088c00000|100%| O|  |TAMS 0x0000000088b00000, 0x0000000088b00000| Untracked 
| 140|0x0000000088c00000, 0x0000000088d00000, 0x0000000088d00000|100%| O|  |TAMS 0x0000000088c00000, 0x0000000088c00000| Untracked 
| 141|0x0000000088d00000, 0x0000000088e00000, 0x0000000088e00000|100%| O|  |TAMS 0x0000000088d00000, 0x0000000088d00000| Untracked 
| 142|0x0000000088e00000, 0x0000000088f00000, 0x0000000088f00000|100%| O|  |TAMS 0x0000000088e00000, 0x0000000088e00000| Untracked 
| 143|0x0000000088f00000, 0x0000000088fc6400, 0x0000000089000000| 77%| O|  |TAMS 0x0000000088f00000, 0x0000000088f00000| Untracked 
| 144|0x0000000089000000, 0x0000000089000000, 0x0000000089100000|  0%| F|  |TAMS 0x0000000089000000, 0x0000000089000000| Untracked 
| 145|0x0000000089100000, 0x0000000089100000, 0x0000000089200000|  0%| F|  |TAMS 0x0000000089100000, 0x0000000089100000| Untracked 
| 146|0x0000000089200000, 0x0000000089200000, 0x0000000089300000|  0%| F|  |TAMS 0x0000000089200000, 0x0000000089200000| Untracked 
| 147|0x0000000089300000, 0x0000000089300000, 0x0000000089400000|  0%| F|  |TAMS 0x0000000089300000, 0x0000000089300000| Untracked 
| 148|0x0000000089400000, 0x0000000089400000, 0x0000000089500000|  0%| F|  |TAMS 0x0000000089400000, 0x0000000089400000| Untracked 
| 149|0x0000000089500000, 0x0000000089500000, 0x0000000089600000|  0%| F|  |TAMS 0x0000000089500000, 0x0000000089500000| Untracked 
| 150|0x0000000089600000, 0x0000000089600000, 0x0000000089700000|  0%| F|  |TAMS 0x0000000089600000, 0x0000000089600000| Untracked 
| 151|0x0000000089700000, 0x0000000089700000, 0x0000000089800000|  0%| F|  |TAMS 0x0000000089700000, 0x0000000089700000| Untracked 
| 152|0x0000000089800000, 0x0000000089800000, 0x0000000089900000|  0%| F|  |TAMS 0x0000000089800000, 0x0000000089800000| Untracked 
| 153|0x0000000089900000, 0x0000000089900000, 0x0000000089a00000|  0%| F|  |TAMS 0x0000000089900000, 0x0000000089900000| Untracked 
| 154|0x0000000089a00000, 0x0000000089a00000, 0x0000000089b00000|  0%| F|  |TAMS 0x0000000089a00000, 0x0000000089a00000| Untracked 
| 155|0x0000000089b00000, 0x0000000089b00000, 0x0000000089c00000|  0%| F|  |TAMS 0x0000000089b00000, 0x0000000089b00000| Untracked 
| 156|0x0000000089c00000, 0x0000000089c00000, 0x0000000089d00000|  0%| F|  |TAMS 0x0000000089c00000, 0x0000000089c00000| Untracked 
| 157|0x0000000089d00000, 0x0000000089d00000, 0x0000000089e00000|  0%| F|  |TAMS 0x0000000089d00000, 0x0000000089d00000| Untracked 
| 158|0x0000000089e00000, 0x0000000089e00000, 0x0000000089f00000|  0%| F|  |TAMS 0x0000000089e00000, 0x0000000089e00000| Untracked 
| 159|0x0000000089f00000, 0x0000000089f00000, 0x000000008a000000|  0%| F|  |TAMS 0x0000000089f00000, 0x0000000089f00000| Untracked 
| 160|0x000000008a000000, 0x000000008a000000, 0x000000008a100000|  0%| F|  |TAMS 0x000000008a000000, 0x000000008a000000| Untracked 
| 161|0x000000008a100000, 0x000000008a100000, 0x000000008a200000|  0%| F|  |TAMS 0x000000008a100000, 0x000000008a100000| Untracked 
| 162|0x000000008a200000, 0x000000008a200000, 0x000000008a300000|  0%| F|  |TAMS 0x000000008a200000, 0x000000008a200000| Untracked 
| 163|0x000000008a300000, 0x000000008a300000, 0x000000008a400000|  0%| F|  |TAMS 0x000000008a300000, 0x000000008a300000| Untracked 
| 164|0x000000008a400000, 0x000000008a400000, 0x000000008a500000|  0%| F|  |TAMS 0x000000008a400000, 0x000000008a400000| Untracked 
| 165|0x000000008a500000, 0x000000008a500000, 0x000000008a600000|  0%| F|  |TAMS 0x000000008a500000, 0x000000008a500000| Untracked 
| 166|0x000000008a600000, 0x000000008a600000, 0x000000008a700000|  0%| F|  |TAMS 0x000000008a600000, 0x000000008a600000| Untracked 
| 167|0x000000008a700000, 0x000000008a700000, 0x000000008a800000|  0%| F|  |TAMS 0x000000008a700000, 0x000000008a700000| Untracked 
| 168|0x000000008a800000, 0x000000008a800000, 0x000000008a900000|  0%| F|  |TAMS 0x000000008a800000, 0x000000008a800000| Untracked 
| 169|0x000000008a900000, 0x000000008a9fa558, 0x000000008aa00000| 97%| S|CS|TAMS 0x000000008a900000, 0x000000008a900000| Complete 
| 170|0x000000008aa00000, 0x000000008ab00000, 0x000000008ab00000|100%| S|CS|TAMS 0x000000008aa00000, 0x000000008aa00000| Complete 
| 171|0x000000008ab00000, 0x000000008ab00000, 0x000000008ac00000|  0%| F|  |TAMS 0x000000008ab00000, 0x000000008ab00000| Untracked 
| 172|0x000000008ac00000, 0x000000008ac00000, 0x000000008ad00000|  0%| F|  |TAMS 0x000000008ac00000, 0x000000008ac00000| Untracked 
| 173|0x000000008ad00000, 0x000000008ad00000, 0x000000008ae00000|  0%| F|  |TAMS 0x000000008ad00000, 0x000000008ad00000| Untracked 
| 174|0x000000008ae00000, 0x000000008ae00000, 0x000000008af00000|  0%| F|  |TAMS 0x000000008ae00000, 0x000000008ae00000| Untracked 
| 175|0x000000008af00000, 0x000000008af00000, 0x000000008b000000|  0%| F|  |TAMS 0x000000008af00000, 0x000000008af00000| Untracked 
| 176|0x000000008b000000, 0x000000008b000000, 0x000000008b100000|  0%| F|  |TAMS 0x000000008b000000, 0x000000008b000000| Untracked 
| 177|0x000000008b100000, 0x000000008b100000, 0x000000008b200000|  0%| F|  |TAMS 0x000000008b100000, 0x000000008b100000| Untracked 
| 178|0x000000008b200000, 0x000000008b200000, 0x000000008b300000|  0%| F|  |TAMS 0x000000008b200000, 0x000000008b200000| Untracked 

Card table byte_map: [0x0000016efc340000,0x0000016efc740000] _byte_map_base: 0x0000016efbf40000

Marking Bits (Prev, Next): (CMBitMap*) 0x0000016ef85ff850, (CMBitMap*) 0x0000016ef85ff818
 Prev Bits: [0x0000016e8f000000, 0x0000016e91000000)
 Next Bits: [0x0000016efcb40000, 0x0000016efeb40000)

Polling page: 0x0000016ef65c0000

Metaspace:

Usage:
  Non-class:     98.92 MB capacity,    97.34 MB ( 98%) used,     1.31 MB (  1%) free+waste,   280.38 KB ( <1%) overhead. 
      Class:     14.58 MB capacity,    13.70 MB ( 94%) used,   769.42 KB (  5%) free+waste,   123.00 KB ( <1%) overhead. 
       Both:    113.50 MB capacity,   111.04 MB ( 98%) used,     2.06 MB (  2%) free+waste,   403.38 KB ( <1%) overhead. 

Virtual space:
  Non-class space:      100.00 MB reserved,      99.00 MB ( 99%) committed 
      Class space:        1.00 GB reserved,      14.63 MB (  1%) committed 
             Both:        1.10 GB reserved,     113.63 MB ( 10%) committed 

Chunk freelists:
   Non-Class:  16.00 KB
       Class:  51.00 KB
        Both:  67.00 KB

MaxMetaspaceSize: 17179869184.00 GB
CompressedClassSpaceSize: 1.00 GB

CodeHeap 'non-profiled nmethods': size=120064Kb used=9778Kb max_used=10145Kb free=110285Kb
 bounds [0x0000016e87ac0000, 0x0000016e884b0000, 0x0000016e8f000000]
CodeHeap 'profiled nmethods': size=120000Kb used=34398Kb max_used=35635Kb free=85602Kb
 bounds [0x0000016e80590000, 0x0000016e82870000, 0x0000016e87ac0000]
CodeHeap 'non-nmethods': size=5696Kb used=2357Kb max_used=2407Kb free=3338Kb
 bounds [0x0000016e80000000, 0x0000016e80270000, 0x0000016e80590000]
 total_blobs=16027 nmethods=15083 adapters=853
 compilation: enabled
              stopped_count=0, restarted_count=0
 full_count=0

Compilation events (20 events):
Event: 2276.088 Thread 0x0000016eff043000 16861       2       com.google.common.collect.HashBiMap::seekByValue (47 bytes)
Event: 2276.089 Thread 0x0000016eff043000 nmethod 16861 0x0000016e806ff190 code [0x0000016e806ff360, 0x0000016e806ff5c8]
Event: 2276.091 Thread 0x0000016eff043000 16862  s    1       com.android.tools.build.apkzlib.bytestorage.InMemoryByteStorage::getBytesUsed (5 bytes)
Event: 2276.092 Thread 0x0000016eff043000 nmethod 16862 0x0000016e87b58b10 code [0x0000016e87b58cc0, 0x0000016e87b58ef8]
Event: 2276.092 Thread 0x0000016eff043000 16863       2       com.google.common.collect.HashBiMap::put (8 bytes)
Event: 2276.092 Thread 0x0000016eff043000 nmethod 16863 0x0000016e806bfa90 code [0x0000016e806bfc40, 0x0000016e806bfd48]
Event: 2276.092 Thread 0x0000016eff043000 16864       2       com.google.common.collect.HashBiMap$BiEntry::<init> (18 bytes)
Event: 2276.092 Thread 0x0000016eff043000 nmethod 16864 0x0000016e80709c10 code [0x0000016e80709dc0, 0x0000016e80709f78]
Event: 2276.092 Thread 0x0000016eff043000 16865       2       com.google.common.collect.HashBiMap::rehashIfNecessary (87 bytes)
Event: 2276.093 Thread 0x0000016eff043000 nmethod 16865 0x0000016e80717210 code [0x0000016e80717400, 0x0000016e80717848]
Event: 2276.093 Thread 0x0000016eff043000 16866       1       com.google.common.collect.ImmutableCollection::internalArray (2 bytes)
Event: 2276.093 Thread 0x0000016eff043000 nmethod 16866 0x0000016e87b58810 code [0x0000016e87b589c0, 0x0000016e87b58a78]
Event: 2276.095 Thread 0x0000016eff043000 16867  s    2       com.android.tools.build.apkzlib.bytestorage.LruTracker::track (65 bytes)
Event: 2276.096 Thread 0x0000016eff043000 nmethod 16867 0x0000016e80716790 code [0x0000016e807169a0, 0x0000016e80716f58]
Event: 2276.101 Thread 0x0000016eff043000 16868  s    2       com.android.tools.build.apkzlib.bytestorage.LruTracker::untrack (43 bytes)
Event: 2276.102 Thread 0x0000016eff043000 nmethod 16868 0x0000016e80715f90 code [0x0000016e80716180, 0x0000016e807165a8]
Event: 2276.102 Thread 0x0000016eff043000 16869       2       com.google.common.collect.HashBiMap::get (13 bytes)
Event: 2276.102 Thread 0x0000016eff043000 nmethod 16869 0x0000016e80709590 code [0x0000016e80709760, 0x0000016e80709958]
Event: 2276.102 Thread 0x0000016eff043000 16870       2       com.google.common.collect.HashBiMap::remove (36 bytes)
Event: 2276.102 Thread 0x0000016eff043000 nmethod 16870 0x0000016e80715a10 code [0x0000016e80715be0, 0x0000016e80715e68]

GC Heap History (20 events):
Event: 2273.304 GC heap after
{Heap after GC invocations=45 (full 0):
 garbage-first heap   total 183296K, used 112107K [0x0000000080000000, 0x0000000100000000)
  region size 1024K, 4 young (4096K), 4 survivors (4096K)
 Metaspace       used 111547K, capacity 114024K, committed 114304K, reserved 1148928K
  class space    used 13640K, capacity 14527K, committed 14720K, reserved 1048576K
}
Event: 2274.037 GC heap before
{Heap before GC invocations=45 (full 0):
 garbage-first heap   total 183296K, used 149995K [0x0000000080000000, 0x0000000100000000)
  region size 1024K, 42 young (43008K), 4 survivors (4096K)
 Metaspace       used 112602K, capacity 115074K, committed 115456K, reserved 1150976K
  class space    used 13780K, capacity 14664K, committed 14848K, reserved 1048576K
}
Event: 2274.051 GC heap after
{Heap after GC invocations=46 (full 0):
 garbage-first heap   total 183296K, used 115129K [0x0000000080000000, 0x0000000100000000)
  region size 1024K, 6 young (6144K), 6 survivors (6144K)
 Metaspace       used 112602K, capacity 115074K, committed 115456K, reserved 1150976K
  class space    used 13780K, capacity 14664K, committed 14848K, reserved 1048576K
}
Event: 2274.474 GC heap before
{Heap before GC invocations=46 (full 0):
 garbage-first heap   total 183296K, used 135609K [0x0000000080000000, 0x0000000100000000)
  region size 1024K, 24 young (24576K), 6 survivors (6144K)
 Metaspace       used 112809K, capacity 115291K, committed 115712K, reserved 1150976K
  class space    used 13803K, capacity 14670K, committed 14848K, reserved 1048576K
}
Event: 2274.486 GC heap after
{Heap after GC invocations=47 (full 0):
 garbage-first heap   total 183296K, used 122272K [0x0000000080000000, 0x0000000100000000)
  region size 1024K, 6 young (6144K), 6 survivors (6144K)
 Metaspace       used 112809K, capacity 115291K, committed 115712K, reserved 1150976K
  class space    used 13803K, capacity 14670K, committed 14848K, reserved 1048576K
}
Event: 2274.967 GC heap before
{Heap before GC invocations=48 (full 0):
 garbage-first heap   total 183296K, used 159136K [0x0000000080000000, 0x0000000100000000)
  region size 1024K, 35 young (35840K), 6 survivors (6144K)
 Metaspace       used 111487K, capacity 113994K, committed 115712K, reserved 1150976K
  class space    used 13637K, capacity 14488K, committed 14848K, reserved 1048576K
}
Event: 2274.984 GC heap after
{Heap after GC invocations=49 (full 0):
 garbage-first heap   total 183296K, used 126770K [0x0000000080000000, 0x0000000100000000)
  region size 1024K, 5 young (5120K), 5 survivors (5120K)
 Metaspace       used 111487K, capacity 113994K, committed 115712K, reserved 1150976K
  class space    used 13637K, capacity 14488K, committed 14848K, reserved 1048576K
}
Event: 2275.004 GC heap before
{Heap before GC invocations=49 (full 0):
 garbage-first heap   total 183296K, used 128818K [0x0000000080000000, 0x0000000100000000)
  region size 1024K, 8 young (8192K), 5 survivors (5120K)
 Metaspace       used 111491K, capacity 113994K, committed 115712K, reserved 1150976K
  class space    used 13637K, capacity 14488K, committed 14848K, reserved 1048576K
}
Event: 2275.030 GC heap after
{Heap after GC invocations=50 (full 0):
 garbage-first heap   total 183296K, used 114639K [0x0000000080000000, 0x0000000100000000)
  region size 1024K, 1 young (1024K), 1 survivors (1024K)
 Metaspace       used 111491K, capacity 113994K, committed 115712K, reserved 1150976K
  class space    used 13637K, capacity 14488K, committed 14848K, reserved 1048576K
}
Event: 2275.069 GC heap before
{Heap before GC invocations=50 (full 0):
 garbage-first heap   total 183296K, used 121807K [0x0000000080000000, 0x0000000100000000)
  region size 1024K, 8 young (8192K), 1 survivors (1024K)
 Metaspace       used 111492K, capacity 113994K, committed 115712K, reserved 1150976K
  class space    used 13637K, capacity 14488K, committed 14848K, reserved 1048576K
}
Event: 2275.088 GC heap after
{Heap after GC invocations=51 (full 0):
 garbage-first heap   total 183296K, used 114077K [0x0000000080000000, 0x0000000100000000)
  region size 1024K, 1 young (1024K), 1 survivors (1024K)
 Metaspace       used 111492K, capacity 113994K, committed 115712K, reserved 1150976K
  class space    used 13637K, capacity 14488K, committed 14848K, reserved 1048576K
}
Event: 2275.294 GC heap before
{Heap before GC invocations=51 (full 0):
 garbage-first heap   total 183296K, used 143773K [0x0000000080000000, 0x0000000100000000)
  region size 1024K, 31 young (31744K), 1 survivors (1024K)
 Metaspace       used 111566K, capacity 114001K, committed 115712K, reserved 1150976K
  class space    used 13647K, capacity 14490K, committed 14848K, reserved 1048576K
}
Event: 2275.319 GC heap after
{Heap after GC invocations=52 (full 0):
 garbage-first heap   total 183296K, used 121856K [0x0000000080000000, 0x0000000100000000)
  region size 1024K, 4 young (4096K), 4 survivors (4096K)
 Metaspace       used 111566K, capacity 114001K, committed 115712K, reserved 1150976K
  class space    used 13647K, capacity 14490K, committed 14848K, reserved 1048576K
}
Event: 2275.726 GC heap before
{Heap before GC invocations=52 (full 0):
 garbage-first heap   total 183296K, used 148480K [0x0000000080000000, 0x0000000100000000)
  region size 1024K, 30 young (30720K), 4 survivors (4096K)
 Metaspace       used 113606K, capacity 116083K, committed 116352K, reserved 1150976K
  class space    used 14032K, capacity 14924K, committed 14976K, reserved 1048576K
}
Event: 2275.750 GC heap after
{Heap after GC invocations=53 (full 0):
 garbage-first heap   total 183296K, used 130283K [0x0000000080000000, 0x0000000100000000)
  region size 1024K, 4 young (4096K), 4 survivors (4096K)
 Metaspace       used 113606K, capacity 116083K, committed 116352K, reserved 1150976K
  class space    used 14032K, capacity 14924K, committed 14976K, reserved 1048576K
}
Event: 2275.862 GC heap before
{Heap before GC invocations=53 (full 0):
 garbage-first heap   total 183296K, used 149739K [0x0000000080000000, 0x0000000100000000)
  region size 1024K, 23 young (23552K), 4 survivors (4096K)
 Metaspace       used 113674K, capacity 116219K, committed 116352K, reserved 1150976K
  class space    used 14032K, capacity 14925K, committed 14976K, reserved 1048576K
}
Event: 2275.886 GC heap after
{Heap after GC invocations=54 (full 0):
 garbage-first heap   total 183296K, used 138574K [0x0000000080000000, 0x0000000100000000)
  region size 1024K, 3 young (3072K), 3 survivors (3072K)
 Metaspace       used 113674K, capacity 116219K, committed 116352K, reserved 1150976K
  class space    used 14032K, capacity 14925K, committed 14976K, reserved 1048576K
}
Event: 2276.025 GC heap before
{Heap before GC invocations=54 (full 0):
 garbage-first heap   total 183296K, used 151886K [0x0000000080000000, 0x0000000100000000)
  region size 1024K, 16 young (16384K), 3 survivors (3072K)
 Metaspace       used 113689K, capacity 116221K, committed 116352K, reserved 1150976K
  class space    used 14032K, capacity 14925K, committed 14976K, reserved 1048576K
}
Event: 2276.036 GC heap after
{Heap after GC invocations=55 (full 0):
 garbage-first heap   total 183296K, used 146432K [0x0000000080000000, 0x0000000100000000)
  region size 1024K, 2 young (2048K), 2 survivors (2048K)
 Metaspace       used 113689K, capacity 116221K, committed 116352K, reserved 1150976K
  class space    used 14032K, capacity 14925K, committed 14976K, reserved 1048576K
}
Event: 2276.104 GC heap before
{Heap before GC invocations=55 (full 0):
 garbage-first heap   total 183296K, used 153600K [0x0000000080000000, 0x0000000100000000)
  region size 1024K, 10 young (10240K), 2 survivors (2048K)
 Metaspace       used 113709K, capacity 116221K, committed 116352K, reserved 1150976K
  class space    used 14032K, capacity 14925K, committed 14976K, reserved 1048576K
}

Deoptimization events (20 events):
Event: 2275.714 Thread 0x0000016ed3248800 Uncommon trap: trap_request=0xffffffde fr.pc=0x0000016e88450bb4 relative=0x0000000000000074
Event: 2275.714 Thread 0x0000016ed3248800 Uncommon trap: reason=class_check action=maybe_recompile pc=0x0000016e88450bb4 method=com.android.tools.build.apkzlib.zip.CentralDirectoryHeader.getCompressionInfoWithWait()Lcom/android/tools/build/apkzlib/zip/CentralDirectoryHeaderCompressInfo; @ 4 c2
Event: 2275.714 Thread 0x0000016ed3248800 DEOPT PACKING pc=0x0000016e88450bb4 sp=0x00000001098fd850
Event: 2275.714 Thread 0x0000016ed3248800 DEOPT UNPACKING pc=0x0000016e8000822f sp=0x00000001098fd7d0 mode 2
Event: 2275.714 Thread 0x0000016ed3248800 Uncommon trap: trap_request=0xffffffde fr.pc=0x0000016e88450bb4 relative=0x0000000000000074
Event: 2275.714 Thread 0x0000016ed3248800 Uncommon trap: reason=class_check action=maybe_recompile pc=0x0000016e88450bb4 method=com.android.tools.build.apkzlib.zip.CentralDirectoryHeader.getCompressionInfoWithWait()Lcom/android/tools/build/apkzlib/zip/CentralDirectoryHeaderCompressInfo; @ 4 c2
Event: 2275.714 Thread 0x0000016ed3248800 DEOPT PACKING pc=0x0000016e88450bb4 sp=0x00000001098fd870
Event: 2275.714 Thread 0x0000016ed3248800 DEOPT UNPACKING pc=0x0000016e8000822f sp=0x00000001098fd7f8 mode 2
Event: 2275.716 Thread 0x0000016ed3248800 Uncommon trap: trap_request=0xffffffde fr.pc=0x0000016e88450bb4 relative=0x0000000000000074
Event: 2275.716 Thread 0x0000016ed3248800 Uncommon trap: reason=class_check action=maybe_recompile pc=0x0000016e88450bb4 method=com.android.tools.build.apkzlib.zip.CentralDirectoryHeader.getCompressionInfoWithWait()Lcom/android/tools/build/apkzlib/zip/CentralDirectoryHeaderCompressInfo; @ 4 c2
Event: 2275.716 Thread 0x0000016ed3248800 DEOPT PACKING pc=0x0000016e88450bb4 sp=0x00000001098fd840
Event: 2275.716 Thread 0x0000016ed3248800 DEOPT UNPACKING pc=0x0000016e8000822f sp=0x00000001098fd7c0 mode 2
Event: 2275.754 Thread 0x0000016ed3248800 Uncommon trap: trap_request=0xffffffde fr.pc=0x0000016e88450bb4 relative=0x0000000000000074
Event: 2275.754 Thread 0x0000016ed3248800 Uncommon trap: reason=class_check action=maybe_recompile pc=0x0000016e88450bb4 method=com.android.tools.build.apkzlib.zip.CentralDirectoryHeader.getCompressionInfoWithWait()Lcom/android/tools/build/apkzlib/zip/CentralDirectoryHeaderCompressInfo; @ 4 c2
Event: 2275.754 Thread 0x0000016ed3248800 DEOPT PACKING pc=0x0000016e88450bb4 sp=0x00000001098fd850
Event: 2275.754 Thread 0x0000016ed3248800 DEOPT UNPACKING pc=0x0000016e8000822f sp=0x00000001098fd7d0 mode 2
Event: 2275.958 Thread 0x0000016ed324e800 DEOPT PACKING pc=0x0000016e8284fa1b sp=0x000000010a1fe710
Event: 2275.958 Thread 0x0000016ed324e800 DEOPT UNPACKING pc=0x0000016e80028cde sp=0x000000010a1fdc68 mode 0
Event: 2276.006 Thread 0x0000016ed3249800 DEOPT PACKING pc=0x0000016e827bf81a sp=0x000000010a2fddb0
Event: 2276.006 Thread 0x0000016ed3249800 DEOPT UNPACKING pc=0x0000016e80028cde sp=0x000000010a2fd278 mode 0

Classes redefined (0 events):
No events

Internal exceptions (20 events):
Event: 2272.422 Thread 0x0000016ed3248000 Exception <a 'sun/nio/fs/WindowsException'{0x000000008a163a30}> (0x000000008a163a30) thrown at [./src/hotspot/share/prims/jni.cpp, line 615]
Event: 2272.422 Thread 0x0000016ed3248000 Exception <a 'sun/nio/fs/WindowsException'{0x000000008a1645f8}> (0x000000008a1645f8) thrown at [./src/hotspot/share/prims/jni.cpp, line 615]
Event: 2272.422 Thread 0x0000016ed3248000 Exception <a 'sun/nio/fs/WindowsException'{0x000000008a164880}> (0x000000008a164880) thrown at [./src/hotspot/share/prims/jni.cpp, line 615]
Event: 2272.422 Thread 0x0000016ed3248000 Exception <a 'sun/nio/fs/WindowsException'{0x000000008a165430}> (0x000000008a165430) thrown at [./src/hotspot/share/prims/jni.cpp, line 615]
Event: 2273.248 Thread 0x0000016ed4552000 Exception <a 'java/lang/NoSuchMethodError'{0x00000000890523d0}: 'void java.lang.invoke.DirectMethodHandle$Holder.invokeStatic(java.lang.Object, java.lang.Object, java.lang.Object, java.lang.Object, int, java.lang.Object)'> (0x00000000890523d0) thrown at [./src/hotspot/share/interpreter/linkResolver.cpp, line 773]
Event: 2273.408 Thread 0x0000016ed4552000 Exception <a 'sun/nio/fs/WindowsException'{0x000000008ad59848}> (0x000000008ad59848) thrown at [./src/hotspot/share/prims/jni.cpp, line 615]
Event: 2273.408 Thread 0x0000016ed4552000 Exception <a 'sun/nio/fs/WindowsException'{0x000000008ad5a770}> (0x000000008ad5a770) thrown at [./src/hotspot/share/prims/jni.cpp, line 615]
Event: 2273.422 Thread 0x0000016ed4552000 Exception <a 'sun/nio/fs/WindowsException'{0x000000008ad71d30}> (0x000000008ad71d30) thrown at [./src/hotspot/share/prims/jni.cpp, line 615]
Event: 2273.423 Thread 0x0000016ed4552000 Exception <a 'sun/nio/fs/WindowsException'{0x000000008ad72b88}> (0x000000008ad72b88) thrown at [./src/hotspot/share/prims/jni.cpp, line 615]
Event: 2273.443 Thread 0x0000016ed3248800 Exception <a 'sun/nio/fs/WindowsException'{0x000000008ac859f0}> (0x000000008ac859f0) thrown at [./src/hotspot/share/prims/jni.cpp, line 615]
Event: 2273.443 Thread 0x0000016ed3248800 Exception <a 'sun/nio/fs/WindowsException'{0x000000008ac85c78}> (0x000000008ac85c78) thrown at [./src/hotspot/share/prims/jni.cpp, line 615]
Event: 2274.703 Thread 0x0000016ed3247000 Exception <a 'sun/nio/fs/WindowsException'{0x000000008ae837a0}> (0x000000008ae837a0) thrown at [./src/hotspot/share/prims/jni.cpp, line 615]
Event: 2274.794 Thread 0x0000016ed3248000 Exception <a 'java/lang/NoSuchMethodError'{0x000000008a62db48}: <clinit>> (0x000000008a62db48) thrown at [./src/hotspot/share/prims/jni.cpp, line 1362]
Event: 2274.794 Thread 0x0000016ed3248000 Exception <a 'java/lang/NoSuchMethodError'{0x000000008a62ee80}: <clinit>> (0x000000008a62ee80) thrown at [./src/hotspot/share/prims/jni.cpp, line 1362]
Event: 2274.794 Thread 0x0000016ed3248000 Exception <a 'java/lang/NoSuchMethodError'{0x000000008a631348}: <clinit>> (0x000000008a631348) thrown at [./src/hotspot/share/prims/jni.cpp, line 1362]
Event: 2274.796 Thread 0x0000016ed3248000 Exception <a 'java/lang/NoSuchMethodError'{0x000000008a647f10}: <clinit>> (0x000000008a647f10) thrown at [./src/hotspot/share/prims/jni.cpp, line 1362]
Event: 2274.796 Thread 0x0000016ed3248000 Exception <a 'java/lang/NoSuchMethodError'{0x000000008a6537d8}: <clinit>> (0x000000008a6537d8) thrown at [./src/hotspot/share/prims/jni.cpp, line 1362]
Event: 2275.378 Thread 0x0000016ed324b000 Exception <a 'java/lang/NoSuchMethodError'{0x000000008af06060}: 'java.lang.Object java.lang.invoke.DirectMethodHandle$Holder.newInvokeSpecial(java.lang.Object, int)'> (0x000000008af06060) thrown at [./src/hotspot/share/interpreter/linkResolver.cpp, line 773]
Event: 2275.500 Thread 0x0000016ed3248800 Exception <a 'java/lang/NoSuchMethodError'{0x000000008a788618}: 'java.lang.Object java.lang.invoke.DirectMethodHandle$Holder.invokeVirtual(java.lang.Object, java.lang.Object, int)'> (0x000000008a788618) thrown at [./src/hotspot/share/interpreter/linkResolver.cpp, line 773]
Event: 2275.522 Thread 0x0000016ed3248800 Exception <a 'java/lang/NoSuchMethodError'{0x000000008a62cac0}: 'void java.lang.invoke.DirectMethodHandle$Holder.invokeStatic(java.lang.Object, java.lang.Object, java.lang.Object, int)'> (0x000000008a62cac0) thrown at [./src/hotspot/share/interpreter/linkResolver.cpp, line 773]

Events (20 events):
Event: 2275.937 Thread 0x0000016eff044000 flushing nmethod 0x0000016e81b75e10
Event: 2275.937 Thread 0x0000016eff044000 flushing nmethod 0x0000016e81b76190
Event: 2275.937 Thread 0x0000016eff044000 flushing nmethod 0x0000016e81b77410
Event: 2275.937 Thread 0x0000016eff044000 flushing nmethod 0x0000016e81b77790
Event: 2275.937 Thread 0x0000016eff044000 flushing nmethod 0x0000016e81b78090
Event: 2275.937 Thread 0x0000016eff044000 flushing nmethod 0x0000016e81b7a590
Event: 2275.937 Thread 0x0000016eff044000 flushing nmethod 0x0000016e81b7bf90
Event: 2275.937 Thread 0x0000016eff044000 flushing nmethod 0x0000016e81b8b710
Event: 2275.937 Thread 0x0000016eff044000 flushing nmethod 0x0000016e81b95490
Event: 2275.937 Thread 0x0000016eff044000 flushing nmethod 0x0000016e81ba3f10
Event: 2275.937 Thread 0x0000016eff044000 flushing nmethod 0x0000016e81bb0e10
Event: 2275.937 Thread 0x0000016eff044000 flushing nmethod 0x0000016e81bb1190
Event: 2275.937 Thread 0x0000016eff044000 flushing nmethod 0x0000016e81bb1810
Event: 2276.024 Executing VM operation: G1CollectForAllocation
Event: 2276.036 Executing VM operation: G1CollectForAllocation done
Event: 2276.044 Executing VM operation: RevokeBias
Event: 2276.044 Executing VM operation: RevokeBias done
Event: 2276.045 Executing VM operation: RevokeBias
Event: 2276.045 Executing VM operation: RevokeBias done
Event: 2276.104 Executing VM operation: G1CollectForAllocation


Dynamic libraries:
0x00007ff7ea860000 - 0x00007ff7ea86a000 	C:\Program Files\Android\Android Studio\jre\bin\java.exe
0x00007fff12080000 - 0x00007fff12289000 	C:\WINDOWS\SYSTEM32\ntdll.dll
0x00007fff113d0000 - 0x00007fff1148d000 	C:\WINDOWS\System32\KERNEL32.DLL
0x00007fff0f690000 - 0x00007fff0fa09000 	C:\WINDOWS\System32\KERNELBASE.dll
0x00007fff0fe00000 - 0x00007fff0ff11000 	C:\WINDOWS\System32\ucrtbase.dll
0x00007ffeee0e0000 - 0x00007ffeee0f7000 	C:\Program Files\Android\Android Studio\jre\bin\VCRUNTIME140.dll
0x00007ffed5830000 - 0x00007ffed5849000 	C:\Program Files\Android\Android Studio\jre\bin\jli.dll
0x00007fff10d10000 - 0x00007fff10ebc000 	C:\WINDOWS\System32\USER32.dll
0x00007fff0fdd0000 - 0x00007fff0fdf6000 	C:\WINDOWS\System32\win32u.dll
0x00007ffef8fa0000 - 0x00007ffef9245000 	C:\WINDOWS\WinSxS\amd64_microsoft.windows.common-controls_6595b64144ccf1df_6.0.22000.120_none_9d947278b86cc467\COMCTL32.dll
0x00007fff11520000 - 0x00007fff11549000 	C:\WINDOWS\System32\GDI32.dll
0x00007fff0ff60000 - 0x00007fff10003000 	C:\WINDOWS\System32\msvcrt.dll
0x00007fff0f570000 - 0x00007fff0f682000 	C:\WINDOWS\System32\gdi32full.dll
0x00007fff0fd30000 - 0x00007fff0fdcd000 	C:\WINDOWS\System32\msvcp_win.dll
0x00007fff0ff20000 - 0x00007fff0ff51000 	C:\WINDOWS\System32\IMM32.DLL
0x00007ffeb8d80000 - 0x00007ffeb8e1d000 	C:\Program Files\Android\Android Studio\jre\bin\msvcp140.dll
0x00007ffed4c70000 - 0x00007ffed572c000 	C:\Program Files\Android\Android Studio\jre\bin\server\jvm.dll
0x00007fff11dc0000 - 0x00007fff11e6e000 	C:\WINDOWS\System32\ADVAPI32.dll
0x00007fff11330000 - 0x00007fff113ce000 	C:\WINDOWS\System32\sechost.dll
0x00007fff10b70000 - 0x00007fff10c90000 	C:\WINDOWS\System32\RPCRT4.dll
0x00007fff11510000 - 0x00007fff11518000 	C:\WINDOWS\System32\PSAPI.DLL
0x00007fff075c0000 - 0x00007fff075f3000 	C:\WINDOWS\SYSTEM32\WINMM.dll
0x00007fff02930000 - 0x00007fff0293a000 	C:\WINDOWS\SYSTEM32\VERSION.dll
0x00007ffef4e60000 - 0x00007ffef4e69000 	C:\WINDOWS\SYSTEM32\WSOCK32.dll
0x00007fff10b00000 - 0x00007fff10b6f000 	C:\WINDOWS\System32\WS2_32.dll
0x00007fff0e670000 - 0x00007fff0e688000 	C:\WINDOWS\SYSTEM32\kernel.appcore.dll
0x00007fff087b0000 - 0x00007fff087c1000 	C:\Program Files\Android\Android Studio\jre\bin\verify.dll
0x00007fff0d180000 - 0x00007fff0d3a1000 	C:\WINDOWS\SYSTEM32\DBGHELP.DLL
0x00007ffef3090000 - 0x00007ffef30c1000 	C:\WINDOWS\SYSTEM32\dbgcore.DLL
0x00007fff0fbf0000 - 0x00007fff0fc6f000 	C:\WINDOWS\System32\bcryptPrimitives.dll
0x00007fff07fe0000 - 0x00007fff08009000 	C:\Program Files\Android\Android Studio\jre\bin\java.dll
0x00007fff087a0000 - 0x00007fff087ab000 	C:\Program Files\Android\Android Studio\jre\bin\jimage.dll
0x00007fff07fc0000 - 0x00007fff07fd8000 	C:\Program Files\Android\Android Studio\jre\bin\zip.dll
0x00007fff100b0000 - 0x00007fff1085f000 	C:\WINDOWS\System32\SHELL32.dll
0x00007fff0d6e0000 - 0x00007fff0df48000 	C:\WINDOWS\SYSTEM32\windows.storage.dll
0x00007fff11760000 - 0x00007fff11ad8000 	C:\WINDOWS\System32\combase.dll
0x00007fff0d570000 - 0x00007fff0d6d6000 	C:\WINDOWS\SYSTEM32\wintypes.dll
0x00007fff11f50000 - 0x00007fff1203a000 	C:\WINDOWS\System32\SHCORE.dll
0x00007fff11d60000 - 0x00007fff11dbd000 	C:\WINDOWS\System32\shlwapi.dll
0x00007fff0f4a0000 - 0x00007fff0f4c1000 	C:\WINDOWS\SYSTEM32\profapi.dll
0x00007fff07fa0000 - 0x00007fff07fba000 	C:\Program Files\Android\Android Studio\jre\bin\net.dll
0x00007fff06c30000 - 0x00007fff06d3c000 	C:\WINDOWS\SYSTEM32\WINHTTP.dll
0x00007fff0eaa0000 - 0x00007fff0eb07000 	C:\WINDOWS\system32\mswsock.dll
0x00007fff07f80000 - 0x00007fff07f94000 	C:\Program Files\Android\Android Studio\jre\bin\nio.dll
0x00007ffeb8e50000 - 0x00007ffeb8e77000 	C:\Users\Hp\.gradle\native\fdc75f09e3144964f2cf3f50f0aa648679c211496f362492102eb8c894070792\windows-amd64\native-platform.dll
0x00007ffeb8b10000 - 0x00007ffeb8ca6000 	C:\Users\Hp\.gradle\native\12488b8bf47d2d4c9fbf2f6322a914ad602e24e48041cd04a747c6da556b65c4\windows-amd64\native-platform-file-events.dll
0x00007fff07f70000 - 0x00007fff07f7a000 	C:\Program Files\Android\Android Studio\jre\bin\management.dll
0x00007fff07f60000 - 0x00007fff07f6c000 	C:\Program Files\Android\Android Studio\jre\bin\management_ext.dll
0x00007fff0ece0000 - 0x00007fff0ecf8000 	C:\WINDOWS\SYSTEM32\CRYPTSP.dll
0x00007fff0e5d0000 - 0x00007fff0e605000 	C:\WINDOWS\system32\rsaenh.dll
0x00007fff0eb90000 - 0x00007fff0ebb9000 	C:\WINDOWS\SYSTEM32\USERENV.dll
0x00007fff0ee60000 - 0x00007fff0ee87000 	C:\WINDOWS\SYSTEM32\bcrypt.dll
0x00007fff0ed00000 - 0x00007fff0ed0c000 	C:\WINDOWS\SYSTEM32\CRYPTBASE.dll
0x00007fff0e1e0000 - 0x00007fff0e20d000 	C:\WINDOWS\SYSTEM32\IPHLPAPI.DLL
0x00007fff10010000 - 0x00007fff10019000 	C:\WINDOWS\System32\NSI.dll
0x00007fff05670000 - 0x00007fff05689000 	C:\WINDOWS\SYSTEM32\dhcpcsvc6.DLL
0x00007fff06ff0000 - 0x00007fff0700e000 	C:\WINDOWS\SYSTEM32\dhcpcsvc.DLL
0x00007fff0e210000 - 0x00007fff0e2f8000 	C:\WINDOWS\SYSTEM32\DNSAPI.dll
0x00007fff052d0000 - 0x00007fff052dc000 	C:\WINDOWS\SYSTEM32\WINNSI.DLL

dbghelp: loaded successfully - version: 4.0.5 - missing functions: none
symbol engine: initialized successfully - sym options: 0x614 - pdb path: .;C:\Program Files\Android\Android Studio\jre\bin;C:\WINDOWS\SYSTEM32;C:\WINDOWS\WinSxS\amd64_microsoft.windows.common-controls_6595b64144ccf1df_6.0.22000.120_none_9d947278b86cc467;C:\Program Files\Android\Android Studio\jre\bin\server;C:\Users\Hp\.gradle\native\fdc75f09e3144964f2cf3f50f0aa648679c211496f362492102eb8c894070792\windows-amd64;C:\Users\Hp\.gradle\native\12488b8bf47d2d4c9fbf2f6322a914ad602e24e48041cd04a747c6da556b65c4\windows-amd64

VM Arguments:
jvm_args: --add-opens=java.base/java.util=ALL-UNNAMED --add-opens=java.base/java.lang=ALL-UNNAMED --add-opens=java.base/java.lang.invoke=ALL-UNNAMED --add-opens=java.prefs/java.util.prefs=ALL-UNNAMED -Xmx2048m -Dfile.encoding=UTF-8 -Duser.country=SG -Duser.language=en -Duser.variant 
java_command: org.gradle.launcher.daemon.bootstrap.GradleDaemon 6.7.1
java_class_path (initial): C:\Users\Hp\.gradle\wrapper\dists\gradle-6.7.1-bin\bwlcbys1h7rz3272sye1xwiv6\gradle-6.7.1\lib\gradle-launcher-6.7.1.jar
Launcher Type: SUN_STANDARD

[Global flags]
     intx CICompilerCount                          = 3                                         {product} {ergonomic}
     uint ConcGCThreads                            = 1                                         {product} {ergonomic}
     uint G1ConcRefinementThreads                  = 4                                         {product} {ergonomic}
   size_t G1HeapRegionSize                         = 1048576                                   {product} {ergonomic}
    uintx GCDrainStackTargetSize                   = 64                                        {product} {ergonomic}
   size_t InitialHeapSize                          = 130023424                                 {product} {ergonomic}
   size_t MarkStackSize                            = 4194304                                   {product} {ergonomic}
   size_t MaxHeapSize                              = 2147483648                                {product} {command line}
   size_t MaxNewSize                               = 1287651328                                {product} {ergonomic}
   size_t MinHeapDeltaBytes                        = 1048576                                   {product} {ergonomic}
    uintx NonNMethodCodeHeapSize                   = 5830732                                {pd product} {ergonomic}
    uintx NonProfiledCodeHeapSize                  = 122913754                              {pd product} {ergonomic}
    uintx ProfiledCodeHeapSize                     = 122913754                              {pd product} {ergonomic}
    uintx ReservedCodeCacheSize                    = 251658240                              {pd product} {ergonomic}
     bool SegmentedCodeCache                       = true                                      {product} {ergonomic}
     bool UseCompressedClassPointers               = true                                 {lp64_product} {ergonomic}
     bool UseCompressedOops                        = true                                 {lp64_product} {ergonomic}
     bool UseG1GC                                  = true                                      {product} {ergonomic}
     bool UseLargePagesIndividualAllocation        = false                                  {pd product} {ergonomic}

Logging:
Log output configuration:
 #0: stdout all=warning uptime,level,tags
 #1: stderr all=off uptime,level,tags

Environment Variables:
JAVA_HOME=C:\Program Files\Java\jdk1.8.0_221
PATH=C:\Program Files (x86)\Common Files\Intel\Shared Libraries\redist\intel64\compiler;C:\Program Files (x86)\Common Files\Oracle\Java\javapath;C:\WINDOWS\system32;C:\WINDOWS;C:\WINDOWS\System32\Wbem;C:\WINDOWS\System32\WindowsPowerShell\v1.0\;C:\WINDOWS\System32\OpenSSH\;C:\Program Files\nodejs\;C:\Program Files\dotnet\;C:\Program Files\MySQL\MySQL Shell 8.0\bin\;C:\Users\Hp\AppData\Local\Microsoft\WindowsApps;C:\Program Files (x86)\Dev-Cpp\MinGW64\bin;D:\Nodejs;C:\Users\Hp\AppData\Roaming\npm;C:\Users\Hp\AppData\Local\Programs\Microsoft VS Code\bin;C:\Users\Hp\AppData\Local\GitHubDesktop\bin;
USERNAME=Hp
OS=Windows_NT
PROCESSOR_IDENTIFIER=Intel64 Family 6 Model 126 Stepping 5, GenuineIntel



---------------  S Y S T E M  ---------------

OS: Windows 10 , 64 bit Build 22000 (10.0.22000.675)
OS uptime: 0 days 0:41 hours

CPU:total 4 (initial active 4) (2 cores per cpu, 2 threads per core) family 6 model 126 stepping 5, cmov, cx8, fxsr, mmx, sse, sse2, sse3, ssse3, sse4.1, sse4.2, popcnt, avx, avx2, aes, clmul, erms, 3dnowpref, lzcnt, ht, tsc, tscinvbit, bmi1, bmi2, adx, evex, sha, fma

Memory: 4k page, system-wide physical 7881M (997M free)
TotalPageFile size 7881M (AvailPageFile size 67M)
current process WorkingSet (physical memory assigned to process): 455M, peak: 458M
current process commit charge ("private bytes"): 523M, peak: 586M

vm_info: OpenJDK 64-Bit Server VM (11.0.8+10-b944.6842174) for windows-amd64 JRE (11.0.8+10-b944.6842174), built on Sep 19 2020 01:11:42 by "builder" with MS VC++ 14.0 (VS2015)

END.
