#
# There is insufficient memory for the Java Runtime Environment to continue.
# Native memory allocation (mmap) failed to map 52428800 bytes for Failed to commit area from 0x000000008d900000 to 0x0000000090b00000 of length 52428800.
# Possible reasons:
#   The system is out of physical RAM or swap space
#   The process is running with CompressedOops enabled, and the Java Heap may be blocking the growth of the native heap
# Possible solutions:
#   Reduce memory load on the system
#   Increase physical memory or swap space
#   Check if swap backing store is full
#   Decrease Java heap size (-Xmx/-Xms)
#   Decrease number of Java threads
#   Decrease Java thread stack sizes (-Xss)
#   Set larger code cache with -XX:ReservedCodeCacheSize=
#   JVM is running with Unscaled Compressed Oops mode in which the Java heap is
#     placed in the first 4GB address space. The Java Heap base address is the
#     maximum limit for the native heap growth. Please use -XX:HeapBaseMinAddress
#     to set the Java Heap base and to place the Java Heap above 4GB virtual address.
# This output file may be truncated or incomplete.
#
#  Out of Memory Error (./src/hotspot/os/windows/os_windows.cpp:3303), pid=12556, tid=5188
#
# JRE version: OpenJDK Runtime Environment (11.0.8+10) (build 11.0.8+10-b944.6842174)
# Java VM: OpenJDK 64-Bit Server VM (11.0.8+10-b944.6842174, mixed mode, tiered, compressed oops, g1 gc, windows-amd64)
# No core dump will be written. Minidumps are not enabled by default on client versions of Windows
#

---------------  S U M M A R Y ------------

Command Line: --add-opens=java.base/java.util=ALL-UNNAMED --add-opens=java.base/java.lang=ALL-UNNAMED --add-opens=java.base/java.lang.invoke=ALL-UNNAMED --add-opens=java.prefs/java.util.prefs=ALL-UNNAMED -Xmx2048m -Dfile.encoding=UTF-8 -Duser.country=SG -Duser.language=en -Duser.variant org.gradle.launcher.daemon.bootstrap.GradleDaemon 6.7.1

Host: Intel(R) Core(TM) i3-1005G1 CPU @ 1.20GHz, 4 cores, 7G,  Windows 10 , 64 bit Build 22000 (10.0.22000.675)
Time: Sat Jun 11 01:11:16 2022 SE Asia Standard Time elapsed time: 15 seconds (0d 0h 0m 15s)

---------------  T H R E A D  ---------------

Current thread (0x000002919986a000):  VMThread "VM Thread" [stack: 0x000000d954f00000,0x000000d955000000] [id=5188]

Stack: [0x000000d954f00000,0x000000d955000000]
[error occurred during error reporting (printing stack bounds), id 0xc0000005, EXCEPTION_ACCESS_VIOLATION (0xc0000005) at pc=0x00000291838a0f67]

Native frames: (J=compiled Java code, j=interpreted, Vv=VM code, C=native code)
V  [jvm.dll+0x5de50a]
V  [jvm.dll+0x7122f5]
V  [jvm.dll+0x71384d]
V  [jvm.dll+0x713e65]
V  [jvm.dll+0x713e1b]
V  [jvm.dll+0x5dd958]
V  [jvm.dll+0x5de0f8]
C  [ntdll.dll+0xa8e4f]
C  [ntdll.dll+0x35e9a]
C  [ntdll.dll+0xa7e5e]
C  0x00000291838a0f67

VM_Operation (0x000000d95e5fd2f0): G1CollectForAllocation, mode: safepoint, requested by thread 0x000002919fa45800


---------------  P R O C E S S  ---------------

Threads class SMR info:
_java_thread_list=0x000002919cdb2610, length=150, elements={
0x00000291fde7e800, 0x0000029199872000, 0x0000029199873000, 0x000002919a202800,
0x000002919988c000, 0x000002919988f000, 0x0000029199894000, 0x00000291998a0000,
0x000002919a33d000, 0x000002919a351800, 0x000002919c0d3000, 0x000002919c3cb800,
0x000002919c06d000, 0x000002919b51f000, 0x000002919ba93800, 0x000002919c3bf800,
0x000002919c50c000, 0x000002919af41800, 0x000002919af42000, 0x000002919c4ff800,
0x000002919c482000, 0x000002919c47f000, 0x000002919c483000, 0x000002919c365000,
0x000002919c47e000, 0x000002919c481800, 0x000002919c47d800, 0x000002919c480800,
0x000002919c47f800, 0x000002919c484000, 0x000002919fe04000, 0x000002919fe00000,
0x000002919fe03800, 0x000002919fe05000, 0x000002919fe05800, 0x000002919fe01800,
0x000002919fe06800, 0x000002919fe07800, 0x000002919fe08000, 0x000002919fe02800,
0x000002919fe0d000, 0x000002919fe0b800, 0x000002919fe0c000, 0x000002919fe0e000,
0x000002919fe0e800, 0x000002919fe09000, 0x000002919fe0a000, 0x000002919fe0a800,
0x000002919fe7a800, 0x000002919fe79800, 0x000002919fe7c000, 0x000002919fe7d800,
0x000002919fe81000, 0x000002919fe7b000, 0x000002919fe7f800, 0x000002919fe7e800,
0x000002919fe80000, 0x000002919fe82000, 0x000002919fe82800, 0x000002919fe7d000,
0x000002919fe88800, 0x000002919fe83800, 0x000002919fe84000, 0x000002919fe85000,
0x000002919fe86000, 0x000002919fe86800, 0x000002919fe87800, 0x000002919e819800,
0x000002919e816000, 0x000002919e81a000, 0x000002919e818800, 0x000002919e817000,
0x000002919e81b000, 0x000002919e81c000, 0x000002919e81c800, 0x000002919e81d800,
0x000002919e817800, 0x000002919e822800, 0x000002919e81f000, 0x000002919e820000,
0x000002919e823000, 0x000002919e824000, 0x000002919e81e000, 0x000002919e820800,
0x000002919e825000, 0x000002919e821800, 0x000002919fa9d000, 0x000002919fa9c800,
0x000002919fa99000, 0x000002919fa98800, 0x000002919fa9e000, 0x000002919fa9f000,
0x000002919fa9b800, 0x000002919fa9f800, 0x000002919fa9a000, 0x000002919faa0800,
0x000002919fa9b000, 0x000002919faa3000, 0x000002919faa7000, 0x000002919faa6000,
0x000002919faa5800, 0x000002919faa1800, 0x000002919faa4000, 0x000002919faa4800,
0x000002919faa2000, 0x000002919b07d000, 0x000002919b07c000, 0x000002919b07b000,
0x000002919b079800, 0x000002919b077000, 0x000002919b07d800, 0x000002919b078000,
0x000002919b07a800, 0x000002919b07e800, 0x000002919b079000, 0x000002919b084000,
0x000002919b07f800, 0x000002919b085000, 0x000002919b080000, 0x000002919b081000,
0x000002919b086000, 0x000002919b082000, 0x000002919b082800, 0x000002919b083800,
0x000002919fe56800, 0x000002919fe57000, 0x000002919fe55800, 0x000002919fe51800,
0x000002919fe58000, 0x000002919fe54000, 0x000002919fe52800, 0x000002919fe54800,
0x000002919fe59000, 0x000002919fe53000, 0x000002919fe5e800, 0x000002919fe5b800,
0x000002919fe5d000, 0x000002919fe5f800, 0x000002919fe5a800, 0x000002919fe59800,
0x000002919fe5d800, 0x000002919fe60000, 0x000002919fe5c000, 0x000002919fa45800,
0x000002919fa49000, 0x000002919fa44000, 0x000002919fa45000, 0x000002919fa47000,
0x000002919fa4a800, 0x000002919fa49800
}

Java Threads: ( => current thread )
  0x00000291fde7e800 JavaThread "main" [_thread_blocked, id=8996, stack(0x000000d954900000,0x000000d954a00000)]
  0x0000029199872000 JavaThread "Reference Handler" daemon [_thread_blocked, id=3964, stack(0x000000d955000000,0x000000d955100000)]
  0x0000029199873000 JavaThread "Finalizer" daemon [_thread_blocked, id=3564, stack(0x000000d955100000,0x000000d955200000)]
  0x000002919a202800 JavaThread "Signal Dispatcher" daemon [_thread_blocked, id=5136, stack(0x000000d955200000,0x000000d955300000)]
  0x000002919988c000 JavaThread "Attach Listener" daemon [_thread_blocked, id=5724, stack(0x000000d955300000,0x000000d955400000)]
  0x000002919988f000 JavaThread "C2 CompilerThread0" daemon [_thread_in_native, id=9608, stack(0x000000d955400000,0x000000d955500000)]
  0x0000029199894000 JavaThread "C1 CompilerThread0" daemon [_thread_blocked, id=2196, stack(0x000000d955500000,0x000000d955600000)]
  0x00000291998a0000 JavaThread "Sweeper thread" daemon [_thread_blocked, id=8088, stack(0x000000d955600000,0x000000d955700000)]
  0x000002919a33d000 JavaThread "Common-Cleaner" daemon [_thread_blocked, id=1288, stack(0x000000d955700000,0x000000d955800000)]
  0x000002919a351800 JavaThread "Service Thread" daemon [_thread_blocked, id=2192, stack(0x000000d955800000,0x000000d955900000)]
  0x000002919c0d3000 JavaThread "Daemon health stats" [_thread_blocked, id=10040, stack(0x000000d955c00000,0x000000d955d00000)]
  0x000002919c3cb800 JavaThread "Incoming local TCP Connector on port 62178" [_thread_in_native, id=5620, stack(0x000000d955e00000,0x000000d955f00000)]
  0x000002919c06d000 JavaThread "Daemon periodic checks" [_thread_blocked, id=2936, stack(0x000000d955f00000,0x000000d956000000)]
  0x000002919b51f000 JavaThread "Daemon" [_thread_blocked, id=13688, stack(0x000000d956000000,0x000000d956100000)]
  0x000002919ba93800 JavaThread "Handler for socket connection from /127.0.0.1:62178 to /127.0.0.1:62179" [_thread_in_native, id=4988, stack(0x000000d956100000,0x000000d956200000)]
  0x000002919c3bf800 JavaThread "Cancel handler" [_thread_blocked, id=3928, stack(0x000000d956300000,0x000000d956400000)]
  0x000002919c50c000 JavaThread "Daemon worker" [_thread_blocked, id=8188, stack(0x000000d956400000,0x000000d956500000)]
  0x000002919af41800 JavaThread "Asynchronous log dispatcher for DefaultDaemonConnection: socket connection from /127.0.0.1:62178 to /127.0.0.1:62179" [_thread_blocked, id=4128, stack(0x000000d956500000,0x000000d956600000)]
  0x000002919af42000 JavaThread "Stdin handler" [_thread_blocked, id=1820, stack(0x000000d956600000,0x000000d956700000)]
  0x000002919c4ff800 JavaThread "Thread-8" [_thread_blocked, id=13836, stack(0x000000d956700000,0x000000d956800000)]
  0x000002919c482000 JavaThread "Cache worker for file hash cache (C:\Users\Hp\.gradle\caches\6.7.1\fileHashes)" [_thread_blocked, id=13932, stack(0x000000d956a00000,0x000000d956b00000)]
  0x000002919c47f000 JavaThread "File lock request listener" [_thread_in_native, id=13796, stack(0x000000d956b00000,0x000000d956c00000)]
  0x000002919c483000 JavaThread "Cache worker for journal cache (C:\Users\Hp\.gradle\caches\journal-1)" [_thread_blocked, id=9480, stack(0x000000d956200000,0x000000d956300000)]
  0x000002919c365000 JavaThread "C2 CompilerThread1" daemon [_thread_blocked, id=1448, stack(0x000000d956c00000,0x000000d956d00000)]
  0x000002919c47e000 JavaThread "Cache worker for file hash cache (D:\AndroidNetworking\ASM\.gradle\6.7.1\fileHashes)" [_thread_blocked, id=4188, stack(0x000000d956d00000,0x000000d956e00000)]
  0x000002919c481800 JavaThread "Cache worker for checksums cache (D:\AndroidNetworking\ASM\.gradle\checksums)" [_thread_blocked, id=14176, stack(0x000000d956e00000,0x000000d956f00000)]
  0x000002919c47d800 JavaThread "Cache worker for cache directory md-supplier (C:\Users\Hp\.gradle\caches\6.7.1\md-supplier)" [_thread_blocked, id=13952, stack(0x000000d956f00000,0x000000d957000000)]
  0x000002919c480800 JavaThread "Cache worker for cache directory md-rule (C:\Users\Hp\.gradle\caches\6.7.1\md-rule)" [_thread_blocked, id=10956, stack(0x000000d957000000,0x000000d957100000)]
  0x000002919c47f800 JavaThread "Cache worker for execution history cache (C:\Users\Hp\.gradle\caches\6.7.1\executionHistory)" [_thread_blocked, id=8356, stack(0x000000d957100000,0x000000d957200000)]
  0x000002919c484000 JavaThread "jar transforms" [_thread_blocked, id=11784, stack(0x000000d957200000,0x000000d957300000)]
  0x000002919fe04000 JavaThread "Cache worker for file content cache (C:\Users\Hp\.gradle\caches\6.7.1\fileContent)" [_thread_blocked, id=4068, stack(0x000000d957300000,0x000000d957400000)]
  0x000002919fe00000 JavaThread "Cache worker for Build Output Cleanup Cache (D:\AndroidNetworking\ASM\.gradle\buildOutputCleanup)" [_thread_blocked, id=14056, stack(0x000000d957400000,0x000000d957500000)]
  0x000002919fe03800 JavaThread "Build operations" [_thread_blocked, id=9916, stack(0x000000d957500000,0x000000d957600000)]
  0x000002919fe05000 JavaThread "Build operations Thread 2" [_thread_blocked, id=3544, stack(0x000000d957600000,0x000000d957700000)]
  0x000002919fe05800 JavaThread "Build operations Thread 3" [_thread_blocked, id=3268, stack(0x000000d957700000,0x000000d957800000)]
  0x000002919fe01800 JavaThread "Build operations Thread 4" [_thread_blocked, id=7788, stack(0x000000d957800000,0x000000d957900000)]
  0x000002919fe06800 JavaThread "jar transforms Thread 2" [_thread_blocked, id=14428, stack(0x000000d957900000,0x000000d957a00000)]
  0x000002919fe07800 JavaThread "jar transforms Thread 3" [_thread_blocked, id=1968, stack(0x000000d957a00000,0x000000d957b00000)]
  0x000002919fe08000 JavaThread "jar transforms Thread 4" [_thread_blocked, id=13100, stack(0x000000d957b00000,0x000000d957c00000)]
  0x000002919fe02800 JavaThread "jar transforms Thread 5" [_thread_blocked, id=8668, stack(0x000000d957c00000,0x000000d957d00000)]
  0x000002919fe0d000 JavaThread "jar transforms Thread 6" [_thread_blocked, id=11004, stack(0x000000d957d00000,0x000000d957e00000)]
  0x000002919fe0b800 JavaThread "jar transforms Thread 7" [_thread_blocked, id=3804, stack(0x000000d957e00000,0x000000d957f00000)]
  0x000002919fe0c000 JavaThread "jar transforms Thread 8" [_thread_blocked, id=15036, stack(0x000000d957f00000,0x000000d958000000)]
  0x000002919fe0e000 JavaThread "jar transforms Thread 9" [_thread_blocked, id=10840, stack(0x000000d958000000,0x000000d958100000)]
  0x000002919fe0e800 JavaThread "jar transforms Thread 10" [_thread_blocked, id=4372, stack(0x000000d958100000,0x000000d958200000)]
  0x000002919fe09000 JavaThread "jar transforms Thread 11" [_thread_blocked, id=5248, stack(0x000000d958200000,0x000000d958300000)]
  0x000002919fe0a000 JavaThread "jar transforms Thread 12" [_thread_blocked, id=4000, stack(0x000000d958300000,0x000000d958400000)]
  0x000002919fe0a800 JavaThread "jar transforms Thread 13" [_thread_blocked, id=14724, stack(0x000000d958400000,0x000000d958500000)]
  0x000002919fe7a800 JavaThread "jar transforms Thread 14" [_thread_blocked, id=11012, stack(0x000000d958500000,0x000000d958600000)]
  0x000002919fe79800 JavaThread "jar transforms Thread 15" [_thread_blocked, id=13272, stack(0x000000d958600000,0x000000d958700000)]
  0x000002919fe7c000 JavaThread "jar transforms Thread 16" [_thread_blocked, id=2420, stack(0x000000d958700000,0x000000d958800000)]
  0x000002919fe7d800 JavaThread "jar transforms Thread 17" [_thread_blocked, id=9660, stack(0x000000d958800000,0x000000d958900000)]
  0x000002919fe81000 JavaThread "jar transforms Thread 18" [_thread_blocked, id=11128, stack(0x000000d958900000,0x000000d958a00000)]
  0x000002919fe7b000 JavaThread "jar transforms Thread 19" [_thread_blocked, id=2668, stack(0x000000d958a00000,0x000000d958b00000)]
  0x000002919fe7f800 JavaThread "jar transforms Thread 20" [_thread_blocked, id=13436, stack(0x000000d958b00000,0x000000d958c00000)]
  0x000002919fe7e800 JavaThread "jar transforms Thread 21" [_thread_blocked, id=9100, stack(0x000000d958c00000,0x000000d958d00000)]
  0x000002919fe80000 JavaThread "jar transforms Thread 22" [_thread_blocked, id=12948, stack(0x000000d958d00000,0x000000d958e00000)]
  0x000002919fe82000 JavaThread "jar transforms Thread 23" [_thread_blocked, id=9880, stack(0x000000d958e00000,0x000000d958f00000)]
  0x000002919fe82800 JavaThread "jar transforms Thread 24" [_thread_blocked, id=12116, stack(0x000000d958f00000,0x000000d959000000)]
  0x000002919fe7d000 JavaThread "jar transforms Thread 25" [_thread_blocked, id=932, stack(0x000000d959000000,0x000000d959100000)]
  0x000002919fe88800 JavaThread "jar transforms Thread 26" [_thread_blocked, id=8796, stack(0x000000d959100000,0x000000d959200000)]
  0x000002919fe83800 JavaThread "jar transforms Thread 27" [_thread_blocked, id=14612, stack(0x000000d959200000,0x000000d959300000)]
  0x000002919fe84000 JavaThread "jar transforms Thread 28" [_thread_blocked, id=2624, stack(0x000000d959300000,0x000000d959400000)]
  0x000002919fe85000 JavaThread "jar transforms Thread 29" [_thread_blocked, id=14240, stack(0x000000d959400000,0x000000d959500000)]
  0x000002919fe86000 JavaThread "jar transforms Thread 30" [_thread_blocked, id=9240, stack(0x000000d959500000,0x000000d959600000)]
  0x000002919fe86800 JavaThread "jar transforms Thread 31" [_thread_blocked, id=9508, stack(0x000000d959600000,0x000000d959700000)]
  0x000002919fe87800 JavaThread "jar transforms Thread 32" [_thread_blocked, id=1264, stack(0x000000d959700000,0x000000d959800000)]
  0x000002919e819800 JavaThread "jar transforms Thread 33" [_thread_blocked, id=12732, stack(0x000000d959800000,0x000000d959900000)]
  0x000002919e816000 JavaThread "jar transforms Thread 34" [_thread_blocked, id=13704, stack(0x000000d959900000,0x000000d959a00000)]
  0x000002919e81a000 JavaThread "jar transforms Thread 35" [_thread_blocked, id=9604, stack(0x000000d959a00000,0x000000d959b00000)]
  0x000002919e818800 JavaThread "jar transforms Thread 36" [_thread_blocked, id=11160, stack(0x000000d959b00000,0x000000d959c00000)]
  0x000002919e817000 JavaThread "jar transforms Thread 37" [_thread_blocked, id=9404, stack(0x000000d959c00000,0x000000d959d00000)]
  0x000002919e81b000 JavaThread "jar transforms Thread 38" [_thread_blocked, id=12144, stack(0x000000d959d00000,0x000000d959e00000)]
  0x000002919e81c000 JavaThread "jar transforms Thread 39" [_thread_blocked, id=2184, stack(0x000000d959e00000,0x000000d959f00000)]
  0x000002919e81c800 JavaThread "jar transforms Thread 40" [_thread_blocked, id=10536, stack(0x000000d959f00000,0x000000d95a000000)]
  0x000002919e81d800 JavaThread "jar transforms Thread 41" [_thread_blocked, id=7748, stack(0x000000d95a000000,0x000000d95a100000)]
  0x000002919e817800 JavaThread "jar transforms Thread 42" [_thread_blocked, id=13808, stack(0x000000d95a100000,0x000000d95a200000)]
  0x000002919e822800 JavaThread "jar transforms Thread 43" [_thread_blocked, id=5344, stack(0x000000d95a200000,0x000000d95a300000)]
  0x000002919e81f000 JavaThread "jar transforms Thread 44" [_thread_blocked, id=10356, stack(0x000000d95a300000,0x000000d95a400000)]
  0x000002919e820000 JavaThread "jar transforms Thread 45" [_thread_blocked, id=2980, stack(0x000000d95a400000,0x000000d95a500000)]
  0x000002919e823000 JavaThread "jar transforms Thread 46" [_thread_blocked, id=12768, stack(0x000000d95a500000,0x000000d95a600000)]
  0x000002919e824000 JavaThread "jar transforms Thread 47" [_thread_blocked, id=11680, stack(0x000000d95a600000,0x000000d95a700000)]
  0x000002919e81e000 JavaThread "jar transforms Thread 48" [_thread_blocked, id=12660, stack(0x000000d95a700000,0x000000d95a800000)]
  0x000002919e820800 JavaThread "jar transforms Thread 49" [_thread_blocked, id=5180, stack(0x000000d95a800000,0x000000d95a900000)]
  0x000002919e825000 JavaThread "jar transforms Thread 50" [_thread_blocked, id=9716, stack(0x000000d95a900000,0x000000d95aa00000)]
  0x000002919e821800 JavaThread "jar transforms Thread 51" [_thread_blocked, id=4896, stack(0x000000d95aa00000,0x000000d95ab00000)]
  0x000002919fa9d000 JavaThread "jar transforms Thread 52" [_thread_blocked, id=12188, stack(0x000000d95ab00000,0x000000d95ac00000)]
  0x000002919fa9c800 JavaThread "jar transforms Thread 53" [_thread_blocked, id=10224, stack(0x000000d95ac00000,0x000000d95ad00000)]
  0x000002919fa99000 JavaThread "jar transforms Thread 54" [_thread_blocked, id=9396, stack(0x000000d95ad00000,0x000000d95ae00000)]
  0x000002919fa98800 JavaThread "jar transforms Thread 55" [_thread_blocked, id=8864, stack(0x000000d95ae00000,0x000000d95af00000)]
  0x000002919fa9e000 JavaThread "jar transforms Thread 56" [_thread_blocked, id=13148, stack(0x000000d95af00000,0x000000d95b000000)]
  0x000002919fa9f000 JavaThread "jar transforms Thread 57" [_thread_blocked, id=15076, stack(0x000000d95b000000,0x000000d95b100000)]
  0x000002919fa9b800 JavaThread "jar transforms Thread 58" [_thread_blocked, id=12940, stack(0x000000d95b100000,0x000000d95b200000)]
  0x000002919fa9f800 JavaThread "jar transforms Thread 59" [_thread_blocked, id=13776, stack(0x000000d95b200000,0x000000d95b300000)]
  0x000002919fa9a000 JavaThread "jar transforms Thread 60" [_thread_blocked, id=10552, stack(0x000000d95b300000,0x000000d95b400000)]
  0x000002919faa0800 JavaThread "jar transforms Thread 61" [_thread_blocked, id=9236, stack(0x000000d95b400000,0x000000d95b500000)]
  0x000002919fa9b000 JavaThread "jar transforms Thread 62" [_thread_blocked, id=3496, stack(0x000000d95b500000,0x000000d95b600000)]
  0x000002919faa3000 JavaThread "jar transforms Thread 63" [_thread_blocked, id=12268, stack(0x000000d95b600000,0x000000d95b700000)]
  0x000002919faa7000 JavaThread "jar transforms Thread 64" [_thread_blocked, id=9468, stack(0x000000d95b700000,0x000000d95b800000)]
  0x000002919faa6000 JavaThread "jar transforms Thread 65" [_thread_blocked, id=1832, stack(0x000000d95b800000,0x000000d95b900000)]
  0x000002919faa5800 JavaThread "jar transforms Thread 66" [_thread_blocked, id=5640, stack(0x000000d95b900000,0x000000d95ba00000)]
  0x000002919faa1800 JavaThread "jar transforms Thread 67" [_thread_blocked, id=14024, stack(0x000000d95ba00000,0x000000d95bb00000)]
  0x000002919faa4000 JavaThread "jar transforms Thread 68" [_thread_blocked, id=9420, stack(0x000000d95bb00000,0x000000d95bc00000)]
  0x000002919faa4800 JavaThread "jar transforms Thread 69" [_thread_blocked, id=4284, stack(0x000000d95bc00000,0x000000d95bd00000)]
  0x000002919faa2000 JavaThread "jar transforms Thread 70" [_thread_blocked, id=3128, stack(0x000000d95bd00000,0x000000d95be00000)]
  0x000002919b07d000 JavaThread "jar transforms Thread 71" [_thread_blocked, id=1148, stack(0x000000d95be00000,0x000000d95bf00000)]
  0x000002919b07c000 JavaThread "jar transforms Thread 72" [_thread_blocked, id=9128, stack(0x000000d95bf00000,0x000000d95c000000)]
  0x000002919b07b000 JavaThread "jar transforms Thread 73" [_thread_blocked, id=9776, stack(0x000000d95c000000,0x000000d95c100000)]
  0x000002919b079800 JavaThread "jar transforms Thread 74" [_thread_blocked, id=15048, stack(0x000000d95c100000,0x000000d95c200000)]
  0x000002919b077000 JavaThread "jar transforms Thread 75" [_thread_blocked, id=11748, stack(0x000000d95c200000,0x000000d95c300000)]
  0x000002919b07d800 JavaThread "jar transforms Thread 76" [_thread_blocked, id=1828, stack(0x000000d95c300000,0x000000d95c400000)]
  0x000002919b078000 JavaThread "jar transforms Thread 77" [_thread_blocked, id=11908, stack(0x000000d95c400000,0x000000d95c500000)]
  0x000002919b07a800 JavaThread "jar transforms Thread 78" [_thread_blocked, id=13296, stack(0x000000d95c500000,0x000000d95c600000)]
  0x000002919b07e800 JavaThread "jar transforms Thread 79" [_thread_blocked, id=10972, stack(0x000000d95c600000,0x000000d95c700000)]
  0x000002919b079000 JavaThread "jar transforms Thread 80" [_thread_blocked, id=12520, stack(0x000000d95c700000,0x000000d95c800000)]
  0x000002919b084000 JavaThread "jar transforms Thread 81" [_thread_blocked, id=14072, stack(0x000000d95c800000,0x000000d95c900000)]
  0x000002919b07f800 JavaThread "jar transforms Thread 82" [_thread_blocked, id=10188, stack(0x000000d95c900000,0x000000d95ca00000)]
  0x000002919b085000 JavaThread "jar transforms Thread 83" [_thread_blocked, id=1256, stack(0x000000d95ca00000,0x000000d95cb00000)]
  0x000002919b080000 JavaThread "jar transforms Thread 84" [_thread_blocked, id=13016, stack(0x000000d95cb00000,0x000000d95cc00000)]
  0x000002919b081000 JavaThread "jar transforms Thread 85" [_thread_blocked, id=10400, stack(0x000000d95cc00000,0x000000d95cd00000)]
  0x000002919b086000 JavaThread "jar transforms Thread 86" [_thread_blocked, id=10788, stack(0x000000d95cd00000,0x000000d95ce00000)]
  0x000002919b082000 JavaThread "jar transforms Thread 87" [_thread_blocked, id=5988, stack(0x000000d95ce00000,0x000000d95cf00000)]
  0x000002919b082800 JavaThread "jar transforms Thread 88" [_thread_blocked, id=4560, stack(0x000000d95cf00000,0x000000d95d000000)]
  0x000002919b083800 JavaThread "jar transforms Thread 89" [_thread_blocked, id=2120, stack(0x000000d95d000000,0x000000d95d100000)]
  0x000002919fe56800 JavaThread "jar transforms Thread 90" [_thread_blocked, id=4092, stack(0x000000d95d100000,0x000000d95d200000)]
  0x000002919fe57000 JavaThread "jar transforms Thread 91" [_thread_blocked, id=956, stack(0x000000d95d200000,0x000000d95d300000)]
  0x000002919fe55800 JavaThread "jar transforms Thread 92" [_thread_blocked, id=12164, stack(0x000000d95d300000,0x000000d95d400000)]
  0x000002919fe51800 JavaThread "jar transforms Thread 93" [_thread_blocked, id=11824, stack(0x000000d95d400000,0x000000d95d500000)]
  0x000002919fe58000 JavaThread "jar transforms Thread 94" [_thread_blocked, id=7944, stack(0x000000d95d500000,0x000000d95d600000)]
  0x000002919fe54000 JavaThread "jar transforms Thread 95" [_thread_blocked, id=9580, stack(0x000000d95d600000,0x000000d95d700000)]
  0x000002919fe52800 JavaThread "jar transforms Thread 96" [_thread_blocked, id=8812, stack(0x000000d95d700000,0x000000d95d800000)]
  0x000002919fe54800 JavaThread "jar transforms Thread 97" [_thread_blocked, id=6192, stack(0x000000d95d800000,0x000000d95d900000)]
  0x000002919fe59000 JavaThread "Memory manager" [_thread_blocked, id=2324, stack(0x000000d95d900000,0x000000d95da00000)]
  0x000002919fe53000 JavaThread "build event listener" [_thread_blocked, id=3584, stack(0x000000d95da00000,0x000000d95db00000)]
  0x000002919fe5e800 JavaThread "build event listener" [_thread_blocked, id=2304, stack(0x000000d95db00000,0x000000d95dc00000)]
  0x000002919fe5b800 JavaThread "Execution worker for ':'" [_thread_blocked, id=14076, stack(0x000000d95dc00000,0x000000d95dd00000)]
  0x000002919fe5d000 JavaThread "Execution worker for ':' Thread 2" [_thread_blocked, id=5608, stack(0x000000d95dd00000,0x000000d95de00000)]
  0x000002919fe5f800 JavaThread "Execution worker for ':' Thread 3" [_thread_blocked, id=1388, stack(0x000000d95de00000,0x000000d95df00000)]
  0x000002919fe5a800 JavaThread "Cache worker for execution history cache (D:\AndroidNetworking\ASM\.gradle\6.7.1\executionHistory)" [_thread_blocked, id=8556, stack(0x000000d95df00000,0x000000d95e000000)]
  0x000002919fe59800 JavaThread "WorkerExecutor Queue" [_thread_blocked, id=11568, stack(0x000000d95e000000,0x000000d95e100000)]
  0x000002919fe5d800 JavaThread "WorkerExecutor Queue Thread 2" [_thread_blocked, id=8160, stack(0x000000d95e100000,0x000000d95e200000)]
  0x000002919fe60000 JavaThread "pool-4-thread-1" [_thread_blocked, id=14420, stack(0x000000d95e200000,0x000000d95e300000)]
  0x000002919fe5c000 JavaThread "WorkerExecutor Queue Thread 3" [_thread_blocked, id=6824, stack(0x000000d95e300000,0x000000d95e400000)]
  0x000002919fa45800 JavaThread "WorkerExecutor Queue Thread 5" [_thread_blocked, id=4408, stack(0x000000d95e500000,0x000000d95e600000)]
  0x000002919fa49000 JavaThread "stderr" [_thread_in_native, id=3952, stack(0x000000d95e600000,0x000000d95e700000)]
  0x000002919fa44000 JavaThread "stdout" [_thread_in_native, id=10432, stack(0x000000d95e700000,0x000000d95e800000)]
  0x000002919fa45000 JavaThread "ForkJoinPool-1-worker-3" daemon [_thread_blocked, id=14740, stack(0x000000d95e800000,0x000000d95e900000)]
  0x000002919fa47000 JavaThread "ForkJoinPool-1-worker-5" daemon [_thread_blocked, id=9596, stack(0x000000d95e900000,0x000000d95ea00000)]
  0x000002919fa4a800 JavaThread "ForkJoinPool-1-worker-7" daemon [_thread_blocked, id=13548, stack(0x000000d95ea00000,0x000000d95eb00000)]
  0x000002919fa49800 JavaThread "ForkJoinPool-1-worker-1" daemon [_thread_blocked, id=13644, stack(0x000000d95eb00000,0x000000d95ec00000)]

Other Threads:
=>0x000002919986a000 VMThread "VM Thread" [stack: 0x000000d954f00000,0x000000d955000000] [id=5188]
  0x000002919a352800 WatcherThread [stack: 0x000000d955900000,0x000000d955a00000] [id=14628]
  0x00000291fde98800 GCTaskThread "GC Thread#0" [stack: 0x000000d954a00000,0x000000d954b00000] [id=12820]
  0x000002919acc6800 GCTaskThread "GC Thread#1" [stack: 0x000000d955b00000,0x000000d955c00000] [id=5404]
  0x000002919b8f7800 GCTaskThread "GC Thread#2" [stack: 0x000000d956800000,0x000000d956900000] [id=12504]
  0x000002919b34d800 GCTaskThread "GC Thread#3" [stack: 0x000000d956900000,0x000000d956a00000] [id=1840]
  0x00000291fdec8000 ConcurrentGCThread "G1 Main Marker" [stack: 0x000000d954b00000,0x000000d954c00000] [id=9752]
  0x00000291fdec9800 ConcurrentGCThread "G1 Conc#0" [stack: 0x000000d954c00000,0x000000d954d00000] [id=14708]
  0x00000291fdf5b000 ConcurrentGCThread "G1 Refine#0" [stack: 0x000000d954d00000,0x000000d954e00000] [id=14992]
  0x000002919c85a800 ConcurrentGCThread "G1 Refine#1" [stack: 0x000000d95ec00000,0x000000d95ed00000] [id=15080]
  0x000002919c85f000 ConcurrentGCThread "G1 Refine#2" [stack: 0x000000d95ed00000,0x000000d95ee00000] [id=15084]
  0x000002919c859000 ConcurrentGCThread "G1 Refine#3" [stack: 0x000000d95ee00000,0x000000d95ef00000] [id=12140]
  0x00000291fdf5c000 ConcurrentGCThread "G1 Young RemSet Sampling" [stack: 0x000000d954e00000,0x000000d954f00000] [id=12604]

Threads with active compile tasks:
C2 CompilerThread0  15847 9842 %     4       com.android.tools.r8.dex.n::a @ 315 (913 bytes)
C2 CompilerThread1  15847 10100 %     4       com.android.tools.r8.code.x1::a @ 20 (4137 bytes)

VM state:at safepoint (normal execution)

VM Mutex/Monitor currently owned by a thread:  ([mutex/lock_event])
[0x00000291fde7a040] Threads_lock - owner thread: 0x000002919986a000
[0x00000291fde7a160] Heap_lock - owner thread: 0x000002919fa45800

Heap address: 0x0000000080000000, size: 2048 MB, Compressed Oops mode: 32-bit
Narrow klass base: 0x0000000000000000, Narrow klass shift: 3
Compressed class space size: 1073741824 Address: 0x0000000100000000

Heap:
 garbage-first heap   total 273408K, used 133560K [0x0000000080000000, 0x0000000100000000)
  region size 1024K, 5 young (5120K), 5 survivors (5120K)
 Metaspace       used 88454K, capacity 90617K, committed 90700K, reserved 1128448K
  class space    used 11574K, capacity 12343K, committed 12364K, reserved 1048576K
Heap Regions: E=young(eden), S=young(survivor), O=old, HS=humongous(starts), HC=humongous(continues), CS=collection set, F=free, A=archive, TAMS=top-at-mark-start (previous, next)
|   0|0x0000000080000000, 0x0000000080100000, 0x0000000080100000|100%| O|  |TAMS 0x0000000080100000, 0x0000000080100000| Untracked 
|   1|0x0000000080100000, 0x0000000080200000, 0x0000000080200000|100%| O|  |TAMS 0x0000000080200000, 0x0000000080200000| Untracked 
|   2|0x0000000080200000, 0x0000000080300000, 0x0000000080300000|100%| O|  |TAMS 0x0000000080300000, 0x0000000080300000| Untracked 
|   3|0x0000000080300000, 0x0000000080400000, 0x0000000080400000|100%|HS|  |TAMS 0x0000000080400000, 0x0000000080400000| Complete 
|   4|0x0000000080400000, 0x0000000080500000, 0x0000000080500000|100%|HC|  |TAMS 0x0000000080500000, 0x0000000080500000| Complete 
|   5|0x0000000080500000, 0x0000000080600000, 0x0000000080600000|100%|HC|  |TAMS 0x0000000080600000, 0x0000000080600000| Complete 
|   6|0x0000000080600000, 0x0000000080700000, 0x0000000080700000|100%| O|  |TAMS 0x0000000080700000, 0x0000000080700000| Untracked 
|   7|0x0000000080700000, 0x0000000080800000, 0x0000000080800000|100%| O|  |TAMS 0x0000000080800000, 0x0000000080800000| Untracked 
|   8|0x0000000080800000, 0x0000000080900000, 0x0000000080900000|100%| O|  |TAMS 0x0000000080900000, 0x0000000080900000| Untracked 
|   9|0x0000000080900000, 0x0000000080a00000, 0x0000000080a00000|100%| O|  |TAMS 0x0000000080a00000, 0x0000000080a00000| Untracked 
|  10|0x0000000080a00000, 0x0000000080b00000, 0x0000000080b00000|100%| O|  |TAMS 0x0000000080b00000, 0x0000000080b00000| Untracked 
|  11|0x0000000080b00000, 0x0000000080c00000, 0x0000000080c00000|100%| O|  |TAMS 0x0000000080c00000, 0x0000000080c00000| Untracked 
|  12|0x0000000080c00000, 0x0000000080d00000, 0x0000000080d00000|100%| O|  |TAMS 0x0000000080d00000, 0x0000000080d00000| Untracked 
|  13|0x0000000080d00000, 0x0000000080e00000, 0x0000000080e00000|100%| O|  |TAMS 0x0000000080e00000, 0x0000000080e00000| Untracked 
|  14|0x0000000080e00000, 0x0000000080f00000, 0x0000000080f00000|100%| O|  |TAMS 0x0000000080f00000, 0x0000000080f00000| Untracked 
|  15|0x0000000080f00000, 0x0000000081000000, 0x0000000081000000|100%| O|  |TAMS 0x0000000081000000, 0x0000000081000000| Untracked 
|  16|0x0000000081000000, 0x0000000081100000, 0x0000000081100000|100%|HS|  |TAMS 0x0000000081100000, 0x0000000081100000| Complete 
|  17|0x0000000081100000, 0x0000000081200000, 0x0000000081200000|100%|HS|  |TAMS 0x0000000081200000, 0x0000000081200000| Complete 
|  18|0x0000000081200000, 0x0000000081300000, 0x0000000081300000|100%|HC|  |TAMS 0x0000000081300000, 0x0000000081300000| Complete 
|  19|0x0000000081300000, 0x0000000081400000, 0x0000000081400000|100%| O|  |TAMS 0x0000000081400000, 0x0000000081400000| Untracked 
|  20|0x0000000081400000, 0x0000000081500000, 0x0000000081500000|100%| O|  |TAMS 0x0000000081500000, 0x0000000081500000| Untracked 
|  21|0x0000000081500000, 0x0000000081600000, 0x0000000081600000|100%| O|  |TAMS 0x0000000081600000, 0x0000000081600000| Untracked 
|  22|0x0000000081600000, 0x0000000081700000, 0x0000000081700000|100%| O|  |TAMS 0x0000000081700000, 0x0000000081700000| Untracked 
|  23|0x0000000081700000, 0x0000000081800000, 0x0000000081800000|100%| O|  |TAMS 0x0000000081800000, 0x0000000081800000| Untracked 
|  24|0x0000000081800000, 0x0000000081900000, 0x0000000081900000|100%| O|  |TAMS 0x0000000081900000, 0x0000000081900000| Untracked 
|  25|0x0000000081900000, 0x0000000081a00000, 0x0000000081a00000|100%| O|  |TAMS 0x0000000081a00000, 0x0000000081a00000| Untracked 
|  26|0x0000000081a00000, 0x0000000081b00000, 0x0000000081b00000|100%| O|  |TAMS 0x0000000081b00000, 0x0000000081b00000| Untracked 
|  27|0x0000000081b00000, 0x0000000081c00000, 0x0000000081c00000|100%| O|  |TAMS 0x0000000081c00000, 0x0000000081c00000| Untracked 
|  28|0x0000000081c00000, 0x0000000081d00000, 0x0000000081d00000|100%| O|  |TAMS 0x0000000081d00000, 0x0000000081d00000| Untracked 
|  29|0x0000000081d00000, 0x0000000081e00000, 0x0000000081e00000|100%| O|  |TAMS 0x0000000081e00000, 0x0000000081e00000| Untracked 
|  30|0x0000000081e00000, 0x0000000081f00000, 0x0000000081f00000|100%| O|  |TAMS 0x0000000081f00000, 0x0000000081f00000| Untracked 
|  31|0x0000000081f00000, 0x0000000082000000, 0x0000000082000000|100%| O|  |TAMS 0x0000000082000000, 0x0000000082000000| Untracked 
|  32|0x0000000082000000, 0x0000000082100000, 0x0000000082100000|100%| O|  |TAMS 0x0000000082100000, 0x0000000082100000| Untracked 
|  33|0x0000000082100000, 0x0000000082200000, 0x0000000082200000|100%| O|  |TAMS 0x0000000082200000, 0x0000000082200000| Untracked 
|  34|0x0000000082200000, 0x0000000082300000, 0x0000000082300000|100%| O|  |TAMS 0x0000000082300000, 0x0000000082300000| Untracked 
|  35|0x0000000082300000, 0x0000000082400000, 0x0000000082400000|100%| O|  |TAMS 0x0000000082400000, 0x0000000082400000| Untracked 
|  36|0x0000000082400000, 0x0000000082500000, 0x0000000082500000|100%| O|  |TAMS 0x0000000082500000, 0x0000000082500000| Untracked 
|  37|0x0000000082500000, 0x0000000082600000, 0x0000000082600000|100%| O|  |TAMS 0x0000000082600000, 0x0000000082600000| Untracked 
|  38|0x0000000082600000, 0x0000000082700000, 0x0000000082700000|100%| O|  |TAMS 0x0000000082600000, 0x0000000082700000| Untracked 
|  39|0x0000000082700000, 0x0000000082800000, 0x0000000082800000|100%| O|  |TAMS 0x0000000082700000, 0x0000000082800000| Untracked 
|  40|0x0000000082800000, 0x0000000082900000, 0x0000000082900000|100%| O|  |TAMS 0x0000000082800000, 0x0000000082900000| Untracked 
|  41|0x0000000082900000, 0x0000000082a00000, 0x0000000082a00000|100%| O|  |TAMS 0x0000000082900000, 0x0000000082a00000| Untracked 
|  42|0x0000000082a00000, 0x0000000082b00000, 0x0000000082b00000|100%| O|  |TAMS 0x0000000082a00000, 0x0000000082b00000| Untracked 
|  43|0x0000000082b00000, 0x0000000082c00000, 0x0000000082c00000|100%| O|  |TAMS 0x0000000082b00000, 0x0000000082c00000| Untracked 
|  44|0x0000000082c00000, 0x0000000082d00000, 0x0000000082d00000|100%| O|  |TAMS 0x0000000082c00000, 0x0000000082d00000| Untracked 
|  45|0x0000000082d00000, 0x0000000082e00000, 0x0000000082e00000|100%| O|  |TAMS 0x0000000082d00000, 0x0000000082e00000| Untracked 
|  46|0x0000000082e00000, 0x0000000082f00000, 0x0000000082f00000|100%| O|  |TAMS 0x0000000082e00000, 0x0000000082f00000| Untracked 
|  47|0x0000000082f00000, 0x0000000083000000, 0x0000000083000000|100%| O|  |TAMS 0x0000000082f00000, 0x0000000083000000| Untracked 
|  48|0x0000000083000000, 0x0000000083100000, 0x0000000083100000|100%| O|  |TAMS 0x0000000083000000, 0x0000000083100000| Untracked 
|  49|0x0000000083100000, 0x0000000083200000, 0x0000000083200000|100%| O|  |TAMS 0x0000000083100000, 0x0000000083200000| Untracked 
|  50|0x0000000083200000, 0x0000000083300000, 0x0000000083300000|100%| O|  |TAMS 0x0000000083200000, 0x0000000083300000| Untracked 
|  51|0x0000000083300000, 0x0000000083400000, 0x0000000083400000|100%| O|  |TAMS 0x0000000083300000, 0x0000000083400000| Untracked 
|  52|0x0000000083400000, 0x0000000083500000, 0x0000000083500000|100%| O|  |TAMS 0x0000000083400000, 0x0000000083500000| Untracked 
|  53|0x0000000083500000, 0x0000000083600000, 0x0000000083600000|100%| O|  |TAMS 0x0000000083500000, 0x0000000083600000| Untracked 
|  54|0x0000000083600000, 0x0000000083700000, 0x0000000083700000|100%| O|  |TAMS 0x0000000083600000, 0x0000000083700000| Untracked 
|  55|0x0000000083700000, 0x0000000083800000, 0x0000000083800000|100%|HS|  |TAMS 0x0000000083700000, 0x0000000083800000| Complete 
|  56|0x0000000083800000, 0x0000000083900000, 0x0000000083900000|100%|HC|  |TAMS 0x0000000083800000, 0x0000000083900000| Complete 
|  57|0x0000000083900000, 0x0000000083a00000, 0x0000000083a00000|100%|HS|  |TAMS 0x0000000083900000, 0x0000000083a00000| Complete 
|  58|0x0000000083a00000, 0x0000000083b00000, 0x0000000083b00000|100%|HS|  |TAMS 0x0000000083a00000, 0x0000000083b00000| Complete 
|  59|0x0000000083b00000, 0x0000000083c00000, 0x0000000083c00000|100%|HS|  |TAMS 0x0000000083b00000, 0x0000000083c00000| Complete 
|  60|0x0000000083c00000, 0x0000000083d00000, 0x0000000083d00000|100%| O|  |TAMS 0x0000000083c00000, 0x0000000083d00000| Untracked 
|  61|0x0000000083d00000, 0x0000000083e00000, 0x0000000083e00000|100%| O|  |TAMS 0x0000000083d00000, 0x0000000083e00000| Untracked 
|  62|0x0000000083e00000, 0x0000000083f00000, 0x0000000083f00000|100%|HS|  |TAMS 0x0000000083e00000, 0x0000000083f00000| Complete 
|  63|0x0000000083f00000, 0x0000000084000000, 0x0000000084000000|100%|HC|  |TAMS 0x0000000083f00000, 0x0000000084000000| Complete 
|  64|0x0000000084000000, 0x0000000084100000, 0x0000000084100000|100%| O|  |TAMS 0x0000000084000000, 0x0000000084100000| Untracked 
|  65|0x0000000084100000, 0x0000000084200000, 0x0000000084200000|100%|HS|  |TAMS 0x0000000084100000, 0x0000000084200000| Complete 
|  66|0x0000000084200000, 0x0000000084300000, 0x0000000084300000|100%| O|  |TAMS 0x0000000084200000, 0x0000000084300000| Untracked 
|  67|0x0000000084300000, 0x0000000084400000, 0x0000000084400000|100%|HS|  |TAMS 0x0000000084300000, 0x0000000084400000| Complete 
|  68|0x0000000084400000, 0x0000000084500000, 0x0000000084500000|100%| O|  |TAMS 0x0000000084400000, 0x0000000084500000| Untracked 
|  69|0x0000000084500000, 0x0000000084600000, 0x0000000084600000|100%|HS|  |TAMS 0x0000000084500000, 0x0000000084600000| Complete 
|  70|0x0000000084600000, 0x0000000084700000, 0x0000000084700000|100%| O|  |TAMS 0x0000000084600000, 0x0000000084700000| Untracked 
|  71|0x0000000084700000, 0x0000000084800000, 0x0000000084800000|100%| O|  |TAMS 0x0000000084700000, 0x0000000084800000| Untracked 
|  72|0x0000000084800000, 0x0000000084900000, 0x0000000084900000|100%| O|  |TAMS 0x0000000084800000, 0x0000000084900000| Untracked 
|  73|0x0000000084900000, 0x0000000084a00000, 0x0000000084a00000|100%| O|  |TAMS 0x0000000084900000, 0x0000000084a00000| Untracked 
|  74|0x0000000084a00000, 0x0000000084b00000, 0x0000000084b00000|100%| O|  |TAMS 0x0000000084a00000, 0x0000000084b00000| Untracked 
|  75|0x0000000084b00000, 0x0000000084c00000, 0x0000000084c00000|100%| O|  |TAMS 0x0000000084b00000, 0x0000000084c00000| Untracked 
|  76|0x0000000084c00000, 0x0000000084d00000, 0x0000000084d00000|100%| O|  |TAMS 0x0000000084c00000, 0x0000000084d00000| Untracked 
|  77|0x0000000084d00000, 0x0000000084e00000, 0x0000000084e00000|100%| O|  |TAMS 0x0000000084d00000, 0x0000000084e00000| Untracked 
|  78|0x0000000084e00000, 0x0000000084f00000, 0x0000000084f00000|100%| O|  |TAMS 0x0000000084e00000, 0x0000000084f00000| Untracked 
|  79|0x0000000084f00000, 0x0000000085000000, 0x0000000085000000|100%| O|  |TAMS 0x0000000084f00000, 0x0000000085000000| Untracked 
|  80|0x0000000085000000, 0x0000000085100000, 0x0000000085100000|100%| O|  |TAMS 0x0000000085000000, 0x0000000085100000| Untracked 
|  81|0x0000000085100000, 0x0000000085200000, 0x0000000085200000|100%| O|  |TAMS 0x0000000085100000, 0x0000000085200000| Untracked 
|  82|0x0000000085200000, 0x0000000085300000, 0x0000000085300000|100%| O|  |TAMS 0x0000000085200000, 0x0000000085300000| Untracked 
|  83|0x0000000085300000, 0x0000000085400000, 0x0000000085400000|100%| O|  |TAMS 0x0000000085300000, 0x0000000085400000| Untracked 
|  84|0x0000000085400000, 0x0000000085500000, 0x0000000085500000|100%| O|  |TAMS 0x0000000085400000, 0x0000000085500000| Untracked 
|  85|0x0000000085500000, 0x0000000085600000, 0x0000000085600000|100%| O|  |TAMS 0x0000000085500000, 0x0000000085600000| Untracked 
|  86|0x0000000085600000, 0x0000000085700000, 0x0000000085700000|100%| O|  |TAMS 0x0000000085600000, 0x0000000085700000| Untracked 
|  87|0x0000000085700000, 0x0000000085800000, 0x0000000085800000|100%| O|  |TAMS 0x0000000085700000, 0x0000000085800000| Untracked 
|  88|0x0000000085800000, 0x0000000085900000, 0x0000000085900000|100%| O|  |TAMS 0x0000000085800000, 0x0000000085900000| Untracked 
|  89|0x0000000085900000, 0x0000000085a00000, 0x0000000085a00000|100%| O|  |TAMS 0x0000000085900000, 0x0000000085a00000| Untracked 
|  90|0x0000000085a00000, 0x0000000085b00000, 0x0000000085b00000|100%| O|  |TAMS 0x0000000085a00000, 0x0000000085b00000| Untracked 
|  91|0x0000000085b00000, 0x0000000085c00000, 0x0000000085c00000|100%| O|  |TAMS 0x0000000085b00000, 0x0000000085c00000| Untracked 
|  92|0x0000000085c00000, 0x0000000085d00000, 0x0000000085d00000|100%| O|  |TAMS 0x0000000085c00000, 0x0000000085d00000| Untracked 
|  93|0x0000000085d00000, 0x0000000085e00000, 0x0000000085e00000|100%| O|  |TAMS 0x0000000085d00000, 0x0000000085e00000| Untracked 
|  94|0x0000000085e00000, 0x0000000085f00000, 0x0000000085f00000|100%| O|  |TAMS 0x0000000085e00000, 0x0000000085f00000| Untracked 
|  95|0x0000000085f00000, 0x0000000086000000, 0x0000000086000000|100%| O|  |TAMS 0x0000000085f00000, 0x0000000086000000| Untracked 
|  96|0x0000000086000000, 0x0000000086100000, 0x0000000086100000|100%| O|  |TAMS 0x0000000086000000, 0x0000000086100000| Untracked 
|  97|0x0000000086100000, 0x0000000086200000, 0x0000000086200000|100%| O|  |TAMS 0x0000000086100000, 0x0000000086200000| Untracked 
|  98|0x0000000086200000, 0x0000000086300000, 0x0000000086300000|100%| O|  |TAMS 0x0000000086200000, 0x0000000086300000| Untracked 
|  99|0x0000000086300000, 0x0000000086400000, 0x0000000086400000|100%| O|  |TAMS 0x0000000086300000, 0x0000000086400000| Untracked 
| 100|0x0000000086400000, 0x0000000086500000, 0x0000000086500000|100%| O|  |TAMS 0x0000000086400000, 0x0000000086500000| Untracked 
| 101|0x0000000086500000, 0x0000000086600000, 0x0000000086600000|100%| O|  |TAMS 0x0000000086500000, 0x0000000086600000| Untracked 
| 102|0x0000000086600000, 0x0000000086700000, 0x0000000086700000|100%| O|  |TAMS 0x0000000086600000, 0x0000000086700000| Untracked 
| 103|0x0000000086700000, 0x0000000086700000, 0x0000000086800000|  0%| F|  |TAMS 0x0000000086700000, 0x0000000086700000| Untracked 
| 104|0x0000000086800000, 0x0000000086800000, 0x0000000086900000|  0%| F|  |TAMS 0x0000000086800000, 0x0000000086800000| Untracked 
| 105|0x0000000086900000, 0x0000000086900000, 0x0000000086a00000|  0%| F|  |TAMS 0x0000000086900000, 0x0000000086900000| Untracked 
| 106|0x0000000086a00000, 0x0000000086a00000, 0x0000000086b00000|  0%| F|  |TAMS 0x0000000086a00000, 0x0000000086a00000| Untracked 
| 107|0x0000000086b00000, 0x0000000086b00000, 0x0000000086c00000|  0%| F|  |TAMS 0x0000000086b00000, 0x0000000086b00000| Untracked 
| 108|0x0000000086c00000, 0x0000000086c00000, 0x0000000086d00000|  0%| F|  |TAMS 0x0000000086c00000, 0x0000000086c00000| Untracked 
| 109|0x0000000086d00000, 0x0000000086e00000, 0x0000000086e00000|100%| O|  |TAMS 0x0000000086d00000, 0x0000000086e00000| Untracked 
| 110|0x0000000086e00000, 0x0000000086f00000, 0x0000000086f00000|100%| O|  |TAMS 0x0000000086e00000, 0x0000000086f00000| Untracked 
| 111|0x0000000086f00000, 0x0000000087000000, 0x0000000087000000|100%| O|  |TAMS 0x0000000086f00000, 0x0000000087000000| Untracked 
| 112|0x0000000087000000, 0x0000000087100000, 0x0000000087100000|100%| O|  |TAMS 0x0000000087000000, 0x0000000087100000| Untracked 
| 113|0x0000000087100000, 0x0000000087200000, 0x0000000087200000|100%| O|  |TAMS 0x0000000087100000, 0x0000000087200000| Untracked 
| 114|0x0000000087200000, 0x0000000087300000, 0x0000000087300000|100%| O|  |TAMS 0x0000000087200000, 0x0000000087300000| Untracked 
| 115|0x0000000087300000, 0x0000000087400000, 0x0000000087400000|100%| O|  |TAMS 0x0000000087300000, 0x0000000087400000| Untracked 
| 116|0x0000000087400000, 0x0000000087500000, 0x0000000087500000|100%| O|  |TAMS 0x0000000087400000, 0x0000000087500000| Untracked 
| 117|0x0000000087500000, 0x0000000087600000, 0x0000000087600000|100%| O|  |TAMS 0x0000000087500000, 0x0000000087600000| Untracked 
| 118|0x0000000087600000, 0x0000000087700000, 0x0000000087700000|100%| O|  |TAMS 0x0000000087600000, 0x0000000087700000| Untracked 
| 119|0x0000000087700000, 0x0000000087800000, 0x0000000087800000|100%| O|  |TAMS 0x0000000087700000, 0x0000000087800000| Untracked 
| 120|0x0000000087800000, 0x0000000087900000, 0x0000000087900000|100%| O|  |TAMS 0x0000000087800000, 0x0000000087900000| Untracked 
| 121|0x0000000087900000, 0x0000000087a00000, 0x0000000087a00000|100%| O|  |TAMS 0x0000000087900000, 0x0000000087a00000| Untracked 
| 122|0x0000000087a00000, 0x0000000087b00000, 0x0000000087b00000|100%| O|  |TAMS 0x0000000087a00000, 0x0000000087b00000| Untracked 
| 123|0x0000000087b00000, 0x0000000087c00000, 0x0000000087c00000|100%| O|  |TAMS 0x0000000087b00000, 0x0000000087c00000| Untracked 
| 124|0x0000000087c00000, 0x0000000087d00000, 0x0000000087d00000|100%| O|  |TAMS 0x0000000087c00000, 0x0000000087d00000| Untracked 
| 125|0x0000000087d00000, 0x0000000087e00000, 0x0000000087e00000|100%| O|  |TAMS 0x0000000087d00000, 0x0000000087e00000| Untracked 
| 126|0x0000000087e00000, 0x0000000087f00000, 0x0000000087f00000|100%| O|  |TAMS 0x0000000087e00000, 0x0000000087f00000| Untracked 
| 127|0x0000000087f00000, 0x0000000088000000, 0x0000000088000000|100%| O|  |TAMS 0x0000000087f00000, 0x0000000088000000| Untracked 
| 128|0x0000000088000000, 0x0000000088100000, 0x0000000088100000|100%| O|  |TAMS 0x0000000088000000, 0x0000000088100000| Untracked 
| 129|0x0000000088100000, 0x0000000088200000, 0x0000000088200000|100%| O|  |TAMS 0x0000000088100000, 0x0000000088200000| Untracked 
| 130|0x0000000088200000, 0x0000000088200000, 0x0000000088300000|  0%| F|  |TAMS 0x0000000088200000, 0x0000000088200000| Untracked 
| 131|0x0000000088300000, 0x0000000088300000, 0x0000000088400000|  0%| F|  |TAMS 0x0000000088300000, 0x0000000088300000| Untracked 
| 132|0x0000000088400000, 0x0000000088400000, 0x0000000088500000|  0%| F|  |TAMS 0x0000000088400000, 0x0000000088400000| Untracked 
| 133|0x0000000088500000, 0x0000000088500000, 0x0000000088600000|  0%| F|  |TAMS 0x0000000088500000, 0x0000000088500000| Untracked 
| 134|0x0000000088600000, 0x0000000088600000, 0x0000000088700000|  0%| F|  |TAMS 0x0000000088600000, 0x0000000088600000| Untracked 
| 135|0x0000000088700000, 0x0000000088700000, 0x0000000088800000|  0%| F|  |TAMS 0x0000000088700000, 0x0000000088700000| Untracked 
| 136|0x0000000088800000, 0x0000000088800000, 0x0000000088900000|  0%| F|  |TAMS 0x0000000088800000, 0x0000000088800000| Untracked 
| 137|0x0000000088900000, 0x0000000088900000, 0x0000000088a00000|  0%| F|  |TAMS 0x0000000088900000, 0x0000000088900000| Untracked 
| 138|0x0000000088a00000, 0x0000000088a00000, 0x0000000088b00000|  0%| F|  |TAMS 0x0000000088a00000, 0x0000000088a00000| Untracked 
| 139|0x0000000088b00000, 0x0000000088b00000, 0x0000000088c00000|  0%| F|  |TAMS 0x0000000088b00000, 0x0000000088b00000| Untracked 
| 140|0x0000000088c00000, 0x0000000088c00000, 0x0000000088d00000|  0%| F|  |TAMS 0x0000000088c00000, 0x0000000088c00000| Untracked 
| 141|0x0000000088d00000, 0x0000000088d00000, 0x0000000088e00000|  0%| F|  |TAMS 0x0000000088d00000, 0x0000000088d00000| Untracked 
| 142|0x0000000088e00000, 0x0000000088e00000, 0x0000000088f00000|  0%| F|  |TAMS 0x0000000088e00000, 0x0000000088e00000| Untracked 
| 143|0x0000000088f00000, 0x0000000088f00000, 0x0000000089000000|  0%| F|  |TAMS 0x0000000088f00000, 0x0000000088f00000| Untracked 
| 144|0x0000000089000000, 0x0000000089000000, 0x0000000089100000|  0%| F|  |TAMS 0x0000000089000000, 0x0000000089000000| Untracked 
| 145|0x0000000089100000, 0x0000000089100000, 0x0000000089200000|  0%| F|  |TAMS 0x0000000089100000, 0x0000000089100000| Untracked 
| 146|0x0000000089200000, 0x0000000089200000, 0x0000000089300000|  0%| F|  |TAMS 0x0000000089200000, 0x0000000089200000| Untracked 
| 147|0x0000000089300000, 0x0000000089300000, 0x0000000089400000|  0%| F|  |TAMS 0x0000000089300000, 0x0000000089300000| Untracked 
| 148|0x0000000089400000, 0x0000000089400000, 0x0000000089500000|  0%| F|  |TAMS 0x0000000089400000, 0x0000000089400000| Untracked 
| 149|0x0000000089500000, 0x0000000089500000, 0x0000000089600000|  0%| F|  |TAMS 0x0000000089500000, 0x0000000089500000| Untracked 
| 150|0x0000000089600000, 0x0000000089600000, 0x0000000089700000|  0%| F|  |TAMS 0x0000000089600000, 0x0000000089600000| Untracked 
| 151|0x0000000089700000, 0x0000000089700000, 0x0000000089800000|  0%| F|  |TAMS 0x0000000089700000, 0x0000000089700000| Untracked 
| 152|0x0000000089800000, 0x0000000089800000, 0x0000000089900000|  0%| F|  |TAMS 0x0000000089800000, 0x0000000089800000| Untracked 
| 153|0x0000000089900000, 0x0000000089900000, 0x0000000089a00000|  0%| F|  |TAMS 0x0000000089900000, 0x0000000089900000| Untracked 
| 154|0x0000000089a00000, 0x0000000089a00000, 0x0000000089b00000|  0%| F|  |TAMS 0x0000000089a00000, 0x0000000089a00000| Untracked 
| 155|0x0000000089b00000, 0x0000000089b00000, 0x0000000089c00000|  0%| F|  |TAMS 0x0000000089b00000, 0x0000000089b00000| Untracked 
| 156|0x0000000089c00000, 0x0000000089c00000, 0x0000000089d00000|  0%| F|  |TAMS 0x0000000089c00000, 0x0000000089c00000| Untracked 
| 157|0x0000000089d00000, 0x0000000089d00000, 0x0000000089e00000|  0%| F|  |TAMS 0x0000000089d00000, 0x0000000089d00000| Untracked 
| 158|0x0000000089e00000, 0x0000000089e00000, 0x0000000089f00000|  0%| F|  |TAMS 0x0000000089e00000, 0x0000000089e00000| Untracked 
| 159|0x0000000089f00000, 0x0000000089f00000, 0x000000008a000000|  0%| F|  |TAMS 0x0000000089f00000, 0x0000000089f00000| Untracked 
| 160|0x000000008a000000, 0x000000008a000000, 0x000000008a100000|  0%| F|  |TAMS 0x000000008a000000, 0x000000008a000000| Untracked 
| 161|0x000000008a100000, 0x000000008a100000, 0x000000008a200000|  0%| F|  |TAMS 0x000000008a100000, 0x000000008a100000| Untracked 
| 162|0x000000008a200000, 0x000000008a200000, 0x000000008a300000|  0%| F|  |TAMS 0x000000008a200000, 0x000000008a200000| Untracked 
| 163|0x000000008a300000, 0x000000008a300000, 0x000000008a400000|  0%| F|  |TAMS 0x000000008a300000, 0x000000008a300000| Untracked 
| 164|0x000000008a400000, 0x000000008a400000, 0x000000008a500000|  0%| F|  |TAMS 0x000000008a400000, 0x000000008a400000| Untracked 
| 165|0x000000008a500000, 0x000000008a500000, 0x000000008a600000|  0%| F|  |TAMS 0x000000008a500000, 0x000000008a500000| Untracked 
| 166|0x000000008a600000, 0x000000008a66e050, 0x000000008a700000| 42%| S|CS|TAMS 0x000000008a600000, 0x000000008a600000| Complete 
| 167|0x000000008a700000, 0x000000008a800000, 0x000000008a800000|100%| S|CS|TAMS 0x000000008a700000, 0x000000008a700000| Complete 
| 168|0x000000008a800000, 0x000000008a900000, 0x000000008a900000|100%| S|CS|TAMS 0x000000008a800000, 0x000000008a800000| Complete 
| 169|0x000000008a900000, 0x000000008aa00000, 0x000000008aa00000|100%| S|CS|TAMS 0x000000008a900000, 0x000000008a900000| Complete 
| 170|0x000000008aa00000, 0x000000008ab00000, 0x000000008ab00000|100%| S|CS|TAMS 0x000000008aa00000, 0x000000008aa00000| Complete 
| 171|0x000000008ab00000, 0x000000008ab00000, 0x000000008ac00000|  0%| F|  |TAMS 0x000000008ab00000, 0x000000008ab00000| Untracked 
| 172|0x000000008ac00000, 0x000000008ac00000, 0x000000008ad00000|  0%| F|  |TAMS 0x000000008ac00000, 0x000000008ac00000| Untracked 
| 173|0x000000008ad00000, 0x000000008ad00000, 0x000000008ae00000|  0%| F|  |TAMS 0x000000008ad00000, 0x000000008ad00000| Untracked 
| 174|0x000000008ae00000, 0x000000008ae00000, 0x000000008af00000|  0%| F|  |TAMS 0x000000008ae00000, 0x000000008ae00000| Untracked 
| 175|0x000000008af00000, 0x000000008af00000, 0x000000008b000000|  0%| F|  |TAMS 0x000000008af00000, 0x000000008af00000| Untracked 
| 176|0x000000008b000000, 0x000000008b000000, 0x000000008b100000|  0%| F|  |TAMS 0x000000008b000000, 0x000000008b000000| Untracked 
| 177|0x000000008b100000, 0x000000008b100000, 0x000000008b200000|  0%| F|  |TAMS 0x000000008b100000, 0x000000008b100000| Untracked 
| 178|0x000000008b200000, 0x000000008b200000, 0x000000008b300000|  0%| F|  |TAMS 0x000000008b200000, 0x000000008b200000| Untracked 
| 179|0x000000008b300000, 0x000000008b300000, 0x000000008b400000|  0%| F|  |TAMS 0x000000008b300000, 0x000000008b300000| Untracked 
| 180|0x000000008b400000, 0x000000008b400000, 0x000000008b500000|  0%| F|  |TAMS 0x000000008b400000, 0x000000008b400000| Untracked 
| 181|0x000000008b500000, 0x000000008b500000, 0x000000008b600000|  0%| F|  |TAMS 0x000000008b500000, 0x000000008b500000| Untracked 
| 182|0x000000008b600000, 0x000000008b600000, 0x000000008b700000|  0%| F|  |TAMS 0x000000008b600000, 0x000000008b600000| Untracked 
| 183|0x000000008b700000, 0x000000008b700000, 0x000000008b800000|  0%| F|  |TAMS 0x000000008b700000, 0x000000008b700000| Untracked 
| 184|0x000000008b800000, 0x000000008b800000, 0x000000008b900000|  0%| F|  |TAMS 0x000000008b800000, 0x000000008b800000| Untracked 
| 185|0x000000008b900000, 0x000000008b900000, 0x000000008ba00000|  0%| F|  |TAMS 0x000000008b900000, 0x000000008b900000| Untracked 
| 186|0x000000008ba00000, 0x000000008ba00000, 0x000000008bb00000|  0%| F|  |TAMS 0x000000008ba00000, 0x000000008ba00000| Untracked 
| 187|0x000000008bb00000, 0x000000008bb00000, 0x000000008bc00000|  0%| F|  |TAMS 0x000000008bb00000, 0x000000008bb00000| Untracked 
| 188|0x000000008bc00000, 0x000000008bc00000, 0x000000008bd00000|  0%| F|  |TAMS 0x000000008bc00000, 0x000000008bc00000| Untracked 
| 189|0x000000008bd00000, 0x000000008bd00000, 0x000000008be00000|  0%| F|  |TAMS 0x000000008bd00000, 0x000000008bd00000| Untracked 
| 190|0x000000008be00000, 0x000000008be00000, 0x000000008bf00000|  0%| F|  |TAMS 0x000000008be00000, 0x000000008be00000| Untracked 
| 191|0x000000008bf00000, 0x000000008bf00000, 0x000000008c000000|  0%| F|  |TAMS 0x000000008bf00000, 0x000000008bf00000| Untracked 
| 192|0x000000008c000000, 0x000000008c000000, 0x000000008c100000|  0%| F|  |TAMS 0x000000008c000000, 0x000000008c000000| Untracked 
| 193|0x000000008c100000, 0x000000008c100000, 0x000000008c200000|  0%| F|  |TAMS 0x000000008c100000, 0x000000008c100000| Untracked 
| 194|0x000000008c200000, 0x000000008c200000, 0x000000008c300000|  0%| F|  |TAMS 0x000000008c200000, 0x000000008c200000| Untracked 
| 195|0x000000008c300000, 0x000000008c300000, 0x000000008c400000|  0%| F|  |TAMS 0x000000008c300000, 0x000000008c300000| Untracked 
| 196|0x000000008c400000, 0x000000008c400000, 0x000000008c500000|  0%| F|  |TAMS 0x000000008c400000, 0x000000008c400000| Untracked 
| 197|0x000000008c500000, 0x000000008c500000, 0x000000008c600000|  0%| F|  |TAMS 0x000000008c500000, 0x000000008c500000| Untracked 
| 198|0x000000008c600000, 0x000000008c600000, 0x000000008c700000|  0%| F|  |TAMS 0x000000008c600000, 0x000000008c600000| Untracked 
| 199|0x000000008c700000, 0x000000008c700000, 0x000000008c800000|  0%| F|  |TAMS 0x000000008c700000, 0x000000008c700000| Untracked 
| 200|0x000000008c800000, 0x000000008c800000, 0x000000008c900000|  0%| F|  |TAMS 0x000000008c800000, 0x000000008c800000| Untracked 
| 201|0x000000008c900000, 0x000000008c900000, 0x000000008ca00000|  0%| F|  |TAMS 0x000000008c900000, 0x000000008c900000| Untracked 
| 202|0x000000008ca00000, 0x000000008ca00000, 0x000000008cb00000|  0%| F|  |TAMS 0x000000008ca00000, 0x000000008ca00000| Untracked 
| 203|0x000000008cb00000, 0x000000008cb00000, 0x000000008cc00000|  0%| F|  |TAMS 0x000000008cb00000, 0x000000008cb00000| Untracked 
| 204|0x000000008cc00000, 0x000000008cc00000, 0x000000008cd00000|  0%| F|  |TAMS 0x000000008cc00000, 0x000000008cc00000| Untracked 
| 205|0x000000008cd00000, 0x000000008cd00000, 0x000000008ce00000|  0%| F|  |TAMS 0x000000008cd00000, 0x000000008cd00000| Untracked 
| 206|0x000000008ce00000, 0x000000008ce00000, 0x000000008cf00000|  0%| F|  |TAMS 0x000000008ce00000, 0x000000008ce00000| Untracked 
| 207|0x000000008cf00000, 0x000000008cf00000, 0x000000008d000000|  0%| F|  |TAMS 0x000000008cf00000, 0x000000008cf00000| Untracked 
| 208|0x000000008d000000, 0x000000008d000000, 0x000000008d100000|  0%| F|  |TAMS 0x000000008d000000, 0x000000008d000000| Untracked 
| 209|0x000000008d100000, 0x000000008d100000, 0x000000008d200000|  0%| F|  |TAMS 0x000000008d100000, 0x000000008d100000| Untracked 
| 210|0x000000008d200000, 0x000000008d200000, 0x000000008d300000|  0%| F|  |TAMS 0x000000008d200000, 0x000000008d200000| Untracked 
| 211|0x000000008d300000, 0x000000008d300000, 0x000000008d400000|  0%| F|  |TAMS 0x000000008d300000, 0x000000008d300000| Untracked 
| 212|0x000000008d400000, 0x000000008d400000, 0x000000008d500000|  0%| F|  |TAMS 0x000000008d400000, 0x000000008d400000| Untracked 
| 213|0x000000008d500000, 0x000000008d500000, 0x000000008d600000|  0%| F|  |TAMS 0x000000008d500000, 0x000000008d500000| Untracked 
| 214|0x000000008d600000, 0x000000008d600000, 0x000000008d700000|  0%| F|  |TAMS 0x000000008d600000, 0x000000008d600000| Untracked 
| 215|0x000000008d700000, 0x000000008d800000, 0x000000008d800000|100%| O|  |TAMS 0x000000008d700000, 0x000000008d800000| Untracked 
| 216|0x000000008d800000, 0x000000008d900000, 0x000000008d900000|100%| O|  |TAMS 0x000000008d800000, 0x000000008d900000| Untracked 

Card table byte_map: [0x0000029192ca0000,0x00000291930a0000] _byte_map_base: 0x00000291928a0000

Marking Bits (Prev, Next): (CMBitMap*) 0x00000291fdebf5d0, (CMBitMap*) 0x00000291fdebf598
 Prev Bits: [0x00000291954a0000, 0x00000291974a0000)
 Next Bits: [0x00000291934a0000, 0x00000291954a0000)

Polling page: 0x00000291fdf60000

Metaspace:

Usage:
  Non-class:     76.44 MB capacity,    75.08 MB ( 98%) used,     1.13 MB (  1%) free+waste,   235.19 KB ( <1%) overhead. 
      Class:     12.05 MB capacity,    11.30 MB ( 94%) used,   660.84 KB (  5%) free+waste,   107.19 KB ( <1%) overhead. 
       Both:     88.49 MB capacity,    86.38 MB ( 98%) used,     1.78 MB (  2%) free+waste,   342.38 KB ( <1%) overhead. 

Virtual space:
  Non-class space:       78.00 MB reserved,      76.50 MB ( 98%) committed 
      Class space:        1.00 GB reserved,      12.07 MB (  1%) committed 
             Both:        1.08 GB reserved,      88.57 MB (  8%) committed 

Chunk freelists:
   Non-Class:  0 bytes
       Class:  0 bytes
        Both:  0 bytes

MaxMetaspaceSize: 17179869184.00 GB
CompressedClassSpaceSize: 1.00 GB

CodeHeap 'non-profiled nmethods': size=120064Kb used=5791Kb max_used=5791Kb free=114272Kb
 bounds [0x000002918b360000, 0x000002918b910000, 0x00000291928a0000]
CodeHeap 'profiled nmethods': size=120000Kb used=21718Kb max_used=21718Kb free=98281Kb
 bounds [0x0000029183e30000, 0x0000029185370000, 0x000002918b360000]
CodeHeap 'non-nmethods': size=5696Kb used=2286Kb max_used=2326Kb free=3409Kb
 bounds [0x00000291838a0000, 0x0000029183b10000, 0x0000029183e30000]
 total_blobs=11044 nmethods=10174 adapters=781
 compilation: enabled
              stopped_count=0, restarted_count=0
 full_count=0

Compilation events (20 events):
Event: 15.763 Thread 0x0000029199894000 10501 %     3       com.android.tools.r8.dex.b::a @ 76 (124 bytes)
Event: 15.765 Thread 0x0000029199894000 nmethod 10501% 0x0000029185361e90 code [0x0000029185362120, 0x0000029185362f28]
Event: 15.765 Thread 0x0000029199894000 10502       2       com.android.tools.r8.dex.b$$Lambda$909/0x0000000100c0ac40::accept (12 bytes)
Event: 15.765 Thread 0x0000029199894000 nmethod 10502 0x0000029185363410 code [0x00000291853635c0, 0x0000029185363708]
Event: 15.765 Thread 0x0000029199894000 10503       3       com.android.tools.r8.dex.b::a (124 bytes)
Event: 15.768 Thread 0x0000029199894000 nmethod 10503 0x0000029185363810 code [0x0000029185363aa0, 0x00000291853647e8]
Event: 15.774 Thread 0x0000029199894000 10504       2       com.android.tools.r8.graph.v1::b (10 bytes)
Event: 15.774 Thread 0x0000029199894000 nmethod 10504 0x0000029185364c90 code [0x0000029185364e40, 0x0000029185364f68]
Event: 15.774 Thread 0x0000029199894000 10505       2       com.android.tools.r8.w.a.a.a.h.y::iterator (5 bytes)
Event: 15.774 Thread 0x0000029199894000 nmethod 10505 0x0000029185365010 code [0x00000291853651c0, 0x00000291853652e8]
Event: 15.797 Thread 0x0000029199894000 10507       2       com.android.tools.r8.dex.P$$Lambda$919/0x0000000100c0d440::accept (16 bytes)
Event: 15.797 Thread 0x0000029199894000 nmethod 10507 0x0000029185365390 code [0x00000291853655a0, 0x00000291853659d8]
Event: 15.798 Thread 0x0000029199894000 10509       2       com.android.tools.r8.utils.V::a (276 bytes)
Event: 15.799 Thread 0x0000029199894000 nmethod 10509 0x0000029185365d10 code [0x0000029185366000, 0x0000029185366a18]
Event: 15.799 Thread 0x0000029199894000 10508       2       com.android.tools.r8.dex.P::a (20 bytes)
Event: 15.799 Thread 0x0000029199894000 nmethod 10508 0x0000029185366f90 code [0x00000291853671a0, 0x0000029185367578]
Event: 15.802 Thread 0x0000029199894000 10510       2       com.android.tools.r8.dex.P$c$$Lambda$920/0x0000000100c0d840::compare (16 bytes)
Event: 15.802 Thread 0x0000029199894000 nmethod 10510 0x0000029185367890 code [0x0000029185367a40, 0x0000029185367bc8]
Event: 15.802 Thread 0x0000029199894000 10511       2       com.android.tools.r8.dex.P$c::a (94 bytes)
Event: 15.803 Thread 0x0000029199894000 nmethod 10511 0x0000029185367c90 code [0x0000029185367ee0, 0x0000029185368348]

GC Heap History (20 events):
Event: 5.151 GC heap after
{Heap after GC invocations=10 (full 0):
 garbage-first heap   total 152576K, used 25117K [0x0000000080000000, 0x0000000100000000)
  region size 1024K, 7 young (7168K), 7 survivors (7168K)
 Metaspace       used 41670K, capacity 42599K, committed 42828K, reserved 1087488K
  class space    used 5344K, capacity 5676K, committed 5708K, reserved 1048576K
}
Event: 6.103 GC heap before
{Heap before GC invocations=10 (full 0):
 garbage-first heap   total 152576K, used 100893K [0x0000000080000000, 0x0000000100000000)
  region size 1024K, 79 young (80896K), 7 survivors (7168K)
 Metaspace       used 45044K, capacity 46030K, committed 46156K, reserved 1089536K
  class space    used 5768K, capacity 6133K, committed 6220K, reserved 1048576K
}
Event: 6.121 GC heap after
{Heap after GC invocations=11 (full 0):
 garbage-first heap   total 152576K, used 38599K [0x0000000080000000, 0x0000000100000000)
  region size 1024K, 10 young (10240K), 10 survivors (10240K)
 Metaspace       used 45044K, capacity 46030K, committed 46156K, reserved 1089536K
  class space    used 5768K, capacity 6133K, committed 6220K, reserved 1048576K
}
Event: 7.430 GC heap before
{Heap before GC invocations=11 (full 0):
 garbage-first heap   total 152576K, used 110279K [0x0000000080000000, 0x0000000100000000)
  region size 1024K, 80 young (81920K), 10 survivors (10240K)
 Metaspace       used 56116K, capacity 57464K, committed 57676K, reserved 1099776K
  class space    used 7131K, capacity 7630K, committed 7756K, reserved 1048576K
}
Event: 7.443 GC heap after
{Heap after GC invocations=12 (full 0):
 garbage-first heap   total 183296K, used 43008K [0x0000000080000000, 0x0000000100000000)
  region size 1024K, 4 young (4096K), 4 survivors (4096K)
 Metaspace       used 56116K, capacity 57464K, committed 57676K, reserved 1099776K
  class space    used 7131K, capacity 7630K, committed 7756K, reserved 1048576K
}
Event: 7.911 GC heap before
{Heap before GC invocations=12 (full 0):
 garbage-first heap   total 183296K, used 74752K [0x0000000080000000, 0x0000000100000000)
  region size 1024K, 36 young (36864K), 4 survivors (4096K)
 Metaspace       used 58790K, capacity 60156K, committed 60236K, reserved 1101824K
  class space    used 7443K, capacity 7940K, committed 8012K, reserved 1048576K
}
Event: 7.922 GC heap after
{Heap after GC invocations=13 (full 0):
 garbage-first heap   total 183296K, used 45881K [0x0000000080000000, 0x0000000100000000)
  region size 1024K, 7 young (7168K), 7 survivors (7168K)
 Metaspace       used 58790K, capacity 60156K, committed 60236K, reserved 1101824K
  class space    used 7443K, capacity 7940K, committed 8012K, reserved 1048576K
}
Event: 9.305 GC heap before
{Heap before GC invocations=14 (full 0):
 garbage-first heap   total 183296K, used 129849K [0x0000000080000000, 0x0000000100000000)
  region size 1024K, 89 young (91136K), 7 survivors (7168K)
 Metaspace       used 66114K, capacity 67657K, committed 67916K, reserved 1107968K
  class space    used 8619K, capacity 9188K, committed 9292K, reserved 1048576K
}
Event: 9.319 GC heap after
{Heap after GC invocations=15 (full 0):
 garbage-first heap   total 183296K, used 51200K [0x0000000080000000, 0x0000000100000000)
  region size 1024K, 9 young (9216K), 9 survivors (9216K)
 Metaspace       used 66114K, capacity 67657K, committed 67916K, reserved 1107968K
  class space    used 8619K, capacity 9188K, committed 9292K, reserved 1048576K
}
Event: 10.897 GC heap before
{Heap before GC invocations=15 (full 0):
 garbage-first heap   total 183296K, used 135168K [0x0000000080000000, 0x0000000100000000)
  region size 1024K, 92 young (94208K), 9 survivors (9216K)
 Metaspace       used 75087K, capacity 76896K, committed 77132K, reserved 1116160K
  class space    used 9810K, capacity 10460K, committed 10572K, reserved 1048576K
}
Event: 10.913 GC heap after
{Heap after GC invocations=16 (full 0):
 garbage-first heap   total 183296K, used 57085K [0x0000000080000000, 0x0000000100000000)
  region size 1024K, 12 young (12288K), 12 survivors (12288K)
 Metaspace       used 75087K, capacity 76896K, committed 77132K, reserved 1116160K
  class space    used 9810K, capacity 10460K, committed 10572K, reserved 1048576K
}
Event: 12.238 GC heap before
{Heap before GC invocations=16 (full 0):
 garbage-first heap   total 183296K, used 140029K [0x0000000080000000, 0x0000000100000000)
  region size 1024K, 94 young (96256K), 12 survivors (12288K)
 Metaspace       used 76265K, capacity 78141K, committed 78284K, reserved 1116160K
  class space    used 9892K, capacity 10570K, committed 10700K, reserved 1048576K
}
Event: 12.257 GC heap after
{Heap after GC invocations=17 (full 0):
 garbage-first heap   total 220160K, used 63123K [0x0000000080000000, 0x0000000100000000)
  region size 1024K, 12 young (12288K), 12 survivors (12288K)
 Metaspace       used 76265K, capacity 78141K, committed 78284K, reserved 1116160K
  class space    used 9892K, capacity 10570K, committed 10700K, reserved 1048576K
}
Event: 13.560 GC heap before
{Heap before GC invocations=17 (full 0):
 garbage-first heap   total 220160K, used 155283K [0x0000000080000000, 0x0000000100000000)
  region size 1024K, 103 young (105472K), 12 survivors (12288K)
 Metaspace       used 81007K, capacity 82884K, committed 83148K, reserved 1122304K
  class space    used 10481K, capacity 11169K, committed 11212K, reserved 1048576K
}
Event: 13.587 GC heap after
{Heap after GC invocations=18 (full 0):
 garbage-first heap   total 220160K, used 69082K [0x0000000080000000, 0x0000000100000000)
  region size 1024K, 13 young (13312K), 13 survivors (13312K)
 Metaspace       used 81007K, capacity 82884K, committed 83148K, reserved 1122304K
  class space    used 10481K, capacity 11169K, committed 11212K, reserved 1048576K
}
Event: 14.917 GC heap before
{Heap before GC invocations=18 (full 0):
 garbage-first heap   total 220160K, used 178650K [0x0000000080000000, 0x0000000100000000)
  region size 1024K, 106 young (108544K), 13 survivors (13312K)
 Metaspace       used 85956K, capacity 88062K, committed 88396K, reserved 1126400K
  class space    used 11250K, capacity 11997K, committed 12108K, reserved 1048576K
}
Event: 14.967 GC heap after
{Heap after GC invocations=19 (full 0):
 garbage-first heap   total 222208K, used 108538K [0x0000000080000000, 0x0000000100000000)
  region size 1024K, 14 young (14336K), 14 survivors (14336K)
 Metaspace       used 85956K, capacity 88062K, committed 88396K, reserved 1126400K
  class space    used 11250K, capacity 11997K, committed 12108K, reserved 1048576K
}
Event: 15.286 GC heap before
{Heap before GC invocations=19 (full 0):
 garbage-first heap   total 222208K, used 144378K [0x0000000080000000, 0x0000000100000000)
  region size 1024K, 49 young (50176K), 14 survivors (14336K)
 Metaspace       used 86481K, capacity 88577K, committed 88652K, reserved 1126400K
  class space    used 11325K, capacity 12082K, committed 12108K, reserved 1048576K
}
Event: 15.340 GC heap after
{Heap after GC invocations=20 (full 0):
 garbage-first heap   total 222208K, used 127488K [0x0000000080000000, 0x0000000100000000)
  region size 1024K, 7 young (7168K), 7 survivors (7168K)
 Metaspace       used 86481K, capacity 88577K, committed 88652K, reserved 1126400K
  class space    used 11325K, capacity 12082K, committed 12108K, reserved 1048576K
}
Event: 15.807 GC heap before
{Heap before GC invocations=20 (full 0):
 garbage-first heap   total 222208K, used 164352K [0x0000000080000000, 0x0000000100000000)
  region size 1024K, 44 young (45056K), 7 survivors (7168K)
 Metaspace       used 88454K, capacity 90617K, committed 90700K, reserved 1128448K
  class space    used 11574K, capacity 12343K, committed 12364K, reserved 1048576K
}

Deoptimization events (20 events):
Event: 15.390 Thread 0x000002919fe5d800 Uncommon trap: trap_request=0xffffffde fr.pc=0x000002918b8714b4 relative=0x0000000000000074
Event: 15.390 Thread 0x000002919fe5d800 Uncommon trap: reason=class_check action=maybe_recompile pc=0x000002918b8714b4 method=com.android.tools.build.apkzlib.zip.CentralDirectoryHeader.getCompressionInfoWithWait()Lcom/android/tools/build/apkzlib/zip/CentralDirectoryHeaderCompressInfo; @ 4 c2
Event: 15.390 Thread 0x000002919fe5d800 DEOPT PACKING pc=0x000002918b8714b4 sp=0x000000d95e1fd9d0
Event: 15.390 Thread 0x000002919fe5d800 DEOPT UNPACKING pc=0x00000291838a822f sp=0x000000d95e1fd950 mode 2
Event: 15.397 Thread 0x000002919fe5d800 Uncommon trap: trap_request=0xffffffde fr.pc=0x000002918b8714b4 relative=0x0000000000000074
Event: 15.397 Thread 0x000002919fe5d800 Uncommon trap: reason=class_check action=maybe_recompile pc=0x000002918b8714b4 method=com.android.tools.build.apkzlib.zip.CentralDirectoryHeader.getCompressionInfoWithWait()Lcom/android/tools/build/apkzlib/zip/CentralDirectoryHeaderCompressInfo; @ 4 c2
Event: 15.397 Thread 0x000002919fe5d800 DEOPT PACKING pc=0x000002918b8714b4 sp=0x000000d95e1fd9e0
Event: 15.397 Thread 0x000002919fe5d800 DEOPT UNPACKING pc=0x00000291838a822f sp=0x000000d95e1fd960 mode 2
Event: 15.611 Thread 0x000002919fa47000 DEOPT PACKING pc=0x000002918532b9f4 sp=0x000000d95e9feb90
Event: 15.611 Thread 0x000002919fa47000 DEOPT UNPACKING pc=0x00000291838c8ade sp=0x000000d95e9fe060 mode 0
Event: 15.620 Thread 0x000002919fa49800 DEOPT PACKING pc=0x000002918532072e sp=0x000000d95ebfeb20
Event: 15.620 Thread 0x000002919fa49800 DEOPT UNPACKING pc=0x00000291838c8ade sp=0x000000d95ebfdfa8 mode 0
Event: 15.637 Thread 0x000002919fa4a800 DEOPT PACKING pc=0x0000029185331d6f sp=0x000000d95eafe9f0
Event: 15.637 Thread 0x000002919fa4a800 DEOPT UNPACKING pc=0x00000291838c8ade sp=0x000000d95eafdea8 mode 0
Event: 15.765 Thread 0x000002919fa4a800 DEOPT PACKING pc=0x0000029185361a5c sp=0x000000d95eafeb50
Event: 15.765 Thread 0x000002919fa4a800 DEOPT UNPACKING pc=0x00000291838c8ade sp=0x000000d95eafe010 mode 0
Event: 15.771 Thread 0x000002919fa4a800 DEOPT PACKING pc=0x0000029185361a5c sp=0x000000d95eafeb50
Event: 15.771 Thread 0x000002919fa4a800 DEOPT UNPACKING pc=0x00000291838c8ade sp=0x000000d95eafe010 mode 0
Event: 15.779 Thread 0x000002919fa49800 DEOPT PACKING pc=0x0000029185361a5c sp=0x000000d95ebff070
Event: 15.779 Thread 0x000002919fa49800 DEOPT UNPACKING pc=0x00000291838c8ade sp=0x000000d95ebfe530 mode 0

Classes redefined (0 events):
No events

Internal exceptions (20 events):
Event: 13.744 Thread 0x000002919fe59800 Exception <a 'java/lang/NoSuchMethodError'{0x000000008d084558}: 'java.lang.Object java.lang.invoke.DirectMethodHandle$Holder.invokeStatic(java.lang.Object, java.lang.Object, long)'> (0x000000008d084558) thrown at [./src/hotspot/share/interpreter/linkResolver.cpp, line 773]
Event: 13.745 Thread 0x000002919fe59800 Exception <a 'java/lang/NoSuchMethodError'{0x000000008d08aad0}: 'java.lang.Object java.lang.invoke.Invokers$Holder.linkToTargetMethod(java.lang.Object, long, java.lang.Object)'> (0x000000008d08aad0) thrown at [./src/hotspot/share/interpreter/linkResolver.cpp, line 773]
Event: 13.941 Thread 0x000002919fa45800 Exception <a 'sun/nio/fs/WindowsException'{0x000000008c349f38}> (0x000000008c349f38) thrown at [./src/hotspot/share/prims/jni.cpp, line 615]
Event: 14.083 Thread 0x000002919fe5d000 Exception <a 'java/lang/NoSuchMethodError'{0x000000008bfc61e8}: 'int java.lang.invoke.DirectMethodHandle$Holder.invokeSpecial(java.lang.Object, java.lang.Object, java.lang.Object, java.lang.Object, java.lang.Object)'> (0x000000008bfc61e8) thrown at [./src/hotspot/share/interpreter/linkResolver.cpp, line 773]
Event: 14.094 Thread 0x000002919fa45800 Exception <a 'java/lang/NoSuchMethodError'{0x000000008c020790}: 'int java.lang.invoke.DirectMethodHandle$Holder.invokeVirtual(java.lang.Object, java.lang.Object, java.lang.Object)'> (0x000000008c020790) thrown at [./src/hotspot/share/interpreter/linkResolver.cpp, line 773]
Event: 14.189 Thread 0x000002919fa45800 Exception <a 'java/lang/NoSuchMethodError'{0x000000008ba39e38}: 'int java.lang.invoke.DirectMethodHandle$Holder.invokeVirtual(java.lang.Object, java.lang.Object)'> (0x000000008ba39e38) thrown at [./src/hotspot/share/interpreter/linkResolver.cpp, line 773]
Event: 14.191 Thread 0x000002919fa45800 Exception <a 'java/lang/NoSuchMethodError'{0x000000008ba3f7b8}: 'java.lang.Object java.lang.invoke.DirectMethodHandle$Holder.invokeStatic(java.lang.Object, java.lang.Object, java.lang.Object, java.lang.Object, java.lang.Object, java.lang.Object, java.lang.Object, java.lang.Object, java.lang.Object, java.lang.Object, java.lang.Object, java.lang.Object, java.lang.Object, java.lang.Object, java.lang.Object, java.lang.Object, java.lang.Object, int, java.lang.Object)'> (0x000000008ba3f7b8) thrown at [./src/hots
Event: 14.191 Thread 0x000002919fa45800 Exception <a 'java/lang/NoSuchMethodError'{0x000000008ba44e08}: 'java.lang.Object java.lang.invoke.DirectMethodHandle$Holder.invokeStaticInit(java.lang.Object, java.lang.Object, java.lang.Object, java.lang.Object, java.lang.Object, java.lang.Object, java.lang.Object, java.lang.Object, java.lang.Object, java.lang.Object, java.lang.Object, java.lang.Object, java.lang.Object, java.lang.Object, java.lang.Object, java.lang.Object, java.lang.Object, int, java.lang.Object)'> (0x000000008ba44e08) thrown at [./src/
Event: 14.409 Thread 0x000002919fe59800 Exception <a 'java/lang/NoSuchMethodError'{0x000000008a94e670}: 'int java.lang.invoke.DirectMethodHandle$Holder.invokeSpecialIFC(java.lang.Object, java.lang.Object, java.lang.Object)'> (0x000000008a94e670) thrown at [./src/hotspot/share/interpreter/linkResolver.cpp, line 773]
Event: 14.623 Thread 0x000002919fa45000 Exception <a 'java/lang/NoSuchMethodError'{0x00000000891eedb8}: 'java.lang.Object java.lang.invoke.DirectMethodHandle$Holder.newInvokeSpecial(java.lang.Object, int)'> (0x00000000891eedb8) thrown at [./src/hotspot/share/interpreter/linkResolver.cpp, line 773]
Event: 15.234 Thread 0x000002919fe5d800 Exception <a 'java/lang/NoSuchMethodError'{0x000000008b6429c8}: 'java.lang.Object java.lang.invoke.DirectMethodHandle$Holder.invokeVirtual(java.lang.Object, java.lang.Object, int)'> (0x000000008b6429c8) thrown at [./src/hotspot/share/interpreter/linkResolver.cpp, line 773]
Event: 15.246 Thread 0x000002919fe5d800 Exception <a 'java/lang/NoSuchMethodError'{0x000000008b6c5f38}: 'void java.lang.invoke.DirectMethodHandle$Holder.invokeStatic(java.lang.Object, java.lang.Object, java.lang.Object, int)'> (0x000000008b6c5f38) thrown at [./src/hotspot/share/interpreter/linkResolver.cpp, line 773]
Event: 15.352 Thread 0x000002919fa45800 Exception <a 'java/lang/IncompatibleClassChangeError'{0x000000008d66b450}: Found class java.lang.Object, but interface was expected> (0x000000008d66b450) thrown at [./src/hotspot/share/interpreter/linkResolver.cpp, line 839]
Event: 15.513 Thread 0x000002919fa45800 Exception <a 'java/lang/NoSuchMethodError'{0x000000008c869490}: 'void java.lang.invoke.DirectMethodHandle$Holder.invokeStaticInit(java.lang.Object, java.lang.Object, java.lang.Object, java.lang.Object, java.lang.Object)'> (0x000000008c869490) thrown at [./src/hotspot/share/interpreter/linkResolver.cpp, line 773]
Event: 15.539 Thread 0x000002919fa45800 Exception <a 'java/lang/NoSuchMethodError'{0x000000008c4880b0}: 'long java.lang.invoke.DirectMethodHandle$Holder.invokeStatic(java.lang.Object, java.lang.Object)'> (0x000000008c4880b0) thrown at [./src/hotspot/share/interpreter/linkResolver.cpp, line 773]
Event: 15.549 Thread 0x000002919fa49800 Exception <a 'java/lang/NoSuchMethodError'{0x000000008c1179b0}: 'void java.lang.invoke.DirectMethodHandle$Holder.invokeSpecial(java.lang.Object, java.lang.Object, int, java.lang.Object)'> (0x000000008c1179b0) thrown at [./src/hotspot/share/interpreter/linkResolver.cpp, line 773]
Event: 15.549 Thread 0x000002919fa4a800 Exception <a 'java/lang/NoSuchMethodError'{0x000000008c2a1508}: 'void java.lang.invoke.DirectMethodHandle$Holder.invokeSpecial(java.lang.Object, java.lang.Object, int, java.lang.Object)'> (0x000000008c2a1508) thrown at [./src/hotspot/share/interpreter/linkResolver.cpp, line 773]
Event: 15.557 Thread 0x000002919fa47000 Exception <a 'java/lang/NoSuchMethodError'{0x000000008d574478}: 'void java.lang.invoke.DirectMethodHandle$Holder.invokeSpecial(java.lang.Object, java.lang.Object, int, java.lang.Object)'> (0x000000008d574478) thrown at [./src/hotspot/share/interpreter/linkResolver.cpp, line 773]
Event: 15.702 Thread 0x000002919fa45800 Exception <a 'java/lang/NoSuchMethodError'{0x000000008b8292a0}: 'java.lang.Object java.lang.invoke.DirectMethodHandle$Holder.invokeSpecial(java.lang.Object, java.lang.Object, java.lang.Object, java.lang.Object, java.lang.Object, java.lang.Object, java.lang.Object, java.lang.Object, java.lang.Object, java.lang.Object)'> (0x000000008b8292a0) thrown at [./src/hotspot/share/interpreter/linkResolver.cpp, line 773]
Event: 15.702 Thread 0x000002919fa45800 Exception <a 'java/lang/NoSuchMethodError'{0x000000008b841620}: 'java.lang.Object java.lang.invoke.Invokers$Holder.linkToTargetMethod(java.lang.Object, java.lang.Object, java.lang.Object, java.lang.Object, java.lang.Object, java.lang.Object, java.lang.Object, java.lang.Object, java.lang.Object)'> (0x000000008b841620) thrown at [./src/hotspot/share/interpreter/linkResolver.cpp, line 773]

Events (20 events):
Event: 15.789 loading class com/android/tools/r8/dex/P$k
Event: 15.789 loading class com/android/tools/r8/dex/P$k done
Event: 15.789 loading class com/android/tools/r8/graph/m0
Event: 15.789 loading class com/android/tools/r8/graph/m0 done
Event: 15.789 loading class com/android/tools/r8/graph/m0
Event: 15.789 loading class com/android/tools/r8/graph/m0 done
Event: 15.789 loading class com/android/tools/r8/dex/P$k
Event: 15.789 loading class com/android/tools/r8/dex/P$k done
Event: 15.792 Executing VM operation: RevokeBias
Event: 15.793 Executing VM operation: RevokeBias done
Event: 15.794 Thread 0x000002919fa48000 Thread exited: 0x000002919fa48000
Event: 15.795 loading class com/android/tools/r8/naming/b
Event: 15.795 loading class com/android/tools/r8/naming/b done
Event: 15.796 loading class com/android/tools/r8/graph/n0
Event: 15.796 loading class com/android/tools/r8/graph/n0 done
Event: 15.801 loading class com/android/tools/r8/dex/P$f
Event: 15.801 loading class com/android/tools/r8/dex/P$f done
Event: 15.802 loading class com/android/tools/r8/graph/n0
Event: 15.802 loading class com/android/tools/r8/graph/n0 done
Event: 15.807 Executing VM operation: G1CollectForAllocation


Dynamic libraries:
0x00007ff7ea860000 - 0x00007ff7ea86a000 	C:\Program Files\Android\Android Studio\jre\bin\java.exe
0x00007fff12080000 - 0x00007fff12289000 	C:\WINDOWS\SYSTEM32\ntdll.dll
0x00007fff113d0000 - 0x00007fff1148d000 	C:\WINDOWS\System32\KERNEL32.DLL
0x00007fff0f690000 - 0x00007fff0fa09000 	C:\WINDOWS\System32\KERNELBASE.dll
0x00007fff0fe00000 - 0x00007fff0ff11000 	C:\WINDOWS\System32\ucrtbase.dll
0x00007ffef8410000 - 0x00007ffef8427000 	C:\Program Files\Android\Android Studio\jre\bin\VCRUNTIME140.dll
0x00007ffef83f0000 - 0x00007ffef8409000 	C:\Program Files\Android\Android Studio\jre\bin\jli.dll
0x00007fff10d10000 - 0x00007fff10ebc000 	C:\WINDOWS\System32\USER32.dll
0x00007fff0fdd0000 - 0x00007fff0fdf6000 	C:\WINDOWS\System32\win32u.dll
0x00007ffef8fa0000 - 0x00007ffef9245000 	C:\WINDOWS\WinSxS\amd64_microsoft.windows.common-controls_6595b64144ccf1df_6.0.22000.120_none_9d947278b86cc467\COMCTL32.dll
0x00007fff11520000 - 0x00007fff11549000 	C:\WINDOWS\System32\GDI32.dll
0x00007fff0ff60000 - 0x00007fff10003000 	C:\WINDOWS\System32\msvcrt.dll
0x00007fff0f570000 - 0x00007fff0f682000 	C:\WINDOWS\System32\gdi32full.dll
0x00007fff0fd30000 - 0x00007fff0fdcd000 	C:\WINDOWS\System32\msvcp_win.dll
0x00007fff0ff20000 - 0x00007fff0ff51000 	C:\WINDOWS\System32\IMM32.DLL
0x00007ffef8350000 - 0x00007ffef83ed000 	C:\Program Files\Android\Android Studio\jre\bin\msvcp140.dll
0x00007ffed4c70000 - 0x00007ffed572c000 	C:\Program Files\Android\Android Studio\jre\bin\server\jvm.dll
0x00007fff11dc0000 - 0x00007fff11e6e000 	C:\WINDOWS\System32\ADVAPI32.dll
0x00007fff11330000 - 0x00007fff113ce000 	C:\WINDOWS\System32\sechost.dll
0x00007fff10b70000 - 0x00007fff10c90000 	C:\WINDOWS\System32\RPCRT4.dll
0x00007fff11510000 - 0x00007fff11518000 	C:\WINDOWS\System32\PSAPI.DLL
0x00007ffef4e60000 - 0x00007ffef4e69000 	C:\WINDOWS\SYSTEM32\WSOCK32.dll
0x00007fff075c0000 - 0x00007fff075f3000 	C:\WINDOWS\SYSTEM32\WINMM.dll
0x00007fff10b00000 - 0x00007fff10b6f000 	C:\WINDOWS\System32\WS2_32.dll
0x00007fff02930000 - 0x00007fff0293a000 	C:\WINDOWS\SYSTEM32\VERSION.dll
0x00007fff0e670000 - 0x00007fff0e688000 	C:\WINDOWS\SYSTEM32\kernel.appcore.dll
0x00007fff087b0000 - 0x00007fff087c1000 	C:\Program Files\Android\Android Studio\jre\bin\verify.dll
0x00007fff0d180000 - 0x00007fff0d3a1000 	C:\WINDOWS\SYSTEM32\DBGHELP.DLL
0x00007ffef3090000 - 0x00007ffef30c1000 	C:\WINDOWS\SYSTEM32\dbgcore.DLL
0x00007fff0fbf0000 - 0x00007fff0fc6f000 	C:\WINDOWS\System32\bcryptPrimitives.dll
0x00007fff07fe0000 - 0x00007fff08009000 	C:\Program Files\Android\Android Studio\jre\bin\java.dll
0x00007fff087a0000 - 0x00007fff087ab000 	C:\Program Files\Android\Android Studio\jre\bin\jimage.dll
0x00007fff07fc0000 - 0x00007fff07fd8000 	C:\Program Files\Android\Android Studio\jre\bin\zip.dll
0x00007fff100b0000 - 0x00007fff1085f000 	C:\WINDOWS\System32\SHELL32.dll
0x00007fff0d6e0000 - 0x00007fff0df48000 	C:\WINDOWS\SYSTEM32\windows.storage.dll
0x00007fff11760000 - 0x00007fff11ad8000 	C:\WINDOWS\System32\combase.dll
0x00007fff0d570000 - 0x00007fff0d6d6000 	C:\WINDOWS\SYSTEM32\wintypes.dll
0x00007fff11f50000 - 0x00007fff1203a000 	C:\WINDOWS\System32\SHCORE.dll
0x00007fff11d60000 - 0x00007fff11dbd000 	C:\WINDOWS\System32\shlwapi.dll
0x00007fff0f4a0000 - 0x00007fff0f4c1000 	C:\WINDOWS\SYSTEM32\profapi.dll
0x00007fff07fa0000 - 0x00007fff07fba000 	C:\Program Files\Android\Android Studio\jre\bin\net.dll
0x00007fff06c30000 - 0x00007fff06d3c000 	C:\WINDOWS\SYSTEM32\WINHTTP.dll
0x00007fff0eaa0000 - 0x00007fff0eb07000 	C:\WINDOWS\system32\mswsock.dll
0x00007fff07f80000 - 0x00007fff07f94000 	C:\Program Files\Android\Android Studio\jre\bin\nio.dll
0x00007ffeb8e50000 - 0x00007ffeb8e77000 	C:\Users\Hp\.gradle\native\fdc75f09e3144964f2cf3f50f0aa648679c211496f362492102eb8c894070792\windows-amd64\native-platform.dll
0x00007ffeb8b10000 - 0x00007ffeb8ca6000 	C:\Users\Hp\.gradle\native\12488b8bf47d2d4c9fbf2f6322a914ad602e24e48041cd04a747c6da556b65c4\windows-amd64\native-platform-file-events.dll
0x00007fff07f70000 - 0x00007fff07f7a000 	C:\Program Files\Android\Android Studio\jre\bin\management.dll
0x00007fff07f60000 - 0x00007fff07f6c000 	C:\Program Files\Android\Android Studio\jre\bin\management_ext.dll
0x00007fff0ece0000 - 0x00007fff0ecf8000 	C:\WINDOWS\SYSTEM32\CRYPTSP.dll
0x00007fff0e5d0000 - 0x00007fff0e605000 	C:\WINDOWS\system32\rsaenh.dll
0x00007fff0eb90000 - 0x00007fff0ebb9000 	C:\WINDOWS\SYSTEM32\USERENV.dll
0x00007fff0ee60000 - 0x00007fff0ee87000 	C:\WINDOWS\SYSTEM32\bcrypt.dll
0x00007fff0ed00000 - 0x00007fff0ed0c000 	C:\WINDOWS\SYSTEM32\CRYPTBASE.dll
0x00007fff0e1e0000 - 0x00007fff0e20d000 	C:\WINDOWS\SYSTEM32\IPHLPAPI.DLL
0x00007fff10010000 - 0x00007fff10019000 	C:\WINDOWS\System32\NSI.dll
0x00007fff05670000 - 0x00007fff05689000 	C:\WINDOWS\SYSTEM32\dhcpcsvc6.DLL
0x00007fff06ff0000 - 0x00007fff0700e000 	C:\WINDOWS\SYSTEM32\dhcpcsvc.DLL
0x00007fff0e210000 - 0x00007fff0e2f8000 	C:\WINDOWS\SYSTEM32\DNSAPI.dll
0x00007fff052d0000 - 0x00007fff052dc000 	C:\WINDOWS\SYSTEM32\WINNSI.DLL

dbghelp: loaded successfully - version: 4.0.5 - missing functions: none
symbol engine: initialized successfully - sym options: 0x614 - pdb path: .;C:\Program Files\Android\Android Studio\jre\bin;C:\WINDOWS\SYSTEM32;C:\WINDOWS\WinSxS\amd64_microsoft.windows.common-controls_6595b64144ccf1df_6.0.22000.120_none_9d947278b86cc467;C:\Program Files\Android\Android Studio\jre\bin\server;C:\Users\Hp\.gradle\native\fdc75f09e3144964f2cf3f50f0aa648679c211496f362492102eb8c894070792\windows-amd64;C:\Users\Hp\.gradle\native\12488b8bf47d2d4c9fbf2f6322a914ad602e24e48041cd04a747c6da556b65c4\windows-amd64

VM Arguments:
jvm_args: --add-opens=java.base/java.util=ALL-UNNAMED --add-opens=java.base/java.lang=ALL-UNNAMED --add-opens=java.base/java.lang.invoke=ALL-UNNAMED --add-opens=java.prefs/java.util.prefs=ALL-UNNAMED -Xmx2048m -Dfile.encoding=UTF-8 -Duser.country=SG -Duser.language=en -Duser.variant 
java_command: org.gradle.launcher.daemon.bootstrap.GradleDaemon 6.7.1
java_class_path (initial): C:\Users\Hp\.gradle\wrapper\dists\gradle-6.7.1-bin\bwlcbys1h7rz3272sye1xwiv6\gradle-6.7.1\lib\gradle-launcher-6.7.1.jar
Launcher Type: SUN_STANDARD

[Global flags]
     intx CICompilerCount                          = 3                                         {product} {ergonomic}
     uint ConcGCThreads                            = 1                                         {product} {ergonomic}
     uint G1ConcRefinementThreads                  = 4                                         {product} {ergonomic}
   size_t G1HeapRegionSize                         = 1048576                                   {product} {ergonomic}
    uintx GCDrainStackTargetSize                   = 64                                        {product} {ergonomic}
   size_t InitialHeapSize                          = 130023424                                 {product} {ergonomic}
   size_t MarkStackSize                            = 4194304                                   {product} {ergonomic}
   size_t MaxHeapSize                              = 2147483648                                {product} {command line}
   size_t MaxNewSize                               = 1287651328                                {product} {ergonomic}
   size_t MinHeapDeltaBytes                        = 1048576                                   {product} {ergonomic}
    uintx NonNMethodCodeHeapSize                   = 5830732                                {pd product} {ergonomic}
    uintx NonProfiledCodeHeapSize                  = 122913754                              {pd product} {ergonomic}
    uintx ProfiledCodeHeapSize                     = 122913754                              {pd product} {ergonomic}
    uintx ReservedCodeCacheSize                    = 251658240                              {pd product} {ergonomic}
     bool SegmentedCodeCache                       = true                                      {product} {ergonomic}
     bool UseCompressedClassPointers               = true                                 {lp64_product} {ergonomic}
     bool UseCompressedOops                        = true                                 {lp64_product} {ergonomic}
     bool UseG1GC                                  = true                                      {product} {ergonomic}
     bool UseLargePagesIndividualAllocation        = false                                  {pd product} {ergonomic}

Logging:
Log output configuration:
 #0: stdout all=warning uptime,level,tags
 #1: stderr all=off uptime,level,tags

Environment Variables:
JAVA_HOME=C:\Program Files\Java\jdk1.8.0_221
PATH=C:\Program Files (x86)\Common Files\Intel\Shared Libraries\redist\intel64\compiler;C:\Program Files (x86)\Common Files\Oracle\Java\javapath;C:\WINDOWS\system32;C:\WINDOWS;C:\WINDOWS\System32\Wbem;C:\WINDOWS\System32\WindowsPowerShell\v1.0\;C:\WINDOWS\System32\OpenSSH\;C:\Program Files\nodejs\;C:\Program Files\dotnet\;C:\Program Files\MySQL\MySQL Shell 8.0\bin\;C:\Users\Hp\AppData\Local\Microsoft\WindowsApps;C:\Program Files (x86)\Dev-Cpp\MinGW64\bin;D:\Nodejs;C:\Users\Hp\AppData\Roaming\npm;C:\Users\Hp\AppData\Local\Programs\Microsoft VS Code\bin;C:\Users\Hp\AppData\Local\GitHubDesktop\bin;
USERNAME=Hp
OS=Windows_NT
PROCESSOR_IDENTIFIER=Intel64 Family 6 Model 126 Stepping 5, GenuineIntel



---------------  S Y S T E M  ---------------

OS: Windows 10 , 64 bit Build 22000 (10.0.22000.675)
OS uptime: 0 days 0:41 hours

CPU:total 4 (initial active 4) (2 cores per cpu, 2 threads per core) family 6 model 126 stepping 5, cmov, cx8, fxsr, mmx, sse, sse2, sse3, ssse3, sse4.1, sse4.2, popcnt, avx, avx2, aes, clmul, erms, 3dnowpref, lzcnt, ht, tsc, tscinvbit, bmi1, bmi2, adx, evex, sha, fma

Memory: 4k page, system-wide physical 7881M (973M free)
TotalPageFile size 7881M (AvailPageFile size 36M)
current process WorkingSet (physical memory assigned to process): 490M, peak: 491M
current process commit charge ("private bytes"): 527M, peak: 573M

vm_info: OpenJDK 64-Bit Server VM (11.0.8+10-b944.6842174) for windows-amd64 JRE (11.0.8+10-b944.6842174), built on Sep 19 2020 01:11:42 by "builder" with MS VC++ 14.0 (VS2015)

END.
