#
# There is insufficient memory for the Java Runtime Environment to continue.
# Native memory allocation (malloc) failed to allocate 1234256 bytes for Chunk::new
# Possible reasons:
#   The system is out of physical RAM or swap space
#   The process is running with CompressedOops enabled, and the Java Heap may be blocking the growth of the native heap
# Possible solutions:
#   Reduce memory load on the system
#   Increase physical memory or swap space
#   Check if swap backing store is full
#   Decrease Java heap size (-Xmx/-Xms)
#   Decrease number of Java threads
#   Decrease Java thread stack sizes (-Xss)
#   Set larger code cache with -XX:ReservedCodeCacheSize=
#   JVM is running with Unscaled Compressed Oops mode in which the Java heap is
#     placed in the first 4GB address space. The Java Heap base address is the
#     maximum limit for the native heap growth. Please use -XX:HeapBaseMinAddress
#     to set the Java Heap base and to place the Java Heap above 4GB virtual address.
# This output file may be truncated or incomplete.
#
#  Out of Memory Error (./src/hotspot/share/memory/arena.cpp:197), pid=6668, tid=14120
#
# JRE version: OpenJDK Runtime Environment (11.0.8+10) (build 11.0.8+10-b944.6842174)
# Java VM: OpenJDK 64-Bit Server VM (11.0.8+10-b944.6842174, mixed mode, tiered, compressed oops, g1 gc, windows-amd64)
# No core dump will be written. Minidumps are not enabled by default on client versions of Windows
#

---------------  S U M M A R Y ------------

Command Line: --add-opens=java.base/java.util=ALL-UNNAMED --add-opens=java.base/java.lang=ALL-UNNAMED --add-opens=java.base/java.lang.invoke=ALL-UNNAMED --add-opens=java.prefs/java.util.prefs=ALL-UNNAMED -Xmx2048m -Dfile.encoding=UTF-8 -Duser.country=SG -Duser.language=en -Duser.variant org.gradle.launcher.daemon.bootstrap.GradleDaemon 6.7.1

Host: Intel(R) Core(TM) i3-1005G1 CPU @ 1.20GHz, 4 cores, 7G,  Windows 10 , 64 bit Build 22000 (10.0.22000.675)
Time: Sun Jun 12 03:53:28 2022 SE Asia Standard Time elapsed time: 3096 seconds (0d 0h 51m 36s)

---------------  T H R E A D  ---------------

Current thread (0x000001f72c221000):  JavaThread "C2 CompilerThread1" daemon [_thread_in_native, id=14120, stack(0x00000040de300000,0x00000040de400000)]


Current CompileTask:
C2:3096189 32010       4       com.android.ide.common.blame.MergingLogPersistUtil::lambda$normalize$0 (107 bytes)

Stack: [0x00000040de300000,0x00000040de400000]
Native frames: (J=compiled Java code, j=interpreted, Vv=VM code, C=native code)
V  [jvm.dll+0x5de50a]
V  [jvm.dll+0x7122f5]
V  [jvm.dll+0x71384d]
V  [jvm.dll+0x713f03]
V  [jvm.dll+0x23e728]
V  [jvm.dll+0xb899c]
V  [jvm.dll+0xb8e9c]
V  [jvm.dll+0x35024d]
V  [jvm.dll+0x31dea3]
V  [jvm.dll+0x31d39a]
V  [jvm.dll+0x1f7702]
V  [jvm.dll+0x1f68d4]
V  [jvm.dll+0x17f32c]
V  [jvm.dll+0x205047]
V  [jvm.dll+0x203891]
V  [jvm.dll+0x6dad3f]
V  [jvm.dll+0x6d3895]
V  [jvm.dll+0x5dd4a6]
C  [ucrtbase.dll+0x26c0c]
C  [KERNEL32.DLL+0x154e0]
C  [ntdll.dll+0x485b]


---------------  P R O C E S S  ---------------

Threads class SMR info:
_java_thread_list=0x000001f7265802e0, length=141, elements={
0x000001f70bdfe000, 0x000001f72585e000, 0x000001f725861800, 0x000001f7261f2800,
0x000001f7261f3000, 0x000001f72587f000, 0x000001f725886800, 0x000001f72588a000,
0x000001f726320000, 0x000001f726336000, 0x000001f727d5e800, 0x000001f727ab7800,
0x000001f7277b4000, 0x000001f728337800, 0x000001f72833b000, 0x000001f728336000,
0x000001f728339000, 0x000001f72aad5000, 0x000001f72a6c9000, 0x000001f72c222800,
0x000001f7269ff800, 0x000001f7269f1800, 0x000001f7269f5800, 0x000001f7269f4000,
0x000001f7269f8000, 0x000001f7269f6800, 0x000001f7269f5000, 0x000001f7269f7800,
0x000001f7269f2800, 0x000001f7269f9000, 0x000001f7269f3800, 0x000001f7269fa000,
0x000001f7269fd000, 0x000001f7269fe000, 0x000001f7269fc000, 0x000001f7269fb800,
0x000001f726a00800, 0x000001f7269fa800, 0x000001f72a6c8000, 0x000001f72a6c6800,
0x000001f72a6c4000, 0x000001f72a6c9800, 0x000001f72a6ca800, 0x000001f72a6c5800,
0x000001f72a6c7800, 0x000001f72a6c5000, 0x000001f72a6d0000, 0x000001f72a6d1000,
0x000001f72a6cd000, 0x000001f72a6cb800, 0x000001f72a6ce800, 0x000001f72a6ce000,
0x000001f72a6cf800, 0x000001f72a6cc000, 0x000001f72a6d2000, 0x000001f72a6d2800,
0x000001f728b0c000, 0x000001f728b0d800, 0x000001f728b08000, 0x000001f728b08800,
0x000001f728b09800, 0x000001f728b11000, 0x000001f728b0f000, 0x000001f728b0c800,
0x000001f728b10000, 0x000001f728b0e800, 0x000001f728b0b000, 0x000001f728b15000,
0x000001f728b16800, 0x000001f728b14000, 0x000001f728b11800, 0x000001f728b12800,
0x000001f728b15800, 0x000001f728b13000, 0x000001f72bdb9000, 0x000001f72bdb9800,
0x000001f72bdb4000, 0x000001f72bdba800, 0x000001f72bdb4800, 0x000001f72bdbb000,
0x000001f72bdb5800, 0x000001f72bdb7000, 0x000001f72bdbc000, 0x000001f72bdb8000,
0x000001f72bdb6800, 0x000001f72bdc0000, 0x000001f72bdc1000, 0x000001f72bdbd800,
0x000001f72bdbe800, 0x000001f72bdc2000, 0x000001f72bdc2800, 0x000001f72bdbd000,
0x000001f72aad6000, 0x000001f72aad4000, 0x000001f72aad6800, 0x000001f72aad8000,
0x000001f72aad3800, 0x000001f72aad2800, 0x000001f72aadc800, 0x000001f72aadd000,
0x000001f72aad9000, 0x000001f72aade000, 0x000001f72aada000, 0x000001f72aada800,
0x000001f72aade800, 0x000001f72aae0800, 0x000001f72aadf800, 0x000001f72aae1000,
0x000001f72aadb800, 0x000001f727d28800, 0x000001f727d2f000, 0x000001f727d29000,
0x000001f727d2c800, 0x000001f727d2a000, 0x000001f727d2a800, 0x000001f727d2b800,
0x000001f727d2f800, 0x000001f727d33000, 0x000001f727d31800, 0x000001f727d2e000,
0x000001f727d32000, 0x000001f727d2d000, 0x000001f727d35800, 0x000001f727d34800,
0x000001f727d36000, 0x000001f727d37000, 0x000001f72c21d000, 0x000001f72c217000,
0x000001f72c219000, 0x000001f72c219800, 0x000001f72c21c000, 0x000001f72c21d800,
0x000001f72c218000, 0x000001f72c21e800, 0x000001f72c21b800, 0x000001f72c220000,
0x000001f72c21a800, 0x000001f72c226000, 0x000001f72c223800, 0x000001f72c224800,
0x000001f72c221000
}

Java Threads: ( => current thread )
  0x000001f70bdfe000 JavaThread "main" [_thread_blocked, id=11052, stack(0x00000040dbb00000,0x00000040dbc00000)]
  0x000001f72585e000 JavaThread "Reference Handler" daemon [_thread_blocked, id=9976, stack(0x00000040dc200000,0x00000040dc300000)]
  0x000001f725861800 JavaThread "Finalizer" daemon [_thread_blocked, id=5776, stack(0x00000040dc300000,0x00000040dc400000)]
  0x000001f7261f2800 JavaThread "Signal Dispatcher" daemon [_thread_blocked, id=8628, stack(0x00000040dc500000,0x00000040dc600000)]
  0x000001f7261f3000 JavaThread "Attach Listener" daemon [_thread_blocked, id=10204, stack(0x00000040dc600000,0x00000040dc700000)]
  0x000001f72587f000 JavaThread "C2 CompilerThread0" daemon [_thread_in_native, id=14304, stack(0x00000040dc700000,0x00000040dc800000)]
  0x000001f725886800 JavaThread "C1 CompilerThread0" daemon [_thread_blocked, id=7544, stack(0x00000040dc800000,0x00000040dc900000)]
  0x000001f72588a000 JavaThread "Sweeper thread" daemon [_thread_blocked, id=9152, stack(0x00000040dc900000,0x00000040dca00000)]
  0x000001f726320000 JavaThread "Common-Cleaner" daemon [_thread_blocked, id=8784, stack(0x00000040dca00000,0x00000040dcb00000)]
  0x000001f726336000 JavaThread "Service Thread" daemon [_thread_blocked, id=13668, stack(0x00000040dcb00000,0x00000040dcc00000)]
  0x000001f727d5e800 JavaThread "Daemon health stats" [_thread_blocked, id=2824, stack(0x00000040dcf00000,0x00000040dd000000)]
  0x000001f727ab7800 JavaThread "Incoming local TCP Connector on port 58351" [_thread_in_native, id=2960, stack(0x00000040dd100000,0x00000040dd200000)]
  0x000001f7277b4000 JavaThread "Daemon periodic checks" [_thread_blocked, id=15208, stack(0x00000040dd200000,0x00000040dd300000)]
  0x000001f728337800 JavaThread "Cache worker for file hash cache (C:\Users\Hp\.gradle\caches\6.7.1\fileHashes)" [_thread_blocked, id=2376, stack(0x00000040ddd00000,0x00000040dde00000)]
  0x000001f72833b000 JavaThread "File lock request listener" [_thread_in_native, id=14740, stack(0x00000040dde00000,0x00000040ddf00000)]
  0x000001f728336000 JavaThread "Cache worker for journal cache (C:\Users\Hp\.gradle\caches\journal-1)" [_thread_blocked, id=9968, stack(0x00000040ddf00000,0x00000040de000000)]
  0x000001f728339000 JavaThread "Cache worker for execution history cache (C:\Users\Hp\.gradle\caches\6.7.1\executionHistory)" [_thread_blocked, id=10644, stack(0x00000040de400000,0x00000040de500000)]
  0x000001f72aad5000 JavaThread "Cache worker for file content cache (C:\Users\Hp\.gradle\caches\6.7.1\fileContent)" [_thread_blocked, id=3148, stack(0x00000040de600000,0x00000040de700000)]
  0x000001f72a6c9000 JavaThread "Memory manager" [_thread_blocked, id=11844, stack(0x00000040e4c00000,0x00000040e4d00000)]
  0x000001f72c222800 JavaThread "Cache worker for Java compile cache (C:\Users\Hp\.gradle\caches\6.7.1\javaCompile)" [_thread_blocked, id=7560, stack(0x00000040e4e00000,0x00000040e4f00000)]
  0x000001f7269ff800 JavaThread "ForkJoinPool.commonPool-worker-5" daemon [_thread_blocked, id=10540, stack(0x00000040e5700000,0x00000040e5800000)]
  0x000001f7269f1800 JavaThread "Daemon Thread 17" [_thread_blocked, id=8512, stack(0x00000040db900000,0x00000040dba00000)]
  0x000001f7269f5800 JavaThread "Handler for socket connection from /127.0.0.1:58351 to /127.0.0.1:59035" [_thread_in_native, id=13940, stack(0x00000040dba00000,0x00000040dbb00000)]
  0x000001f7269f4000 JavaThread "Cancel handler" [_thread_blocked, id=508, stack(0x00000040dc400000,0x00000040dc500000)]
  0x000001f7269f8000 JavaThread "Daemon worker Thread 17" [_thread_in_native, id=2916, stack(0x00000040dcd00000,0x00000040dce00000)]
  0x000001f7269f6800 JavaThread "Asynchronous log dispatcher for DefaultDaemonConnection: socket connection from /127.0.0.1:58351 to /127.0.0.1:59035" [_thread_blocked, id=4648, stack(0x00000040dd000000,0x00000040dd100000)]
  0x000001f7269f5000 JavaThread "Stdin handler" [_thread_blocked, id=12040, stack(0x00000040dd300000,0x00000040dd400000)]
  0x000001f7269f7800 JavaThread "Thread-2374" [_thread_blocked, id=624, stack(0x00000040dd400000,0x00000040dd500000)]
  0x000001f7269f2800 JavaThread "Cache worker for file hash cache (D:\AndroidNetworking\ASM\.gradle\6.7.1\fileHashes)" [_thread_blocked, id=6656, stack(0x00000040dd500000,0x00000040dd600000)]
  0x000001f7269f9000 JavaThread "Cache worker for checksums cache (D:\AndroidNetworking\ASM\.gradle\checksums)" [_thread_blocked, id=9768, stack(0x00000040dd600000,0x00000040dd700000)]
  0x000001f7269f3800 JavaThread "Cache worker for cache directory md-supplier (C:\Users\Hp\.gradle\caches\6.7.1\md-supplier)" [_thread_blocked, id=8768, stack(0x00000040dd700000,0x00000040dd800000)]
  0x000001f7269fa000 JavaThread "Cache worker for cache directory md-rule (C:\Users\Hp\.gradle\caches\6.7.1\md-rule)" [_thread_blocked, id=10304, stack(0x00000040dd800000,0x00000040dd900000)]
  0x000001f7269fd000 JavaThread "Cache worker for Build Output Cleanup Cache (D:\AndroidNetworking\ASM\.gradle\buildOutputCleanup)" [_thread_blocked, id=12200, stack(0x00000040dd900000,0x00000040dda00000)]
  0x000001f7269fe000 JavaThread "Build operations" [_thread_blocked, id=1816, stack(0x00000040dda00000,0x00000040ddb00000)]
  0x000001f7269fc000 JavaThread "Build operations Thread 2" [_thread_blocked, id=2908, stack(0x00000040de000000,0x00000040de100000)]
  0x000001f7269fb800 JavaThread "Build operations Thread 3" [_thread_blocked, id=11228, stack(0x00000040de100000,0x00000040de200000)]
  0x000001f726a00800 JavaThread "Build operations Thread 4" [_thread_blocked, id=8020, stack(0x00000040de200000,0x00000040de300000)]
  0x000001f7269fa800 JavaThread "jar transforms Thread 1553" [_thread_blocked, id=9004, stack(0x00000040de500000,0x00000040de600000)]
  0x000001f72a6c8000 JavaThread "jar transforms Thread 1554" [_thread_blocked, id=13524, stack(0x00000040de700000,0x00000040de800000)]
  0x000001f72a6c6800 JavaThread "jar transforms Thread 1555" [_thread_blocked, id=2684, stack(0x00000040de800000,0x00000040de900000)]
  0x000001f72a6c4000 JavaThread "jar transforms Thread 1556" [_thread_blocked, id=6604, stack(0x00000040de900000,0x00000040dea00000)]
  0x000001f72a6c9800 JavaThread "jar transforms Thread 1557" [_thread_blocked, id=8928, stack(0x00000040dea00000,0x00000040deb00000)]
  0x000001f72a6ca800 JavaThread "jar transforms Thread 1558" [_thread_blocked, id=6356, stack(0x00000040deb00000,0x00000040dec00000)]
  0x000001f72a6c5800 JavaThread "jar transforms Thread 1559" [_thread_blocked, id=8528, stack(0x00000040dec00000,0x00000040ded00000)]
  0x000001f72a6c7800 JavaThread "jar transforms Thread 1560" [_thread_blocked, id=3612, stack(0x00000040ded00000,0x00000040dee00000)]
  0x000001f72a6c5000 JavaThread "jar transforms Thread 1561" [_thread_blocked, id=1176, stack(0x00000040dee00000,0x00000040def00000)]
  0x000001f72a6d0000 JavaThread "jar transforms Thread 1562" [_thread_blocked, id=10564, stack(0x00000040def00000,0x00000040df000000)]
  0x000001f72a6d1000 JavaThread "jar transforms Thread 1563" [_thread_blocked, id=14276, stack(0x00000040df000000,0x00000040df100000)]
  0x000001f72a6cd000 JavaThread "jar transforms Thread 1564" [_thread_blocked, id=10800, stack(0x00000040df100000,0x00000040df200000)]
  0x000001f72a6cb800 JavaThread "jar transforms Thread 1565" [_thread_blocked, id=7552, stack(0x00000040df200000,0x00000040df300000)]
  0x000001f72a6ce800 JavaThread "jar transforms Thread 1566" [_thread_blocked, id=10520, stack(0x00000040df300000,0x00000040df400000)]
  0x000001f72a6ce000 JavaThread "jar transforms Thread 1567" [_thread_blocked, id=3008, stack(0x00000040df400000,0x00000040df500000)]
  0x000001f72a6cf800 JavaThread "jar transforms Thread 1568" [_thread_blocked, id=5664, stack(0x00000040df500000,0x00000040df600000)]
  0x000001f72a6cc000 JavaThread "jar transforms Thread 1569" [_thread_blocked, id=7928, stack(0x00000040df600000,0x00000040df700000)]
  0x000001f72a6d2000 JavaThread "jar transforms Thread 1570" [_thread_blocked, id=9280, stack(0x00000040df700000,0x00000040df800000)]
  0x000001f72a6d2800 JavaThread "jar transforms Thread 1571" [_thread_blocked, id=12116, stack(0x00000040df800000,0x00000040df900000)]
  0x000001f728b0c000 JavaThread "jar transforms Thread 1572" [_thread_blocked, id=3372, stack(0x00000040df900000,0x00000040dfa00000)]
  0x000001f728b0d800 JavaThread "jar transforms Thread 1573" [_thread_blocked, id=11404, stack(0x00000040dfa00000,0x00000040dfb00000)]
  0x000001f728b08000 JavaThread "jar transforms Thread 1574" [_thread_blocked, id=1856, stack(0x00000040dfb00000,0x00000040dfc00000)]
  0x000001f728b08800 JavaThread "jar transforms Thread 1575" [_thread_blocked, id=1040, stack(0x00000040dfc00000,0x00000040dfd00000)]
  0x000001f728b09800 JavaThread "jar transforms Thread 1576" [_thread_blocked, id=8728, stack(0x00000040dfd00000,0x00000040dfe00000)]
  0x000001f728b11000 JavaThread "jar transforms Thread 1577" [_thread_blocked, id=2984, stack(0x00000040dfe00000,0x00000040dff00000)]
  0x000001f728b0f000 JavaThread "jar transforms Thread 1578" [_thread_blocked, id=6396, stack(0x00000040dff00000,0x00000040e0000000)]
  0x000001f728b0c800 JavaThread "jar transforms Thread 1579" [_thread_blocked, id=12900, stack(0x00000040e0000000,0x00000040e0100000)]
  0x000001f728b10000 JavaThread "jar transforms Thread 1580" [_thread_blocked, id=12904, stack(0x00000040e0100000,0x00000040e0200000)]
  0x000001f728b0e800 JavaThread "jar transforms Thread 1581" [_thread_blocked, id=5256, stack(0x00000040e0200000,0x00000040e0300000)]
  0x000001f728b0b000 JavaThread "jar transforms Thread 1582" [_thread_blocked, id=6416, stack(0x00000040e0300000,0x00000040e0400000)]
  0x000001f728b15000 JavaThread "jar transforms Thread 1583" [_thread_blocked, id=10184, stack(0x00000040e0400000,0x00000040e0500000)]
  0x000001f728b16800 JavaThread "jar transforms Thread 1584" [_thread_blocked, id=8452, stack(0x00000040e0500000,0x00000040e0600000)]
  0x000001f728b14000 JavaThread "jar transforms Thread 1585" [_thread_blocked, id=2600, stack(0x00000040e0600000,0x00000040e0700000)]
  0x000001f728b11800 JavaThread "jar transforms Thread 1586" [_thread_blocked, id=5300, stack(0x00000040e0700000,0x00000040e0800000)]
  0x000001f728b12800 JavaThread "jar transforms Thread 1587" [_thread_blocked, id=8464, stack(0x00000040e0800000,0x00000040e0900000)]
  0x000001f728b15800 JavaThread "jar transforms Thread 1588" [_thread_blocked, id=9736, stack(0x00000040e0900000,0x00000040e0a00000)]
  0x000001f728b13000 JavaThread "jar transforms Thread 1589" [_thread_blocked, id=9712, stack(0x00000040e0a00000,0x00000040e0b00000)]
  0x000001f72bdb9000 JavaThread "jar transforms Thread 1590" [_thread_blocked, id=13152, stack(0x00000040e0b00000,0x00000040e0c00000)]
  0x000001f72bdb9800 JavaThread "jar transforms Thread 1591" [_thread_blocked, id=13388, stack(0x00000040e0c00000,0x00000040e0d00000)]
  0x000001f72bdb4000 JavaThread "jar transforms Thread 1592" [_thread_blocked, id=3984, stack(0x00000040e0d00000,0x00000040e0e00000)]
  0x000001f72bdba800 JavaThread "jar transforms Thread 1593" [_thread_blocked, id=1272, stack(0x00000040e0e00000,0x00000040e0f00000)]
  0x000001f72bdb4800 JavaThread "jar transforms Thread 1594" [_thread_blocked, id=6424, stack(0x00000040e0f00000,0x00000040e1000000)]
  0x000001f72bdbb000 JavaThread "jar transforms Thread 1595" [_thread_blocked, id=5920, stack(0x00000040e1000000,0x00000040e1100000)]
  0x000001f72bdb5800 JavaThread "jar transforms Thread 1596" [_thread_blocked, id=13948, stack(0x00000040e1100000,0x00000040e1200000)]
  0x000001f72bdb7000 JavaThread "jar transforms Thread 1597" [_thread_blocked, id=14864, stack(0x00000040e1200000,0x00000040e1300000)]
  0x000001f72bdbc000 JavaThread "jar transforms Thread 1598" [_thread_blocked, id=8812, stack(0x00000040e1300000,0x00000040e1400000)]
  0x000001f72bdb8000 JavaThread "jar transforms Thread 1599" [_thread_blocked, id=2988, stack(0x00000040e1400000,0x00000040e1500000)]
  0x000001f72bdb6800 JavaThread "jar transforms Thread 1600" [_thread_blocked, id=10672, stack(0x00000040e1500000,0x00000040e1600000)]
  0x000001f72bdc0000 JavaThread "jar transforms Thread 1601" [_thread_blocked, id=10268, stack(0x00000040e1600000,0x00000040e1700000)]
  0x000001f72bdc1000 JavaThread "jar transforms Thread 1602" [_thread_blocked, id=13576, stack(0x00000040e1700000,0x00000040e1800000)]
  0x000001f72bdbd800 JavaThread "jar transforms Thread 1603" [_thread_blocked, id=12324, stack(0x00000040e1800000,0x00000040e1900000)]
  0x000001f72bdbe800 JavaThread "jar transforms Thread 1604" [_thread_blocked, id=7700, stack(0x00000040e1900000,0x00000040e1a00000)]
  0x000001f72bdc2000 JavaThread "jar transforms Thread 1605" [_thread_blocked, id=14292, stack(0x00000040e1a00000,0x00000040e1b00000)]
  0x000001f72bdc2800 JavaThread "jar transforms Thread 1606" [_thread_blocked, id=7696, stack(0x00000040e1b00000,0x00000040e1c00000)]
  0x000001f72bdbd000 JavaThread "jar transforms Thread 1607" [_thread_blocked, id=12748, stack(0x00000040e1c00000,0x00000040e1d00000)]
  0x000001f72aad6000 JavaThread "jar transforms Thread 1608" [_thread_blocked, id=7536, stack(0x00000040e1d00000,0x00000040e1e00000)]
  0x000001f72aad4000 JavaThread "jar transforms Thread 1609" [_thread_blocked, id=13572, stack(0x00000040e1e00000,0x00000040e1f00000)]
  0x000001f72aad6800 JavaThread "jar transforms Thread 1610" [_thread_blocked, id=2416, stack(0x00000040e1f00000,0x00000040e2000000)]
  0x000001f72aad8000 JavaThread "jar transforms Thread 1611" [_thread_blocked, id=8880, stack(0x00000040e2000000,0x00000040e2100000)]
  0x000001f72aad3800 JavaThread "jar transforms Thread 1612" [_thread_blocked, id=12660, stack(0x00000040e2100000,0x00000040e2200000)]
  0x000001f72aad2800 JavaThread "jar transforms Thread 1613" [_thread_blocked, id=2256, stack(0x00000040e2200000,0x00000040e2300000)]
  0x000001f72aadc800 JavaThread "jar transforms Thread 1614" [_thread_blocked, id=12416, stack(0x00000040e2300000,0x00000040e2400000)]
  0x000001f72aadd000 JavaThread "jar transforms Thread 1615" [_thread_blocked, id=8716, stack(0x00000040e2400000,0x00000040e2500000)]
  0x000001f72aad9000 JavaThread "jar transforms Thread 1616" [_thread_blocked, id=1584, stack(0x00000040e2500000,0x00000040e2600000)]
  0x000001f72aade000 JavaThread "jar transforms Thread 1617" [_thread_blocked, id=6368, stack(0x00000040e2600000,0x00000040e2700000)]
  0x000001f72aada000 JavaThread "jar transforms Thread 1618" [_thread_blocked, id=11820, stack(0x00000040e2700000,0x00000040e2800000)]
  0x000001f72aada800 JavaThread "jar transforms Thread 1619" [_thread_blocked, id=2876, stack(0x00000040e2800000,0x00000040e2900000)]
  0x000001f72aade800 JavaThread "jar transforms Thread 1620" [_thread_blocked, id=11304, stack(0x00000040e2900000,0x00000040e2a00000)]
  0x000001f72aae0800 JavaThread "jar transforms Thread 1621" [_thread_blocked, id=13708, stack(0x00000040e2a00000,0x00000040e2b00000)]
  0x000001f72aadf800 JavaThread "jar transforms Thread 1622" [_thread_blocked, id=11460, stack(0x00000040e2b00000,0x00000040e2c00000)]
  0x000001f72aae1000 JavaThread "jar transforms Thread 1623" [_thread_blocked, id=15276, stack(0x00000040e2c00000,0x00000040e2d00000)]
  0x000001f72aadb800 JavaThread "jar transforms Thread 1624" [_thread_blocked, id=13168, stack(0x00000040e2d00000,0x00000040e2e00000)]
  0x000001f727d28800 JavaThread "jar transforms Thread 1625" [_thread_blocked, id=2056, stack(0x00000040e2e00000,0x00000040e2f00000)]
  0x000001f727d2f000 JavaThread "jar transforms Thread 1626" [_thread_blocked, id=11552, stack(0x00000040e2f00000,0x00000040e3000000)]
  0x000001f727d29000 JavaThread "jar transforms Thread 1627" [_thread_blocked, id=13692, stack(0x00000040e3000000,0x00000040e3100000)]
  0x000001f727d2c800 JavaThread "jar transforms Thread 1628" [_thread_blocked, id=5624, stack(0x00000040e3100000,0x00000040e3200000)]
  0x000001f727d2a000 JavaThread "jar transforms Thread 1629" [_thread_blocked, id=10232, stack(0x00000040e3200000,0x00000040e3300000)]
  0x000001f727d2a800 JavaThread "jar transforms Thread 1630" [_thread_blocked, id=14616, stack(0x00000040e3300000,0x00000040e3400000)]
  0x000001f727d2b800 JavaThread "jar transforms Thread 1631" [_thread_blocked, id=10368, stack(0x00000040e3400000,0x00000040e3500000)]
  0x000001f727d2f800 JavaThread "jar transforms Thread 1632" [_thread_blocked, id=9656, stack(0x00000040e3500000,0x00000040e3600000)]
  0x000001f727d33000 JavaThread "jar transforms Thread 1633" [_thread_blocked, id=4104, stack(0x00000040e3600000,0x00000040e3700000)]
  0x000001f727d31800 JavaThread "jar transforms Thread 1634" [_thread_blocked, id=12812, stack(0x00000040e3700000,0x00000040e3800000)]
  0x000001f727d2e000 JavaThread "jar transforms Thread 1635" [_thread_blocked, id=4736, stack(0x00000040e3800000,0x00000040e3900000)]
  0x000001f727d32000 JavaThread "jar transforms Thread 1636" [_thread_blocked, id=12540, stack(0x00000040e3900000,0x00000040e3a00000)]
  0x000001f727d2d000 JavaThread "jar transforms Thread 1637" [_thread_blocked, id=3212, stack(0x00000040e3a00000,0x00000040e3b00000)]
  0x000001f727d35800 JavaThread "jar transforms Thread 1638" [_thread_blocked, id=13180, stack(0x00000040e3b00000,0x00000040e3c00000)]
  0x000001f727d34800 JavaThread "jar transforms Thread 1639" [_thread_blocked, id=2580, stack(0x00000040e3c00000,0x00000040e3d00000)]
  0x000001f727d36000 JavaThread "jar transforms Thread 1640" [_thread_blocked, id=1092, stack(0x00000040e3d00000,0x00000040e3e00000)]
  0x000001f727d37000 JavaThread "jar transforms Thread 1641" [_thread_blocked, id=11340, stack(0x00000040e3e00000,0x00000040e3f00000)]
  0x000001f72c21d000 JavaThread "jar transforms Thread 1642" [_thread_blocked, id=13084, stack(0x00000040e3f00000,0x00000040e4000000)]
  0x000001f72c217000 JavaThread "jar transforms Thread 1643" [_thread_blocked, id=10140, stack(0x00000040e4000000,0x00000040e4100000)]
  0x000001f72c219000 JavaThread "jar transforms Thread 1644" [_thread_blocked, id=11400, stack(0x00000040e4100000,0x00000040e4200000)]
  0x000001f72c219800 JavaThread "jar transforms Thread 1645" [_thread_blocked, id=12316, stack(0x00000040e4200000,0x00000040e4300000)]
  0x000001f72c21c000 JavaThread "jar transforms Thread 1646" [_thread_blocked, id=9668, stack(0x00000040e4300000,0x00000040e4400000)]
  0x000001f72c21d800 JavaThread "jar transforms Thread 1647" [_thread_blocked, id=7604, stack(0x00000040e4400000,0x00000040e4500000)]
  0x000001f72c218000 JavaThread "jar transforms Thread 1648" [_thread_blocked, id=11136, stack(0x00000040e4500000,0x00000040e4600000)]
  0x000001f72c21e800 JavaThread "jar transforms Thread 1649" [_thread_blocked, id=10584, stack(0x00000040e4600000,0x00000040e4700000)]
  0x000001f72c21b800 JavaThread "build event listener" [_thread_blocked, id=14284, stack(0x00000040e4700000,0x00000040e4800000)]
  0x000001f72c220000 JavaThread "build event listener" [_thread_blocked, id=14132, stack(0x00000040e4800000,0x00000040e4900000)]
  0x000001f72c21a800 JavaThread "Execution worker for ':'" [_thread_blocked, id=3300, stack(0x00000040e4900000,0x00000040e4a00000)]
  0x000001f72c226000 JavaThread "Execution worker for ':' Thread 2" [_thread_blocked, id=3332, stack(0x00000040e4a00000,0x00000040e4b00000)]
  0x000001f72c223800 JavaThread "Execution worker for ':' Thread 3" [_thread_blocked, id=9096, stack(0x00000040e4b00000,0x00000040e4c00000)]
  0x000001f72c224800 JavaThread "Cache worker for execution history cache (D:\AndroidNetworking\ASM\.gradle\6.7.1\executionHistory)" [_thread_blocked, id=2744, stack(0x00000040e4d00000,0x00000040e4e00000)]
=>0x000001f72c221000 JavaThread "C2 CompilerThread1" daemon [_thread_in_native, id=14120, stack(0x00000040de300000,0x00000040de400000)]

Other Threads:
  0x000001f725858000 VMThread "VM Thread" [stack: 0x00000040dc100000,0x00000040dc200000] [id=10180]
  0x000001f726359000 WatcherThread [stack: 0x00000040dcc00000,0x00000040dcd00000] [id=9340]
  0x000001f70be16000 GCTaskThread "GC Thread#0" [stack: 0x00000040dbc00000,0x00000040dbd00000] [id=10316]
  0x000001f72690d000 GCTaskThread "GC Thread#1" [stack: 0x00000040dce00000,0x00000040dcf00000] [id=9232]
  0x000001f72864d800 GCTaskThread "GC Thread#2" [stack: 0x00000040ddb00000,0x00000040ddc00000] [id=9912]
  0x000001f727ae5000 GCTaskThread "GC Thread#3" [stack: 0x00000040ddc00000,0x00000040ddd00000] [id=3312]
  0x000001f70be46800 ConcurrentGCThread "G1 Main Marker" [stack: 0x00000040dbd00000,0x00000040dbe00000] [id=11928]
  0x000001f70be48000 ConcurrentGCThread "G1 Conc#0" [stack: 0x00000040dbe00000,0x00000040dbf00000] [id=7628]
  0x000001f70bed8000 ConcurrentGCThread "G1 Refine#0" [stack: 0x00000040dbf00000,0x00000040dc000000] [id=4056]
  0x000001f72a463000 ConcurrentGCThread "G1 Refine#1" [stack: 0x00000040e5300000,0x00000040e5400000] [id=6640]
  0x000001f72d958800 ConcurrentGCThread "G1 Refine#2" [stack: 0x00000040e5400000,0x00000040e5500000] [id=1432]
  0x000001f70bed9000 ConcurrentGCThread "G1 Young RemSet Sampling" [stack: 0x00000040dc000000,0x00000040dc100000] [id=4208]

Threads with active compile tasks:
C2 CompilerThread03096214 32009       4       com.android.ide.common.blame.MergingLogPersistUtil$$Lambda$702/0x0000000100a56440::accept (12 bytes)
C2 CompilerThread13096214 32010       4       com.android.ide.common.blame.MergingLogPersistUtil::lambda$normalize$0 (107 bytes)

VM state:not at safepoint (normal execution)

VM Mutex/Monitor currently owned by a thread: None

Heap address: 0x0000000080000000, size: 2048 MB, Compressed Oops mode: 32-bit
Narrow klass base: 0x0000000000000000, Narrow klass shift: 3
Compressed class space size: 1073741824 Address: 0x0000000100000000

Heap:
 garbage-first heap   total 220160K, used 131166K [0x0000000080000000, 0x0000000100000000)
  region size 1024K, 43 young (44032K), 2 survivors (2048K)
 Metaspace       used 124719K, capacity 128772K, committed 129152K, reserved 1163264K
  class space    used 14738K, capacity 16136K, committed 16256K, reserved 1048576K
Heap Regions: E=young(eden), S=young(survivor), O=old, HS=humongous(starts), HC=humongous(continues), CS=collection set, F=free, A=archive, TAMS=top-at-mark-start (previous, next)
|   0|0x0000000080000000, 0x0000000080100000, 0x0000000080100000|100%| O|  |TAMS 0x0000000080100000, 0x0000000080000000| Untracked 
|   1|0x0000000080100000, 0x0000000080200000, 0x0000000080200000|100%| O|  |TAMS 0x0000000080200000, 0x0000000080100000| Complete 
|   2|0x0000000080200000, 0x0000000080300000, 0x0000000080300000|100%| O|  |TAMS 0x0000000080300000, 0x0000000080200000| Untracked 
|   3|0x0000000080300000, 0x0000000080400000, 0x0000000080400000|100%|HS|  |TAMS 0x0000000080400000, 0x0000000080300000| Complete 
|   4|0x0000000080400000, 0x0000000080500000, 0x0000000080500000|100%|HC|  |TAMS 0x0000000080500000, 0x0000000080400000| Complete 
|   5|0x0000000080500000, 0x0000000080600000, 0x0000000080600000|100%|HC|  |TAMS 0x0000000080600000, 0x0000000080500000| Complete 
|   6|0x0000000080600000, 0x0000000080700000, 0x0000000080700000|100%| O|  |TAMS 0x0000000080700000, 0x0000000080600000| Untracked 
|   7|0x0000000080700000, 0x0000000080800000, 0x0000000080800000|100%| O|  |TAMS 0x0000000080800000, 0x0000000080700000| Untracked 
|   8|0x0000000080800000, 0x0000000080900000, 0x0000000080900000|100%| O|  |TAMS 0x0000000080900000, 0x0000000080800000| Untracked 
|   9|0x0000000080900000, 0x0000000080a00000, 0x0000000080a00000|100%| O|  |TAMS 0x0000000080a00000, 0x0000000080900000| Complete 
|  10|0x0000000080a00000, 0x0000000080b00000, 0x0000000080b00000|100%| O|  |TAMS 0x0000000080b00000, 0x0000000080a00000| Untracked 
|  11|0x0000000080b00000, 0x0000000080c00000, 0x0000000080c00000|100%| O|  |TAMS 0x0000000080c00000, 0x0000000080b00000| Untracked 
|  12|0x0000000080c00000, 0x0000000080d00000, 0x0000000080d00000|100%| O|  |TAMS 0x0000000080d00000, 0x0000000080c00000| Untracked 
|  13|0x0000000080d00000, 0x0000000080e00000, 0x0000000080e00000|100%|HS|  |TAMS 0x0000000080e00000, 0x0000000080d00000| Complete 
|  14|0x0000000080e00000, 0x0000000080f00000, 0x0000000080f00000|100%|HS|  |TAMS 0x0000000080f00000, 0x0000000080e00000| Complete 
|  15|0x0000000080f00000, 0x0000000081000000, 0x0000000081000000|100%|HC|  |TAMS 0x0000000081000000, 0x0000000080f00000| Complete 
|  16|0x0000000081000000, 0x0000000081100000, 0x0000000081100000|100%| O|  |TAMS 0x0000000081100000, 0x0000000081000000| Complete 
|  17|0x0000000081100000, 0x0000000081200000, 0x0000000081200000|100%| O|  |TAMS 0x0000000081200000, 0x0000000081100000| Untracked 
|  18|0x0000000081200000, 0x0000000081300000, 0x0000000081300000|100%| O|  |TAMS 0x0000000081300000, 0x0000000081200000| Complete 
|  19|0x0000000081300000, 0x0000000081400000, 0x0000000081400000|100%| O|  |TAMS 0x0000000081400000, 0x0000000081300000| Complete 
|  20|0x0000000081400000, 0x0000000081500000, 0x0000000081500000|100%| O|  |TAMS 0x0000000081500000, 0x0000000081400000| Complete 
|  21|0x0000000081500000, 0x0000000081600000, 0x0000000081600000|100%| O|  |TAMS 0x0000000081600000, 0x0000000081500000| Complete 
|  22|0x0000000081600000, 0x0000000081700000, 0x0000000081700000|100%| O|  |TAMS 0x0000000081700000, 0x0000000081600000| Untracked 
|  23|0x0000000081700000, 0x0000000081800000, 0x0000000081800000|100%| O|  |TAMS 0x0000000081800000, 0x0000000081700000| Complete 
|  24|0x0000000081800000, 0x0000000081900000, 0x0000000081900000|100%| O|  |TAMS 0x0000000081900000, 0x0000000081800000| Complete 
|  25|0x0000000081900000, 0x0000000081a00000, 0x0000000081a00000|100%| O|  |TAMS 0x0000000081a00000, 0x0000000081900000| Complete 
|  26|0x0000000081a00000, 0x0000000081b00000, 0x0000000081b00000|100%| O|  |TAMS 0x0000000081b00000, 0x0000000081a00000| Complete 
|  27|0x0000000081b00000, 0x0000000081c00000, 0x0000000081c00000|100%| O|  |TAMS 0x0000000081c00000, 0x0000000081b00000| Untracked 
|  28|0x0000000081c00000, 0x0000000081d00000, 0x0000000081d00000|100%| O|  |TAMS 0x0000000081d00000, 0x0000000081c00000| Untracked 
|  29|0x0000000081d00000, 0x0000000081e00000, 0x0000000081e00000|100%| O|  |TAMS 0x0000000081e00000, 0x0000000081d00000| Untracked 
|  30|0x0000000081e00000, 0x0000000081f00000, 0x0000000081f00000|100%| O|  |TAMS 0x0000000081f00000, 0x0000000081e00000| Untracked 
|  31|0x0000000081f00000, 0x0000000082000000, 0x0000000082000000|100%| O|  |TAMS 0x0000000082000000, 0x0000000081f00000| Untracked 
|  32|0x0000000082000000, 0x0000000082100000, 0x0000000082100000|100%| O|  |TAMS 0x0000000082100000, 0x0000000082000000| Complete 
|  33|0x0000000082100000, 0x0000000082200000, 0x0000000082200000|100%| O|  |TAMS 0x0000000082200000, 0x0000000082100000| Complete 
|  34|0x0000000082200000, 0x0000000082200000, 0x0000000082300000|  0%| F|  |TAMS 0x0000000082200000, 0x0000000082200000| Untracked 
|  35|0x0000000082300000, 0x0000000082400000, 0x0000000082400000|100%| O|  |TAMS 0x0000000082400000, 0x0000000082300000| Complete 
|  36|0x0000000082400000, 0x0000000082400000, 0x0000000082500000|  0%| F|  |TAMS 0x0000000082400000, 0x0000000082400000| Untracked 
|  37|0x0000000082500000, 0x0000000082600000, 0x0000000082600000|100%| O|  |TAMS 0x0000000082600000, 0x0000000082500000| Complete 
|  38|0x0000000082600000, 0x0000000082700000, 0x0000000082700000|100%| O|  |TAMS 0x0000000082700000, 0x0000000082600000| Complete 
|  39|0x0000000082700000, 0x0000000082800000, 0x0000000082800000|100%| O|  |TAMS 0x0000000082800000, 0x0000000082700000| Complete 
|  40|0x0000000082800000, 0x0000000082800000, 0x0000000082900000|  0%| F|  |TAMS 0x0000000082800000, 0x0000000082800000| Untracked 
|  41|0x0000000082900000, 0x0000000082900000, 0x0000000082a00000|  0%| F|  |TAMS 0x0000000082900000, 0x0000000082900000| Untracked 
|  42|0x0000000082a00000, 0x0000000082b00000, 0x0000000082b00000|100%| O|  |TAMS 0x0000000082b00000, 0x0000000082a00000| Complete 
|  43|0x0000000082b00000, 0x0000000082c00000, 0x0000000082c00000|100%| O|  |TAMS 0x0000000082c00000, 0x0000000082b00000| Complete 
|  44|0x0000000082c00000, 0x0000000082d00000, 0x0000000082d00000|100%| O|  |TAMS 0x0000000082d00000, 0x0000000082c00000| Untracked 
|  45|0x0000000082d00000, 0x0000000082e00000, 0x0000000082e00000|100%| O|  |TAMS 0x0000000082e00000, 0x0000000082d00000| Complete 
|  46|0x0000000082e00000, 0x0000000082f00000, 0x0000000082f00000|100%| O|  |TAMS 0x0000000082f00000, 0x0000000082e00000| Complete 
|  47|0x0000000082f00000, 0x0000000083000000, 0x0000000083000000|100%| O|  |TAMS 0x0000000083000000, 0x0000000082f00000| Complete 
|  48|0x0000000083000000, 0x0000000083100000, 0x0000000083100000|100%| O|  |TAMS 0x0000000083100000, 0x0000000083000000| Untracked 
|  49|0x0000000083100000, 0x0000000083200000, 0x0000000083200000|100%| O|  |TAMS 0x0000000083200000, 0x0000000083100000| Complete 
|  50|0x0000000083200000, 0x0000000083300000, 0x0000000083300000|100%| O|  |TAMS 0x0000000083300000, 0x0000000083200000| Complete 
|  51|0x0000000083300000, 0x0000000083400000, 0x0000000083400000|100%| O|  |TAMS 0x0000000083400000, 0x0000000083300000| Complete 
|  52|0x0000000083400000, 0x0000000083500000, 0x0000000083500000|100%| O|  |TAMS 0x0000000083500000, 0x0000000083400000| Complete 
|  53|0x0000000083500000, 0x0000000083600000, 0x0000000083600000|100%| O|  |TAMS 0x0000000083600000, 0x0000000083500000| Complete 
|  54|0x0000000083600000, 0x0000000083700000, 0x0000000083700000|100%| O|  |TAMS 0x0000000083700000, 0x0000000083600000| Complete 
|  55|0x0000000083700000, 0x0000000083800000, 0x0000000083800000|100%| O|  |TAMS 0x0000000083800000, 0x0000000083700000| Untracked 
|  56|0x0000000083800000, 0x0000000083900000, 0x0000000083900000|100%| O|  |TAMS 0x0000000083900000, 0x0000000083800000| Complete 
|  57|0x0000000083900000, 0x0000000083a00000, 0x0000000083a00000|100%| O|  |TAMS 0x0000000083a00000, 0x0000000083900000| Complete 
|  58|0x0000000083a00000, 0x0000000083b00000, 0x0000000083b00000|100%|HS|  |TAMS 0x0000000083b00000, 0x0000000083a00000| Complete 
|  59|0x0000000083b00000, 0x0000000083c00000, 0x0000000083c00000|100%|HC|  |TAMS 0x0000000083c00000, 0x0000000083b00000| Complete 
|  60|0x0000000083c00000, 0x0000000083d00000, 0x0000000083d00000|100%| O|  |TAMS 0x0000000083d00000, 0x0000000083c00000| Untracked 
|  61|0x0000000083d00000, 0x0000000083e00000, 0x0000000083e00000|100%|HS|  |TAMS 0x0000000083d00000, 0x0000000083d00000| Complete 
|  62|0x0000000083e00000, 0x0000000083f00000, 0x0000000083f00000|100%|HC|  |TAMS 0x0000000083e00000, 0x0000000083e00000| Complete 
|  63|0x0000000083f00000, 0x0000000084000000, 0x0000000084000000|100%| O|  |TAMS 0x0000000084000000, 0x0000000083f00000| Complete 
|  64|0x0000000084000000, 0x0000000084100000, 0x0000000084100000|100%| O|  |TAMS 0x0000000084100000, 0x0000000084000000| Complete 
|  65|0x0000000084100000, 0x0000000084100000, 0x0000000084200000|  0%| F|  |TAMS 0x0000000084100000, 0x0000000084100000| Untracked 
|  66|0x0000000084200000, 0x0000000084200000, 0x0000000084300000|  0%| F|  |TAMS 0x0000000084200000, 0x0000000084200000| Untracked 
|  67|0x0000000084300000, 0x0000000084300000, 0x0000000084400000|  0%| F|  |TAMS 0x0000000084300000, 0x0000000084300000| Untracked 
|  68|0x0000000084400000, 0x0000000084400000, 0x0000000084500000|  0%| F|  |TAMS 0x0000000084400000, 0x0000000084400000| Untracked 
|  69|0x0000000084500000, 0x0000000084600000, 0x0000000084600000|100%| O|  |TAMS 0x0000000084600000, 0x0000000084500000| Complete 
|  70|0x0000000084600000, 0x0000000084700000, 0x0000000084700000|100%| O|  |TAMS 0x0000000084700000, 0x0000000084600000| Untracked 
|  71|0x0000000084700000, 0x0000000084800000, 0x0000000084800000|100%| O|  |TAMS 0x0000000084800000, 0x0000000084700000| Complete 
|  72|0x0000000084800000, 0x0000000084900000, 0x0000000084900000|100%| O|  |TAMS 0x0000000084900000, 0x0000000084800000| Untracked 
|  73|0x0000000084900000, 0x0000000084a00000, 0x0000000084a00000|100%| O|  |TAMS 0x0000000084a00000, 0x0000000084900000| Untracked 
|  74|0x0000000084a00000, 0x0000000084a00000, 0x0000000084b00000|  0%| F|  |TAMS 0x0000000084a00000, 0x0000000084a00000| Untracked 
|  75|0x0000000084b00000, 0x0000000084c00000, 0x0000000084c00000|100%| O|  |TAMS 0x0000000084c00000, 0x0000000084b00000| Untracked 
|  76|0x0000000084c00000, 0x0000000084d00000, 0x0000000084d00000|100%| O|  |TAMS 0x0000000084d00000, 0x0000000084c00000| Complete 
|  77|0x0000000084d00000, 0x0000000084e00000, 0x0000000084e00000|100%| O|  |TAMS 0x0000000084e00000, 0x0000000084d00000| Complete 
|  78|0x0000000084e00000, 0x0000000084f00000, 0x0000000084f00000|100%| O|  |TAMS 0x0000000084f00000, 0x0000000084e00000| Complete 
|  79|0x0000000084f00000, 0x0000000085000000, 0x0000000085000000|100%| O|  |TAMS 0x0000000085000000, 0x0000000084f00000| Complete 
|  80|0x0000000085000000, 0x0000000085000000, 0x0000000085100000|  0%| F|  |TAMS 0x0000000085000000, 0x0000000085000000| Untracked 
|  81|0x0000000085100000, 0x0000000085100000, 0x0000000085200000|  0%| F|  |TAMS 0x0000000085100000, 0x0000000085100000| Untracked 
|  82|0x0000000085200000, 0x0000000085200000, 0x0000000085300000|  0%| F|  |TAMS 0x0000000085200000, 0x0000000085200000| Untracked 
|  83|0x0000000085300000, 0x0000000085300000, 0x0000000085400000|  0%| F|  |TAMS 0x0000000085300000, 0x0000000085300000| Untracked 
|  84|0x0000000085400000, 0x0000000085500000, 0x0000000085500000|100%| O|  |TAMS 0x0000000085500000, 0x0000000085400000| Untracked 
|  85|0x0000000085500000, 0x0000000085500000, 0x0000000085600000|  0%| F|  |TAMS 0x0000000085500000, 0x0000000085500000| Untracked 
|  86|0x0000000085600000, 0x0000000085700000, 0x0000000085700000|100%| O|  |TAMS 0x0000000085700000, 0x0000000085600000| Complete 
|  87|0x0000000085700000, 0x0000000085700000, 0x0000000085800000|  0%| F|  |TAMS 0x0000000085700000, 0x0000000085700000| Untracked 
|  88|0x0000000085800000, 0x0000000085800000, 0x0000000085900000|  0%| F|  |TAMS 0x0000000085800000, 0x0000000085800000| Untracked 
|  89|0x0000000085900000, 0x0000000085a00000, 0x0000000085a00000|100%| O|  |TAMS 0x0000000085a00000, 0x0000000085900000| Untracked 
|  90|0x0000000085a00000, 0x0000000085b00000, 0x0000000085b00000|100%| O|  |TAMS 0x0000000085b00000, 0x0000000085a00000| Untracked 
|  91|0x0000000085b00000, 0x0000000085b00000, 0x0000000085c00000|  0%| F|  |TAMS 0x0000000085b00000, 0x0000000085b00000| Untracked 
|  92|0x0000000085c00000, 0x0000000085d00000, 0x0000000085d00000|100%| O|  |TAMS 0x0000000085d00000, 0x0000000085c00000| Complete 
|  93|0x0000000085d00000, 0x0000000085e00000, 0x0000000085e00000|100%| O|  |TAMS 0x0000000085e00000, 0x0000000085d00000| Complete 
|  94|0x0000000085e00000, 0x0000000085e00000, 0x0000000085f00000|  0%| F|  |TAMS 0x0000000085e00000, 0x0000000085e00000| Untracked 
|  95|0x0000000085f00000, 0x0000000086000000, 0x0000000086000000|100%| O|  |TAMS 0x0000000086000000, 0x0000000085f00000| Complete 
|  96|0x0000000086000000, 0x0000000086100000, 0x0000000086100000|100%| O|  |TAMS 0x0000000086100000, 0x0000000086000000| Complete 
|  97|0x0000000086100000, 0x0000000086200000, 0x0000000086200000|100%| O|  |TAMS 0x0000000086200000, 0x0000000086100000| Complete 
|  98|0x0000000086200000, 0x0000000086300000, 0x0000000086300000|100%| O|  |TAMS 0x0000000086300000, 0x0000000086200000| Complete 
|  99|0x0000000086300000, 0x0000000086400000, 0x0000000086400000|100%| O|  |TAMS 0x0000000086400000, 0x0000000086300000| Complete 
| 100|0x0000000086400000, 0x0000000086500000, 0x0000000086500000|100%| O|  |TAMS 0x0000000086500000, 0x0000000086400000| Complete 
| 101|0x0000000086500000, 0x0000000086600000, 0x0000000086600000|100%| O|  |TAMS 0x0000000086600000, 0x0000000086500000| Complete 
| 102|0x0000000086600000, 0x0000000086600000, 0x0000000086700000|  0%| F|  |TAMS 0x0000000086600000, 0x0000000086600000| Untracked 
| 103|0x0000000086700000, 0x0000000086800000, 0x0000000086800000|100%| O|  |TAMS 0x0000000086800000, 0x0000000086700000| Complete 
| 104|0x0000000086800000, 0x0000000086800000, 0x0000000086900000|  0%| F|  |TAMS 0x0000000086800000, 0x0000000086800000| Untracked 
| 105|0x0000000086900000, 0x0000000086900000, 0x0000000086a00000|  0%| F|  |TAMS 0x0000000086900000, 0x0000000086900000| Untracked 
| 106|0x0000000086a00000, 0x0000000086b00000, 0x0000000086b00000|100%| O|  |TAMS 0x0000000086b00000, 0x0000000086a00000| Complete 
| 107|0x0000000086b00000, 0x0000000086c00000, 0x0000000086c00000|100%| O|  |TAMS 0x0000000086c00000, 0x0000000086b00000| Untracked 
| 108|0x0000000086c00000, 0x0000000086c00000, 0x0000000086d00000|  0%| F|  |TAMS 0x0000000086c00000, 0x0000000086c00000| Untracked 
| 109|0x0000000086d00000, 0x0000000086d00000, 0x0000000086e00000|  0%| F|  |TAMS 0x0000000086d00000, 0x0000000086d00000| Untracked 
| 110|0x0000000086e00000, 0x0000000086e00000, 0x0000000086f00000|  0%| F|  |TAMS 0x0000000086e00000, 0x0000000086e00000| Untracked 
| 111|0x0000000086f00000, 0x0000000086f00000, 0x0000000087000000|  0%| F|  |TAMS 0x0000000086f00000, 0x0000000086f00000| Untracked 
| 112|0x0000000087000000, 0x0000000087000000, 0x0000000087100000|  0%| F|  |TAMS 0x0000000087000000, 0x0000000087000000| Untracked 
| 113|0x0000000087100000, 0x0000000087100000, 0x0000000087200000|  0%| F|  |TAMS 0x0000000087100000, 0x0000000087100000| Untracked 
| 114|0x0000000087200000, 0x0000000087200000, 0x0000000087300000|  0%| F|  |TAMS 0x0000000087200000, 0x0000000087200000| Untracked 
| 115|0x0000000087300000, 0x0000000087300000, 0x0000000087400000|  0%| F|  |TAMS 0x0000000087300000, 0x0000000087300000| Untracked 
| 116|0x0000000087400000, 0x0000000087400000, 0x0000000087500000|  0%| F|  |TAMS 0x0000000087400000, 0x0000000087400000| Untracked 
| 117|0x0000000087500000, 0x0000000087500000, 0x0000000087600000|  0%| F|  |TAMS 0x0000000087500000, 0x0000000087500000| Untracked 
| 118|0x0000000087600000, 0x0000000087600000, 0x0000000087700000|  0%| F|  |TAMS 0x0000000087600000, 0x0000000087600000| Untracked 
| 119|0x0000000087700000, 0x0000000087700000, 0x0000000087800000|  0%| F|  |TAMS 0x0000000087700000, 0x0000000087700000| Untracked 
| 120|0x0000000087800000, 0x0000000087800000, 0x0000000087900000|  0%| F|  |TAMS 0x0000000087800000, 0x0000000087800000| Untracked 
| 121|0x0000000087900000, 0x0000000087900000, 0x0000000087a00000|  0%| F|  |TAMS 0x0000000087900000, 0x0000000087900000| Untracked 
| 122|0x0000000087a00000, 0x0000000087a00000, 0x0000000087b00000|  0%| F|  |TAMS 0x0000000087a00000, 0x0000000087a00000| Untracked 
| 123|0x0000000087b00000, 0x0000000087b00000, 0x0000000087c00000|  0%| F|  |TAMS 0x0000000087b00000, 0x0000000087b00000| Untracked 
| 124|0x0000000087c00000, 0x0000000087c00000, 0x0000000087d00000|  0%| F|  |TAMS 0x0000000087c00000, 0x0000000087c00000| Untracked 
| 125|0x0000000087d00000, 0x0000000087d00000, 0x0000000087e00000|  0%| F|  |TAMS 0x0000000087d00000, 0x0000000087d00000| Untracked 
| 126|0x0000000087e00000, 0x0000000087e00000, 0x0000000087f00000|  0%| F|  |TAMS 0x0000000087e00000, 0x0000000087e00000| Untracked 
| 127|0x0000000087f00000, 0x0000000087f00000, 0x0000000088000000|  0%| F|  |TAMS 0x0000000087f00000, 0x0000000087f00000| Untracked 
| 128|0x0000000088000000, 0x0000000088000000, 0x0000000088100000|  0%| F|  |TAMS 0x0000000088000000, 0x0000000088000000| Untracked 
| 129|0x0000000088100000, 0x0000000088100000, 0x0000000088200000|  0%| F|  |TAMS 0x0000000088100000, 0x0000000088100000| Untracked 
| 130|0x0000000088200000, 0x0000000088200000, 0x0000000088300000|  0%| F|  |TAMS 0x0000000088200000, 0x0000000088200000| Untracked 
| 131|0x0000000088300000, 0x0000000088300000, 0x0000000088400000|  0%| F|  |TAMS 0x0000000088300000, 0x0000000088300000| Untracked 
| 132|0x0000000088400000, 0x0000000088400000, 0x0000000088500000|  0%| F|  |TAMS 0x0000000088400000, 0x0000000088400000| Untracked 
| 133|0x0000000088500000, 0x0000000088500000, 0x0000000088600000|  0%| F|  |TAMS 0x0000000088500000, 0x0000000088500000| Untracked 
| 134|0x0000000088600000, 0x0000000088600000, 0x0000000088700000|  0%| F|  |TAMS 0x0000000088600000, 0x0000000088600000| Untracked 
| 135|0x0000000088700000, 0x0000000088700000, 0x0000000088800000|  0%| F|  |TAMS 0x0000000088700000, 0x0000000088700000| Untracked 
| 136|0x0000000088800000, 0x0000000088800000, 0x0000000088900000|  0%| F|  |TAMS 0x0000000088800000, 0x0000000088800000| Untracked 
| 137|0x0000000088900000, 0x0000000088900000, 0x0000000088a00000|  0%| F|  |TAMS 0x0000000088900000, 0x0000000088900000| Untracked 
| 138|0x0000000088a00000, 0x0000000088a00000, 0x0000000088b00000|  0%| F|  |TAMS 0x0000000088a00000, 0x0000000088a00000| Untracked 
| 139|0x0000000088b00000, 0x0000000088b00000, 0x0000000088c00000|  0%| F|  |TAMS 0x0000000088b00000, 0x0000000088b00000| Untracked 
| 140|0x0000000088c00000, 0x0000000088c00000, 0x0000000088d00000|  0%| F|  |TAMS 0x0000000088c00000, 0x0000000088c00000| Untracked 
| 141|0x0000000088d00000, 0x0000000088d00000, 0x0000000088e00000|  0%| F|  |TAMS 0x0000000088d00000, 0x0000000088d00000| Untracked 
| 142|0x0000000088e00000, 0x0000000088e00000, 0x0000000088f00000|  0%| F|  |TAMS 0x0000000088e00000, 0x0000000088e00000| Untracked 
| 143|0x0000000088f00000, 0x0000000088f00000, 0x0000000089000000|  0%| F|  |TAMS 0x0000000088f00000, 0x0000000088f00000| Untracked 
| 144|0x0000000089000000, 0x0000000089000000, 0x0000000089100000|  0%| F|  |TAMS 0x0000000089000000, 0x0000000089000000| Untracked 
| 145|0x0000000089100000, 0x0000000089100000, 0x0000000089200000|  0%| F|  |TAMS 0x0000000089100000, 0x0000000089100000| Untracked 
| 146|0x0000000089200000, 0x0000000089200000, 0x0000000089300000|  0%| F|  |TAMS 0x0000000089200000, 0x0000000089200000| Untracked 
| 147|0x0000000089300000, 0x0000000089300000, 0x0000000089400000|  0%| F|  |TAMS 0x0000000089300000, 0x0000000089300000| Untracked 
| 148|0x0000000089400000, 0x0000000089400000, 0x0000000089500000|  0%| F|  |TAMS 0x0000000089400000, 0x0000000089400000| Untracked 
| 149|0x0000000089500000, 0x0000000089500000, 0x0000000089600000|  0%| F|  |TAMS 0x0000000089500000, 0x0000000089500000| Untracked 
| 150|0x0000000089600000, 0x0000000089600000, 0x0000000089700000|  0%| F|  |TAMS 0x0000000089600000, 0x0000000089600000| Untracked 
| 151|0x0000000089700000, 0x0000000089700000, 0x0000000089800000|  0%| F|  |TAMS 0x0000000089700000, 0x0000000089700000| Untracked 
| 152|0x0000000089800000, 0x0000000089800000, 0x0000000089900000|  0%| F|  |TAMS 0x0000000089800000, 0x0000000089800000| Untracked 
| 153|0x0000000089900000, 0x0000000089900000, 0x0000000089a00000|  0%| F|  |TAMS 0x0000000089900000, 0x0000000089900000| Untracked 
| 154|0x0000000089a00000, 0x0000000089a00000, 0x0000000089b00000|  0%| F|  |TAMS 0x0000000089a00000, 0x0000000089a00000| Untracked 
| 155|0x0000000089b00000, 0x0000000089b00000, 0x0000000089c00000|  0%| F|  |TAMS 0x0000000089b00000, 0x0000000089b00000| Untracked 
| 156|0x0000000089c00000, 0x0000000089c00000, 0x0000000089d00000|  0%| F|  |TAMS 0x0000000089c00000, 0x0000000089c00000| Untracked 
| 157|0x0000000089d00000, 0x0000000089d00000, 0x0000000089e00000|  0%| F|  |TAMS 0x0000000089d00000, 0x0000000089d00000| Untracked 
| 158|0x0000000089e00000, 0x0000000089e00000, 0x0000000089f00000|  0%| F|  |TAMS 0x0000000089e00000, 0x0000000089e00000| Untracked 
| 159|0x0000000089f00000, 0x0000000089f00000, 0x000000008a000000|  0%| F|  |TAMS 0x0000000089f00000, 0x0000000089f00000| Untracked 
| 160|0x000000008a000000, 0x000000008a000000, 0x000000008a100000|  0%| F|  |TAMS 0x000000008a000000, 0x000000008a000000| Untracked 
| 161|0x000000008a100000, 0x000000008a100000, 0x000000008a200000|  0%| F|  |TAMS 0x000000008a100000, 0x000000008a100000| Untracked 
| 162|0x000000008a200000, 0x000000008a200000, 0x000000008a300000|  0%| F|  |TAMS 0x000000008a200000, 0x000000008a200000| Untracked 
| 163|0x000000008a300000, 0x000000008a300000, 0x000000008a400000|  0%| F|  |TAMS 0x000000008a300000, 0x000000008a300000| Untracked 
| 164|0x000000008a400000, 0x000000008a400000, 0x000000008a500000|  0%| F|  |TAMS 0x000000008a400000, 0x000000008a400000| Untracked 
| 165|0x000000008a500000, 0x000000008a500000, 0x000000008a600000|  0%| F|  |TAMS 0x000000008a500000, 0x000000008a500000| Untracked 
| 166|0x000000008a600000, 0x000000008a600000, 0x000000008a700000|  0%| F|  |TAMS 0x000000008a600000, 0x000000008a600000| Untracked 
| 167|0x000000008a700000, 0x000000008a700000, 0x000000008a800000|  0%| F|  |TAMS 0x000000008a700000, 0x000000008a700000| Untracked 
| 168|0x000000008a800000, 0x000000008a800000, 0x000000008a900000|  0%| F|  |TAMS 0x000000008a800000, 0x000000008a800000| Untracked 
| 169|0x000000008a900000, 0x000000008a900000, 0x000000008aa00000|  0%| F|  |TAMS 0x000000008a900000, 0x000000008a900000| Untracked 
| 170|0x000000008aa00000, 0x000000008aa00000, 0x000000008ab00000|  0%| F|  |TAMS 0x000000008aa00000, 0x000000008aa00000| Untracked 
| 171|0x000000008ab00000, 0x000000008ab00000, 0x000000008ac00000|  0%| F|  |TAMS 0x000000008ab00000, 0x000000008ab00000| Untracked 
| 172|0x000000008ac00000, 0x000000008ac80800, 0x000000008ad00000| 50%| E|  |TAMS 0x000000008ac00000, 0x000000008ac00000| Complete 
| 173|0x000000008ad00000, 0x000000008ae00000, 0x000000008ae00000|100%| E|CS|TAMS 0x000000008ad00000, 0x000000008ad00000| Complete 
| 174|0x000000008ae00000, 0x000000008af00000, 0x000000008af00000|100%| E|CS|TAMS 0x000000008ae00000, 0x000000008ae00000| Complete 
| 175|0x000000008af00000, 0x000000008b000000, 0x000000008b000000|100%| E|CS|TAMS 0x000000008af00000, 0x000000008af00000| Complete 
| 176|0x000000008b000000, 0x000000008b100000, 0x000000008b100000|100%| E|CS|TAMS 0x000000008b000000, 0x000000008b000000| Complete 
| 177|0x000000008b100000, 0x000000008b200000, 0x000000008b200000|100%| E|CS|TAMS 0x000000008b100000, 0x000000008b100000| Complete 
| 178|0x000000008b200000, 0x000000008b300000, 0x000000008b300000|100%| E|CS|TAMS 0x000000008b200000, 0x000000008b200000| Complete 
| 179|0x000000008b300000, 0x000000008b400000, 0x000000008b400000|100%| E|CS|TAMS 0x000000008b300000, 0x000000008b300000| Complete 
| 180|0x000000008b400000, 0x000000008b500000, 0x000000008b500000|100%| E|CS|TAMS 0x000000008b400000, 0x000000008b400000| Complete 
| 181|0x000000008b500000, 0x000000008b600000, 0x000000008b600000|100%| E|CS|TAMS 0x000000008b500000, 0x000000008b500000| Complete 
| 182|0x000000008b600000, 0x000000008b700000, 0x000000008b700000|100%| E|CS|TAMS 0x000000008b600000, 0x000000008b600000| Complete 
| 183|0x000000008b700000, 0x000000008b800000, 0x000000008b800000|100%| E|CS|TAMS 0x000000008b700000, 0x000000008b700000| Complete 
| 184|0x000000008b800000, 0x000000008b900000, 0x000000008b900000|100%| E|CS|TAMS 0x000000008b800000, 0x000000008b800000| Complete 
| 185|0x000000008b900000, 0x000000008ba00000, 0x000000008ba00000|100%| E|CS|TAMS 0x000000008b900000, 0x000000008b900000| Complete 
| 186|0x000000008ba00000, 0x000000008bb00000, 0x000000008bb00000|100%| E|CS|TAMS 0x000000008ba00000, 0x000000008ba00000| Complete 
| 187|0x000000008bb00000, 0x000000008bc00000, 0x000000008bc00000|100%| E|CS|TAMS 0x000000008bb00000, 0x000000008bb00000| Complete 
| 188|0x000000008bc00000, 0x000000008bc17a20, 0x000000008bd00000|  9%| S|CS|TAMS 0x000000008bc00000, 0x000000008bc00000| Complete 
| 189|0x000000008bd00000, 0x000000008be00000, 0x000000008be00000|100%| S|CS|TAMS 0x000000008bd00000, 0x000000008bd00000| Complete 
| 190|0x000000008be00000, 0x000000008bf00000, 0x000000008bf00000|100%| E|CS|TAMS 0x000000008be00000, 0x000000008be00000| Complete 
| 191|0x000000008bf00000, 0x000000008c000000, 0x000000008c000000|100%| E|CS|TAMS 0x000000008bf00000, 0x000000008bf00000| Complete 
| 192|0x000000008c000000, 0x000000008c100000, 0x000000008c100000|100%| E|CS|TAMS 0x000000008c000000, 0x000000008c000000| Complete 
| 193|0x000000008c100000, 0x000000008c200000, 0x000000008c200000|100%| E|CS|TAMS 0x000000008c100000, 0x000000008c100000| Complete 
| 194|0x000000008c200000, 0x000000008c300000, 0x000000008c300000|100%| E|CS|TAMS 0x000000008c200000, 0x000000008c200000| Complete 
| 195|0x000000008c300000, 0x000000008c400000, 0x000000008c400000|100%| E|CS|TAMS 0x000000008c300000, 0x000000008c300000| Complete 
| 196|0x000000008c400000, 0x000000008c500000, 0x000000008c500000|100%| E|CS|TAMS 0x000000008c400000, 0x000000008c400000| Complete 
| 197|0x000000008c500000, 0x000000008c600000, 0x000000008c600000|100%| E|CS|TAMS 0x000000008c500000, 0x000000008c500000| Complete 
| 198|0x000000008c600000, 0x000000008c700000, 0x000000008c700000|100%| E|CS|TAMS 0x000000008c600000, 0x000000008c600000| Complete 
| 199|0x000000008c700000, 0x000000008c800000, 0x000000008c800000|100%| E|CS|TAMS 0x000000008c700000, 0x000000008c700000| Complete 
| 200|0x000000008c800000, 0x000000008c900000, 0x000000008c900000|100%| E|CS|TAMS 0x000000008c800000, 0x000000008c800000| Complete 
| 201|0x000000008c900000, 0x000000008ca00000, 0x000000008ca00000|100%| E|CS|TAMS 0x000000008c900000, 0x000000008c900000| Complete 
| 202|0x000000008ca00000, 0x000000008cb00000, 0x000000008cb00000|100%| E|CS|TAMS 0x000000008ca00000, 0x000000008ca00000| Complete 
| 203|0x000000008cb00000, 0x000000008cc00000, 0x000000008cc00000|100%| E|CS|TAMS 0x000000008cb00000, 0x000000008cb00000| Complete 
| 204|0x000000008cc00000, 0x000000008cd00000, 0x000000008cd00000|100%| E|CS|TAMS 0x000000008cc00000, 0x000000008cc00000| Complete 
| 205|0x000000008cd00000, 0x000000008ce00000, 0x000000008ce00000|100%| E|CS|TAMS 0x000000008cd00000, 0x000000008cd00000| Complete 
| 206|0x000000008ce00000, 0x000000008cf00000, 0x000000008cf00000|100%| E|CS|TAMS 0x000000008ce00000, 0x000000008ce00000| Complete 
| 207|0x000000008cf00000, 0x000000008d000000, 0x000000008d000000|100%| E|CS|TAMS 0x000000008cf00000, 0x000000008cf00000| Complete 
| 208|0x000000008d000000, 0x000000008d100000, 0x000000008d100000|100%| E|CS|TAMS 0x000000008d000000, 0x000000008d000000| Complete 
| 209|0x000000008d100000, 0x000000008d200000, 0x000000008d200000|100%| E|CS|TAMS 0x000000008d100000, 0x000000008d100000| Complete 
| 210|0x000000008d200000, 0x000000008d300000, 0x000000008d300000|100%| E|CS|TAMS 0x000000008d200000, 0x000000008d200000| Complete 
| 211|0x000000008d300000, 0x000000008d400000, 0x000000008d400000|100%| E|CS|TAMS 0x000000008d300000, 0x000000008d300000| Complete 
| 212|0x000000008d400000, 0x000000008d500000, 0x000000008d500000|100%| E|CS|TAMS 0x000000008d400000, 0x000000008d400000| Complete 
| 213|0x000000008d500000, 0x000000008d600000, 0x000000008d600000|100%| E|CS|TAMS 0x000000008d500000, 0x000000008d500000| Complete 
| 214|0x000000008d600000, 0x000000008d700000, 0x000000008d700000|100%| E|CS|TAMS 0x000000008d600000, 0x000000008d600000| Complete 

Card table byte_map: [0x000001f71eb80000,0x000001f71ef80000] _byte_map_base: 0x000001f71e780000

Marking Bits (Prev, Next): (CMBitMap*) 0x000001f70be3dd68, (CMBitMap*) 0x000001f70be3dda0
 Prev Bits: [0x000001f71f380000, 0x000001f721380000)
 Next Bits: [0x000001f721380000, 0x000001f723380000)

Polling page: 0x000001f709d70000

Metaspace:

Usage:
  Non-class:    110.00 MB capacity,   107.40 MB ( 98%) used,     2.14 MB (  2%) free+waste,   464.88 KB ( <1%) overhead. 
      Class:     15.76 MB capacity,    14.39 MB ( 91%) used,     1.17 MB (  7%) free+waste,   198.81 KB (  1%) overhead. 
       Both:    125.75 MB capacity,   121.80 MB ( 97%) used,     3.31 MB (  3%) free+waste,   663.69 KB ( <1%) overhead. 

Virtual space:
  Non-class space:      112.00 MB reserved,     110.25 MB ( 98%) committed 
      Class space:        1.00 GB reserved,      15.88 MB (  2%) committed 
             Both:        1.11 GB reserved,     126.13 MB ( 11%) committed 

Chunk freelists:
   Non-Class:  132.00 KB
       Class:  104.00 KB
        Both:  236.00 KB

MaxMetaspaceSize: 17179869184.00 GB
CompressedClassSpaceSize: 1.00 GB

CodeHeap 'non-profiled nmethods': size=120064Kb used=23723Kb max_used=23723Kb free=96340Kb
 bounds [0x000001f717240000, 0x000001f718980000, 0x000001f71e780000]
CodeHeap 'profiled nmethods': size=120000Kb used=49948Kb max_used=49948Kb free=70052Kb
 bounds [0x000001f70fd10000, 0x000001f712e50000, 0x000001f717240000]
CodeHeap 'non-nmethods': size=5696Kb used=2337Kb max_used=2422Kb free=3358Kb
 bounds [0x000001f70f780000, 0x000001f70f9f0000, 0x000001f70fd10000]
 total_blobs=24936 nmethods=23999 adapters=845
 compilation: enabled
              stopped_count=0, restarted_count=0
 full_count=0

Compilation events (20 events):
Event: 3095.973 Thread 0x000001f72c221000 nmethod 32000 0x000001f718969390 code [0x000001f718969560, 0x000001f718969988]
Event: 3095.975 Thread 0x000001f725886800 32001       3       com.android.ide.common.blame.MergingLogPersistUtil$$Lambda$702/0x0000000100a56440::accept (12 bytes)
Event: 3095.975 Thread 0x000001f725886800 nmethod 32001 0x000001f7124c7f90 code [0x000001f7124c8160, 0x000001f7124c8388]
Event: 3095.976 Thread 0x000001f725886800 32002       3       com.android.ide.common.blame.MergingLogPersistUtil::lambda$normalize$0 (107 bytes)
Event: 3095.977 Thread 0x000001f725886800 nmethod 32002 0x000001f712e47990 code [0x000001f712e47c60, 0x000001f712e48c58]
Event: 3095.979 Thread 0x000001f725886800 32003       3       com.google.gson.stream.JsonWriter::newline (47 bytes)
Event: 3095.979 Thread 0x000001f725886800 nmethod 32003 0x000001f71268a910 code [0x000001f71268aae0, 0x000001f71268ae98]
Event: 3095.979 Thread 0x000001f725886800 32004       3       com.android.ide.common.blame.MergingLogPersistUtil::normalize (27 bytes)
Event: 3095.980 Thread 0x000001f725886800 nmethod 32004 0x000001f712e49090 code [0x000001f712e492c0, 0x000001f712e49af8]
Event: 3095.980 Thread 0x000001f725886800 32005       3       com.android.ide.common.blame.MergingLogPersistUtil$$Lambda$702/0x0000000100a56440::get$Lambda (9 bytes)
Event: 3095.980 Thread 0x000001f72c221000 32006       4       com.android.ide.common.blame.MergingLogPersistUtil$SourcePositionsSerializer::append (67 bytes)
Event: 3095.980 Thread 0x000001f725886800 nmethod 32005 0x000001f7124ea590 code [0x000001f7124ea760, 0x000001f7124ea9b8]
Event: 3095.989 Thread 0x000001f72587f000 nmethod 31998 0x000001f718969b90 code [0x000001f718969da0, 0x000001f71896b130]
Event: 3095.989 Thread 0x000001f72587f000 32007       4       com.google.gson.stream.JsonWriter::beforeName (47 bytes)
Event: 3096.000 Thread 0x000001f72587f000 nmethod 32007 0x000001f71896b810 code [0x000001f71896ba20, 0x000001f71896c400]
Event: 3096.000 Thread 0x000001f72587f000 32008       4       com.android.ide.common.blame.SourceFile::hashCode (38 bytes)
Event: 3096.006 Thread 0x000001f72587f000 nmethod 32008 0x000001f71896ca10 code [0x000001f71896cbc0, 0x000001f71896cd78]
Event: 3096.008 Thread 0x000001f72587f000 32009       4       com.android.ide.common.blame.MergingLogPersistUtil$$Lambda$702/0x0000000100a56440::accept (12 bytes)
Event: 3096.057 Thread 0x000001f72c221000 nmethod 32006 0x000001f71896cf10 code [0x000001f71896d180, 0x000001f71896f150]
Event: 3096.057 Thread 0x000001f72c221000 32010       4       com.android.ide.common.blame.MergingLogPersistUtil::lambda$normalize$0 (107 bytes)

GC Heap History (20 events):
Event: 2417.342 GC heap before
{Heap before GC invocations=242 (full 0):
 garbage-first heap   total 220160K, used 110759K [0x0000000080000000, 0x0000000100000000)
  region size 1024K, 20 young (20480K), 1 survivors (1024K)
 Metaspace       used 124425K, capacity 128490K, committed 128896K, reserved 1161216K
  class space    used 14722K, capacity 16130K, committed 16256K, reserved 1048576K
}
Event: 2417.345 GC heap after
{Heap after GC invocations=243 (full 0):
 garbage-first heap   total 220160K, used 92518K [0x0000000080000000, 0x0000000100000000)
  region size 1024K, 1 young (1024K), 1 survivors (1024K)
 Metaspace       used 124425K, capacity 128490K, committed 128896K, reserved 1161216K
  class space    used 14722K, capacity 16130K, committed 16256K, reserved 1048576K
}
Event: 2462.080 GC heap before
{Heap before GC invocations=244 (full 0):
 garbage-first heap   total 220160K, used 130406K [0x0000000080000000, 0x0000000100000000)
  region size 1024K, 29 young (29696K), 1 survivors (1024K)
 Metaspace       used 124433K, capacity 128490K, committed 128896K, reserved 1161216K
  class space    used 14722K, capacity 16130K, committed 16256K, reserved 1048576K
}
Event: 2462.091 GC heap after
{Heap after GC invocations=245 (full 0):
 garbage-first heap   total 220160K, used 90159K [0x0000000080000000, 0x0000000100000000)
  region size 1024K, 1 young (1024K), 1 survivors (1024K)
 Metaspace       used 124433K, capacity 128490K, committed 128896K, reserved 1161216K
  class space    used 14722K, capacity 16130K, committed 16256K, reserved 1048576K
}
Event: 2554.595 GC heap before
{Heap before GC invocations=245 (full 0):
 garbage-first heap   total 220160K, used 99375K [0x0000000080000000, 0x0000000100000000)
  region size 1024K, 10 young (10240K), 1 survivors (1024K)
 Metaspace       used 124444K, capacity 128558K, committed 128896K, reserved 1161216K
  class space    used 14722K, capacity 16130K, committed 16256K, reserved 1048576K
}
Event: 2554.604 GC heap after
{Heap after GC invocations=246 (full 0):
 garbage-first heap   total 220160K, used 86779K [0x0000000080000000, 0x0000000100000000)
  region size 1024K, 2 young (2048K), 2 survivors (2048K)
 Metaspace       used 124444K, capacity 128558K, committed 128896K, reserved 1161216K
  class space    used 14722K, capacity 16130K, committed 16256K, reserved 1048576K
}
Event: 2554.873 GC heap before
{Heap before GC invocations=246 (full 0):
 garbage-first heap   total 220160K, used 122619K [0x0000000080000000, 0x0000000100000000)
  region size 1024K, 38 young (38912K), 2 survivors (2048K)
 Metaspace       used 124455K, capacity 128560K, committed 128896K, reserved 1161216K
  class space    used 14723K, capacity 16130K, committed 16256K, reserved 1048576K
}
Event: 2554.883 GC heap after
{Heap after GC invocations=247 (full 0):
 garbage-first heap   total 220160K, used 89878K [0x0000000080000000, 0x0000000100000000)
  region size 1024K, 5 young (5120K), 5 survivors (5120K)
 Metaspace       used 124455K, capacity 128560K, committed 128896K, reserved 1161216K
  class space    used 14723K, capacity 16130K, committed 16256K, reserved 1048576K
}
Event: 2555.345 GC heap before
{Heap before GC invocations=248 (full 0):
 garbage-first heap   total 220160K, used 148246K [0x0000000080000000, 0x0000000100000000)
  region size 1024K, 61 young (62464K), 5 survivors (5120K)
 Metaspace       used 124464K, capacity 128560K, committed 128896K, reserved 1161216K
  class space    used 14723K, capacity 16130K, committed 16256K, reserved 1048576K
}
Event: 2555.361 GC heap after
{Heap after GC invocations=249 (full 0):
 garbage-first heap   total 220160K, used 99495K [0x0000000080000000, 0x0000000100000000)
  region size 1024K, 8 young (8192K), 8 survivors (8192K)
 Metaspace       used 124464K, capacity 128560K, committed 128896K, reserved 1161216K
  class space    used 14723K, capacity 16130K, committed 16256K, reserved 1048576K
}
Event: 2555.368 GC heap before
{Heap before GC invocations=249 (full 0):
 garbage-first heap   total 220160K, used 101543K [0x0000000080000000, 0x0000000100000000)
  region size 1024K, 10 young (10240K), 8 survivors (8192K)
 Metaspace       used 124464K, capacity 128560K, committed 128896K, reserved 1161216K
  class space    used 14723K, capacity 16130K, committed 16256K, reserved 1048576K
}
Event: 2555.382 GC heap after
{Heap after GC invocations=250 (full 0):
 garbage-first heap   total 220160K, used 99997K [0x0000000080000000, 0x0000000100000000)
  region size 1024K, 2 young (2048K), 2 survivors (2048K)
 Metaspace       used 124464K, capacity 128560K, committed 128896K, reserved 1161216K
  class space    used 14723K, capacity 16130K, committed 16256K, reserved 1048576K
}
Event: 2555.890 GC heap before
{Heap before GC invocations=250 (full 0):
 garbage-first heap   total 220160K, used 154269K [0x0000000080000000, 0x0000000100000000)
  region size 1024K, 56 young (57344K), 2 survivors (2048K)
 Metaspace       used 124602K, capacity 128702K, committed 129152K, reserved 1163264K
  class space    used 14735K, capacity 16135K, committed 16256K, reserved 1048576K
}
Event: 2555.900 GC heap after
{Heap after GC invocations=251 (full 0):
 garbage-first heap   total 220160K, used 101914K [0x0000000080000000, 0x0000000100000000)
  region size 1024K, 4 young (4096K), 4 survivors (4096K)
 Metaspace       used 124602K, capacity 128702K, committed 129152K, reserved 1163264K
  class space    used 14735K, capacity 16135K, committed 16256K, reserved 1048576K
}
Event: 3094.996 GC heap before
{Heap before GC invocations=252 (full 0):
 garbage-first heap   total 220160K, used 169498K [0x0000000080000000, 0x0000000100000000)
  region size 1024K, 61 young (62464K), 4 survivors (4096K)
 Metaspace       used 124686K, capacity 128704K, committed 129152K, reserved 1163264K
  class space    used 14736K, capacity 16135K, committed 16256K, reserved 1048576K
}
Event: 3095.013 GC heap after
{Heap after GC invocations=253 (full 0):
 garbage-first heap   total 220160K, used 102400K [0x0000000080000000, 0x0000000100000000)
  region size 1024K, 6 young (6144K), 6 survivors (6144K)
 Metaspace       used 124686K, capacity 128704K, committed 129152K, reserved 1163264K
  class space    used 14736K, capacity 16135K, committed 16256K, reserved 1048576K
}
Event: 3095.276 GC heap before
{Heap before GC invocations=253 (full 0):
 garbage-first heap   total 220160K, used 106496K [0x0000000080000000, 0x0000000100000000)
  region size 1024K, 10 young (10240K), 6 survivors (6144K)
 Metaspace       used 124694K, capacity 128704K, committed 129152K, reserved 1163264K
  class space    used 14736K, capacity 16135K, committed 16256K, reserved 1048576K
}
Event: 3095.314 GC heap after
{Heap after GC invocations=254 (full 0):
 garbage-first heap   total 220160K, used 89518K [0x0000000080000000, 0x0000000100000000)
  region size 1024K, 2 young (2048K), 2 survivors (2048K)
 Metaspace       used 124694K, capacity 128704K, committed 129152K, reserved 1163264K
  class space    used 14736K, capacity 16135K, committed 16256K, reserved 1048576K
}
Event: 3095.511 GC heap before
{Heap before GC invocations=254 (full 0):
 garbage-first heap   total 220160K, used 111022K [0x0000000080000000, 0x0000000100000000)
  region size 1024K, 25 young (25600K), 2 survivors (2048K)
 Metaspace       used 124699K, capacity 128704K, committed 129152K, reserved 1163264K
  class space    used 14736K, capacity 16135K, committed 16256K, reserved 1048576K
}
Event: 3095.523 GC heap after
{Heap after GC invocations=255 (full 0):
 garbage-first heap   total 220160K, used 89353K [0x0000000080000000, 0x0000000100000000)
  region size 1024K, 2 young (2048K), 2 survivors (2048K)
 Metaspace       used 124699K, capacity 128704K, committed 129152K, reserved 1163264K
  class space    used 14736K, capacity 16135K, committed 16256K, reserved 1048576K
}

Deoptimization events (20 events):
Event: 3095.608 Thread 0x000001f7269f8000 Uncommon trap: trap_request=0xffffff4d fr.pc=0x000001f717c14190 relative=0x00000000000023b0
Event: 3095.608 Thread 0x000001f7269f8000 Uncommon trap: reason=unstable_if action=reinterpret pc=0x000001f717c14190 method=com.android.ide.common.resources.DataItem.isRemoved()Z @ 6 c2
Event: 3095.608 Thread 0x000001f7269f8000 DEOPT PACKING pc=0x000001f717c14190 sp=0x00000040dcdf9390
Event: 3095.608 Thread 0x000001f7269f8000 DEOPT UNPACKING pc=0x000001f70f78822f sp=0x00000040dcdf9290 mode 2
Event: 3095.608 Thread 0x000001f7269f8000 Uncommon trap: trap_request=0xffffff4d fr.pc=0x000001f7185221bc relative=0x000000000000129c
Event: 3095.608 Thread 0x000001f7269f8000 Uncommon trap: reason=unstable_if action=reinterpret pc=0x000001f7185221bc method=com.android.ide.common.resources.ResourceMerger.filterAccept(Lcom/android/ide/common/resources/ResourceMergerItem;)Z @ 4 c2
Event: 3095.608 Thread 0x000001f7269f8000 DEOPT PACKING pc=0x000001f7185221bc sp=0x00000040dcdf9310
Event: 3095.608 Thread 0x000001f7269f8000 DEOPT UNPACKING pc=0x000001f70f78822f sp=0x00000040dcdf92b8 mode 2
Event: 3095.623 Thread 0x000001f7269f8000 Uncommon trap: trap_request=0xffffff4d fr.pc=0x000001f71881da4c relative=0x00000000000031cc
Event: 3095.623 Thread 0x000001f7269f8000 Uncommon trap: reason=unstable_if action=reinterpret pc=0x000001f71881da4c method=java.lang.ref.SoftReference.get()Ljava/lang/Object; @ 6 c2
Event: 3095.623 Thread 0x000001f7269f8000 DEOPT PACKING pc=0x000001f71881da4c sp=0x00000040dcdf6b00
Event: 3095.623 Thread 0x000001f7269f8000 DEOPT UNPACKING pc=0x000001f70f78822f sp=0x00000040dcdf6ac0 mode 2
Event: 3095.626 Thread 0x000001f7269f8000 Uncommon trap: trap_request=0xffffff4d fr.pc=0x000001f7178ef8e8 relative=0x0000000000000828
Event: 3095.626 Thread 0x000001f7269f8000 Uncommon trap: reason=unstable_if action=reinterpret pc=0x000001f7178ef8e8 method=java.util.concurrent.ConcurrentHashMap.replaceNode(Ljava/lang/Object;Ljava/lang/Object;Ljava/lang/Object;)Ljava/lang/Object; @ 136 c2
Event: 3095.626 Thread 0x000001f7269f8000 DEOPT PACKING pc=0x000001f7178ef8e8 sp=0x00000040dcdf8fa0
Event: 3095.626 Thread 0x000001f7269f8000 DEOPT UNPACKING pc=0x000001f70f78822f sp=0x00000040dcdf8f08 mode 2
Event: 3095.978 Thread 0x000001f7269f8000 Uncommon trap: trap_request=0xffffff4d fr.pc=0x000001f71866e1d4 relative=0x0000000000000374
Event: 3095.978 Thread 0x000001f7269f8000 Uncommon trap: reason=unstable_if action=reinterpret pc=0x000001f71866e1d4 method=java.io.BufferedWriter.write(I)V @ 19 c2
Event: 3095.978 Thread 0x000001f7269f8000 DEOPT PACKING pc=0x000001f71866e1d4 sp=0x00000040dcdf8df0
Event: 3095.978 Thread 0x000001f7269f8000 DEOPT UNPACKING pc=0x000001f70f78822f sp=0x00000040dcdf8d18 mode 2

Classes redefined (0 events):
No events

Internal exceptions (20 events):
Event: 2555.422 Thread 0x000001f7269f6800 Exception <a 'sun/nio/fs/WindowsException'{0x000000008cf44ca8}> (0x000000008cf44ca8) thrown at [./src/hotspot/share/prims/jni.cpp, line 615]
Event: 2555.422 Thread 0x000001f7269f6800 Exception <a 'sun/nio/fs/WindowsException'{0x000000008cf44e08}> (0x000000008cf44e08) thrown at [./src/hotspot/share/prims/jni.cpp, line 615]
Event: 2555.444 Thread 0x000001f7269f6800 Exception <a 'sun/nio/fs/WindowsException'{0x000000008cc1b998}> (0x000000008cc1b998) thrown at [./src/hotspot/share/prims/jni.cpp, line 615]
Event: 2555.447 Thread 0x000001f7269f6800 Exception <a 'sun/nio/fs/WindowsException'{0x000000008cc22098}> (0x000000008cc22098) thrown at [./src/hotspot/share/prims/jni.cpp, line 615]
Event: 2555.451 Thread 0x000001f7269f6800 Exception <a 'sun/nio/fs/WindowsException'{0x000000008cc27798}> (0x000000008cc27798) thrown at [./src/hotspot/share/prims/jni.cpp, line 615]
Event: 2555.457 Thread 0x000001f7269f6800 Exception <a 'sun/nio/fs/WindowsException'{0x000000008cc68070}> (0x000000008cc68070) thrown at [./src/hotspot/share/prims/jni.cpp, line 615]
Event: 2555.660 Thread 0x000001f72a6c6800 Exception <a 'sun/nio/fs/WindowsException'{0x000000008bf36270}> (0x000000008bf36270) thrown at [./src/hotspot/share/prims/jni.cpp, line 615]
Event: 2555.661 Thread 0x000001f72a6c6800 Exception <a 'sun/nio/fs/WindowsException'{0x000000008bf37698}> (0x000000008bf37698) thrown at [./src/hotspot/share/prims/jni.cpp, line 615]
Event: 2555.764 Thread 0x000001f7269f4000 Exception <a 'sun/nio/fs/WindowsException'{0x000000008a814970}> (0x000000008a814970) thrown at [./src/hotspot/share/prims/jni.cpp, line 615]
Event: 2555.764 Thread 0x000001f7269fa000 Exception <a 'sun/nio/fs/WindowsException'{0x000000008a835268}> (0x000000008a835268) thrown at [./src/hotspot/share/prims/jni.cpp, line 615]
Event: 2555.813 Thread 0x000001f7269fa000 Implicit null exception at 0x000001f717cfe292 to 0x000001f717cfe48c
Event: 2555.817 Thread 0x000001f7269f4000 Exception <a 'sun/nio/fs/WindowsException'{0x000000008a51ac28}> (0x000000008a51ac28) thrown at [./src/hotspot/share/prims/jni.cpp, line 615]
Event: 2555.829 Thread 0x000001f7269f4000 Exception <a 'sun/nio/fs/WindowsException'{0x000000008a5c3918}> (0x000000008a5c3918) thrown at [./src/hotspot/share/prims/jni.cpp, line 615]
Event: 2555.834 Thread 0x000001f7269fa000 Exception <a 'sun/nio/fs/WindowsException'{0x000000008a5e5b58}> (0x000000008a5e5b58) thrown at [./src/hotspot/share/prims/jni.cpp, line 615]
Event: 2555.835 Thread 0x000001f7269fa000 Exception <a 'sun/nio/fs/WindowsException'{0x000000008a5ec3b8}> (0x000000008a5ec3b8) thrown at [./src/hotspot/share/prims/jni.cpp, line 615]
Event: 2555.876 Thread 0x000001f7269fe800 Exception <a 'sun/nio/fs/WindowsException'{0x000000008a010508}> (0x000000008a010508) thrown at [./src/hotspot/share/prims/jni.cpp, line 615]
Event: 2555.934 Thread 0x000001f7269fe800 Exception <a 'sun/nio/fs/WindowsException'{0x000000008d38a750}> (0x000000008d38a750) thrown at [./src/hotspot/share/prims/jni.cpp, line 615]
Event: 3094.875 Thread 0x000001f7269f8000 Exception <a 'sun/nio/fs/WindowsException'{0x000000008a19cee8}> (0x000000008a19cee8) thrown at [./src/hotspot/share/prims/jni.cpp, line 615]
Event: 3095.608 Thread 0x000001f7269f8000 Implicit null exception at 0x000001f718520f53 to 0x000001f7185221a0
Event: 3095.623 Thread 0x000001f7269f8000 Implicit null exception at 0x000001f71881a8df to 0x000001f71881da38

Events (20 events):
Event: 3095.034 Thread 0x000001f72c21a800 Thread added: 0x000001f72c21a800
Event: 3095.034 Thread 0x000001f72c226000 Thread added: 0x000001f72c226000
Event: 3095.034 Thread 0x000001f72c223800 Thread added: 0x000001f72c223800
Event: 3095.035 Thread 0x000001f72c224800 Thread added: 0x000001f72c224800
Event: 3095.275 Executing VM operation: G1CollectForAllocation
Event: 3095.314 Executing VM operation: G1CollectForAllocation done
Event: 3095.507 Thread 0x000001f7269fe800 Thread exited: 0x000001f7269fe800
Event: 3095.511 Executing VM operation: G1CollectForAllocation
Event: 3095.523 Executing VM operation: G1CollectForAllocation done
Event: 3095.623 loading class com/android/ide/common/resources/MergedResourceWriter$1
Event: 3095.623 loading class com/android/ide/common/resources/MergedResourceWriter$1 done
Event: 3095.638 Thread 0x000001f72c221000 Thread added: 0x000001f72c221000
Event: 3095.653 Executing VM operation: CGC_Operation
Event: 3095.678 Executing VM operation: CGC_Operation done
Event: 3095.779 Executing VM operation: CGC_Operation
Event: 3095.780 Executing VM operation: CGC_Operation done
Event: 3095.918 Executing VM operation: RevokeBias
Event: 3095.927 Executing VM operation: RevokeBias done
Event: 3095.978 Executing VM operation: RevokeBias
Event: 3095.978 Executing VM operation: RevokeBias done


Dynamic libraries:
0x00007ff6e0cb0000 - 0x00007ff6e0cba000 	C:\Program Files\Android\Android Studio\jre\bin\java.exe
0x00007ffd86860000 - 0x00007ffd86a69000 	C:\WINDOWS\SYSTEM32\ntdll.dll
0x00007ffd84e50000 - 0x00007ffd84f0d000 	C:\WINDOWS\System32\KERNEL32.DLL
0x00007ffd83fd0000 - 0x00007ffd84349000 	C:\WINDOWS\System32\KERNELBASE.dll
0x00007ffd845e0000 - 0x00007ffd846f1000 	C:\WINDOWS\System32\ucrtbase.dll
0x00007ffd80340000 - 0x00007ffd80359000 	C:\Program Files\Android\Android Studio\jre\bin\jli.dll
0x00007ffd84c60000 - 0x00007ffd84e0c000 	C:\WINDOWS\System32\USER32.dll
0x00007ffd844f0000 - 0x00007ffd84516000 	C:\WINDOWS\System32\win32u.dll
0x00007ffd856a0000 - 0x00007ffd856c9000 	C:\WINDOWS\System32\GDI32.dll
0x00007ffd84350000 - 0x00007ffd84462000 	C:\WINDOWS\System32\gdi32full.dll
0x00007ffd83f30000 - 0x00007ffd83fcd000 	C:\WINDOWS\System32\msvcp_win.dll
0x00007ffd80320000 - 0x00007ffd80337000 	C:\Program Files\Android\Android Studio\jre\bin\VCRUNTIME140.dll
0x00007ffd6dd50000 - 0x00007ffd6dff5000 	C:\WINDOWS\WinSxS\amd64_microsoft.windows.common-controls_6595b64144ccf1df_6.0.22000.120_none_9d947278b86cc467\COMCTL32.dll
0x00007ffd84790000 - 0x00007ffd84833000 	C:\WINDOWS\System32\msvcrt.dll
0x00007ffd84e10000 - 0x00007ffd84e41000 	C:\WINDOWS\System32\IMM32.DLL
0x00007ffd6d170000 - 0x00007ffd6d20d000 	C:\Program Files\Android\Android Studio\jre\bin\msvcp140.dll
0x00007ffd1c9c0000 - 0x00007ffd1d47c000 	C:\Program Files\Android\Android Studio\jre\bin\server\jvm.dll
0x00007ffd85cf0000 - 0x00007ffd85d9e000 	C:\WINDOWS\System32\ADVAPI32.dll
0x00007ffd84f10000 - 0x00007ffd84fae000 	C:\WINDOWS\System32\sechost.dll
0x00007ffd85580000 - 0x00007ffd856a0000 	C:\WINDOWS\System32\RPCRT4.dll
0x00007ffd84780000 - 0x00007ffd84788000 	C:\WINDOWS\System32\PSAPI.DLL
0x00007ffd7d450000 - 0x00007ffd7d483000 	C:\WINDOWS\SYSTEM32\WINMM.dll
0x00007ffd694d0000 - 0x00007ffd694d9000 	C:\WINDOWS\SYSTEM32\WSOCK32.dll
0x00007ffd7a300000 - 0x00007ffd7a30a000 	C:\WINDOWS\SYSTEM32\VERSION.dll
0x00007ffd867b0000 - 0x00007ffd8681f000 	C:\WINDOWS\System32\WS2_32.dll
0x00007ffd82e50000 - 0x00007ffd82e68000 	C:\WINDOWS\SYSTEM32\kernel.appcore.dll
0x00007ffd6cf60000 - 0x00007ffd6cf71000 	C:\Program Files\Android\Android Studio\jre\bin\verify.dll
0x00007ffd81b00000 - 0x00007ffd81d21000 	C:\WINDOWS\SYSTEM32\DBGHELP.DLL
0x00007ffd67b00000 - 0x00007ffd67b31000 	C:\WINDOWS\SYSTEM32\dbgcore.DLL
0x00007ffd84470000 - 0x00007ffd844ef000 	C:\WINDOWS\System32\bcryptPrimitives.dll
0x00007ffd393d0000 - 0x00007ffd393f9000 	C:\Program Files\Android\Android Studio\jre\bin\java.dll
0x00007ffd6cf50000 - 0x00007ffd6cf5b000 	C:\Program Files\Android\Android Studio\jre\bin\jimage.dll
0x00007ffd398c0000 - 0x00007ffd398d8000 	C:\Program Files\Android\Android Studio\jre\bin\zip.dll
0x00007ffd85fe0000 - 0x00007ffd8678f000 	C:\WINDOWS\System32\SHELL32.dll
0x00007ffd81ec0000 - 0x00007ffd82728000 	C:\WINDOWS\SYSTEM32\windows.storage.dll
0x00007ffd85190000 - 0x00007ffd85508000 	C:\WINDOWS\System32\combase.dll
0x00007ffd81d50000 - 0x00007ffd81eb6000 	C:\WINDOWS\SYSTEM32\wintypes.dll
0x00007ffd84a70000 - 0x00007ffd84b5a000 	C:\WINDOWS\System32\SHCORE.dll
0x00007ffd85da0000 - 0x00007ffd85dfd000 	C:\WINDOWS\System32\shlwapi.dll
0x00007ffd83c80000 - 0x00007ffd83ca1000 	C:\WINDOWS\SYSTEM32\profapi.dll
0x00007ffd389b0000 - 0x00007ffd389ca000 	C:\Program Files\Android\Android Studio\jre\bin\net.dll
0x00007ffd7ba10000 - 0x00007ffd7bb1c000 	C:\WINDOWS\SYSTEM32\WINHTTP.dll
0x00007ffd83280000 - 0x00007ffd832e7000 	C:\WINDOWS\system32\mswsock.dll
0x00007ffd339b0000 - 0x00007ffd339c4000 	C:\Program Files\Android\Android Studio\jre\bin\nio.dll
0x00007ffd7a0f0000 - 0x00007ffd7a117000 	C:\Users\Hp\.gradle\native\fdc75f09e3144964f2cf3f50f0aa648679c211496f362492102eb8c894070792\windows-amd64\native-platform.dll
0x00007ffd3dc00000 - 0x00007ffd3dd96000 	C:\Users\Hp\.gradle\native\12488b8bf47d2d4c9fbf2f6322a914ad602e24e48041cd04a747c6da556b65c4\windows-amd64\native-platform-file-events.dll
0x00007ffd57fa0000 - 0x00007ffd57faa000 	C:\Program Files\Android\Android Studio\jre\bin\management.dll
0x00007ffd57620000 - 0x00007ffd5762c000 	C:\Program Files\Android\Android Studio\jre\bin\management_ext.dll
0x00007ffd834c0000 - 0x00007ffd834d8000 	C:\WINDOWS\SYSTEM32\CRYPTSP.dll
0x00007ffd82db0000 - 0x00007ffd82de5000 	C:\WINDOWS\system32\rsaenh.dll
0x00007ffd83370000 - 0x00007ffd83399000 	C:\WINDOWS\SYSTEM32\USERENV.dll
0x00007ffd83640000 - 0x00007ffd83667000 	C:\WINDOWS\SYSTEM32\bcrypt.dll
0x00007ffd834e0000 - 0x00007ffd834ec000 	C:\WINDOWS\SYSTEM32\CRYPTBASE.dll
0x00007ffd82980000 - 0x00007ffd829ad000 	C:\WINDOWS\SYSTEM32\IPHLPAPI.DLL
0x00007ffd85870000 - 0x00007ffd85879000 	C:\WINDOWS\System32\NSI.dll
0x00007ffd7bc10000 - 0x00007ffd7bc29000 	C:\WINDOWS\SYSTEM32\dhcpcsvc6.DLL
0x00007ffd7cce0000 - 0x00007ffd7ccfe000 	C:\WINDOWS\SYSTEM32\dhcpcsvc.DLL
0x00007ffd829f0000 - 0x00007ffd82ad8000 	C:\WINDOWS\SYSTEM32\DNSAPI.dll
0x00007ffd7bc00000 - 0x00007ffd7bc0c000 	C:\WINDOWS\SYSTEM32\WINNSI.DLL
0x00007ffd62e00000 - 0x00007ffd62e27000 	C:\Program Files\Android\Android Studio\jre\bin\sunec.dll

dbghelp: loaded successfully - version: 4.0.5 - missing functions: none
symbol engine: initialized successfully - sym options: 0x614 - pdb path: .;C:\Program Files\Android\Android Studio\jre\bin;C:\WINDOWS\SYSTEM32;C:\WINDOWS\WinSxS\amd64_microsoft.windows.common-controls_6595b64144ccf1df_6.0.22000.120_none_9d947278b86cc467;C:\Program Files\Android\Android Studio\jre\bin\server;C:\Users\Hp\.gradle\native\fdc75f09e3144964f2cf3f50f0aa648679c211496f362492102eb8c894070792\windows-amd64;C:\Users\Hp\.gradle\native\12488b8bf47d2d4c9fbf2f6322a914ad602e24e48041cd04a747c6da556b65c4\windows-amd64

VM Arguments:
jvm_args: --add-opens=java.base/java.util=ALL-UNNAMED --add-opens=java.base/java.lang=ALL-UNNAMED --add-opens=java.base/java.lang.invoke=ALL-UNNAMED --add-opens=java.prefs/java.util.prefs=ALL-UNNAMED -Xmx2048m -Dfile.encoding=UTF-8 -Duser.country=SG -Duser.language=en -Duser.variant 
java_command: org.gradle.launcher.daemon.bootstrap.GradleDaemon 6.7.1
java_class_path (initial): C:\Users\Hp\.gradle\wrapper\dists\gradle-6.7.1-bin\bwlcbys1h7rz3272sye1xwiv6\gradle-6.7.1\lib\gradle-launcher-6.7.1.jar
Launcher Type: SUN_STANDARD

[Global flags]
     intx CICompilerCount                          = 3                                         {product} {ergonomic}
     uint ConcGCThreads                            = 1                                         {product} {ergonomic}
     uint G1ConcRefinementThreads                  = 4                                         {product} {ergonomic}
   size_t G1HeapRegionSize                         = 1048576                                   {product} {ergonomic}
    uintx GCDrainStackTargetSize                   = 64                                        {product} {ergonomic}
   size_t InitialHeapSize                          = 130023424                                 {product} {ergonomic}
   size_t MarkStackSize                            = 4194304                                   {product} {ergonomic}
   size_t MaxHeapSize                              = 2147483648                                {product} {command line}
   size_t MaxNewSize                               = 1287651328                                {product} {ergonomic}
   size_t MinHeapDeltaBytes                        = 1048576                                   {product} {ergonomic}
    uintx NonNMethodCodeHeapSize                   = 5830732                                {pd product} {ergonomic}
    uintx NonProfiledCodeHeapSize                  = 122913754                              {pd product} {ergonomic}
    uintx ProfiledCodeHeapSize                     = 122913754                              {pd product} {ergonomic}
    uintx ReservedCodeCacheSize                    = 251658240                              {pd product} {ergonomic}
     bool SegmentedCodeCache                       = true                                      {product} {ergonomic}
     bool UseCompressedClassPointers               = true                                 {lp64_product} {ergonomic}
     bool UseCompressedOops                        = true                                 {lp64_product} {ergonomic}
     bool UseG1GC                                  = true                                      {product} {ergonomic}
     bool UseLargePagesIndividualAllocation        = false                                  {pd product} {ergonomic}

Logging:
Log output configuration:
 #0: stdout all=warning uptime,level,tags
 #1: stderr all=off uptime,level,tags

Environment Variables:
JAVA_HOME=C:\Program Files\Java\jdk1.8.0_221
PATH=C:\Program Files (x86)\Common Files\Intel\Shared Libraries\redist\intel64\compiler;C:\Program Files (x86)\Common Files\Oracle\Java\javapath;C:\WINDOWS\system32;C:\WINDOWS;C:\WINDOWS\System32\Wbem;C:\WINDOWS\System32\WindowsPowerShell\v1.0\;C:\WINDOWS\System32\OpenSSH\;C:\Program Files\nodejs\;C:\Program Files\dotnet\;C:\Program Files\MySQL\MySQL Shell 8.0\bin\;C:\Users\Hp\AppData\Local\Microsoft\WindowsApps;C:\Program Files (x86)\Dev-Cpp\MinGW64\bin;D:\Nodejs;C:\Users\Hp\AppData\Roaming\npm;C:\Users\Hp\AppData\Local\Programs\Microsoft VS Code\bin;C:\Users\Hp\AppData\Local\GitHubDesktop\bin;
USERNAME=Hp
OS=Windows_NT
PROCESSOR_IDENTIFIER=Intel64 Family 6 Model 126 Stepping 5, GenuineIntel



---------------  S Y S T E M  ---------------

OS: Windows 10 , 64 bit Build 22000 (10.0.22000.675)
OS uptime: 0 days 1:03 hours

CPU:total 4 (initial active 4) (2 cores per cpu, 2 threads per core) family 6 model 126 stepping 5, cmov, cx8, fxsr, mmx, sse, sse2, sse3, ssse3, sse4.1, sse4.2, popcnt, avx, avx2, aes, clmul, erms, 3dnowpref, lzcnt, ht, tsc, tscinvbit, bmi1, bmi2, adx, evex, sha, fma

Memory: 4k page, system-wide physical 7881M (975M free)
TotalPageFile size 7881M (AvailPageFile size 9M)
current process WorkingSet (physical memory assigned to process): 542M, peak: 582M
current process commit charge ("private bytes"): 609M, peak: 625M

vm_info: OpenJDK 64-Bit Server VM (11.0.8+10-b944.6842174) for windows-amd64 JRE (11.0.8+10-b944.6842174), built on Sep 19 2020 01:11:42 by "builder" with MS VC++ 14.0 (VS2015)

END.
